running develop
running egg_info
creating nurse_planning.egg-info
writing nurse_planning.egg-info/PKG-INFO
writing dependency_links to nurse_planning.egg-info/dependency_links.txt
writing entry points to nurse_planning.egg-info/entry_points.txt
writing requirements to nurse_planning.egg-info/requires.txt
writing top-level names to nurse_planning.egg-info/top_level.txt
writing manifest file 'nurse_planning.egg-info/SOURCES.txt'
reading manifest file 'nurse_planning.egg-info/SOURCES.txt'
writing manifest file 'nurse_planning.egg-info/SOURCES.txt'
running build_ext
Creating /home/hrlsh/scrub_nurse_ws/install/nurse_planning/lib/python3.10/site-packages/nurse-planning.egg-link (link to .)

Installed /home/hrlsh/scrub_nurse_ws/build/nurse_planning
running symlink_data
creating /home/hrlsh/scrub_nurse_ws/install/nurse_planning/share/ament_index
creating /home/hrlsh/scrub_nurse_ws/install/nurse_planning/share/ament_index/resource_index
creating /home/hrlsh/scrub_nurse_ws/install/nurse_planning/share/ament_index/resource_index/packages
symbolically linking /home/hrlsh/scrub_nurse_ws/build/nurse_planning/resource/nurse_planning -> /home/hrlsh/scrub_nurse_ws/install/nurse_planning/share/ament_index/resource_index/packages
symbolically linking /home/hrlsh/scrub_nurse_ws/build/nurse_planning/package.xml -> /home/hrlsh/scrub_nurse_ws/install/nurse_planning/share/nurse_planning
