[1.551s] Invoking command in '/home/hrlsh/scrub_nurse_ws/build/nurse_control': CMAKE_PREFIX_PATH=/home/hrlsh/scrub_nurse_ws/install/ur_robot_manager_interfaces:/home/hrlsh/scrub_nurse_ws/install/nurse_interfaces:/home/hrlsh/scrub_nurse_ws/install/gripper_interfaces:/home/hrlsh/scrub_nurse_ws/install/nurse_bringup:/home/hrlsh/scrub_nurse_ws/install/ur_robot_manager:/home/hrlsh/scrub_nurse_ws/install/gripper_test:/home/hrlsh/scrub_nurse_ws/install/aruco_interfaces LD_LIBRARY_PATH=/home/hrlsh/scrub_nurse_ws/install/ur_robot_manager_interfaces/lib:/home/hrlsh/scrub_nurse_ws/install/nurse_interfaces/lib:/home/hrlsh/scrub_nurse_ws/install/gripper_interfaces/lib:/home/hrlsh/scrub_nurse_ws/install/ur_robot_manager/lib:/home/hrlsh/scrub_nurse_ws/install/aruco_interfaces/lib:/usr/lib/x86_64-linux-gnu:/usr/local/cuda/lib64:/opt/ros/humble/opt/rviz_ogre_vendor/lib:/opt/ros/humble/lib/x86_64-linux-gnu:/opt/ros/humble/lib PYTHONPATH=/home/hrlsh/scrub_nurse_ws/build/nurse_control/prefix_override:/usr/lib/python3/dist-packages/colcon_core/task/python/colcon_distutils_commands:/home/hrlsh/scrub_nurse_ws/install/nurse_control/lib/python3.10/site-packages:${PYTHONPATH} /usr/bin/python3 -W ignore:setup.py install is deprecated -W ignore:easy_install command is deprecated setup.py develop --editable --build-directory /home/hrlsh/scrub_nurse_ws/build/nurse_control/build --no-deps symlink_data
[1.793s] running develop
[1.860s] /usr/lib/python3/dist-packages/pkg_resources/__init__.py:116: PkgResourcesDeprecationWarning: 0.23ubuntu1 is an invalid version and will not be supported in a future release
[1.860s]   warnings.warn(
[1.860s] /usr/lib/python3/dist-packages/pkg_resources/__init__.py:116: PkgResourcesDeprecationWarning: 0.1.36ubuntu1 is an invalid version and will not be supported in a future release
[1.860s]   warnings.warn(
[1.860s] /usr/lib/python3/dist-packages/pkg_resources/__init__.py:116: PkgResourcesDeprecationWarning: 1.13.1-unknown is an invalid version and will not be supported in a future release
[1.860s]   warnings.warn(
[1.987s] running egg_info
[1.987s] writing nurse_control.egg-info/PKG-INFO
[1.987s] writing dependency_links to nurse_control.egg-info/dependency_links.txt
[1.987s] writing entry points to nurse_control.egg-info/entry_points.txt
[1.988s] writing requirements to nurse_control.egg-info/requires.txt
[1.988s] writing top-level names to nurse_control.egg-info/top_level.txt
[1.989s] reading manifest file 'nurse_control.egg-info/SOURCES.txt'
[1.989s] writing manifest file 'nurse_control.egg-info/SOURCES.txt'
[1.991s] running build_ext
[1.991s] Creating /home/hrlsh/scrub_nurse_ws/install/nurse_control/lib/python3.10/site-packages/nurse-control.egg-link (link to .)
[1.991s] 
[1.991s] Installed /home/hrlsh/scrub_nurse_ws/build/nurse_control
[1.991s] running symlink_data
[2.014s] Invoked command in '/home/hrlsh/scrub_nurse_ws/build/nurse_control' returned '0': CMAKE_PREFIX_PATH=/home/hrlsh/scrub_nurse_ws/install/ur_robot_manager_interfaces:/home/hrlsh/scrub_nurse_ws/install/nurse_interfaces:/home/hrlsh/scrub_nurse_ws/install/gripper_interfaces:/home/hrlsh/scrub_nurse_ws/install/nurse_bringup:/home/hrlsh/scrub_nurse_ws/install/ur_robot_manager:/home/hrlsh/scrub_nurse_ws/install/gripper_test:/home/hrlsh/scrub_nurse_ws/install/aruco_interfaces LD_LIBRARY_PATH=/home/hrlsh/scrub_nurse_ws/install/ur_robot_manager_interfaces/lib:/home/hrlsh/scrub_nurse_ws/install/nurse_interfaces/lib:/home/hrlsh/scrub_nurse_ws/install/gripper_interfaces/lib:/home/hrlsh/scrub_nurse_ws/install/ur_robot_manager/lib:/home/hrlsh/scrub_nurse_ws/install/aruco_interfaces/lib:/usr/lib/x86_64-linux-gnu:/usr/local/cuda/lib64:/opt/ros/humble/opt/rviz_ogre_vendor/lib:/opt/ros/humble/lib/x86_64-linux-gnu:/opt/ros/humble/lib PYTHONPATH=/home/hrlsh/scrub_nurse_ws/build/nurse_control/prefix_override:/usr/lib/python3/dist-packages/colcon_core/task/python/colcon_distutils_commands:/home/hrlsh/scrub_nurse_ws/install/nurse_control/lib/python3.10/site-packages:${PYTHONPATH} /usr/bin/python3 -W ignore:setup.py install is deprecated -W ignore:easy_install command is deprecated setup.py develop --editable --build-directory /home/hrlsh/scrub_nurse_ws/build/nurse_control/build --no-deps symlink_data
