[1.159s] Invoking command in '/home/hrlsh/scrub_nurse_ws/build/ur_robot_manager': CMAKE_PREFIX_PATH=/home/hrlsh/scrub_nurse_ws/install/ur_robot_manager_interfaces:/home/hrlsh/scrub_nurse_ws/install/gripper_interfaces:/home/hrlsh/scrub_nurse_ws/install/nurse_bringup:/home/hrlsh/scrub_nurse_ws/install/ur_robot_manager:/home/hrlsh/scrub_nurse_ws/install/nurse_interfaces:/home/hrlsh/scrub_nurse_ws/install/gripper_test:/home/hrlsh/scrub_nurse_ws/install/aruco_interfaces:/home/hrlsh/scrub_nurse_ws/install/nurse_control:/home/hrlsh/scrub_nurse_ws/install/nurse_planning:/home/hrlsh/scrub_nurse_ws/install/nurse_perception:/opt/ros/humble LD_LIBRARY_PATH=/home/hrlsh/scrub_nurse_ws/install/ur_robot_manager_interfaces/lib:/home/hrlsh/scrub_nurse_ws/install/gripper_interfaces/lib:/home/hrlsh/scrub_nurse_ws/install/ur_robot_manager/lib:/home/hrlsh/scrub_nurse_ws/install/nurse_interfaces/lib:/home/hrlsh/scrub_nurse_ws/install/aruco_interfaces/lib:/usr/lib/x86_64-linux-gnu:/usr/local/cuda/lib64:/opt/ros/humble/opt/rviz_ogre_vendor/lib:/opt/ros/humble/lib/x86_64-linux-gnu:/opt/ros/humble/lib /usr/bin/cmake --build /home/hrlsh/scrub_nurse_ws/build/ur_robot_manager -- -j20 -l20
[1.184s] [35m[1mConsolidate compiler generated dependencies of target ur_robot_manager_utils[0m
[1.194s] [ 37%] Built target ur_robot_manager_utils
[1.204s] [35m[1mConsolidate compiler generated dependencies of target ur_robot_manager_core[0m
[1.220s] [ 50%] [32mBuilding CXX object CMakeFiles/ur_robot_manager_core.dir/src/core/ur_robot_manager.cpp.o[0m
[1.220s] [ 62%] [32mBuilding CXX object CMakeFiles/ur_robot_manager_core.dir/src/core/ur_robot_action_server.cpp.o[0m
[12.457s] [ 75%] [32m[1mLinking CXX shared library libur_robot_manager_core.so[0m
[13.349s] [ 75%] Built target ur_robot_manager_core
[13.356s] [35m[1mConsolidate compiler generated dependencies of target ur_robot_manager_node[0m
[13.370s] [ 87%] [32mBuilding CXX object CMakeFiles/ur_robot_manager_node.dir/src/nodes/main_node.cpp.o[0m
[17.799s] [100%] [32m[1mLinking CXX executable ur_robot_manager_node[0m
[18.291s] [100%] Built target ur_robot_manager_node
[18.297s] Invoked command in '/home/hrlsh/scrub_nurse_ws/build/ur_robot_manager' returned '0': CMAKE_PREFIX_PATH=/home/hrlsh/scrub_nurse_ws/install/ur_robot_manager_interfaces:/home/hrlsh/scrub_nurse_ws/install/gripper_interfaces:/home/hrlsh/scrub_nurse_ws/install/nurse_bringup:/home/hrlsh/scrub_nurse_ws/install/ur_robot_manager:/home/hrlsh/scrub_nurse_ws/install/nurse_interfaces:/home/hrlsh/scrub_nurse_ws/install/gripper_test:/home/hrlsh/scrub_nurse_ws/install/aruco_interfaces:/home/hrlsh/scrub_nurse_ws/install/nurse_control:/home/hrlsh/scrub_nurse_ws/install/nurse_planning:/home/hrlsh/scrub_nurse_ws/install/nurse_perception:/opt/ros/humble LD_LIBRARY_PATH=/home/hrlsh/scrub_nurse_ws/install/ur_robot_manager_interfaces/lib:/home/hrlsh/scrub_nurse_ws/install/gripper_interfaces/lib:/home/hrlsh/scrub_nurse_ws/install/ur_robot_manager/lib:/home/hrlsh/scrub_nurse_ws/install/nurse_interfaces/lib:/home/hrlsh/scrub_nurse_ws/install/aruco_interfaces/lib:/usr/lib/x86_64-linux-gnu:/usr/local/cuda/lib64:/opt/ros/humble/opt/rviz_ogre_vendor/lib:/opt/ros/humble/lib/x86_64-linux-gnu:/opt/ros/humble/lib /usr/bin/cmake --build /home/hrlsh/scrub_nurse_ws/build/ur_robot_manager -- -j20 -l20
[18.298s] Invoking command in '/home/hrlsh/scrub_nurse_ws/build/ur_robot_manager': CMAKE_PREFIX_PATH=/home/hrlsh/scrub_nurse_ws/install/ur_robot_manager_interfaces:/home/hrlsh/scrub_nurse_ws/install/gripper_interfaces:/home/hrlsh/scrub_nurse_ws/install/nurse_bringup:/home/hrlsh/scrub_nurse_ws/install/ur_robot_manager:/home/hrlsh/scrub_nurse_ws/install/nurse_interfaces:/home/hrlsh/scrub_nurse_ws/install/gripper_test:/home/hrlsh/scrub_nurse_ws/install/aruco_interfaces:/home/hrlsh/scrub_nurse_ws/install/nurse_control:/home/hrlsh/scrub_nurse_ws/install/nurse_planning:/home/hrlsh/scrub_nurse_ws/install/nurse_perception:/opt/ros/humble LD_LIBRARY_PATH=/home/hrlsh/scrub_nurse_ws/install/ur_robot_manager_interfaces/lib:/home/hrlsh/scrub_nurse_ws/install/gripper_interfaces/lib:/home/hrlsh/scrub_nurse_ws/install/ur_robot_manager/lib:/home/hrlsh/scrub_nurse_ws/install/nurse_interfaces/lib:/home/hrlsh/scrub_nurse_ws/install/aruco_interfaces/lib:/usr/lib/x86_64-linux-gnu:/usr/local/cuda/lib64:/opt/ros/humble/opt/rviz_ogre_vendor/lib:/opt/ros/humble/lib/x86_64-linux-gnu:/opt/ros/humble/lib /usr/bin/cmake --install /home/hrlsh/scrub_nurse_ws/build/ur_robot_manager
[18.302s] -- Install configuration: ""
[18.302s] -- Execute custom install script
[18.303s] -- Up-to-date symlink: /home/hrlsh/scrub_nurse_ws/install/ur_robot_manager/lib/libur_robot_manager_utils.so
[18.303s] -- Up-to-date symlink: /home/hrlsh/scrub_nurse_ws/install/ur_robot_manager/lib/libur_robot_manager_core.so
[18.303s] -- Up-to-date symlink: /home/hrlsh/scrub_nurse_ws/install/ur_robot_manager/lib/ur_robot_manager/ur_robot_manager_node
[18.303s] -- Up-to-date symlink: /home/hrlsh/scrub_nurse_ws/install/ur_robot_manager/include/ur_robot_manager/core/ur_robot_action_server.h
[18.304s] -- Up-to-date symlink: /home/hrlsh/scrub_nurse_ws/install/ur_robot_manager/include/ur_robot_manager/core/ur_robot_manager.h
[18.304s] -- Up-to-date symlink: /home/hrlsh/scrub_nurse_ws/install/ur_robot_manager/include/ur_robot_manager/robot_types.h
[18.304s] -- Up-to-date symlink: /home/hrlsh/scrub_nurse_ws/install/ur_robot_manager/include/ur_robot_manager/utils/robot_trajectory.h
[18.304s] -- Up-to-date symlink: /home/hrlsh/scrub_nurse_ws/install/ur_robot_manager/include/ur_robot_manager/utils/ur_kinematics.h
[18.304s] -- Up-to-date symlink: /home/hrlsh/scrub_nurse_ws/install/ur_robot_manager/share/ur_robot_manager/config/calibration/ur5e_dh_params.yaml
[18.304s] -- Up-to-date symlink: /home/hrlsh/scrub_nurse_ws/install/ur_robot_manager/share/ament_index/resource_index/package_run_dependencies/ur_robot_manager
[18.304s] -- Up-to-date symlink: /home/hrlsh/scrub_nurse_ws/install/ur_robot_manager/share/ament_index/resource_index/parent_prefix_path/ur_robot_manager
[18.304s] -- Up-to-date symlink: /home/hrlsh/scrub_nurse_ws/install/ur_robot_manager/share/ur_robot_manager/environment/ament_prefix_path.sh
[18.305s] -- Up-to-date symlink: /home/hrlsh/scrub_nurse_ws/install/ur_robot_manager/share/ur_robot_manager/environment/ament_prefix_path.dsv
[18.305s] -- Up-to-date symlink: /home/hrlsh/scrub_nurse_ws/install/ur_robot_manager/share/ur_robot_manager/environment/path.sh
[18.305s] -- Up-to-date symlink: /home/hrlsh/scrub_nurse_ws/install/ur_robot_manager/share/ur_robot_manager/environment/path.dsv
[18.305s] -- Up-to-date symlink: /home/hrlsh/scrub_nurse_ws/install/ur_robot_manager/share/ur_robot_manager/local_setup.bash
[18.305s] -- Up-to-date symlink: /home/hrlsh/scrub_nurse_ws/install/ur_robot_manager/share/ur_robot_manager/local_setup.sh
[18.305s] -- Up-to-date symlink: /home/hrlsh/scrub_nurse_ws/install/ur_robot_manager/share/ur_robot_manager/local_setup.zsh
[18.305s] -- Up-to-date symlink: /home/hrlsh/scrub_nurse_ws/install/ur_robot_manager/share/ur_robot_manager/local_setup.dsv
[18.305s] -- Symlinking: /home/hrlsh/scrub_nurse_ws/install/ur_robot_manager/share/ur_robot_manager/package.dsv
[18.310s] -- Up-to-date symlink: /home/hrlsh/scrub_nurse_ws/install/ur_robot_manager/share/ament_index/resource_index/packages/ur_robot_manager
[18.310s] -- Up-to-date symlink: /home/hrlsh/scrub_nurse_ws/install/ur_robot_manager/share/ur_robot_manager/cmake/ur_robot_managerConfig.cmake
[18.310s] -- Up-to-date symlink: /home/hrlsh/scrub_nurse_ws/install/ur_robot_manager/share/ur_robot_manager/cmake/ur_robot_managerConfig-version.cmake
[18.311s] -- Up-to-date symlink: /home/hrlsh/scrub_nurse_ws/install/ur_robot_manager/share/ur_robot_manager/package.xml
[18.312s] Invoked command in '/home/hrlsh/scrub_nurse_ws/build/ur_robot_manager' returned '0': CMAKE_PREFIX_PATH=/home/hrlsh/scrub_nurse_ws/install/ur_robot_manager_interfaces:/home/hrlsh/scrub_nurse_ws/install/gripper_interfaces:/home/hrlsh/scrub_nurse_ws/install/nurse_bringup:/home/hrlsh/scrub_nurse_ws/install/ur_robot_manager:/home/hrlsh/scrub_nurse_ws/install/nurse_interfaces:/home/hrlsh/scrub_nurse_ws/install/gripper_test:/home/hrlsh/scrub_nurse_ws/install/aruco_interfaces:/home/hrlsh/scrub_nurse_ws/install/nurse_control:/home/hrlsh/scrub_nurse_ws/install/nurse_planning:/home/hrlsh/scrub_nurse_ws/install/nurse_perception:/opt/ros/humble LD_LIBRARY_PATH=/home/hrlsh/scrub_nurse_ws/install/ur_robot_manager_interfaces/lib:/home/hrlsh/scrub_nurse_ws/install/gripper_interfaces/lib:/home/hrlsh/scrub_nurse_ws/install/ur_robot_manager/lib:/home/hrlsh/scrub_nurse_ws/install/nurse_interfaces/lib:/home/hrlsh/scrub_nurse_ws/install/aruco_interfaces/lib:/usr/lib/x86_64-linux-gnu:/usr/local/cuda/lib64:/opt/ros/humble/opt/rviz_ogre_vendor/lib:/opt/ros/humble/lib/x86_64-linux-gnu:/opt/ros/humble/lib /usr/bin/cmake --install /home/hrlsh/scrub_nurse_ws/build/ur_robot_manager
