[0.009s] Invoking command in '/home/hrlsh/scrub_nurse_ws/build/ur_robot_manager': AMENT_PREFIX_PATH=/home/hrlsh/scrub_nurse_ws/install/ur_robot_manager_interfaces:/home/hrlsh/scrub_nurse_ws/install/gripper_interfaces:${AMENT_PREFIX_PATH} CMAKE_PREFIX_PATH=/home/hrlsh/scrub_nurse_ws/install/ur_robot_manager_interfaces:/home/hrlsh/scrub_nurse_ws/install/gripper_interfaces:/opt/ros/humble LD_LIBRARY_PATH=/home/hrlsh/scrub_nurse_ws/install/ur_robot_manager_interfaces/lib:/home/hrlsh/scrub_nurse_ws/install/gripper_interfaces/lib:${LD_LIBRARY_PATH} PYTHONPATH=/home/hrlsh/scrub_nurse_ws/install/ur_robot_manager_interfaces/local/lib/python3.10/dist-packages:/home/hrlsh/scrub_nurse_ws/install/gripper_interfaces/local/lib/python3.10/dist-packages:${PYTHONPATH} /usr/bin/cmake --build /home/hrlsh/scrub_nurse_ws/build/ur_robot_manager -- -j20 -l20
[0.043s] [ 37%] Built target ur_robot_manager_utils
[0.077s] Consolidate compiler generated dependencies of target ur_robot_manager_core
[0.102s] [ 50%] Building CXX object CMakeFiles/ur_robot_manager_core.dir/src/core/ur_robot_manager.cpp.o
[3.689s] /home/hrlsh/scrub_nurse_ws/src/ur_robot_manager/src/core/ur_robot_manager.cpp: In constructor ‘urRobotManager::URRobotManager::URRobotManager(rclcpp::Node::SharedPtr, const string&)’:
[3.689s] /home/hrlsh/scrub_nurse_ws/src/ur_robot_manager/src/core/ur_robot_manager.cpp:59:7: error: class ‘urRobotManager::URRobotManager’ does not have any field named ‘servo_lookahead_’
[3.689s]    59 |       servo_lookahead_(0.1),
[3.689s]       |       ^~~~~~~~~~~~~~~~
[3.689s] /home/hrlsh/scrub_nurse_ws/src/ur_robot_manager/src/core/ur_robot_manager.cpp:60:7: error: class ‘urRobotManager::URRobotManager’ does not have any field named ‘servo_gain_’
[3.689s]    60 |       servo_gain_(300.0)
[3.689s]       |       ^~~~~~~~~~~
[3.966s] /home/hrlsh/scrub_nurse_ws/src/ur_robot_manager/src/core/ur_robot_manager.cpp: At global scope:
[3.966s] /home/hrlsh/scrub_nurse_ws/src/ur_robot_manager/src/core/ur_robot_manager.cpp:809:21: error: no declaration matches ‘std::vector<double, std::allocator<double> > urRobotManager::URRobotManager::computeStandardDLS(const std::vector<double, std::allocator<double> >&, const std::vector<double, std::allocator<double> >&, double)’
[3.966s]   809 | std::vector<double> URRobotManager::computeStandardDLS(
[3.966s]       |                     ^~~~~~~~~~~~~~
[3.966s] /home/hrlsh/scrub_nurse_ws/src/ur_robot_manager/src/core/ur_robot_manager.cpp:809:21: note: no functions named ‘std::vector<double, std::allocator<double> > urRobotManager::URRobotManager::computeStandardDLS(const std::vector<double, std::allocator<double> >&, const std::vector<double, std::allocator<double> >&, double)’
[3.966s] In file included from /home/hrlsh/scrub_nurse_ws/src/ur_robot_manager/src/core/ur_robot_manager.cpp:10:
[3.966s] /home/hrlsh/scrub_nurse_ws/src/ur_robot_manager/include/ur_robot_manager/core/ur_robot_manager.h:73:7: note: ‘class urRobotManager::URRobotManager’ defined here
[3.966s]    73 | class URRobotManager {
[3.966s]       |       ^~~~~~~~~~~~~~
[3.966s] /home/hrlsh/scrub_nurse_ws/src/ur_robot_manager/src/core/ur_robot_manager.cpp:828:21: error: no declaration matches ‘std::vector<double, std::allocator<double> > urRobotManager::URRobotManager::computeSingularityRobustVelocity(const std::vector<double, std::allocator<double> >&, const std::vector<double, std::allocator<double> >&)’
[3.966s]   828 | std::vector<double> URRobotManager::computeSingularityRobustVelocity(
[3.966s]       |                     ^~~~~~~~~~~~~~
[3.967s] /home/hrlsh/scrub_nurse_ws/src/ur_robot_manager/src/core/ur_robot_manager.cpp:828:21: note: no functions named ‘std::vector<double, std::allocator<double> > urRobotManager::URRobotManager::computeSingularityRobustVelocity(const std::vector<double, std::allocator<double> >&, const std::vector<double, std::allocator<double> >&)’
[3.967s] In file included from /home/hrlsh/scrub_nurse_ws/src/ur_robot_manager/src/core/ur_robot_manager.cpp:10:
[3.967s] /home/hrlsh/scrub_nurse_ws/src/ur_robot_manager/include/ur_robot_manager/core/ur_robot_manager.h:73:7: note: ‘class urRobotManager::URRobotManager’ defined here
[3.967s]    73 | class URRobotManager {
[3.967s]       |       ^~~~~~~~~~~~~~
[10.059s] gmake[2]: *** [CMakeFiles/ur_robot_manager_core.dir/build.make:76: CMakeFiles/ur_robot_manager_core.dir/src/core/ur_robot_manager.cpp.o] Error 1
[10.059s] gmake[1]: *** [CMakeFiles/Makefile2:167: CMakeFiles/ur_robot_manager_core.dir/all] Error 2
[10.059s] gmake: *** [Makefile:146: all] Error 2
[10.060s] Invoked command in '/home/hrlsh/scrub_nurse_ws/build/ur_robot_manager' returned '2': AMENT_PREFIX_PATH=/home/hrlsh/scrub_nurse_ws/install/ur_robot_manager_interfaces:/home/hrlsh/scrub_nurse_ws/install/gripper_interfaces:${AMENT_PREFIX_PATH} CMAKE_PREFIX_PATH=/home/hrlsh/scrub_nurse_ws/install/ur_robot_manager_interfaces:/home/hrlsh/scrub_nurse_ws/install/gripper_interfaces:/opt/ros/humble LD_LIBRARY_PATH=/home/hrlsh/scrub_nurse_ws/install/ur_robot_manager_interfaces/lib:/home/hrlsh/scrub_nurse_ws/install/gripper_interfaces/lib:${LD_LIBRARY_PATH} PYTHONPATH=/home/hrlsh/scrub_nurse_ws/install/ur_robot_manager_interfaces/local/lib/python3.10/dist-packages:/home/hrlsh/scrub_nurse_ws/install/gripper_interfaces/local/lib/python3.10/dist-packages:${PYTHONPATH} /usr/bin/cmake --build /home/hrlsh/scrub_nurse_ws/build/ur_robot_manager -- -j20 -l20
