[0.014s] Invoking command in '/home/hrlsh/scrub_nurse_ws/build/gripper_interfaces': CMAKE_PREFIX_PATH=${CMAKE_PREFIX_PATH}:/home/hrlsh/scrub_nurse_ws/install/nurse_control:/home/hrlsh/scrub_nurse_ws/install/nurse_planning:/home/hrlsh/scrub_nurse_ws/install/nurse_perception:/opt/ros/humble /usr/bin/cmake /home/hrlsh/scrub_nurse_ws/src/gripper_interfaces -DAMENT_CMAKE_SYMLINK_INSTALL=1 -DCMAKE_INSTALL_PREFIX=/home/hrlsh/scrub_nurse_ws/install/gripper_interfaces
[0.022s] -- Found ament_cmake: 1.3.14 (/opt/ros/humble/share/ament_cmake/cmake)
[0.074s] -- Found Python3: /home/hrlsh/ai_env/vla_venv/bin/python3 (found version "3.10.12") found components: Interpreter 
[0.126s] -- Override CMake install command with custom implementation using symlinks instead of copying resources
[0.131s] -- Found rosidl_default_generators: 1.2.1 (/opt/ros/humble/share/rosidl_default_generators/cmake)
[0.133s] -- Using all available rosidl_typesupport_c: rosidl_typesupport_fastrtps_c;rosidl_typesupport_introspection_c
[0.135s] -- Found rosidl_adapter: 3.1.8 (/opt/ros/humble/share/rosidl_adapter/cmake)
[0.160s] -- Using all available rosidl_typesupport_cpp: rosidl_typesupport_fastrtps_cpp;rosidl_typesupport_introspection_cpp
[0.183s] -- Found action_msgs: 1.2.2 (/opt/ros/humble/share/action_msgs/cmake)
[0.839s] -- Found ament_cmake_ros: 0.10.0 (/opt/ros/humble/share/ament_cmake_ros/cmake)
[1.497s] -- Using all available rosidl_typesupport_c: rosidl_typesupport_fastrtps_c;rosidl_typesupport_introspection_c
[2.189s] -- Using all available rosidl_typesupport_cpp: rosidl_typesupport_fastrtps_cpp;rosidl_typesupport_introspection_cpp
[2.265s] -- Found python_cmake_module: 0.10.0 (/opt/ros/humble/share/python_cmake_module/cmake)
[2.341s] -- Using PYTHON_EXECUTABLE: /usr/bin/python3
[2.342s] -- Using PYTHON_INCLUDE_DIRS: /usr/include/python3.10
[2.342s] -- Using PYTHON_LIBRARIES: /usr/lib/x86_64-linux-gnu/libpython3.10.so
[2.672s] -- Found ament_lint_auto: 0.12.15 (/opt/ros/humble/share/ament_lint_auto/cmake)
[2.687s] -- Added test 'copyright' to check source files copyright and LICENSE
[2.689s] -- Added test 'lint_cmake' to check CMake code style
[2.690s] -- Added test 'xmllint' to check XML markup files
[2.695s] -- Configuring done
[2.779s] -- Generating done
[2.804s] -- Build files have been written to: /home/hrlsh/scrub_nurse_ws/build/gripper_interfaces
[2.816s] Invoked command in '/home/hrlsh/scrub_nurse_ws/build/gripper_interfaces' returned '0': CMAKE_PREFIX_PATH=${CMAKE_PREFIX_PATH}:/home/hrlsh/scrub_nurse_ws/install/nurse_control:/home/hrlsh/scrub_nurse_ws/install/nurse_planning:/home/hrlsh/scrub_nurse_ws/install/nurse_perception:/opt/ros/humble /usr/bin/cmake /home/hrlsh/scrub_nurse_ws/src/gripper_interfaces -DAMENT_CMAKE_SYMLINK_INSTALL=1 -DCMAKE_INSTALL_PREFIX=/home/hrlsh/scrub_nurse_ws/install/gripper_interfaces
[2.818s] Invoking command in '/home/hrlsh/scrub_nurse_ws/build/gripper_interfaces': CMAKE_PREFIX_PATH=${CMAKE_PREFIX_PATH}:/home/hrlsh/scrub_nurse_ws/install/nurse_control:/home/hrlsh/scrub_nurse_ws/install/nurse_planning:/home/hrlsh/scrub_nurse_ws/install/nurse_perception:/opt/ros/humble /usr/bin/cmake --build /home/hrlsh/scrub_nurse_ws/build/gripper_interfaces -- -j20 -l20
[2.880s] [35m[1mConsolidate compiler generated dependencies of target gripper_interfaces__rosidl_generator_c[0m
[2.889s] [  1%] Built target gripper_interfaces__rs
[2.899s] [  2%] [32mBuilding C object CMakeFiles/gripper_interfaces__rosidl_generator_c.dir/rosidl_generator_c/gripper_interfaces/msg/detail/gripper_msg__functions.c.o[0m
[2.900s] [  2%] Built target gripper_interfaces__cpp
[2.900s] [  3%] [32mBuilding C object CMakeFiles/gripper_interfaces__rosidl_generator_c.dir/rosidl_generator_c/gripper_interfaces/srv/detail/set_parameter__functions.c.o[0m
[2.901s] [  4%] [32mBuilding C object CMakeFiles/gripper_interfaces__rosidl_generator_c.dir/rosidl_generator_c/gripper_interfaces/srv/detail/driver_enable__functions.c.o[0m
[2.902s] [  5%] [32mBuilding C object CMakeFiles/gripper_interfaces__rosidl_generator_c.dir/rosidl_generator_c/gripper_interfaces/srv/detail/slave_change__functions.c.o[0m
[2.902s] [  6%] [32mBuilding C object CMakeFiles/gripper_interfaces__rosidl_generator_c.dir/rosidl_generator_c/gripper_interfaces/srv/detail/pos_vel_cur_ctrl__functions.c.o[0m
[2.906s] [  6%] Built target ament_cmake_python_symlink_gripper_interfaces
[2.911s] [  6%] [32mBuilding C object CMakeFiles/gripper_interfaces__rosidl_generator_c.dir/rosidl_generator_c/gripper_interfaces/srv/detail/arduino_control__functions.c.o[0m
[2.912s] [  7%] [32mBuilding C object CMakeFiles/gripper_interfaces__rosidl_generator_c.dir/rosidl_generator_c/gripper_interfaces/srv/detail/modbus__functions.c.o[0m
[2.913s] [  8%] [32mBuilding C object CMakeFiles/gripper_interfaces__rosidl_generator_c.dir/rosidl_generator_c/gripper_interfaces/srv/detail/gripper_command__functions.c.o[0m
[2.915s] [35m[1mConsolidate compiler generated dependencies of target gripper_interfaces__rosidl_typesupport_introspection_cpp[0m
[2.917s] [35m[1mConsolidate compiler generated dependencies of target gripper_interfaces__rosidl_typesupport_cpp[0m
[2.918s] [35m[1mConsolidate compiler generated dependencies of target gripper_interfaces__rosidl_typesupport_fastrtps_cpp[0m
[2.918s] [  9%] [32mBuilding C object CMakeFiles/gripper_interfaces__rosidl_generator_c.dir/rosidl_generator_c/gripper_interfaces/srv/detail/gripper_control__functions.c.o[0m
[2.971s] [ 11%] [32mBuilding CXX object CMakeFiles/gripper_interfaces__rosidl_typesupport_introspection_cpp.dir/rosidl_typesupport_introspection_cpp/gripper_interfaces/msg/detail/gripper_msg__type_support.cpp.o[0m
[2.971s] [ 11%] [32mBuilding CXX object CMakeFiles/gripper_interfaces__rosidl_typesupport_introspection_cpp.dir/rosidl_typesupport_introspection_cpp/gripper_interfaces/srv/detail/slave_change__type_support.cpp.o[0m
[2.972s] [ 12%] [32mBuilding CXX object CMakeFiles/gripper_interfaces__rosidl_typesupport_introspection_cpp.dir/rosidl_typesupport_introspection_cpp/gripper_interfaces/srv/detail/pos_vel_cur_ctrl__type_support.cpp.o[0m
[2.972s] [ 12%] [32mBuilding CXX object CMakeFiles/gripper_interfaces__rosidl_typesupport_introspection_cpp.dir/rosidl_typesupport_introspection_cpp/gripper_interfaces/srv/detail/driver_enable__type_support.cpp.o[0m
[2.975s] [ 13%] [32mBuilding CXX object CMakeFiles/gripper_interfaces__rosidl_typesupport_cpp.dir/rosidl_typesupport_cpp/gripper_interfaces/srv/slave_change__type_support.cpp.o[0m
[2.976s] [ 14%] [32mBuilding C object CMakeFiles/gripper_interfaces__rosidl_generator_c.dir/rosidl_generator_c/gripper_interfaces/srv/detail/stop_motor__functions.c.o[0m
[2.980s] [ 15%] [32mBuilding CXX object CMakeFiles/gripper_interfaces__rosidl_typesupport_introspection_cpp.dir/rosidl_typesupport_introspection_cpp/gripper_interfaces/srv/detail/set_parameter__type_support.cpp.o[0m
[2.981s] [ 16%] [32mBuilding CXX object CMakeFiles/gripper_interfaces__rosidl_typesupport_cpp.dir/rosidl_typesupport_cpp/gripper_interfaces/msg/gripper_msg__type_support.cpp.o[0m
[2.984s] [ 17%] [32mBuilding C object CMakeFiles/gripper_interfaces__rosidl_generator_c.dir/rosidl_generator_c/gripper_interfaces/action/detail/gripper__functions.c.o[0m
[2.993s] [ 18%] [32mBuilding CXX object CMakeFiles/gripper_interfaces__rosidl_typesupport_fastrtps_cpp.dir/rosidl_typesupport_fastrtps_cpp/gripper_interfaces/msg/detail/dds_fastrtps/gripper_msg__type_support.cpp.o[0m
[3.003s] [ 19%] [32mBuilding CXX object CMakeFiles/gripper_interfaces__rosidl_typesupport_cpp.dir/rosidl_typesupport_cpp/gripper_interfaces/srv/pos_vel_cur_ctrl__type_support.cpp.o[0m
[3.003s] [ 20%] [32mBuilding CXX object CMakeFiles/gripper_interfaces__rosidl_typesupport_fastrtps_cpp.dir/rosidl_typesupport_fastrtps_cpp/gripper_interfaces/srv/detail/dds_fastrtps/slave_change__type_support.cpp.o[0m
[3.011s] [ 21%] [32mBuilding CXX object CMakeFiles/gripper_interfaces__rosidl_typesupport_fastrtps_cpp.dir/rosidl_typesupport_fastrtps_cpp/gripper_interfaces/srv/detail/dds_fastrtps/pos_vel_cur_ctrl__type_support.cpp.o[0m
[3.058s] [ 22%] [32mBuilding CXX object CMakeFiles/gripper_interfaces__rosidl_typesupport_cpp.dir/rosidl_typesupport_cpp/gripper_interfaces/srv/set_parameter__type_support.cpp.o[0m
[3.059s] [ 23%] [32mBuilding CXX object CMakeFiles/gripper_interfaces__rosidl_typesupport_introspection_cpp.dir/rosidl_typesupport_introspection_cpp/gripper_interfaces/srv/detail/modbus__type_support.cpp.o[0m
[3.059s] [ 24%] [32mBuilding CXX object CMakeFiles/gripper_interfaces__rosidl_typesupport_introspection_cpp.dir/rosidl_typesupport_introspection_cpp/gripper_interfaces/srv/detail/arduino_control__type_support.cpp.o[0m
[3.059s] [ 22%] [32mBuilding CXX object CMakeFiles/gripper_interfaces__rosidl_typesupport_cpp.dir/rosidl_typesupport_cpp/gripper_interfaces/srv/driver_enable__type_support.cpp.o[0m
[3.067s] [ 26%] [32mBuilding CXX object CMakeFiles/gripper_interfaces__rosidl_typesupport_cpp.dir/rosidl_typesupport_cpp/gripper_interfaces/srv/gripper_control__type_support.cpp.o[0m
[3.068s] [ 26%] [32mBuilding CXX object CMakeFiles/gripper_interfaces__rosidl_typesupport_introspection_cpp.dir/rosidl_typesupport_introspection_cpp/gripper_interfaces/srv/detail/gripper_control__type_support.cpp.o[0m
[3.096s] [ 27%] [32mBuilding CXX object CMakeFiles/gripper_interfaces__rosidl_typesupport_introspection_cpp.dir/rosidl_typesupport_introspection_cpp/gripper_interfaces/srv/detail/gripper_command__type_support.cpp.o[0m
[3.188s] [ 28%] [32m[1mLinking C shared library libgripper_interfaces__rosidl_generator_c.so[0m
[3.321s] [ 29%] Built target gripper_interfaces__rosidl_generator_c
[3.364s] [ 30%] [32mBuilding CXX object CMakeFiles/gripper_interfaces__rosidl_typesupport_cpp.dir/rosidl_typesupport_cpp/gripper_interfaces/srv/arduino_control__type_support.cpp.o[0m
[3.425s] [ 31%] [32mBuilding CXX object CMakeFiles/gripper_interfaces__rosidl_typesupport_cpp.dir/rosidl_typesupport_cpp/gripper_interfaces/srv/modbus__type_support.cpp.o[0m
[3.567s] [ 31%] [32mBuilding CXX object CMakeFiles/gripper_interfaces__rosidl_typesupport_fastrtps_cpp.dir/rosidl_typesupport_fastrtps_cpp/gripper_interfaces/srv/detail/dds_fastrtps/driver_enable__type_support.cpp.o[0m
[3.572s] [ 32%] [32mBuilding CXX object CMakeFiles/gripper_interfaces__rosidl_typesupport_introspection_cpp.dir/rosidl_typesupport_introspection_cpp/gripper_interfaces/srv/detail/stop_motor__type_support.cpp.o[0m
[3.609s] [ 33%] [32mBuilding CXX object CMakeFiles/gripper_interfaces__rosidl_typesupport_cpp.dir/rosidl_typesupport_cpp/gripper_interfaces/srv/gripper_command__type_support.cpp.o[0m
[3.647s] [ 34%] [32mBuilding CXX object CMakeFiles/gripper_interfaces__rosidl_typesupport_cpp.dir/rosidl_typesupport_cpp/gripper_interfaces/srv/stop_motor__type_support.cpp.o[0m
[3.647s] [ 35%] [32mBuilding CXX object CMakeFiles/gripper_interfaces__rosidl_typesupport_introspection_cpp.dir/rosidl_typesupport_introspection_cpp/gripper_interfaces/action/detail/gripper__type_support.cpp.o[0m
[3.704s] [ 36%] [32mBuilding CXX object CMakeFiles/gripper_interfaces__rosidl_typesupport_fastrtps_cpp.dir/rosidl_typesupport_fastrtps_cpp/gripper_interfaces/srv/detail/dds_fastrtps/set_parameter__type_support.cpp.o[0m
[3.718s] [ 37%] [32mBuilding CXX object CMakeFiles/gripper_interfaces__rosidl_typesupport_cpp.dir/rosidl_typesupport_cpp/gripper_interfaces/action/gripper__type_support.cpp.o[0m
[3.752s] running egg_info
[3.826s] writing gripper_interfaces.egg-info/PKG-INFO
[3.829s] [ 38%] [32mBuilding CXX object CMakeFiles/gripper_interfaces__rosidl_typesupport_fastrtps_cpp.dir/rosidl_typesupport_fastrtps_cpp/gripper_interfaces/srv/detail/dds_fastrtps/gripper_control__type_support.cpp.o[0m
[3.834s] writing dependency_links to gripper_interfaces.egg-info/dependency_links.txt
[3.834s] writing top-level names to gripper_interfaces.egg-info/top_level.txt
[3.857s] [ 39%] [32mBuilding CXX object CMakeFiles/gripper_interfaces__rosidl_typesupport_fastrtps_cpp.dir/rosidl_typesupport_fastrtps_cpp/gripper_interfaces/srv/detail/dds_fastrtps/arduino_control__type_support.cpp.o[0m
[3.873s] [35m[1mConsolidate compiler generated dependencies of target gripper_interfaces__rosidl_typesupport_fastrtps_c[0m
[3.897s] [ 40%] [32mBuilding CXX object CMakeFiles/gripper_interfaces__rosidl_typesupport_fastrtps_cpp.dir/rosidl_typesupport_fastrtps_cpp/gripper_interfaces/srv/detail/dds_fastrtps/modbus__type_support.cpp.o[0m
[3.929s] [35m[1mConsolidate compiler generated dependencies of target gripper_interfaces__rosidl_typesupport_introspection_c[0m
[4.004s] [ 40%] [32mBuilding C object CMakeFiles/gripper_interfaces__rosidl_typesupport_introspection_c.dir/rosidl_typesupport_introspection_c/gripper_interfaces/msg/detail/gripper_msg__type_support.c.o[0m
[4.030s] [ 40%] [32mBuilding CXX object CMakeFiles/gripper_interfaces__rosidl_typesupport_fastrtps_c.dir/rosidl_typesupport_fastrtps_c/gripper_interfaces/msg/detail/gripper_msg__type_support_c.cpp.o[0m
[4.059s] [35m[1mConsolidate compiler generated dependencies of target gripper_interfaces__rosidl_typesupport_c[0m
[4.084s] reading manifest file 'gripper_interfaces.egg-info/SOURCES.txt'
[4.086s] writing manifest file 'gripper_interfaces.egg-info/SOURCES.txt'
[4.086s] [ 41%] [32mBuilding CXX object CMakeFiles/gripper_interfaces__rosidl_typesupport_fastrtps_cpp.dir/rosidl_typesupport_fastrtps_cpp/gripper_interfaces/srv/detail/dds_fastrtps/gripper_command__type_support.cpp.o[0m
[4.117s] [ 42%] [32mBuilding CXX object CMakeFiles/gripper_interfaces__rosidl_typesupport_fastrtps_cpp.dir/rosidl_typesupport_fastrtps_cpp/gripper_interfaces/srv/detail/dds_fastrtps/stop_motor__type_support.cpp.o[0m
[4.148s] [ 43%] [32mBuilding C object CMakeFiles/gripper_interfaces__rosidl_typesupport_introspection_c.dir/rosidl_typesupport_introspection_c/gripper_interfaces/srv/detail/slave_change__type_support.c.o[0m
[4.177s] [ 43%] [32mBuilding CXX object CMakeFiles/gripper_interfaces__rosidl_typesupport_c.dir/rosidl_typesupport_c/gripper_interfaces/msg/gripper_msg__type_support.cpp.o[0m
[4.230s] [ 44%] [32mBuilding CXX object CMakeFiles/gripper_interfaces__rosidl_typesupport_c.dir/rosidl_typesupport_c/gripper_interfaces/srv/slave_change__type_support.cpp.o[0m
[4.250s] [ 44%] Built target ament_cmake_python_build_gripper_interfaces_egg
[4.257s] [ 45%] [32mBuilding CXX object CMakeFiles/gripper_interfaces__rosidl_typesupport_fastrtps_cpp.dir/rosidl_typesupport_fastrtps_cpp/gripper_interfaces/action/detail/dds_fastrtps/gripper__type_support.cpp.o[0m
[4.293s] [ 46%] [32mBuilding CXX object CMakeFiles/gripper_interfaces__rosidl_typesupport_c.dir/rosidl_typesupport_c/gripper_interfaces/srv/pos_vel_cur_ctrl__type_support.cpp.o[0m
[4.302s] [ 47%] [32mBuilding CXX object CMakeFiles/gripper_interfaces__rosidl_typesupport_c.dir/rosidl_typesupport_c/gripper_interfaces/srv/set_parameter__type_support.cpp.o[0m
[4.331s] [ 49%] [32mBuilding CXX object CMakeFiles/gripper_interfaces__rosidl_typesupport_c.dir/rosidl_typesupport_c/gripper_interfaces/srv/driver_enable__type_support.cpp.o[0m
[4.337s] [ 50%] [32mBuilding C object CMakeFiles/gripper_interfaces__rosidl_typesupport_introspection_c.dir/rosidl_typesupport_introspection_c/gripper_interfaces/srv/detail/driver_enable__type_support.c.o[0m
[4.337s] [ 50%] [32mBuilding C object CMakeFiles/gripper_interfaces__rosidl_typesupport_introspection_c.dir/rosidl_typesupport_introspection_c/gripper_interfaces/srv/detail/pos_vel_cur_ctrl__type_support.c.o[0m
[4.405s] [ 51%] [32mBuilding C object CMakeFiles/gripper_interfaces__rosidl_typesupport_introspection_c.dir/rosidl_typesupport_introspection_c/gripper_interfaces/srv/detail/set_parameter__type_support.c.o[0m
[4.408s] [ 52%] [32mBuilding CXX object CMakeFiles/gripper_interfaces__rosidl_typesupport_fastrtps_c.dir/rosidl_typesupport_fastrtps_c/gripper_interfaces/srv/detail/slave_change__type_support_c.cpp.o[0m
[4.417s] [ 53%] [32mBuilding CXX object CMakeFiles/gripper_interfaces__rosidl_typesupport_c.dir/rosidl_typesupport_c/gripper_interfaces/srv/gripper_control__type_support.cpp.o[0m
[4.465s] [ 54%] [32mBuilding CXX object CMakeFiles/gripper_interfaces__rosidl_typesupport_fastrtps_c.dir/rosidl_typesupport_fastrtps_c/gripper_interfaces/srv/detail/pos_vel_cur_ctrl__type_support_c.cpp.o[0m
[4.499s] [ 55%] [32mBuilding CXX object CMakeFiles/gripper_interfaces__rosidl_typesupport_c.dir/rosidl_typesupport_c/gripper_interfaces/srv/arduino_control__type_support.cpp.o[0m
[4.501s] [ 56%] [32mBuilding CXX object CMakeFiles/gripper_interfaces__rosidl_typesupport_fastrtps_c.dir/rosidl_typesupport_fastrtps_c/gripper_interfaces/srv/detail/driver_enable__type_support_c.cpp.o[0m
[4.541s] [ 57%] [32mBuilding CXX object CMakeFiles/gripper_interfaces__rosidl_typesupport_fastrtps_c.dir/rosidl_typesupport_fastrtps_c/gripper_interfaces/srv/detail/set_parameter__type_support_c.cpp.o[0m
[4.596s] [ 58%] [32mBuilding C object CMakeFiles/gripper_interfaces__rosidl_typesupport_introspection_c.dir/rosidl_typesupport_introspection_c/gripper_interfaces/srv/detail/gripper_control__type_support.c.o[0m
[4.601s] [ 59%] [32mBuilding CXX object CMakeFiles/gripper_interfaces__rosidl_typesupport_c.dir/rosidl_typesupport_c/gripper_interfaces/srv/modbus__type_support.cpp.o[0m
[4.640s] [ 60%] [32mBuilding CXX object CMakeFiles/gripper_interfaces__rosidl_typesupport_fastrtps_c.dir/rosidl_typesupport_fastrtps_c/gripper_interfaces/srv/detail/gripper_control__type_support_c.cpp.o[0m
[4.649s] [ 61%] [32mBuilding CXX object CMakeFiles/gripper_interfaces__rosidl_typesupport_fastrtps_c.dir/rosidl_typesupport_fastrtps_c/gripper_interfaces/srv/detail/arduino_control__type_support_c.cpp.o[0m
[4.674s] [ 62%] [32mBuilding CXX object CMakeFiles/gripper_interfaces__rosidl_typesupport_c.dir/rosidl_typesupport_c/gripper_interfaces/srv/gripper_command__type_support.cpp.o[0m
[4.731s] [ 62%] [32mBuilding CXX object CMakeFiles/gripper_interfaces__rosidl_typesupport_c.dir/rosidl_typesupport_c/gripper_interfaces/srv/stop_motor__type_support.cpp.o[0m
[4.774s] [ 63%] [32mBuilding C object CMakeFiles/gripper_interfaces__rosidl_typesupport_introspection_c.dir/rosidl_typesupport_introspection_c/gripper_interfaces/srv/detail/arduino_control__type_support.c.o[0m
[4.777s] [ 64%] [32mBuilding CXX object CMakeFiles/gripper_interfaces__rosidl_typesupport_c.dir/rosidl_typesupport_c/gripper_interfaces/action/gripper__type_support.cpp.o[0m
[4.781s] [ 65%] [32mBuilding C object CMakeFiles/gripper_interfaces__rosidl_typesupport_introspection_c.dir/rosidl_typesupport_introspection_c/gripper_interfaces/srv/detail/modbus__type_support.c.o[0m
[4.804s] [ 66%] [32mBuilding C object CMakeFiles/gripper_interfaces__rosidl_typesupport_introspection_c.dir/rosidl_typesupport_introspection_c/gripper_interfaces/srv/detail/gripper_command__type_support.c.o[0m
[4.857s] [ 67%] [32mBuilding CXX object CMakeFiles/gripper_interfaces__rosidl_typesupport_fastrtps_c.dir/rosidl_typesupport_fastrtps_c/gripper_interfaces/srv/detail/modbus__type_support_c.cpp.o[0m
[4.933s] [ 67%] [32mBuilding C object CMakeFiles/gripper_interfaces__rosidl_typesupport_introspection_c.dir/rosidl_typesupport_introspection_c/gripper_interfaces/srv/detail/stop_motor__type_support.c.o[0m
[4.933s] [ 68%] [32m[1mLinking CXX shared library libgripper_interfaces__rosidl_typesupport_c.so[0m
[4.942s] [ 69%] [32mBuilding CXX object CMakeFiles/gripper_interfaces__rosidl_typesupport_fastrtps_c.dir/rosidl_typesupport_fastrtps_c/gripper_interfaces/srv/detail/gripper_command__type_support_c.cpp.o[0m
[4.948s] [ 70%] [32mBuilding C object CMakeFiles/gripper_interfaces__rosidl_typesupport_introspection_c.dir/rosidl_typesupport_introspection_c/gripper_interfaces/action/detail/gripper__type_support.c.o[0m
[4.966s] [ 70%] [32mBuilding CXX object CMakeFiles/gripper_interfaces__rosidl_typesupport_fastrtps_c.dir/rosidl_typesupport_fastrtps_c/gripper_interfaces/srv/detail/stop_motor__type_support_c.cpp.o[0m
[5.002s] [ 71%] [32mBuilding CXX object CMakeFiles/gripper_interfaces__rosidl_typesupport_fastrtps_c.dir/rosidl_typesupport_fastrtps_c/gripper_interfaces/action/detail/gripper__type_support_c.cpp.o[0m
[5.048s] [ 72%] [32m[1mLinking C shared library libgripper_interfaces__rosidl_typesupport_introspection_c.so[0m
[5.084s] [ 73%] Built target gripper_interfaces__rosidl_typesupport_c
[5.120s] [ 75%] [32m[1mLinking CXX shared library libgripper_interfaces__rosidl_typesupport_introspection_cpp.so[0m
[5.120s] [ 75%] [32m[1mLinking CXX shared library libgripper_interfaces__rosidl_typesupport_cpp.so[0m
[5.166s] [ 76%] Built target gripper_interfaces__rosidl_typesupport_introspection_c
[5.184s] [ 77%] Built target gripper_interfaces__rosidl_typesupport_cpp
[5.241s] [ 78%] Built target gripper_interfaces__rosidl_typesupport_introspection_cpp
[5.331s] [ 79%] [32m[1mLinking CXX shared library libgripper_interfaces__rosidl_typesupport_fastrtps_cpp.so[0m
[5.387s] [ 80%] [32m[1mLinking CXX shared library libgripper_interfaces__rosidl_typesupport_fastrtps_c.so[0m
[5.394s] [ 81%] Built target gripper_interfaces__rosidl_typesupport_fastrtps_cpp
[5.453s] [ 82%] Built target gripper_interfaces__rosidl_typesupport_fastrtps_c
[5.464s] [ 82%] Built target gripper_interfaces
[5.475s] [ 83%] Built target gripper_interfaces__py
[5.482s] [35m[1mConsolidate compiler generated dependencies of target gripper_interfaces__rosidl_generator_py[0m
[5.496s] [ 85%] [32mBuilding C object CMakeFiles/gripper_interfaces__rosidl_generator_py.dir/rosidl_generator_py/gripper_interfaces/srv/_driver_enable_s.c.o[0m
[5.496s] [ 85%] [32mBuilding C object CMakeFiles/gripper_interfaces__rosidl_generator_py.dir/rosidl_generator_py/gripper_interfaces/srv/_slave_change_s.c.o[0m
[5.496s] [ 86%] [32mBuilding C object CMakeFiles/gripper_interfaces__rosidl_generator_py.dir/rosidl_generator_py/gripper_interfaces/msg/_gripper_msg_s.c.o[0m
[5.497s] [ 86%] [32mBuilding C object CMakeFiles/gripper_interfaces__rosidl_generator_py.dir/rosidl_generator_py/gripper_interfaces/srv/_set_parameter_s.c.o[0m
[5.497s] [ 87%] [32mBuilding C object CMakeFiles/gripper_interfaces__rosidl_generator_py.dir/rosidl_generator_py/gripper_interfaces/srv/_pos_vel_cur_ctrl_s.c.o[0m
[5.497s] [ 88%] [32mBuilding C object CMakeFiles/gripper_interfaces__rosidl_generator_py.dir/rosidl_generator_py/gripper_interfaces/srv/_arduino_control_s.c.o[0m
[5.497s] [ 89%] [32mBuilding C object CMakeFiles/gripper_interfaces__rosidl_generator_py.dir/rosidl_generator_py/gripper_interfaces/srv/_gripper_command_s.c.o[0m
[5.498s] [ 90%] [32mBuilding C object CMakeFiles/gripper_interfaces__rosidl_generator_py.dir/rosidl_generator_py/gripper_interfaces/action/_gripper_s.c.o[0m
[5.498s] [ 91%] [32mBuilding C object CMakeFiles/gripper_interfaces__rosidl_generator_py.dir/rosidl_generator_py/gripper_interfaces/srv/_gripper_control_s.c.o[0m
[5.498s] [ 92%] [32mBuilding C object CMakeFiles/gripper_interfaces__rosidl_generator_py.dir/rosidl_generator_py/gripper_interfaces/srv/_modbus_s.c.o[0m
[5.499s] [ 93%] [32mBuilding C object CMakeFiles/gripper_interfaces__rosidl_generator_py.dir/rosidl_generator_py/gripper_interfaces/srv/_stop_motor_s.c.o[0m
[5.643s] [ 94%] [32m[1mLinking C shared library rosidl_generator_py/gripper_interfaces/libgripper_interfaces__rosidl_generator_py.so[0m
[5.671s] [ 94%] Built target gripper_interfaces__rosidl_generator_py
[5.676s] [35m[1mConsolidate compiler generated dependencies of target gripper_interfaces__rosidl_typesupport_introspection_c__pyext[0m
[5.677s] [35m[1mConsolidate compiler generated dependencies of target gripper_interfaces__rosidl_typesupport_fastrtps_c__pyext[0m
[5.677s] [35m[1mConsolidate compiler generated dependencies of target gripper_interfaces__rosidl_typesupport_c__pyext[0m
[5.684s] [ 97%] [32mBuilding C object CMakeFiles/gripper_interfaces__rosidl_typesupport_c__pyext.dir/rosidl_generator_py/gripper_interfaces/_gripper_interfaces_s.ep.rosidl_typesupport_c.c.o[0m
[5.685s] [ 97%] [32mBuilding C object CMakeFiles/gripper_interfaces__rosidl_typesupport_introspection_c__pyext.dir/rosidl_generator_py/gripper_interfaces/_gripper_interfaces_s.ep.rosidl_typesupport_introspection_c.c.o[0m
[5.685s] [ 97%] [32mBuilding C object CMakeFiles/gripper_interfaces__rosidl_typesupport_fastrtps_c__pyext.dir/rosidl_generator_py/gripper_interfaces/_gripper_interfaces_s.ep.rosidl_typesupport_fastrtps_c.c.o[0m
[5.811s] [ 98%] [32m[1mLinking C shared library rosidl_generator_py/gripper_interfaces/gripper_interfaces_s__rosidl_typesupport_c.cpython-310-x86_64-linux-gnu.so[0m
[5.811s] [ 99%] [32m[1mLinking C shared library rosidl_generator_py/gripper_interfaces/gripper_interfaces_s__rosidl_typesupport_fastrtps_c.cpython-310-x86_64-linux-gnu.so[0m
[5.818s] [100%] [32m[1mLinking C shared library rosidl_generator_py/gripper_interfaces/gripper_interfaces_s__rosidl_typesupport_introspection_c.cpython-310-x86_64-linux-gnu.so[0m
[5.837s] [100%] Built target gripper_interfaces__rosidl_typesupport_fastrtps_c__pyext
[5.837s] [100%] Built target gripper_interfaces__rosidl_typesupport_c__pyext
[5.844s] [100%] Built target gripper_interfaces__rosidl_typesupport_introspection_c__pyext
[6.412s] Invoked command in '/home/hrlsh/scrub_nurse_ws/build/gripper_interfaces' returned '0': CMAKE_PREFIX_PATH=${CMAKE_PREFIX_PATH}:/home/hrlsh/scrub_nurse_ws/install/nurse_control:/home/hrlsh/scrub_nurse_ws/install/nurse_planning:/home/hrlsh/scrub_nurse_ws/install/nurse_perception:/opt/ros/humble /usr/bin/cmake --build /home/hrlsh/scrub_nurse_ws/build/gripper_interfaces -- -j20 -l20
[6.413s] Invoking command in '/home/hrlsh/scrub_nurse_ws/build/gripper_interfaces': CMAKE_PREFIX_PATH=${CMAKE_PREFIX_PATH}:/home/hrlsh/scrub_nurse_ws/install/nurse_control:/home/hrlsh/scrub_nurse_ws/install/nurse_planning:/home/hrlsh/scrub_nurse_ws/install/nurse_perception:/opt/ros/humble /usr/bin/cmake --install /home/hrlsh/scrub_nurse_ws/build/gripper_interfaces
[6.418s] -- Install configuration: ""
[6.418s] -- Execute custom install script
[6.419s] -- Up-to-date symlink: /home/hrlsh/scrub_nurse_ws/install/gripper_interfaces/share/ament_index/resource_index/rosidl_interfaces/gripper_interfaces
[6.419s] -- Up-to-date symlink: /home/hrlsh/scrub_nurse_ws/install/gripper_interfaces/include/gripper_interfaces/gripper_interfaces/action/detail/gripper__functions.h
[6.419s] -- Up-to-date symlink: /home/hrlsh/scrub_nurse_ws/install/gripper_interfaces/include/gripper_interfaces/gripper_interfaces/action/detail/gripper__struct.h
[6.419s] -- Up-to-date symlink: /home/hrlsh/scrub_nurse_ws/install/gripper_interfaces/include/gripper_interfaces/gripper_interfaces/action/detail/gripper__type_support.h
[6.419s] -- Up-to-date symlink: /home/hrlsh/scrub_nurse_ws/install/gripper_interfaces/include/gripper_interfaces/gripper_interfaces/action/gripper.h
[6.419s] -- Up-to-date symlink: /home/hrlsh/scrub_nurse_ws/install/gripper_interfaces/include/gripper_interfaces/gripper_interfaces/msg/detail/gripper_msg__functions.h
[6.420s] -- Up-to-date symlink: /home/hrlsh/scrub_nurse_ws/install/gripper_interfaces/include/gripper_interfaces/gripper_interfaces/msg/detail/gripper_msg__struct.h
[6.420s] -- Up-to-date symlink: /home/hrlsh/scrub_nurse_ws/install/gripper_interfaces/include/gripper_interfaces/gripper_interfaces/msg/detail/gripper_msg__type_support.h
[6.420s] -- Up-to-date symlink: /home/hrlsh/scrub_nurse_ws/install/gripper_interfaces/include/gripper_interfaces/gripper_interfaces/msg/gripper_msg.h
[6.420s] -- Up-to-date symlink: /home/hrlsh/scrub_nurse_ws/install/gripper_interfaces/include/gripper_interfaces/gripper_interfaces/msg/rosidl_generator_c__visibility_control.h
[6.420s] -- Up-to-date symlink: /home/hrlsh/scrub_nurse_ws/install/gripper_interfaces/include/gripper_interfaces/gripper_interfaces/srv/arduino_control.h
[6.420s] -- Up-to-date symlink: /home/hrlsh/scrub_nurse_ws/install/gripper_interfaces/include/gripper_interfaces/gripper_interfaces/srv/detail/arduino_control__functions.h
[6.420s] -- Up-to-date symlink: /home/hrlsh/scrub_nurse_ws/install/gripper_interfaces/include/gripper_interfaces/gripper_interfaces/srv/detail/arduino_control__struct.h
[6.420s] -- Up-to-date symlink: /home/hrlsh/scrub_nurse_ws/install/gripper_interfaces/include/gripper_interfaces/gripper_interfaces/srv/detail/arduino_control__type_support.h
[6.420s] -- Up-to-date symlink: /home/hrlsh/scrub_nurse_ws/install/gripper_interfaces/include/gripper_interfaces/gripper_interfaces/srv/detail/driver_enable__functions.h
[6.420s] -- Up-to-date symlink: /home/hrlsh/scrub_nurse_ws/install/gripper_interfaces/include/gripper_interfaces/gripper_interfaces/srv/detail/driver_enable__struct.h
[6.420s] -- Up-to-date symlink: /home/hrlsh/scrub_nurse_ws/install/gripper_interfaces/include/gripper_interfaces/gripper_interfaces/srv/detail/driver_enable__type_support.h
[6.420s] -- Up-to-date symlink: /home/hrlsh/scrub_nurse_ws/install/gripper_interfaces/include/gripper_interfaces/gripper_interfaces/srv/detail/gripper_command__functions.h
[6.420s] -- Up-to-date symlink: /home/hrlsh/scrub_nurse_ws/install/gripper_interfaces/include/gripper_interfaces/gripper_interfaces/srv/detail/gripper_command__struct.h
[6.420s] -- Up-to-date symlink: /home/hrlsh/scrub_nurse_ws/install/gripper_interfaces/include/gripper_interfaces/gripper_interfaces/srv/detail/gripper_command__type_support.h
[6.421s] -- Up-to-date symlink: /home/hrlsh/scrub_nurse_ws/install/gripper_interfaces/include/gripper_interfaces/gripper_interfaces/srv/detail/gripper_control__functions.h
[6.421s] -- Up-to-date symlink: /home/hrlsh/scrub_nurse_ws/install/gripper_interfaces/include/gripper_interfaces/gripper_interfaces/srv/detail/gripper_control__struct.h
[6.421s] -- Up-to-date symlink: /home/hrlsh/scrub_nurse_ws/install/gripper_interfaces/include/gripper_interfaces/gripper_interfaces/srv/detail/gripper_control__type_support.h
[6.421s] -- Up-to-date symlink: /home/hrlsh/scrub_nurse_ws/install/gripper_interfaces/include/gripper_interfaces/gripper_interfaces/srv/detail/modbus__functions.h
[6.421s] -- Up-to-date symlink: /home/hrlsh/scrub_nurse_ws/install/gripper_interfaces/include/gripper_interfaces/gripper_interfaces/srv/detail/modbus__struct.h
[6.421s] -- Up-to-date symlink: /home/hrlsh/scrub_nurse_ws/install/gripper_interfaces/include/gripper_interfaces/gripper_interfaces/srv/detail/modbus__type_support.h
[6.421s] -- Up-to-date symlink: /home/hrlsh/scrub_nurse_ws/install/gripper_interfaces/include/gripper_interfaces/gripper_interfaces/srv/detail/pos_vel_cur_ctrl__functions.h
[6.421s] -- Up-to-date symlink: /home/hrlsh/scrub_nurse_ws/install/gripper_interfaces/include/gripper_interfaces/gripper_interfaces/srv/detail/pos_vel_cur_ctrl__struct.h
[6.421s] -- Up-to-date symlink: /home/hrlsh/scrub_nurse_ws/install/gripper_interfaces/include/gripper_interfaces/gripper_interfaces/srv/detail/pos_vel_cur_ctrl__type_support.h
[6.421s] -- Up-to-date symlink: /home/hrlsh/scrub_nurse_ws/install/gripper_interfaces/include/gripper_interfaces/gripper_interfaces/srv/detail/set_parameter__functions.h
[6.421s] -- Up-to-date symlink: /home/hrlsh/scrub_nurse_ws/install/gripper_interfaces/include/gripper_interfaces/gripper_interfaces/srv/detail/set_parameter__struct.h
[6.421s] -- Up-to-date symlink: /home/hrlsh/scrub_nurse_ws/install/gripper_interfaces/include/gripper_interfaces/gripper_interfaces/srv/detail/set_parameter__type_support.h
[6.421s] -- Up-to-date symlink: /home/hrlsh/scrub_nurse_ws/install/gripper_interfaces/include/gripper_interfaces/gripper_interfaces/srv/detail/slave_change__functions.h
[6.421s] -- Up-to-date symlink: /home/hrlsh/scrub_nurse_ws/install/gripper_interfaces/include/gripper_interfaces/gripper_interfaces/srv/detail/slave_change__struct.h
[6.422s] -- Up-to-date symlink: /home/hrlsh/scrub_nurse_ws/install/gripper_interfaces/include/gripper_interfaces/gripper_interfaces/srv/detail/slave_change__type_support.h
[6.422s] -- Up-to-date symlink: /home/hrlsh/scrub_nurse_ws/install/gripper_interfaces/include/gripper_interfaces/gripper_interfaces/srv/detail/stop_motor__functions.h
[6.422s] -- Up-to-date symlink: /home/hrlsh/scrub_nurse_ws/install/gripper_interfaces/include/gripper_interfaces/gripper_interfaces/srv/detail/stop_motor__struct.h
[6.422s] -- Up-to-date symlink: /home/hrlsh/scrub_nurse_ws/install/gripper_interfaces/include/gripper_interfaces/gripper_interfaces/srv/detail/stop_motor__type_support.h
[6.422s] -- Up-to-date symlink: /home/hrlsh/scrub_nurse_ws/install/gripper_interfaces/include/gripper_interfaces/gripper_interfaces/srv/driver_enable.h
[6.422s] -- Up-to-date symlink: /home/hrlsh/scrub_nurse_ws/install/gripper_interfaces/include/gripper_interfaces/gripper_interfaces/srv/gripper_command.h
[6.422s] -- Up-to-date symlink: /home/hrlsh/scrub_nurse_ws/install/gripper_interfaces/include/gripper_interfaces/gripper_interfaces/srv/gripper_control.h
[6.422s] -- Up-to-date symlink: /home/hrlsh/scrub_nurse_ws/install/gripper_interfaces/include/gripper_interfaces/gripper_interfaces/srv/modbus.h
[6.422s] -- Up-to-date symlink: /home/hrlsh/scrub_nurse_ws/install/gripper_interfaces/include/gripper_interfaces/gripper_interfaces/srv/pos_vel_cur_ctrl.h
[6.422s] -- Up-to-date symlink: /home/hrlsh/scrub_nurse_ws/install/gripper_interfaces/include/gripper_interfaces/gripper_interfaces/srv/set_parameter.h
[6.422s] -- Up-to-date symlink: /home/hrlsh/scrub_nurse_ws/install/gripper_interfaces/include/gripper_interfaces/gripper_interfaces/srv/slave_change.h
[6.422s] -- Up-to-date symlink: /home/hrlsh/scrub_nurse_ws/install/gripper_interfaces/include/gripper_interfaces/gripper_interfaces/srv/stop_motor.h
[6.422s] -- Up-to-date symlink: /home/hrlsh/scrub_nurse_ws/install/gripper_interfaces/share/gripper_interfaces/environment/library_path.sh
[6.422s] -- Up-to-date symlink: /home/hrlsh/scrub_nurse_ws/install/gripper_interfaces/share/gripper_interfaces/environment/library_path.dsv
[6.423s] -- Up-to-date symlink: /home/hrlsh/scrub_nurse_ws/install/gripper_interfaces/include/gripper_interfaces/gripper_interfaces/action/detail/gripper__rosidl_typesupport_fastrtps_c.h
[6.423s] -- Up-to-date symlink: /home/hrlsh/scrub_nurse_ws/install/gripper_interfaces/include/gripper_interfaces/gripper_interfaces/msg/detail/gripper_msg__rosidl_typesupport_fastrtps_c.h
[6.423s] -- Up-to-date symlink: /home/hrlsh/scrub_nurse_ws/install/gripper_interfaces/include/gripper_interfaces/gripper_interfaces/msg/rosidl_typesupport_fastrtps_c__visibility_control.h
[6.423s] -- Up-to-date symlink: /home/hrlsh/scrub_nurse_ws/install/gripper_interfaces/include/gripper_interfaces/gripper_interfaces/srv/detail/arduino_control__rosidl_typesupport_fastrtps_c.h
[6.423s] -- Up-to-date symlink: /home/hrlsh/scrub_nurse_ws/install/gripper_interfaces/include/gripper_interfaces/gripper_interfaces/srv/detail/driver_enable__rosidl_typesupport_fastrtps_c.h
[6.423s] -- Up-to-date symlink: /home/hrlsh/scrub_nurse_ws/install/gripper_interfaces/include/gripper_interfaces/gripper_interfaces/srv/detail/gripper_command__rosidl_typesupport_fastrtps_c.h
[6.423s] -- Up-to-date symlink: /home/hrlsh/scrub_nurse_ws/install/gripper_interfaces/include/gripper_interfaces/gripper_interfaces/srv/detail/gripper_control__rosidl_typesupport_fastrtps_c.h
[6.423s] -- Up-to-date symlink: /home/hrlsh/scrub_nurse_ws/install/gripper_interfaces/include/gripper_interfaces/gripper_interfaces/srv/detail/modbus__rosidl_typesupport_fastrtps_c.h
[6.424s] -- Up-to-date symlink: /home/hrlsh/scrub_nurse_ws/install/gripper_interfaces/include/gripper_interfaces/gripper_interfaces/srv/detail/pos_vel_cur_ctrl__rosidl_typesupport_fastrtps_c.h
[6.424s] -- Up-to-date symlink: /home/hrlsh/scrub_nurse_ws/install/gripper_interfaces/include/gripper_interfaces/gripper_interfaces/srv/detail/set_parameter__rosidl_typesupport_fastrtps_c.h
[6.424s] -- Up-to-date symlink: /home/hrlsh/scrub_nurse_ws/install/gripper_interfaces/include/gripper_interfaces/gripper_interfaces/srv/detail/slave_change__rosidl_typesupport_fastrtps_c.h
[6.424s] -- Up-to-date symlink: /home/hrlsh/scrub_nurse_ws/install/gripper_interfaces/include/gripper_interfaces/gripper_interfaces/srv/detail/stop_motor__rosidl_typesupport_fastrtps_c.h
[6.424s] -- Up-to-date symlink: /home/hrlsh/scrub_nurse_ws/install/gripper_interfaces/include/gripper_interfaces/gripper_interfaces/action/detail/gripper__rosidl_typesupport_introspection_c.h
[6.424s] -- Up-to-date symlink: /home/hrlsh/scrub_nurse_ws/install/gripper_interfaces/include/gripper_interfaces/gripper_interfaces/msg/detail/gripper_msg__rosidl_typesupport_introspection_c.h
[6.424s] -- Up-to-date symlink: /home/hrlsh/scrub_nurse_ws/install/gripper_interfaces/include/gripper_interfaces/gripper_interfaces/msg/rosidl_typesupport_introspection_c__visibility_control.h
[6.424s] -- Up-to-date symlink: /home/hrlsh/scrub_nurse_ws/install/gripper_interfaces/include/gripper_interfaces/gripper_interfaces/srv/detail/arduino_control__rosidl_typesupport_introspection_c.h
[6.424s] -- Up-to-date symlink: /home/hrlsh/scrub_nurse_ws/install/gripper_interfaces/include/gripper_interfaces/gripper_interfaces/srv/detail/driver_enable__rosidl_typesupport_introspection_c.h
[6.424s] -- Up-to-date symlink: /home/hrlsh/scrub_nurse_ws/install/gripper_interfaces/include/gripper_interfaces/gripper_interfaces/srv/detail/gripper_command__rosidl_typesupport_introspection_c.h
[6.424s] -- Up-to-date symlink: /home/hrlsh/scrub_nurse_ws/install/gripper_interfaces/include/gripper_interfaces/gripper_interfaces/srv/detail/gripper_control__rosidl_typesupport_introspection_c.h
[6.425s] -- Up-to-date symlink: /home/hrlsh/scrub_nurse_ws/install/gripper_interfaces/include/gripper_interfaces/gripper_interfaces/srv/detail/modbus__rosidl_typesupport_introspection_c.h
[6.425s] -- Up-to-date symlink: /home/hrlsh/scrub_nurse_ws/install/gripper_interfaces/include/gripper_interfaces/gripper_interfaces/srv/detail/pos_vel_cur_ctrl__rosidl_typesupport_introspection_c.h
[6.425s] -- Up-to-date symlink: /home/hrlsh/scrub_nurse_ws/install/gripper_interfaces/include/gripper_interfaces/gripper_interfaces/srv/detail/set_parameter__rosidl_typesupport_introspection_c.h
[6.425s] -- Up-to-date symlink: /home/hrlsh/scrub_nurse_ws/install/gripper_interfaces/include/gripper_interfaces/gripper_interfaces/srv/detail/slave_change__rosidl_typesupport_introspection_c.h
[6.425s] -- Up-to-date symlink: /home/hrlsh/scrub_nurse_ws/install/gripper_interfaces/include/gripper_interfaces/gripper_interfaces/srv/detail/stop_motor__rosidl_typesupport_introspection_c.h
[6.425s] -- Up-to-date symlink: /home/hrlsh/scrub_nurse_ws/install/gripper_interfaces/include/gripper_interfaces/gripper_interfaces/action/detail/gripper__builder.hpp
[6.425s] -- Up-to-date symlink: /home/hrlsh/scrub_nurse_ws/install/gripper_interfaces/include/gripper_interfaces/gripper_interfaces/action/detail/gripper__struct.hpp
[6.426s] -- Up-to-date symlink: /home/hrlsh/scrub_nurse_ws/install/gripper_interfaces/include/gripper_interfaces/gripper_interfaces/action/detail/gripper__traits.hpp
[6.426s] -- Up-to-date symlink: /home/hrlsh/scrub_nurse_ws/install/gripper_interfaces/include/gripper_interfaces/gripper_interfaces/action/detail/gripper__type_support.hpp
[6.426s] -- Up-to-date symlink: /home/hrlsh/scrub_nurse_ws/install/gripper_interfaces/include/gripper_interfaces/gripper_interfaces/action/gripper.hpp
[6.426s] -- Up-to-date symlink: /home/hrlsh/scrub_nurse_ws/install/gripper_interfaces/include/gripper_interfaces/gripper_interfaces/msg/detail/gripper_msg__builder.hpp
[6.426s] -- Up-to-date symlink: /home/hrlsh/scrub_nurse_ws/install/gripper_interfaces/include/gripper_interfaces/gripper_interfaces/msg/detail/gripper_msg__struct.hpp
[6.426s] -- Up-to-date symlink: /home/hrlsh/scrub_nurse_ws/install/gripper_interfaces/include/gripper_interfaces/gripper_interfaces/msg/detail/gripper_msg__traits.hpp
[6.426s] -- Up-to-date symlink: /home/hrlsh/scrub_nurse_ws/install/gripper_interfaces/include/gripper_interfaces/gripper_interfaces/msg/detail/gripper_msg__type_support.hpp
[6.426s] -- Up-to-date symlink: /home/hrlsh/scrub_nurse_ws/install/gripper_interfaces/include/gripper_interfaces/gripper_interfaces/msg/gripper_msg.hpp
[6.426s] -- Up-to-date symlink: /home/hrlsh/scrub_nurse_ws/install/gripper_interfaces/include/gripper_interfaces/gripper_interfaces/msg/rosidl_generator_cpp__visibility_control.hpp
[6.426s] -- Up-to-date symlink: /home/hrlsh/scrub_nurse_ws/install/gripper_interfaces/include/gripper_interfaces/gripper_interfaces/srv/arduino_control.hpp
[6.426s] -- Up-to-date symlink: /home/hrlsh/scrub_nurse_ws/install/gripper_interfaces/include/gripper_interfaces/gripper_interfaces/srv/detail/arduino_control__builder.hpp
[6.426s] -- Up-to-date symlink: /home/hrlsh/scrub_nurse_ws/install/gripper_interfaces/include/gripper_interfaces/gripper_interfaces/srv/detail/arduino_control__struct.hpp
[6.427s] -- Up-to-date symlink: /home/hrlsh/scrub_nurse_ws/install/gripper_interfaces/include/gripper_interfaces/gripper_interfaces/srv/detail/arduino_control__traits.hpp
[6.427s] -- Up-to-date symlink: /home/hrlsh/scrub_nurse_ws/install/gripper_interfaces/include/gripper_interfaces/gripper_interfaces/srv/detail/arduino_control__type_support.hpp
[6.427s] -- Up-to-date symlink: /home/hrlsh/scrub_nurse_ws/install/gripper_interfaces/include/gripper_interfaces/gripper_interfaces/srv/detail/driver_enable__builder.hpp
[6.427s] -- Up-to-date symlink: /home/hrlsh/scrub_nurse_ws/install/gripper_interfaces/include/gripper_interfaces/gripper_interfaces/srv/detail/driver_enable__struct.hpp
[6.427s] -- Up-to-date symlink: /home/hrlsh/scrub_nurse_ws/install/gripper_interfaces/include/gripper_interfaces/gripper_interfaces/srv/detail/driver_enable__traits.hpp
[6.427s] -- Up-to-date symlink: /home/hrlsh/scrub_nurse_ws/install/gripper_interfaces/include/gripper_interfaces/gripper_interfaces/srv/detail/driver_enable__type_support.hpp
[6.427s] -- Up-to-date symlink: /home/hrlsh/scrub_nurse_ws/install/gripper_interfaces/include/gripper_interfaces/gripper_interfaces/srv/detail/gripper_command__builder.hpp
[6.427s] -- Up-to-date symlink: /home/hrlsh/scrub_nurse_ws/install/gripper_interfaces/include/gripper_interfaces/gripper_interfaces/srv/detail/gripper_command__struct.hpp
[6.427s] -- Up-to-date symlink: /home/hrlsh/scrub_nurse_ws/install/gripper_interfaces/include/gripper_interfaces/gripper_interfaces/srv/detail/gripper_command__traits.hpp
[6.427s] -- Up-to-date symlink: /home/hrlsh/scrub_nurse_ws/install/gripper_interfaces/include/gripper_interfaces/gripper_interfaces/srv/detail/gripper_command__type_support.hpp
[6.427s] -- Up-to-date symlink: /home/hrlsh/scrub_nurse_ws/install/gripper_interfaces/include/gripper_interfaces/gripper_interfaces/srv/detail/gripper_control__builder.hpp
[6.427s] -- Up-to-date symlink: /home/hrlsh/scrub_nurse_ws/install/gripper_interfaces/include/gripper_interfaces/gripper_interfaces/srv/detail/gripper_control__struct.hpp
[6.427s] -- Up-to-date symlink: /home/hrlsh/scrub_nurse_ws/install/gripper_interfaces/include/gripper_interfaces/gripper_interfaces/srv/detail/gripper_control__traits.hpp
[6.427s] -- Up-to-date symlink: /home/hrlsh/scrub_nurse_ws/install/gripper_interfaces/include/gripper_interfaces/gripper_interfaces/srv/detail/gripper_control__type_support.hpp
[6.427s] -- Up-to-date symlink: /home/hrlsh/scrub_nurse_ws/install/gripper_interfaces/include/gripper_interfaces/gripper_interfaces/srv/detail/modbus__builder.hpp
[6.427s] -- Up-to-date symlink: /home/hrlsh/scrub_nurse_ws/install/gripper_interfaces/include/gripper_interfaces/gripper_interfaces/srv/detail/modbus__struct.hpp
[6.427s] -- Up-to-date symlink: /home/hrlsh/scrub_nurse_ws/install/gripper_interfaces/include/gripper_interfaces/gripper_interfaces/srv/detail/modbus__traits.hpp
[6.427s] -- Up-to-date symlink: /home/hrlsh/scrub_nurse_ws/install/gripper_interfaces/include/gripper_interfaces/gripper_interfaces/srv/detail/modbus__type_support.hpp
[6.428s] -- Up-to-date symlink: /home/hrlsh/scrub_nurse_ws/install/gripper_interfaces/include/gripper_interfaces/gripper_interfaces/srv/detail/pos_vel_cur_ctrl__builder.hpp
[6.428s] -- Up-to-date symlink: /home/hrlsh/scrub_nurse_ws/install/gripper_interfaces/include/gripper_interfaces/gripper_interfaces/srv/detail/pos_vel_cur_ctrl__struct.hpp
[6.428s] -- Up-to-date symlink: /home/hrlsh/scrub_nurse_ws/install/gripper_interfaces/include/gripper_interfaces/gripper_interfaces/srv/detail/pos_vel_cur_ctrl__traits.hpp
[6.428s] -- Up-to-date symlink: /home/hrlsh/scrub_nurse_ws/install/gripper_interfaces/include/gripper_interfaces/gripper_interfaces/srv/detail/pos_vel_cur_ctrl__type_support.hpp
[6.428s] -- Up-to-date symlink: /home/hrlsh/scrub_nurse_ws/install/gripper_interfaces/include/gripper_interfaces/gripper_interfaces/srv/detail/set_parameter__builder.hpp
[6.428s] -- Up-to-date symlink: /home/hrlsh/scrub_nurse_ws/install/gripper_interfaces/include/gripper_interfaces/gripper_interfaces/srv/detail/set_parameter__struct.hpp
[6.428s] -- Up-to-date symlink: /home/hrlsh/scrub_nurse_ws/install/gripper_interfaces/include/gripper_interfaces/gripper_interfaces/srv/detail/set_parameter__traits.hpp
[6.428s] -- Up-to-date symlink: /home/hrlsh/scrub_nurse_ws/install/gripper_interfaces/include/gripper_interfaces/gripper_interfaces/srv/detail/set_parameter__type_support.hpp
[6.428s] -- Up-to-date symlink: /home/hrlsh/scrub_nurse_ws/install/gripper_interfaces/include/gripper_interfaces/gripper_interfaces/srv/detail/slave_change__builder.hpp
[6.428s] -- Up-to-date symlink: /home/hrlsh/scrub_nurse_ws/install/gripper_interfaces/include/gripper_interfaces/gripper_interfaces/srv/detail/slave_change__struct.hpp
[6.428s] -- Up-to-date symlink: /home/hrlsh/scrub_nurse_ws/install/gripper_interfaces/include/gripper_interfaces/gripper_interfaces/srv/detail/slave_change__traits.hpp
[6.428s] -- Up-to-date symlink: /home/hrlsh/scrub_nurse_ws/install/gripper_interfaces/include/gripper_interfaces/gripper_interfaces/srv/detail/slave_change__type_support.hpp
[6.428s] -- Up-to-date symlink: /home/hrlsh/scrub_nurse_ws/install/gripper_interfaces/include/gripper_interfaces/gripper_interfaces/srv/detail/stop_motor__builder.hpp
[6.428s] -- Up-to-date symlink: /home/hrlsh/scrub_nurse_ws/install/gripper_interfaces/include/gripper_interfaces/gripper_interfaces/srv/detail/stop_motor__struct.hpp
[6.429s] -- Up-to-date symlink: /home/hrlsh/scrub_nurse_ws/install/gripper_interfaces/include/gripper_interfaces/gripper_interfaces/srv/detail/stop_motor__traits.hpp
[6.429s] -- Up-to-date symlink: /home/hrlsh/scrub_nurse_ws/install/gripper_interfaces/include/gripper_interfaces/gripper_interfaces/srv/detail/stop_motor__type_support.hpp
[6.429s] -- Up-to-date symlink: /home/hrlsh/scrub_nurse_ws/install/gripper_interfaces/include/gripper_interfaces/gripper_interfaces/srv/driver_enable.hpp
[6.429s] -- Up-to-date symlink: /home/hrlsh/scrub_nurse_ws/install/gripper_interfaces/include/gripper_interfaces/gripper_interfaces/srv/gripper_command.hpp
[6.429s] -- Up-to-date symlink: /home/hrlsh/scrub_nurse_ws/install/gripper_interfaces/include/gripper_interfaces/gripper_interfaces/srv/gripper_control.hpp
[6.429s] -- Up-to-date symlink: /home/hrlsh/scrub_nurse_ws/install/gripper_interfaces/include/gripper_interfaces/gripper_interfaces/srv/modbus.hpp
[6.429s] -- Up-to-date symlink: /home/hrlsh/scrub_nurse_ws/install/gripper_interfaces/include/gripper_interfaces/gripper_interfaces/srv/pos_vel_cur_ctrl.hpp
[6.429s] -- Up-to-date symlink: /home/hrlsh/scrub_nurse_ws/install/gripper_interfaces/include/gripper_interfaces/gripper_interfaces/srv/set_parameter.hpp
[6.429s] -- Up-to-date symlink: /home/hrlsh/scrub_nurse_ws/install/gripper_interfaces/include/gripper_interfaces/gripper_interfaces/srv/slave_change.hpp
[6.429s] -- Up-to-date symlink: /home/hrlsh/scrub_nurse_ws/install/gripper_interfaces/include/gripper_interfaces/gripper_interfaces/srv/stop_motor.hpp
[6.430s] -- Up-to-date symlink: /home/hrlsh/scrub_nurse_ws/install/gripper_interfaces/include/gripper_interfaces/gripper_interfaces/action/detail/gripper__rosidl_typesupport_fastrtps_cpp.hpp
[6.430s] -- Up-to-date symlink: /home/hrlsh/scrub_nurse_ws/install/gripper_interfaces/include/gripper_interfaces/gripper_interfaces/msg/detail/gripper_msg__rosidl_typesupport_fastrtps_cpp.hpp
[6.430s] -- Up-to-date symlink: /home/hrlsh/scrub_nurse_ws/install/gripper_interfaces/include/gripper_interfaces/gripper_interfaces/msg/rosidl_typesupport_fastrtps_cpp__visibility_control.h
[6.430s] -- Up-to-date symlink: /home/hrlsh/scrub_nurse_ws/install/gripper_interfaces/include/gripper_interfaces/gripper_interfaces/srv/detail/arduino_control__rosidl_typesupport_fastrtps_cpp.hpp
[6.430s] -- Up-to-date symlink: /home/hrlsh/scrub_nurse_ws/install/gripper_interfaces/include/gripper_interfaces/gripper_interfaces/srv/detail/driver_enable__rosidl_typesupport_fastrtps_cpp.hpp
[6.430s] -- Up-to-date symlink: /home/hrlsh/scrub_nurse_ws/install/gripper_interfaces/include/gripper_interfaces/gripper_interfaces/srv/detail/gripper_command__rosidl_typesupport_fastrtps_cpp.hpp
[6.430s] -- Up-to-date symlink: /home/hrlsh/scrub_nurse_ws/install/gripper_interfaces/include/gripper_interfaces/gripper_interfaces/srv/detail/gripper_control__rosidl_typesupport_fastrtps_cpp.hpp
[6.430s] -- Up-to-date symlink: /home/hrlsh/scrub_nurse_ws/install/gripper_interfaces/include/gripper_interfaces/gripper_interfaces/srv/detail/modbus__rosidl_typesupport_fastrtps_cpp.hpp
[6.430s] -- Up-to-date symlink: /home/hrlsh/scrub_nurse_ws/install/gripper_interfaces/include/gripper_interfaces/gripper_interfaces/srv/detail/pos_vel_cur_ctrl__rosidl_typesupport_fastrtps_cpp.hpp
[6.430s] -- Up-to-date symlink: /home/hrlsh/scrub_nurse_ws/install/gripper_interfaces/include/gripper_interfaces/gripper_interfaces/srv/detail/set_parameter__rosidl_typesupport_fastrtps_cpp.hpp
[6.430s] -- Up-to-date symlink: /home/hrlsh/scrub_nurse_ws/install/gripper_interfaces/include/gripper_interfaces/gripper_interfaces/srv/detail/slave_change__rosidl_typesupport_fastrtps_cpp.hpp
[6.430s] -- Up-to-date symlink: /home/hrlsh/scrub_nurse_ws/install/gripper_interfaces/include/gripper_interfaces/gripper_interfaces/srv/detail/stop_motor__rosidl_typesupport_fastrtps_cpp.hpp
[6.431s] -- Up-to-date symlink: /home/hrlsh/scrub_nurse_ws/install/gripper_interfaces/include/gripper_interfaces/gripper_interfaces/action/detail/gripper__rosidl_typesupport_introspection_cpp.hpp
[6.431s] -- Up-to-date symlink: /home/hrlsh/scrub_nurse_ws/install/gripper_interfaces/include/gripper_interfaces/gripper_interfaces/msg/detail/gripper_msg__rosidl_typesupport_introspection_cpp.hpp
[6.431s] -- Up-to-date symlink: /home/hrlsh/scrub_nurse_ws/install/gripper_interfaces/include/gripper_interfaces/gripper_interfaces/srv/detail/arduino_control__rosidl_typesupport_introspection_cpp.hpp
[6.431s] -- Up-to-date symlink: /home/hrlsh/scrub_nurse_ws/install/gripper_interfaces/include/gripper_interfaces/gripper_interfaces/srv/detail/driver_enable__rosidl_typesupport_introspection_cpp.hpp
[6.431s] -- Up-to-date symlink: /home/hrlsh/scrub_nurse_ws/install/gripper_interfaces/include/gripper_interfaces/gripper_interfaces/srv/detail/gripper_command__rosidl_typesupport_introspection_cpp.hpp
[6.431s] -- Up-to-date symlink: /home/hrlsh/scrub_nurse_ws/install/gripper_interfaces/include/gripper_interfaces/gripper_interfaces/srv/detail/gripper_control__rosidl_typesupport_introspection_cpp.hpp
[6.431s] -- Up-to-date symlink: /home/hrlsh/scrub_nurse_ws/install/gripper_interfaces/include/gripper_interfaces/gripper_interfaces/srv/detail/modbus__rosidl_typesupport_introspection_cpp.hpp
[6.431s] -- Up-to-date symlink: /home/hrlsh/scrub_nurse_ws/install/gripper_interfaces/include/gripper_interfaces/gripper_interfaces/srv/detail/pos_vel_cur_ctrl__rosidl_typesupport_introspection_cpp.hpp
[6.431s] -- Up-to-date symlink: /home/hrlsh/scrub_nurse_ws/install/gripper_interfaces/include/gripper_interfaces/gripper_interfaces/srv/detail/set_parameter__rosidl_typesupport_introspection_cpp.hpp
[6.431s] -- Up-to-date symlink: /home/hrlsh/scrub_nurse_ws/install/gripper_interfaces/include/gripper_interfaces/gripper_interfaces/srv/detail/slave_change__rosidl_typesupport_introspection_cpp.hpp
[6.432s] -- Up-to-date symlink: /home/hrlsh/scrub_nurse_ws/install/gripper_interfaces/include/gripper_interfaces/gripper_interfaces/srv/detail/stop_motor__rosidl_typesupport_introspection_cpp.hpp
[6.432s] -- Up-to-date symlink: /home/hrlsh/scrub_nurse_ws/install/gripper_interfaces/share/gripper_interfaces/environment/pythonpath.sh
[6.432s] -- Up-to-date symlink: /home/hrlsh/scrub_nurse_ws/install/gripper_interfaces/share/gripper_interfaces/environment/pythonpath.dsv
[6.432s] -- Up-to-date symlink: /home/hrlsh/scrub_nurse_ws/install/gripper_interfaces/local/lib/python3.10/dist-packages/gripper_interfaces-0.1.0-py3.10.egg-info/PKG-INFO
[6.432s] -- Up-to-date symlink: /home/hrlsh/scrub_nurse_ws/install/gripper_interfaces/local/lib/python3.10/dist-packages/gripper_interfaces-0.1.0-py3.10.egg-info/SOURCES.txt
[6.432s] -- Up-to-date symlink: /home/hrlsh/scrub_nurse_ws/install/gripper_interfaces/local/lib/python3.10/dist-packages/gripper_interfaces-0.1.0-py3.10.egg-info/dependency_links.txt
[6.432s] -- Up-to-date symlink: /home/hrlsh/scrub_nurse_ws/install/gripper_interfaces/local/lib/python3.10/dist-packages/gripper_interfaces-0.1.0-py3.10.egg-info/top_level.txt
[6.433s] -- Up-to-date symlink: /home/hrlsh/scrub_nurse_ws/install/gripper_interfaces/local/lib/python3.10/dist-packages/gripper_interfaces/__init__.py
[6.433s] -- Up-to-date symlink: /home/hrlsh/scrub_nurse_ws/install/gripper_interfaces/local/lib/python3.10/dist-packages/gripper_interfaces/_gripper_interfaces_s.ep.rosidl_typesupport_c.c
[6.433s] -- Up-to-date symlink: /home/hrlsh/scrub_nurse_ws/install/gripper_interfaces/local/lib/python3.10/dist-packages/gripper_interfaces/_gripper_interfaces_s.ep.rosidl_typesupport_fastrtps_c.c
[6.433s] -- Up-to-date symlink: /home/hrlsh/scrub_nurse_ws/install/gripper_interfaces/local/lib/python3.10/dist-packages/gripper_interfaces/_gripper_interfaces_s.ep.rosidl_typesupport_introspection_c.c
[6.433s] -- Up-to-date symlink: /home/hrlsh/scrub_nurse_ws/install/gripper_interfaces/local/lib/python3.10/dist-packages/gripper_interfaces/action/__init__.py
[6.433s] -- Up-to-date symlink: /home/hrlsh/scrub_nurse_ws/install/gripper_interfaces/local/lib/python3.10/dist-packages/gripper_interfaces/action/_gripper.py
[6.433s] -- Up-to-date symlink: /home/hrlsh/scrub_nurse_ws/install/gripper_interfaces/local/lib/python3.10/dist-packages/gripper_interfaces/action/_gripper_s.c
[6.433s] -- Up-to-date symlink: /home/hrlsh/scrub_nurse_ws/install/gripper_interfaces/local/lib/python3.10/dist-packages/gripper_interfaces/gripper_interfaces_s__rosidl_typesupport_c.cpython-310-x86_64-linux-gnu.so
[6.433s] -- Up-to-date symlink: /home/hrlsh/scrub_nurse_ws/install/gripper_interfaces/local/lib/python3.10/dist-packages/gripper_interfaces/gripper_interfaces_s__rosidl_typesupport_fastrtps_c.cpython-310-x86_64-linux-gnu.so
[6.433s] -- Up-to-date symlink: /home/hrlsh/scrub_nurse_ws/install/gripper_interfaces/local/lib/python3.10/dist-packages/gripper_interfaces/gripper_interfaces_s__rosidl_typesupport_introspection_c.cpython-310-x86_64-linux-gnu.so
[6.433s] -- Up-to-date symlink: /home/hrlsh/scrub_nurse_ws/install/gripper_interfaces/local/lib/python3.10/dist-packages/gripper_interfaces/libgripper_interfaces__rosidl_generator_py.so
[6.433s] -- Up-to-date symlink: /home/hrlsh/scrub_nurse_ws/install/gripper_interfaces/local/lib/python3.10/dist-packages/gripper_interfaces/msg/__init__.py
[6.434s] -- Up-to-date symlink: /home/hrlsh/scrub_nurse_ws/install/gripper_interfaces/local/lib/python3.10/dist-packages/gripper_interfaces/msg/_gripper_msg.py
[6.434s] -- Up-to-date symlink: /home/hrlsh/scrub_nurse_ws/install/gripper_interfaces/local/lib/python3.10/dist-packages/gripper_interfaces/msg/_gripper_msg_s.c
[6.434s] -- Up-to-date symlink: /home/hrlsh/scrub_nurse_ws/install/gripper_interfaces/local/lib/python3.10/dist-packages/gripper_interfaces/srv/__init__.py
[6.434s] -- Up-to-date symlink: /home/hrlsh/scrub_nurse_ws/install/gripper_interfaces/local/lib/python3.10/dist-packages/gripper_interfaces/srv/_arduino_control.py
[6.434s] -- Up-to-date symlink: /home/hrlsh/scrub_nurse_ws/install/gripper_interfaces/local/lib/python3.10/dist-packages/gripper_interfaces/srv/_arduino_control_s.c
[6.434s] -- Up-to-date symlink: /home/hrlsh/scrub_nurse_ws/install/gripper_interfaces/local/lib/python3.10/dist-packages/gripper_interfaces/srv/_driver_enable.py
[6.434s] -- Up-to-date symlink: /home/hrlsh/scrub_nurse_ws/install/gripper_interfaces/local/lib/python3.10/dist-packages/gripper_interfaces/srv/_driver_enable_s.c
[6.434s] -- Up-to-date symlink: /home/hrlsh/scrub_nurse_ws/install/gripper_interfaces/local/lib/python3.10/dist-packages/gripper_interfaces/srv/_gripper_command.py
[6.434s] -- Up-to-date symlink: /home/hrlsh/scrub_nurse_ws/install/gripper_interfaces/local/lib/python3.10/dist-packages/gripper_interfaces/srv/_gripper_command_s.c
[6.434s] -- Up-to-date symlink: /home/hrlsh/scrub_nurse_ws/install/gripper_interfaces/local/lib/python3.10/dist-packages/gripper_interfaces/srv/_gripper_control.py
[6.434s] -- Up-to-date symlink: /home/hrlsh/scrub_nurse_ws/install/gripper_interfaces/local/lib/python3.10/dist-packages/gripper_interfaces/srv/_gripper_control_s.c
[6.434s] -- Up-to-date symlink: /home/hrlsh/scrub_nurse_ws/install/gripper_interfaces/local/lib/python3.10/dist-packages/gripper_interfaces/srv/_modbus.py
[6.434s] -- Up-to-date symlink: /home/hrlsh/scrub_nurse_ws/install/gripper_interfaces/local/lib/python3.10/dist-packages/gripper_interfaces/srv/_modbus_s.c
[6.434s] -- Up-to-date symlink: /home/hrlsh/scrub_nurse_ws/install/gripper_interfaces/local/lib/python3.10/dist-packages/gripper_interfaces/srv/_pos_vel_cur_ctrl.py
[6.435s] -- Up-to-date symlink: /home/hrlsh/scrub_nurse_ws/install/gripper_interfaces/local/lib/python3.10/dist-packages/gripper_interfaces/srv/_pos_vel_cur_ctrl_s.c
[6.435s] -- Up-to-date symlink: /home/hrlsh/scrub_nurse_ws/install/gripper_interfaces/local/lib/python3.10/dist-packages/gripper_interfaces/srv/_set_parameter.py
[6.435s] -- Up-to-date symlink: /home/hrlsh/scrub_nurse_ws/install/gripper_interfaces/local/lib/python3.10/dist-packages/gripper_interfaces/srv/_set_parameter_s.c
[6.435s] -- Up-to-date symlink: /home/hrlsh/scrub_nurse_ws/install/gripper_interfaces/local/lib/python3.10/dist-packages/gripper_interfaces/srv/_slave_change.py
[6.435s] -- Up-to-date symlink: /home/hrlsh/scrub_nurse_ws/install/gripper_interfaces/local/lib/python3.10/dist-packages/gripper_interfaces/srv/_slave_change_s.c
[6.435s] -- Up-to-date symlink: /home/hrlsh/scrub_nurse_ws/install/gripper_interfaces/local/lib/python3.10/dist-packages/gripper_interfaces/srv/_stop_motor.py
[6.435s] -- Up-to-date symlink: /home/hrlsh/scrub_nurse_ws/install/gripper_interfaces/local/lib/python3.10/dist-packages/gripper_interfaces/srv/_stop_motor_s.c
[6.435s] -- Up-to-date symlink: /home/hrlsh/scrub_nurse_ws/install/gripper_interfaces/local/lib/python3.10/dist-packages/gripper_interfaces/gripper_interfaces_s__rosidl_typesupport_fastrtps_c.cpython-310-x86_64-linux-gnu.so
[6.435s] -- Up-to-date symlink: /home/hrlsh/scrub_nurse_ws/install/gripper_interfaces/local/lib/python3.10/dist-packages/gripper_interfaces/gripper_interfaces_s__rosidl_typesupport_introspection_c.cpython-310-x86_64-linux-gnu.so
[6.435s] -- Up-to-date symlink: /home/hrlsh/scrub_nurse_ws/install/gripper_interfaces/local/lib/python3.10/dist-packages/gripper_interfaces/gripper_interfaces_s__rosidl_typesupport_c.cpython-310-x86_64-linux-gnu.so
[6.436s] -- Up-to-date symlink: /home/hrlsh/scrub_nurse_ws/install/gripper_interfaces/share/ament_index/resource_index/rust_packages/gripper_interfaces
[6.436s] -- Up-to-date symlink: /home/hrlsh/scrub_nurse_ws/install/gripper_interfaces/share/gripper_interfaces/rust/Cargo.toml
[6.436s] -- Up-to-date symlink: /home/hrlsh/scrub_nurse_ws/install/gripper_interfaces/share/gripper_interfaces/rust/build.rs
[6.436s] -- Up-to-date symlink: /home/hrlsh/scrub_nurse_ws/install/gripper_interfaces/share/gripper_interfaces/rust/src/action.rs
[6.436s] -- Up-to-date symlink: /home/hrlsh/scrub_nurse_ws/install/gripper_interfaces/share/gripper_interfaces/rust/src/action/rmw.rs
[6.436s] -- Up-to-date symlink: /home/hrlsh/scrub_nurse_ws/install/gripper_interfaces/share/gripper_interfaces/rust/src/lib.rs
[6.436s] -- Up-to-date symlink: /home/hrlsh/scrub_nurse_ws/install/gripper_interfaces/share/gripper_interfaces/rust/src/msg.rs
[6.436s] -- Up-to-date symlink: /home/hrlsh/scrub_nurse_ws/install/gripper_interfaces/share/gripper_interfaces/rust/src/msg/rmw.rs
[6.436s] -- Up-to-date symlink: /home/hrlsh/scrub_nurse_ws/install/gripper_interfaces/share/gripper_interfaces/rust/src/srv.rs
[6.436s] -- Up-to-date symlink: /home/hrlsh/scrub_nurse_ws/install/gripper_interfaces/share/gripper_interfaces/rust/src/srv/rmw.rs
[6.437s] -- Up-to-date symlink: /home/hrlsh/scrub_nurse_ws/install/gripper_interfaces/share/gripper_interfaces/msg/GripperMsg.idl
[6.437s] -- Up-to-date symlink: /home/hrlsh/scrub_nurse_ws/install/gripper_interfaces/share/gripper_interfaces/srv/SlaveChange.idl
[6.437s] -- Up-to-date symlink: /home/hrlsh/scrub_nurse_ws/install/gripper_interfaces/share/gripper_interfaces/srv/PosVelCurCtrl.idl
[6.437s] -- Up-to-date symlink: /home/hrlsh/scrub_nurse_ws/install/gripper_interfaces/share/gripper_interfaces/srv/DriverEnable.idl
[6.437s] -- Up-to-date symlink: /home/hrlsh/scrub_nurse_ws/install/gripper_interfaces/share/gripper_interfaces/srv/SetParameter.idl
[6.437s] -- Up-to-date symlink: /home/hrlsh/scrub_nurse_ws/install/gripper_interfaces/share/gripper_interfaces/srv/GripperControl.idl
[6.437s] -- Up-to-date symlink: /home/hrlsh/scrub_nurse_ws/install/gripper_interfaces/share/gripper_interfaces/srv/ArduinoControl.idl
[6.437s] -- Up-to-date symlink: /home/hrlsh/scrub_nurse_ws/install/gripper_interfaces/share/gripper_interfaces/srv/Modbus.idl
[6.437s] -- Up-to-date symlink: /home/hrlsh/scrub_nurse_ws/install/gripper_interfaces/share/gripper_interfaces/srv/GripperCommand.idl
[6.438s] -- Up-to-date symlink: /home/hrlsh/scrub_nurse_ws/install/gripper_interfaces/share/gripper_interfaces/srv/StopMotor.idl
[6.438s] -- Up-to-date symlink: /home/hrlsh/scrub_nurse_ws/install/gripper_interfaces/share/gripper_interfaces/action/Gripper.idl
[6.438s] -- Up-to-date symlink: /home/hrlsh/scrub_nurse_ws/install/gripper_interfaces/share/gripper_interfaces/msg/GripperMsg.msg
[6.438s] -- Up-to-date symlink: /home/hrlsh/scrub_nurse_ws/install/gripper_interfaces/share/gripper_interfaces/srv/SlaveChange.srv
[6.438s] -- Up-to-date symlink: /home/hrlsh/scrub_nurse_ws/install/gripper_interfaces/share/gripper_interfaces/srv/SlaveChange_Request.msg
[6.438s] -- Up-to-date symlink: /home/hrlsh/scrub_nurse_ws/install/gripper_interfaces/share/gripper_interfaces/srv/SlaveChange_Response.msg
[6.438s] -- Up-to-date symlink: /home/hrlsh/scrub_nurse_ws/install/gripper_interfaces/share/gripper_interfaces/srv/PosVelCurCtrl.srv
[6.438s] -- Up-to-date symlink: /home/hrlsh/scrub_nurse_ws/install/gripper_interfaces/share/gripper_interfaces/srv/PosVelCurCtrl_Request.msg
[6.438s] -- Up-to-date symlink: /home/hrlsh/scrub_nurse_ws/install/gripper_interfaces/share/gripper_interfaces/srv/PosVelCurCtrl_Response.msg
[6.439s] -- Up-to-date symlink: /home/hrlsh/scrub_nurse_ws/install/gripper_interfaces/share/gripper_interfaces/srv/DriverEnable.srv
[6.439s] -- Up-to-date symlink: /home/hrlsh/scrub_nurse_ws/install/gripper_interfaces/share/gripper_interfaces/srv/DriverEnable_Request.msg
[6.439s] -- Up-to-date symlink: /home/hrlsh/scrub_nurse_ws/install/gripper_interfaces/share/gripper_interfaces/srv/DriverEnable_Response.msg
[6.439s] -- Up-to-date symlink: /home/hrlsh/scrub_nurse_ws/install/gripper_interfaces/share/gripper_interfaces/srv/SetParameter.srv
[6.439s] -- Up-to-date symlink: /home/hrlsh/scrub_nurse_ws/install/gripper_interfaces/share/gripper_interfaces/srv/SetParameter_Request.msg
[6.439s] -- Up-to-date symlink: /home/hrlsh/scrub_nurse_ws/install/gripper_interfaces/share/gripper_interfaces/srv/SetParameter_Response.msg
[6.439s] -- Up-to-date symlink: /home/hrlsh/scrub_nurse_ws/install/gripper_interfaces/share/gripper_interfaces/srv/GripperControl.srv
[6.439s] -- Up-to-date symlink: /home/hrlsh/scrub_nurse_ws/install/gripper_interfaces/share/gripper_interfaces/srv/GripperControl_Request.msg
[6.439s] -- Up-to-date symlink: /home/hrlsh/scrub_nurse_ws/install/gripper_interfaces/share/gripper_interfaces/srv/GripperControl_Response.msg
[6.439s] -- Up-to-date symlink: /home/hrlsh/scrub_nurse_ws/install/gripper_interfaces/share/gripper_interfaces/srv/ArduinoControl.srv
[6.440s] -- Up-to-date symlink: /home/hrlsh/scrub_nurse_ws/install/gripper_interfaces/share/gripper_interfaces/srv/ArduinoControl_Request.msg
[6.440s] -- Up-to-date symlink: /home/hrlsh/scrub_nurse_ws/install/gripper_interfaces/share/gripper_interfaces/srv/ArduinoControl_Response.msg
[6.440s] -- Up-to-date symlink: /home/hrlsh/scrub_nurse_ws/install/gripper_interfaces/share/gripper_interfaces/srv/Modbus.srv
[6.440s] -- Up-to-date symlink: /home/hrlsh/scrub_nurse_ws/install/gripper_interfaces/share/gripper_interfaces/srv/Modbus_Request.msg
[6.440s] -- Up-to-date symlink: /home/hrlsh/scrub_nurse_ws/install/gripper_interfaces/share/gripper_interfaces/srv/Modbus_Response.msg
[6.440s] -- Up-to-date symlink: /home/hrlsh/scrub_nurse_ws/install/gripper_interfaces/share/gripper_interfaces/srv/GripperCommand.srv
[6.440s] -- Up-to-date symlink: /home/hrlsh/scrub_nurse_ws/install/gripper_interfaces/share/gripper_interfaces/srv/GripperCommand_Request.msg
[6.440s] -- Up-to-date symlink: /home/hrlsh/scrub_nurse_ws/install/gripper_interfaces/share/gripper_interfaces/srv/GripperCommand_Response.msg
[6.440s] -- Up-to-date symlink: /home/hrlsh/scrub_nurse_ws/install/gripper_interfaces/share/gripper_interfaces/srv/StopMotor.srv
[6.441s] -- Up-to-date symlink: /home/hrlsh/scrub_nurse_ws/install/gripper_interfaces/share/gripper_interfaces/srv/StopMotor_Request.msg
[6.441s] -- Up-to-date symlink: /home/hrlsh/scrub_nurse_ws/install/gripper_interfaces/share/gripper_interfaces/srv/StopMotor_Response.msg
[6.441s] -- Up-to-date symlink: /home/hrlsh/scrub_nurse_ws/install/gripper_interfaces/share/gripper_interfaces/action/Gripper.action
[6.441s] -- Up-to-date symlink: /home/hrlsh/scrub_nurse_ws/install/gripper_interfaces/share/ament_index/resource_index/package_run_dependencies/gripper_interfaces
[6.441s] -- Up-to-date symlink: /home/hrlsh/scrub_nurse_ws/install/gripper_interfaces/share/ament_index/resource_index/parent_prefix_path/gripper_interfaces
[6.441s] -- Up-to-date symlink: /home/hrlsh/scrub_nurse_ws/install/gripper_interfaces/share/gripper_interfaces/environment/ament_prefix_path.sh
[6.441s] -- Up-to-date symlink: /home/hrlsh/scrub_nurse_ws/install/gripper_interfaces/share/gripper_interfaces/environment/ament_prefix_path.dsv
[6.441s] -- Up-to-date symlink: /home/hrlsh/scrub_nurse_ws/install/gripper_interfaces/share/gripper_interfaces/environment/path.sh
[6.441s] -- Up-to-date symlink: /home/hrlsh/scrub_nurse_ws/install/gripper_interfaces/share/gripper_interfaces/environment/path.dsv
[6.441s] -- Up-to-date symlink: /home/hrlsh/scrub_nurse_ws/install/gripper_interfaces/share/gripper_interfaces/local_setup.bash
[6.442s] -- Up-to-date symlink: /home/hrlsh/scrub_nurse_ws/install/gripper_interfaces/share/gripper_interfaces/local_setup.sh
[6.442s] -- Up-to-date symlink: /home/hrlsh/scrub_nurse_ws/install/gripper_interfaces/share/gripper_interfaces/local_setup.zsh
[6.442s] -- Up-to-date symlink: /home/hrlsh/scrub_nurse_ws/install/gripper_interfaces/share/gripper_interfaces/local_setup.dsv
[6.442s] -- Symlinking: /home/hrlsh/scrub_nurse_ws/install/gripper_interfaces/share/gripper_interfaces/package.dsv
[6.448s] -- Up-to-date symlink: /home/hrlsh/scrub_nurse_ws/install/gripper_interfaces/share/ament_index/resource_index/packages/gripper_interfaces
[6.448s] -- Up-to-date symlink: /home/hrlsh/scrub_nurse_ws/install/gripper_interfaces/share/gripper_interfaces/cmake/rosidl_cmake-extras.cmake
[6.448s] -- Up-to-date symlink: /home/hrlsh/scrub_nurse_ws/install/gripper_interfaces/share/gripper_interfaces/cmake/ament_cmake_export_dependencies-extras.cmake
[6.448s] -- Up-to-date symlink: /home/hrlsh/scrub_nurse_ws/install/gripper_interfaces/share/gripper_interfaces/cmake/ament_cmake_export_include_directories-extras.cmake
[6.448s] -- Up-to-date symlink: /home/hrlsh/scrub_nurse_ws/install/gripper_interfaces/share/gripper_interfaces/cmake/ament_cmake_export_libraries-extras.cmake
[6.448s] -- Up-to-date symlink: /home/hrlsh/scrub_nurse_ws/install/gripper_interfaces/share/gripper_interfaces/cmake/ament_cmake_export_targets-extras.cmake
[6.448s] -- Up-to-date symlink: /home/hrlsh/scrub_nurse_ws/install/gripper_interfaces/share/gripper_interfaces/cmake/rosidl_cmake_export_typesupport_targets-extras.cmake
[6.448s] -- Up-to-date symlink: /home/hrlsh/scrub_nurse_ws/install/gripper_interfaces/share/gripper_interfaces/cmake/rosidl_cmake_export_typesupport_libraries-extras.cmake
[6.449s] -- Up-to-date symlink: /home/hrlsh/scrub_nurse_ws/install/gripper_interfaces/share/gripper_interfaces/cmake/gripper_interfacesConfig.cmake
[6.449s] -- Up-to-date symlink: /home/hrlsh/scrub_nurse_ws/install/gripper_interfaces/share/gripper_interfaces/cmake/gripper_interfacesConfig-version.cmake
[6.449s] -- Up-to-date symlink: /home/hrlsh/scrub_nurse_ws/install/gripper_interfaces/share/gripper_interfaces/package.xml
[6.449s] -- Installing: /home/hrlsh/scrub_nurse_ws/install/gripper_interfaces/lib/libgripper_interfaces__rosidl_generator_c.so
[6.450s] -- Set runtime path of "/home/hrlsh/scrub_nurse_ws/install/gripper_interfaces/lib/libgripper_interfaces__rosidl_generator_c.so" to ""
[6.450s] -- Installing: /home/hrlsh/scrub_nurse_ws/install/gripper_interfaces/lib/libgripper_interfaces__rosidl_typesupport_fastrtps_c.so
[6.450s] -- Set runtime path of "/home/hrlsh/scrub_nurse_ws/install/gripper_interfaces/lib/libgripper_interfaces__rosidl_typesupport_fastrtps_c.so" to ""
[6.450s] -- Installing: /home/hrlsh/scrub_nurse_ws/install/gripper_interfaces/lib/libgripper_interfaces__rosidl_typesupport_introspection_c.so
[6.450s] -- Set runtime path of "/home/hrlsh/scrub_nurse_ws/install/gripper_interfaces/lib/libgripper_interfaces__rosidl_typesupport_introspection_c.so" to ""
[6.451s] -- Installing: /home/hrlsh/scrub_nurse_ws/install/gripper_interfaces/lib/libgripper_interfaces__rosidl_typesupport_c.so
[6.451s] -- Set runtime path of "/home/hrlsh/scrub_nurse_ws/install/gripper_interfaces/lib/libgripper_interfaces__rosidl_typesupport_c.so" to ""
[6.451s] -- Installing: /home/hrlsh/scrub_nurse_ws/install/gripper_interfaces/lib/libgripper_interfaces__rosidl_typesupport_fastrtps_cpp.so
[6.451s] -- Set runtime path of "/home/hrlsh/scrub_nurse_ws/install/gripper_interfaces/lib/libgripper_interfaces__rosidl_typesupport_fastrtps_cpp.so" to ""
[6.451s] -- Installing: /home/hrlsh/scrub_nurse_ws/install/gripper_interfaces/lib/libgripper_interfaces__rosidl_typesupport_introspection_cpp.so
[6.452s] -- Set runtime path of "/home/hrlsh/scrub_nurse_ws/install/gripper_interfaces/lib/libgripper_interfaces__rosidl_typesupport_introspection_cpp.so" to ""
[6.452s] -- Installing: /home/hrlsh/scrub_nurse_ws/install/gripper_interfaces/lib/libgripper_interfaces__rosidl_typesupport_cpp.so
[6.452s] -- Set runtime path of "/home/hrlsh/scrub_nurse_ws/install/gripper_interfaces/lib/libgripper_interfaces__rosidl_typesupport_cpp.so" to ""
[6.491s] Listing '/home/hrlsh/scrub_nurse_ws/install/gripper_interfaces/local/lib/python3.10/dist-packages/gripper_interfaces'...
[6.491s] Compiling '/home/hrlsh/scrub_nurse_ws/install/gripper_interfaces/local/lib/python3.10/dist-packages/gripper_interfaces/__init__.py'...
[6.492s] Listing '/home/hrlsh/scrub_nurse_ws/install/gripper_interfaces/local/lib/python3.10/dist-packages/gripper_interfaces/action'...
[6.492s] Listing '/home/hrlsh/scrub_nurse_ws/install/gripper_interfaces/local/lib/python3.10/dist-packages/gripper_interfaces/msg'...
[6.492s] Listing '/home/hrlsh/scrub_nurse_ws/install/gripper_interfaces/local/lib/python3.10/dist-packages/gripper_interfaces/srv'...
[6.498s] -- Installing: /home/hrlsh/scrub_nurse_ws/install/gripper_interfaces/lib/libgripper_interfaces__rosidl_generator_py.so
[6.498s] -- Set runtime path of "/home/hrlsh/scrub_nurse_ws/install/gripper_interfaces/lib/libgripper_interfaces__rosidl_generator_py.so" to ""
[6.498s] -- Old export file "/home/hrlsh/scrub_nurse_ws/install/gripper_interfaces/share/gripper_interfaces/cmake/export_gripper_interfaces__rosidl_generator_cExport.cmake" will be replaced.  Removing files [/home/hrlsh/scrub_nurse_ws/install/gripper_interfaces/share/gripper_interfaces/cmake/export_gripper_interfaces__rosidl_generator_cExport-noconfig.cmake].
[6.499s] -- Installing: /home/hrlsh/scrub_nurse_ws/install/gripper_interfaces/share/gripper_interfaces/cmake/export_gripper_interfaces__rosidl_generator_cExport.cmake
[6.499s] -- Installing: /home/hrlsh/scrub_nurse_ws/install/gripper_interfaces/share/gripper_interfaces/cmake/export_gripper_interfaces__rosidl_generator_cExport-noconfig.cmake
[6.499s] -- Old export file "/home/hrlsh/scrub_nurse_ws/install/gripper_interfaces/share/gripper_interfaces/cmake/export_gripper_interfaces__rosidl_typesupport_fastrtps_cExport.cmake" will be replaced.  Removing files [/home/hrlsh/scrub_nurse_ws/install/gripper_interfaces/share/gripper_interfaces/cmake/export_gripper_interfaces__rosidl_typesupport_fastrtps_cExport-noconfig.cmake].
[6.499s] -- Installing: /home/hrlsh/scrub_nurse_ws/install/gripper_interfaces/share/gripper_interfaces/cmake/export_gripper_interfaces__rosidl_typesupport_fastrtps_cExport.cmake
[6.499s] -- Installing: /home/hrlsh/scrub_nurse_ws/install/gripper_interfaces/share/gripper_interfaces/cmake/export_gripper_interfaces__rosidl_typesupport_fastrtps_cExport-noconfig.cmake
[6.500s] -- Old export file "/home/hrlsh/scrub_nurse_ws/install/gripper_interfaces/share/gripper_interfaces/cmake/gripper_interfaces__rosidl_typesupport_introspection_cExport.cmake" will be replaced.  Removing files [/home/hrlsh/scrub_nurse_ws/install/gripper_interfaces/share/gripper_interfaces/cmake/gripper_interfaces__rosidl_typesupport_introspection_cExport-noconfig.cmake].
[6.500s] -- Installing: /home/hrlsh/scrub_nurse_ws/install/gripper_interfaces/share/gripper_interfaces/cmake/gripper_interfaces__rosidl_typesupport_introspection_cExport.cmake
[6.500s] -- Installing: /home/hrlsh/scrub_nurse_ws/install/gripper_interfaces/share/gripper_interfaces/cmake/gripper_interfaces__rosidl_typesupport_introspection_cExport-noconfig.cmake
[6.500s] -- Old export file "/home/hrlsh/scrub_nurse_ws/install/gripper_interfaces/share/gripper_interfaces/cmake/gripper_interfaces__rosidl_typesupport_cExport.cmake" will be replaced.  Removing files [/home/hrlsh/scrub_nurse_ws/install/gripper_interfaces/share/gripper_interfaces/cmake/gripper_interfaces__rosidl_typesupport_cExport-noconfig.cmake].
[6.500s] -- Installing: /home/hrlsh/scrub_nurse_ws/install/gripper_interfaces/share/gripper_interfaces/cmake/gripper_interfaces__rosidl_typesupport_cExport.cmake
[6.500s] -- Installing: /home/hrlsh/scrub_nurse_ws/install/gripper_interfaces/share/gripper_interfaces/cmake/gripper_interfaces__rosidl_typesupport_cExport-noconfig.cmake
[6.501s] -- Installing: /home/hrlsh/scrub_nurse_ws/install/gripper_interfaces/share/gripper_interfaces/cmake/export_gripper_interfaces__rosidl_generator_cppExport.cmake
[6.501s] -- Old export file "/home/hrlsh/scrub_nurse_ws/install/gripper_interfaces/share/gripper_interfaces/cmake/export_gripper_interfaces__rosidl_typesupport_fastrtps_cppExport.cmake" will be replaced.  Removing files [/home/hrlsh/scrub_nurse_ws/install/gripper_interfaces/share/gripper_interfaces/cmake/export_gripper_interfaces__rosidl_typesupport_fastrtps_cppExport-noconfig.cmake].
[6.501s] -- Installing: /home/hrlsh/scrub_nurse_ws/install/gripper_interfaces/share/gripper_interfaces/cmake/export_gripper_interfaces__rosidl_typesupport_fastrtps_cppExport.cmake
[6.501s] -- Installing: /home/hrlsh/scrub_nurse_ws/install/gripper_interfaces/share/gripper_interfaces/cmake/export_gripper_interfaces__rosidl_typesupport_fastrtps_cppExport-noconfig.cmake
[6.501s] -- Old export file "/home/hrlsh/scrub_nurse_ws/install/gripper_interfaces/share/gripper_interfaces/cmake/gripper_interfaces__rosidl_typesupport_introspection_cppExport.cmake" will be replaced.  Removing files [/home/hrlsh/scrub_nurse_ws/install/gripper_interfaces/share/gripper_interfaces/cmake/gripper_interfaces__rosidl_typesupport_introspection_cppExport-noconfig.cmake].
[6.502s] -- Installing: /home/hrlsh/scrub_nurse_ws/install/gripper_interfaces/share/gripper_interfaces/cmake/gripper_interfaces__rosidl_typesupport_introspection_cppExport.cmake
[6.502s] -- Installing: /home/hrlsh/scrub_nurse_ws/install/gripper_interfaces/share/gripper_interfaces/cmake/gripper_interfaces__rosidl_typesupport_introspection_cppExport-noconfig.cmake
[6.502s] -- Old export file "/home/hrlsh/scrub_nurse_ws/install/gripper_interfaces/share/gripper_interfaces/cmake/gripper_interfaces__rosidl_typesupport_cppExport.cmake" will be replaced.  Removing files [/home/hrlsh/scrub_nurse_ws/install/gripper_interfaces/share/gripper_interfaces/cmake/gripper_interfaces__rosidl_typesupport_cppExport-noconfig.cmake].
[6.502s] -- Installing: /home/hrlsh/scrub_nurse_ws/install/gripper_interfaces/share/gripper_interfaces/cmake/gripper_interfaces__rosidl_typesupport_cppExport.cmake
[6.502s] -- Installing: /home/hrlsh/scrub_nurse_ws/install/gripper_interfaces/share/gripper_interfaces/cmake/gripper_interfaces__rosidl_typesupport_cppExport-noconfig.cmake
[6.502s] -- Old export file "/home/hrlsh/scrub_nurse_ws/install/gripper_interfaces/share/gripper_interfaces/cmake/export_gripper_interfaces__rosidl_generator_pyExport.cmake" will be replaced.  Removing files [/home/hrlsh/scrub_nurse_ws/install/gripper_interfaces/share/gripper_interfaces/cmake/export_gripper_interfaces__rosidl_generator_pyExport-noconfig.cmake].
[6.503s] -- Installing: /home/hrlsh/scrub_nurse_ws/install/gripper_interfaces/share/gripper_interfaces/cmake/export_gripper_interfaces__rosidl_generator_pyExport.cmake
[6.503s] -- Installing: /home/hrlsh/scrub_nurse_ws/install/gripper_interfaces/share/gripper_interfaces/cmake/export_gripper_interfaces__rosidl_generator_pyExport-noconfig.cmake
[6.506s] Invoked command in '/home/hrlsh/scrub_nurse_ws/build/gripper_interfaces' returned '0': CMAKE_PREFIX_PATH=${CMAKE_PREFIX_PATH}:/home/hrlsh/scrub_nurse_ws/install/nurse_control:/home/hrlsh/scrub_nurse_ws/install/nurse_planning:/home/hrlsh/scrub_nurse_ws/install/nurse_perception:/opt/ros/humble /usr/bin/cmake --install /home/hrlsh/scrub_nurse_ws/build/gripper_interfaces
