[1.131s] Invoking command in '/home/hrlsh/scrub_nurse_ws/build/nurse_planning': CMAKE_PREFIX_PATH=/home/hrlsh/scrub_nurse_ws/install/nurse_interfaces:/home/hrlsh/scrub_nurse_ws/install/nurse_bringup:/home/hrlsh/scrub_nurse_ws/install/ur_robot_manager:/home/hrlsh/scrub_nurse_ws/install/ur_robot_manager_interfaces:/home/hrlsh/scrub_nurse_ws/install/gripper_test:/home/hrlsh/scrub_nurse_ws/install/gripper_interfaces:/home/hrlsh/scrub_nurse_ws/install/aruco_interfaces LD_LIBRARY_PATH=/home/hrlsh/scrub_nurse_ws/install/nurse_interfaces/lib:/home/hrlsh/scrub_nurse_ws/install/ur_robot_manager/lib:/home/hrlsh/scrub_nurse_ws/install/ur_robot_manager_interfaces/lib:/home/hrlsh/scrub_nurse_ws/install/gripper_interfaces/lib:/home/hrlsh/scrub_nurse_ws/install/aruco_interfaces/lib:/usr/lib/x86_64-linux-gnu:/usr/local/cuda/lib64:/opt/ros/humble/opt/rviz_ogre_vendor/lib:/opt/ros/humble/lib/x86_64-linux-gnu:/opt/ros/humble/lib PYTHONPATH=/home/hrlsh/scrub_nurse_ws/build/nurse_planning/prefix_override:/usr/lib/python3/dist-packages/colcon_core/task/python/colcon_distutils_commands:/home/hrlsh/scrub_nurse_ws/install/nurse_planning/lib/python3.10/site-packages:${PYTHONPATH} /usr/bin/python3 -W ignore:setup.py install is deprecated -W ignore:easy_install command is deprecated setup.py develop --editable --build-directory /home/hrlsh/scrub_nurse_ws/build/nurse_planning/build --no-deps symlink_data
[1.377s] running develop
[1.444s] /usr/lib/python3/dist-packages/pkg_resources/__init__.py:116: PkgResourcesDeprecationWarning: 0.23ubuntu1 is an invalid version and will not be supported in a future release
[1.444s]   warnings.warn(
[1.444s] /usr/lib/python3/dist-packages/pkg_resources/__init__.py:116: PkgResourcesDeprecationWarning: 0.1.36ubuntu1 is an invalid version and will not be supported in a future release
[1.444s]   warnings.warn(
[1.444s] /usr/lib/python3/dist-packages/pkg_resources/__init__.py:116: PkgResourcesDeprecationWarning: 1.13.1-unknown is an invalid version and will not be supported in a future release
[1.444s]   warnings.warn(
[1.577s] running egg_info
[1.578s] writing nurse_planning.egg-info/PKG-INFO
[1.578s] writing dependency_links to nurse_planning.egg-info/dependency_links.txt
[1.578s] writing entry points to nurse_planning.egg-info/entry_points.txt
[1.578s] writing requirements to nurse_planning.egg-info/requires.txt
[1.578s] writing top-level names to nurse_planning.egg-info/top_level.txt
[1.579s] reading manifest file 'nurse_planning.egg-info/SOURCES.txt'
[1.580s] writing manifest file 'nurse_planning.egg-info/SOURCES.txt'
[1.581s] running build_ext
[1.581s] Creating /home/hrlsh/scrub_nurse_ws/install/nurse_planning/lib/python3.10/site-packages/nurse-planning.egg-link (link to .)
[1.582s] 
[1.582s] Installed /home/hrlsh/scrub_nurse_ws/build/nurse_planning
[1.582s] running symlink_data
[1.605s] Invoked command in '/home/hrlsh/scrub_nurse_ws/build/nurse_planning' returned '0': CMAKE_PREFIX_PATH=/home/hrlsh/scrub_nurse_ws/install/nurse_interfaces:/home/hrlsh/scrub_nurse_ws/install/nurse_bringup:/home/hrlsh/scrub_nurse_ws/install/ur_robot_manager:/home/hrlsh/scrub_nurse_ws/install/ur_robot_manager_interfaces:/home/hrlsh/scrub_nurse_ws/install/gripper_test:/home/hrlsh/scrub_nurse_ws/install/gripper_interfaces:/home/hrlsh/scrub_nurse_ws/install/aruco_interfaces LD_LIBRARY_PATH=/home/hrlsh/scrub_nurse_ws/install/nurse_interfaces/lib:/home/hrlsh/scrub_nurse_ws/install/ur_robot_manager/lib:/home/hrlsh/scrub_nurse_ws/install/ur_robot_manager_interfaces/lib:/home/hrlsh/scrub_nurse_ws/install/gripper_interfaces/lib:/home/hrlsh/scrub_nurse_ws/install/aruco_interfaces/lib:/usr/lib/x86_64-linux-gnu:/usr/local/cuda/lib64:/opt/ros/humble/opt/rviz_ogre_vendor/lib:/opt/ros/humble/lib/x86_64-linux-gnu:/opt/ros/humble/lib PYTHONPATH=/home/hrlsh/scrub_nurse_ws/build/nurse_planning/prefix_override:/usr/lib/python3/dist-packages/colcon_core/task/python/colcon_distutils_commands:/home/hrlsh/scrub_nurse_ws/install/nurse_planning/lib/python3.10/site-packages:${PYTHONPATH} /usr/bin/python3 -W ignore:setup.py install is deprecated -W ignore:easy_install command is deprecated setup.py develop --editable --build-directory /home/hrlsh/scrub_nurse_ws/build/nurse_planning/build --no-deps symlink_data
