[1.572s] Invoking command in '/home/hrlsh/scrub_nurse_ws/build/nurse_perception': CMAKE_PREFIX_PATH=/home/hrlsh/scrub_nurse_ws/install/nurse_interfaces:/home/hrlsh/scrub_nurse_ws/install/nurse_bringup:/home/hrlsh/scrub_nurse_ws/install/ur_robot_manager:/home/hrlsh/scrub_nurse_ws/install/ur_robot_manager_interfaces:/home/hrlsh/scrub_nurse_ws/install/gripper_test:/home/hrlsh/scrub_nurse_ws/install/gripper_interfaces:/home/hrlsh/scrub_nurse_ws/install/aruco_interfaces LD_LIBRARY_PATH=/home/hrlsh/scrub_nurse_ws/install/nurse_interfaces/lib:/home/hrlsh/scrub_nurse_ws/install/ur_robot_manager/lib:/home/hrlsh/scrub_nurse_ws/install/ur_robot_manager_interfaces/lib:/home/hrlsh/scrub_nurse_ws/install/gripper_interfaces/lib:/home/hrlsh/scrub_nurse_ws/install/aruco_interfaces/lib:/usr/lib/x86_64-linux-gnu:/usr/local/cuda/lib64:/opt/ros/humble/opt/rviz_ogre_vendor/lib:/opt/ros/humble/lib/x86_64-linux-gnu:/opt/ros/humble/lib PYTHONPATH=/home/hrlsh/scrub_nurse_ws/build/nurse_perception/prefix_override:/usr/lib/python3/dist-packages/colcon_core/task/python/colcon_distutils_commands:/home/hrlsh/scrub_nurse_ws/install/nurse_perception/lib/python3.10/site-packages:${PYTHONPATH} /usr/bin/python3 -W ignore:setup.py install is deprecated -W ignore:easy_install command is deprecated setup.py develop --editable --build-directory /home/hrlsh/scrub_nurse_ws/build/nurse_perception/build --no-deps symlink_data
[1.810s] running develop
[1.876s] /usr/lib/python3/dist-packages/pkg_resources/__init__.py:116: PkgResourcesDeprecationWarning: 0.23ubuntu1 is an invalid version and will not be supported in a future release
[1.876s]   warnings.warn(
[1.876s] /usr/lib/python3/dist-packages/pkg_resources/__init__.py:116: PkgResourcesDeprecationWarning: 0.1.36ubuntu1 is an invalid version and will not be supported in a future release
[1.876s]   warnings.warn(
[1.876s] /usr/lib/python3/dist-packages/pkg_resources/__init__.py:116: PkgResourcesDeprecationWarning: 1.13.1-unknown is an invalid version and will not be supported in a future release
[1.876s]   warnings.warn(
[2.003s] running egg_info
[2.003s] writing nurse_perception.egg-info/PKG-INFO
[2.003s] writing dependency_links to nurse_perception.egg-info/dependency_links.txt
[2.003s] writing entry points to nurse_perception.egg-info/entry_points.txt
[2.003s] writing requirements to nurse_perception.egg-info/requires.txt
[2.003s] writing top-level names to nurse_perception.egg-info/top_level.txt
[2.005s] reading manifest file 'nurse_perception.egg-info/SOURCES.txt'
[2.005s] writing manifest file 'nurse_perception.egg-info/SOURCES.txt'
[2.006s] running build_ext
[2.006s] Creating /home/hrlsh/scrub_nurse_ws/install/nurse_perception/lib/python3.10/site-packages/nurse-perception.egg-link (link to .)
[2.007s] 
[2.007s] Installed /home/hrlsh/scrub_nurse_ws/build/nurse_perception
[2.007s] running symlink_data
[2.030s] Invoked command in '/home/hrlsh/scrub_nurse_ws/build/nurse_perception' returned '0': CMAKE_PREFIX_PATH=/home/hrlsh/scrub_nurse_ws/install/nurse_interfaces:/home/hrlsh/scrub_nurse_ws/install/nurse_bringup:/home/hrlsh/scrub_nurse_ws/install/ur_robot_manager:/home/hrlsh/scrub_nurse_ws/install/ur_robot_manager_interfaces:/home/hrlsh/scrub_nurse_ws/install/gripper_test:/home/hrlsh/scrub_nurse_ws/install/gripper_interfaces:/home/hrlsh/scrub_nurse_ws/install/aruco_interfaces LD_LIBRARY_PATH=/home/hrlsh/scrub_nurse_ws/install/nurse_interfaces/lib:/home/hrlsh/scrub_nurse_ws/install/ur_robot_manager/lib:/home/hrlsh/scrub_nurse_ws/install/ur_robot_manager_interfaces/lib:/home/hrlsh/scrub_nurse_ws/install/gripper_interfaces/lib:/home/hrlsh/scrub_nurse_ws/install/aruco_interfaces/lib:/usr/lib/x86_64-linux-gnu:/usr/local/cuda/lib64:/opt/ros/humble/opt/rviz_ogre_vendor/lib:/opt/ros/humble/lib/x86_64-linux-gnu:/opt/ros/humble/lib PYTHONPATH=/home/hrlsh/scrub_nurse_ws/build/nurse_perception/prefix_override:/usr/lib/python3/dist-packages/colcon_core/task/python/colcon_distutils_commands:/home/hrlsh/scrub_nurse_ws/install/nurse_perception/lib/python3.10/site-packages:${PYTHONPATH} /usr/bin/python3 -W ignore:setup.py install is deprecated -W ignore:easy_install command is deprecated setup.py develop --editable --build-directory /home/hrlsh/scrub_nurse_ws/build/nurse_perception/build --no-deps symlink_data
