running develop
running egg_info
creating nurse_control.egg-info
writing nurse_control.egg-info/PKG-INFO
writing dependency_links to nurse_control.egg-info/dependency_links.txt
writing entry points to nurse_control.egg-info/entry_points.txt
writing requirements to nurse_control.egg-info/requires.txt
writing top-level names to nurse_control.egg-info/top_level.txt
writing manifest file 'nurse_control.egg-info/SOURCES.txt'
reading manifest file 'nurse_control.egg-info/SOURCES.txt'
writing manifest file 'nurse_control.egg-info/SOURCES.txt'
running build_ext
Creating /home/hrlsh/scrub_nurse_ws/install/nurse_control/lib/python3.10/site-packages/nurse-control.egg-link (link to .)

Installed /home/hrlsh/scrub_nurse_ws/build/nurse_control
running symlink_data
creating /home/hrlsh/scrub_nurse_ws/install/nurse_control/share/ament_index
creating /home/hrlsh/scrub_nurse_ws/install/nurse_control/share/ament_index/resource_index
creating /home/hrlsh/scrub_nurse_ws/install/nurse_control/share/ament_index/resource_index/packages
symbolically linking /home/hrlsh/scrub_nurse_ws/build/nurse_control/resource/nurse_control -> /home/hrlsh/scrub_nurse_ws/install/nurse_control/share/ament_index/resource_index/packages
symbolically linking /home/hrlsh/scrub_nurse_ws/build/nurse_control/package.xml -> /home/hrlsh/scrub_nurse_ws/install/nurse_control/share/nurse_control
