[0.009s] Invoking command in '/home/hrlsh/scrub_nurse_ws/build/nurse_bringup': AMENT_PREFIX_PATH=/home/hrlsh/scrub_nurse_ws/install/ur_robot_manager:/home/hrlsh/scrub_nurse_ws/install/nurse_planning:/home/hrlsh/scrub_nurse_ws/install/nurse_perception:/home/hrlsh/scrub_nurse_ws/install/nurse_control:/home/hrlsh/scrub_nurse_ws/install/gripper_test:/home/hrlsh/scrub_nurse_ws/install/ur_robot_manager_interfaces:/home/hrlsh/scrub_nurse_ws/install/nurse_interfaces:/home/hrlsh/scrub_nurse_ws/install/gripper_interfaces:${AMENT_PREFIX_PATH} CMAKE_PREFIX_PATH=/home/hrlsh/scrub_nurse_ws/install/ur_robot_manager:/home/hrlsh/scrub_nurse_ws/install/gripper_test:/home/hrlsh/scrub_nurse_ws/install/ur_robot_manager_interfaces:/home/hrlsh/scrub_nurse_ws/install/nurse_interfaces:/home/hrlsh/scrub_nurse_ws/install/gripper_interfaces:/opt/ros/humble LD_LIBRARY_PATH=/home/hrlsh/scrub_nurse_ws/install/ur_robot_manager/lib:/home/hrlsh/scrub_nurse_ws/install/ur_robot_manager_interfaces/lib:/home/hrlsh/scrub_nurse_ws/install/nurse_interfaces/lib:/home/hrlsh/scrub_nurse_ws/install/gripper_interfaces/lib:${LD_LIBRARY_PATH} PYTHONPATH=/home/hrlsh/scrub_nurse_ws/build/nurse_planning:/home/hrlsh/scrub_nurse_ws/install/nurse_planning/lib/python3.10/site-packages:/home/hrlsh/scrub_nurse_ws/build/nurse_perception:/home/hrlsh/scrub_nurse_ws/install/nurse_perception/lib/python3.10/site-packages:/home/hrlsh/scrub_nurse_ws/build/nurse_control:/home/hrlsh/scrub_nurse_ws/install/nurse_control/lib/python3.10/site-packages:/home/hrlsh/scrub_nurse_ws/install/ur_robot_manager_interfaces/local/lib/python3.10/dist-packages:/home/hrlsh/scrub_nurse_ws/install/nurse_interfaces/local/lib/python3.10/dist-packages:/home/hrlsh/scrub_nurse_ws/install/gripper_interfaces/local/lib/python3.10/dist-packages:${PYTHONPATH} /usr/bin/cmake /home/hrlsh/scrub_nurse_ws/src/nurse_bringup -DAMENT_CMAKE_SYMLINK_INSTALL=1 -DCMAKE_INSTALL_PREFIX=/home/hrlsh/scrub_nurse_ws/install/nurse_bringup
[0.016s] -- Found ament_cmake: 1.3.14 (/opt/ros/humble/share/ament_cmake/cmake)
[0.241s] -- Override CMake install command with custom implementation using symlinks instead of copying resources
[0.351s] Traceback (most recent call last):
[0.351s]   File "/opt/ros/humble/share/ament_cmake_core/cmake/core/package_xml_2_cmake.py", line 22, in <module>
[0.351s]     from catkin_pkg.package import parse_package_string
[0.352s] ModuleNotFoundError: No module named 'catkin_pkg'
[0.370s] [31mCMake Error at /opt/ros/humble/share/ament_cmake_core/cmake/core/ament_package_xml.cmake:95 (message):
[0.372s]   execute_process(/home/hrlsh/.pyenv/versions/3.11.11/bin/python3
[0.373s]   /opt/ros/humble/share/ament_cmake_core/cmake/core/package_xml_2_cmake.py
[0.373s]   /home/hrlsh/scrub_nurse_ws/src/nurse_bringup/package.xml
[0.374s]   /home/hrlsh/scrub_nurse_ws/build/nurse_bringup/ament_cmake_core/package.cmake)
[0.374s]   returned error code 1
[0.375s] Call Stack (most recent call first):
[0.375s]   /opt/ros/humble/share/ament_cmake_core/cmake/core/ament_package_xml.cmake:49 (_ament_package_xml)
[0.376s]   /opt/ros/humble/share/ament_cmake_core/cmake/core/ament_package.cmake:63 (ament_package_xml)
[0.376s]   CMakeLists.txt:16 (ament_package)
[0.377s] 
[0.377s] [0m
[0.378s] -- Configuring incomplete, errors occurred!
[0.378s] See also "/home/hrlsh/scrub_nurse_ws/build/nurse_bringup/CMakeFiles/CMakeOutput.log".
[0.389s] Invoked command in '/home/hrlsh/scrub_nurse_ws/build/nurse_bringup' returned '1': AMENT_PREFIX_PATH=/home/hrlsh/scrub_nurse_ws/install/ur_robot_manager:/home/hrlsh/scrub_nurse_ws/install/nurse_planning:/home/hrlsh/scrub_nurse_ws/install/nurse_perception:/home/hrlsh/scrub_nurse_ws/install/nurse_control:/home/hrlsh/scrub_nurse_ws/install/gripper_test:/home/hrlsh/scrub_nurse_ws/install/ur_robot_manager_interfaces:/home/hrlsh/scrub_nurse_ws/install/nurse_interfaces:/home/hrlsh/scrub_nurse_ws/install/gripper_interfaces:${AMENT_PREFIX_PATH} CMAKE_PREFIX_PATH=/home/hrlsh/scrub_nurse_ws/install/ur_robot_manager:/home/hrlsh/scrub_nurse_ws/install/gripper_test:/home/hrlsh/scrub_nurse_ws/install/ur_robot_manager_interfaces:/home/hrlsh/scrub_nurse_ws/install/nurse_interfaces:/home/hrlsh/scrub_nurse_ws/install/gripper_interfaces:/opt/ros/humble LD_LIBRARY_PATH=/home/hrlsh/scrub_nurse_ws/install/ur_robot_manager/lib:/home/hrlsh/scrub_nurse_ws/install/ur_robot_manager_interfaces/lib:/home/hrlsh/scrub_nurse_ws/install/nurse_interfaces/lib:/home/hrlsh/scrub_nurse_ws/install/gripper_interfaces/lib:${LD_LIBRARY_PATH} PYTHONPATH=/home/hrlsh/scrub_nurse_ws/build/nurse_planning:/home/hrlsh/scrub_nurse_ws/install/nurse_planning/lib/python3.10/site-packages:/home/hrlsh/scrub_nurse_ws/build/nurse_perception:/home/hrlsh/scrub_nurse_ws/install/nurse_perception/lib/python3.10/site-packages:/home/hrlsh/scrub_nurse_ws/build/nurse_control:/home/hrlsh/scrub_nurse_ws/install/nurse_control/lib/python3.10/site-packages:/home/hrlsh/scrub_nurse_ws/install/ur_robot_manager_interfaces/local/lib/python3.10/dist-packages:/home/hrlsh/scrub_nurse_ws/install/nurse_interfaces/local/lib/python3.10/dist-packages:/home/hrlsh/scrub_nurse_ws/install/gripper_interfaces/local/lib/python3.10/dist-packages:${PYTHONPATH} /usr/bin/cmake /home/hrlsh/scrub_nurse_ws/src/nurse_bringup -DAMENT_CMAKE_SYMLINK_INSTALL=1 -DCMAKE_INSTALL_PREFIX=/home/hrlsh/scrub_nurse_ws/install/nurse_bringup
