[0.012s] Invoking command in '/home/hrlsh/scrub_nurse_ws/build/ur_robot_manager_interfaces': CMAKE_PREFIX_PATH=${CMAKE_PREFIX_PATH}:/home/hrlsh/scrub_nurse_ws/install/nurse_control:/home/hrlsh/scrub_nurse_ws/install/nurse_planning:/home/hrlsh/scrub_nurse_ws/install/nurse_perception:/opt/ros/humble /usr/bin/cmake --build /home/hrlsh/scrub_nurse_ws/build/ur_robot_manager_interfaces -- -j20 -l20
[0.035s] [35m[1mConsolidate compiler generated dependencies of target ur_robot_manager_interfaces__rosidl_generator_c[0m
[0.039s] [  2%] Built target ur_robot_manager_interfaces__rs
[0.040s] [  5%] Built target ur_robot_manager_interfaces__cpp
[0.045s] [ 15%] Built target ur_robot_manager_interfaces__rosidl_generator_c
[0.047s] [ 15%] Built target ament_cmake_python_symlink_ur_robot_manager_interfaces
[0.049s] [35m[1mConsolidate compiler generated dependencies of target ur_robot_manager_interfaces__rosidl_typesupport_fastrtps_cpp[0m
[0.049s] [35m[1mConsolidate compiler generated dependencies of target ur_robot_manager_interfaces__rosidl_typesupport_introspection_cpp[0m
[0.049s] [35m[1mConsolidate compiler generated dependencies of target ur_robot_manager_interfaces__rosidl_typesupport_cpp[0m
[0.055s] [35m[1mConsolidate compiler generated dependencies of target ur_robot_manager_interfaces__rosidl_typesupport_introspection_c[0m
[0.057s] [35m[1mConsolidate compiler generated dependencies of target ur_robot_manager_interfaces__rosidl_typesupport_fastrtps_c[0m
[0.061s] [ 25%] Built target ur_robot_manager_interfaces__rosidl_typesupport_fastrtps_cpp
[0.062s] [35m[1mConsolidate compiler generated dependencies of target ur_robot_manager_interfaces__rosidl_typesupport_c[0m
[0.066s] [ 35%] Built target ur_robot_manager_interfaces__rosidl_typesupport_introspection_cpp
[0.074s] [ 55%] Built target ur_robot_manager_interfaces__rosidl_typesupport_fastrtps_c
[0.074s] [ 57%] Built target ur_robot_manager_interfaces__rosidl_typesupport_c
[0.075s] [ 65%] Built target ur_robot_manager_interfaces__rosidl_typesupport_introspection_c
[0.078s] [ 75%] Built target ur_robot_manager_interfaces__rosidl_typesupport_cpp
[0.090s] [ 75%] Built target ur_robot_manager_interfaces
[0.102s] [ 77%] Built target ur_robot_manager_interfaces__py
[0.109s] [35m[1mConsolidate compiler generated dependencies of target ur_robot_manager_interfaces__rosidl_generator_py[0m
[0.117s] [ 85%] Built target ur_robot_manager_interfaces__rosidl_generator_py
[0.124s] [35m[1mConsolidate compiler generated dependencies of target ur_robot_manager_interfaces__rosidl_typesupport_introspection_c__pyext[0m
[0.124s] [35m[1mConsolidate compiler generated dependencies of target ur_robot_manager_interfaces__rosidl_typesupport_c__pyext[0m
[0.126s] [35m[1mConsolidate compiler generated dependencies of target ur_robot_manager_interfaces__rosidl_typesupport_fastrtps_c__pyext[0m
[0.132s] [ 90%] Built target ur_robot_manager_interfaces__rosidl_typesupport_c__pyext
[0.133s] [ 95%] Built target ur_robot_manager_interfaces__rosidl_typesupport_introspection_c__pyext
[0.137s] [100%] Built target ur_robot_manager_interfaces__rosidl_typesupport_fastrtps_c__pyext
[0.264s] running egg_info
[0.283s] writing ur_robot_manager_interfaces.egg-info/PKG-INFO
[0.283s] writing dependency_links to ur_robot_manager_interfaces.egg-info/dependency_links.txt
[0.283s] writing top-level names to ur_robot_manager_interfaces.egg-info/top_level.txt
[0.340s] reading manifest file 'ur_robot_manager_interfaces.egg-info/SOURCES.txt'
[0.341s] writing manifest file 'ur_robot_manager_interfaces.egg-info/SOURCES.txt'
[0.364s] [100%] Built target ament_cmake_python_build_ur_robot_manager_interfaces_egg
[0.373s] Invoked command in '/home/hrlsh/scrub_nurse_ws/build/ur_robot_manager_interfaces' returned '0': CMAKE_PREFIX_PATH=${CMAKE_PREFIX_PATH}:/home/hrlsh/scrub_nurse_ws/install/nurse_control:/home/hrlsh/scrub_nurse_ws/install/nurse_planning:/home/hrlsh/scrub_nurse_ws/install/nurse_perception:/opt/ros/humble /usr/bin/cmake --build /home/hrlsh/scrub_nurse_ws/build/ur_robot_manager_interfaces -- -j20 -l20
[0.380s] Invoking command in '/home/hrlsh/scrub_nurse_ws/build/ur_robot_manager_interfaces': CMAKE_PREFIX_PATH=${CMAKE_PREFIX_PATH}:/home/hrlsh/scrub_nurse_ws/install/nurse_control:/home/hrlsh/scrub_nurse_ws/install/nurse_planning:/home/hrlsh/scrub_nurse_ws/install/nurse_perception:/opt/ros/humble /usr/bin/cmake --install /home/hrlsh/scrub_nurse_ws/build/ur_robot_manager_interfaces
[0.384s] -- Install configuration: ""
[0.385s] -- Execute custom install script
[0.385s] -- Up-to-date symlink: /home/hrlsh/scrub_nurse_ws/install/ur_robot_manager_interfaces/share/ament_index/resource_index/rosidl_interfaces/ur_robot_manager_interfaces
[0.385s] -- Up-to-date symlink: /home/hrlsh/scrub_nurse_ws/install/ur_robot_manager_interfaces/include/ur_robot_manager_interfaces/ur_robot_manager_interfaces/action/detail/robot_task__functions.h
[0.385s] -- Up-to-date symlink: /home/hrlsh/scrub_nurse_ws/install/ur_robot_manager_interfaces/include/ur_robot_manager_interfaces/ur_robot_manager_interfaces/action/detail/robot_task__struct.h
[0.385s] -- Up-to-date symlink: /home/hrlsh/scrub_nurse_ws/install/ur_robot_manager_interfaces/include/ur_robot_manager_interfaces/ur_robot_manager_interfaces/action/detail/robot_task__type_support.h
[0.385s] -- Up-to-date symlink: /home/hrlsh/scrub_nurse_ws/install/ur_robot_manager_interfaces/include/ur_robot_manager_interfaces/ur_robot_manager_interfaces/action/robot_task.h
[0.386s] -- Up-to-date symlink: /home/hrlsh/scrub_nurse_ws/install/ur_robot_manager_interfaces/include/ur_robot_manager_interfaces/ur_robot_manager_interfaces/msg/delay_info.h
[0.386s] -- Up-to-date symlink: /home/hrlsh/scrub_nurse_ws/install/ur_robot_manager_interfaces/include/ur_robot_manager_interfaces/ur_robot_manager_interfaces/msg/detail/delay_info__functions.h
[0.386s] -- Up-to-date symlink: /home/hrlsh/scrub_nurse_ws/install/ur_robot_manager_interfaces/include/ur_robot_manager_interfaces/ur_robot_manager_interfaces/msg/detail/delay_info__struct.h
[0.386s] -- Up-to-date symlink: /home/hrlsh/scrub_nurse_ws/install/ur_robot_manager_interfaces/include/ur_robot_manager_interfaces/ur_robot_manager_interfaces/msg/detail/delay_info__type_support.h
[0.386s] -- Up-to-date symlink: /home/hrlsh/scrub_nurse_ws/install/ur_robot_manager_interfaces/include/ur_robot_manager_interfaces/ur_robot_manager_interfaces/msg/rosidl_generator_c__visibility_control.h
[0.386s] -- Up-to-date symlink: /home/hrlsh/scrub_nurse_ws/install/ur_robot_manager_interfaces/share/ur_robot_manager_interfaces/environment/library_path.sh
[0.386s] -- Up-to-date symlink: /home/hrlsh/scrub_nurse_ws/install/ur_robot_manager_interfaces/share/ur_robot_manager_interfaces/environment/library_path.dsv
[0.387s] -- Up-to-date symlink: /home/hrlsh/scrub_nurse_ws/install/ur_robot_manager_interfaces/include/ur_robot_manager_interfaces/ur_robot_manager_interfaces/action/detail/robot_task__rosidl_typesupport_fastrtps_c.h
[0.387s] -- Up-to-date symlink: /home/hrlsh/scrub_nurse_ws/install/ur_robot_manager_interfaces/include/ur_robot_manager_interfaces/ur_robot_manager_interfaces/msg/detail/delay_info__rosidl_typesupport_fastrtps_c.h
[0.387s] -- Up-to-date symlink: /home/hrlsh/scrub_nurse_ws/install/ur_robot_manager_interfaces/include/ur_robot_manager_interfaces/ur_robot_manager_interfaces/msg/rosidl_typesupport_fastrtps_c__visibility_control.h
[0.387s] -- Up-to-date symlink: /home/hrlsh/scrub_nurse_ws/install/ur_robot_manager_interfaces/include/ur_robot_manager_interfaces/ur_robot_manager_interfaces/action/detail/robot_task__rosidl_typesupport_introspection_c.h
[0.388s] -- Up-to-date symlink: /home/hrlsh/scrub_nurse_ws/install/ur_robot_manager_interfaces/include/ur_robot_manager_interfaces/ur_robot_manager_interfaces/msg/detail/delay_info__rosidl_typesupport_introspection_c.h
[0.388s] -- Up-to-date symlink: /home/hrlsh/scrub_nurse_ws/install/ur_robot_manager_interfaces/include/ur_robot_manager_interfaces/ur_robot_manager_interfaces/msg/rosidl_typesupport_introspection_c__visibility_control.h
[0.388s] -- Up-to-date symlink: /home/hrlsh/scrub_nurse_ws/install/ur_robot_manager_interfaces/include/ur_robot_manager_interfaces/ur_robot_manager_interfaces/action/detail/robot_task__builder.hpp
[0.388s] -- Up-to-date symlink: /home/hrlsh/scrub_nurse_ws/install/ur_robot_manager_interfaces/include/ur_robot_manager_interfaces/ur_robot_manager_interfaces/action/detail/robot_task__struct.hpp
[0.389s] -- Up-to-date symlink: /home/hrlsh/scrub_nurse_ws/install/ur_robot_manager_interfaces/include/ur_robot_manager_interfaces/ur_robot_manager_interfaces/action/detail/robot_task__traits.hpp
[0.389s] -- Up-to-date symlink: /home/hrlsh/scrub_nurse_ws/install/ur_robot_manager_interfaces/include/ur_robot_manager_interfaces/ur_robot_manager_interfaces/action/detail/robot_task__type_support.hpp
[0.389s] -- Up-to-date symlink: /home/hrlsh/scrub_nurse_ws/install/ur_robot_manager_interfaces/include/ur_robot_manager_interfaces/ur_robot_manager_interfaces/action/robot_task.hpp
[0.390s] -- Up-to-date symlink: /home/hrlsh/scrub_nurse_ws/install/ur_robot_manager_interfaces/include/ur_robot_manager_interfaces/ur_robot_manager_interfaces/msg/delay_info.hpp
[0.390s] -- Up-to-date symlink: /home/hrlsh/scrub_nurse_ws/install/ur_robot_manager_interfaces/include/ur_robot_manager_interfaces/ur_robot_manager_interfaces/msg/detail/delay_info__builder.hpp
[0.390s] -- Up-to-date symlink: /home/hrlsh/scrub_nurse_ws/install/ur_robot_manager_interfaces/include/ur_robot_manager_interfaces/ur_robot_manager_interfaces/msg/detail/delay_info__struct.hpp
[0.390s] -- Up-to-date symlink: /home/hrlsh/scrub_nurse_ws/install/ur_robot_manager_interfaces/include/ur_robot_manager_interfaces/ur_robot_manager_interfaces/msg/detail/delay_info__traits.hpp
[0.391s] -- Up-to-date symlink: /home/hrlsh/scrub_nurse_ws/install/ur_robot_manager_interfaces/include/ur_robot_manager_interfaces/ur_robot_manager_interfaces/msg/detail/delay_info__type_support.hpp
[0.391s] -- Up-to-date symlink: /home/hrlsh/scrub_nurse_ws/install/ur_robot_manager_interfaces/include/ur_robot_manager_interfaces/ur_robot_manager_interfaces/msg/rosidl_generator_cpp__visibility_control.hpp
[0.392s] -- Up-to-date symlink: /home/hrlsh/scrub_nurse_ws/install/ur_robot_manager_interfaces/include/ur_robot_manager_interfaces/ur_robot_manager_interfaces/action/detail/robot_task__rosidl_typesupport_fastrtps_cpp.hpp
[0.392s] -- Up-to-date symlink: /home/hrlsh/scrub_nurse_ws/install/ur_robot_manager_interfaces/include/ur_robot_manager_interfaces/ur_robot_manager_interfaces/msg/detail/delay_info__rosidl_typesupport_fastrtps_cpp.hpp
[0.392s] -- Up-to-date symlink: /home/hrlsh/scrub_nurse_ws/install/ur_robot_manager_interfaces/include/ur_robot_manager_interfaces/ur_robot_manager_interfaces/msg/rosidl_typesupport_fastrtps_cpp__visibility_control.h
[0.393s] -- Up-to-date symlink: /home/hrlsh/scrub_nurse_ws/install/ur_robot_manager_interfaces/include/ur_robot_manager_interfaces/ur_robot_manager_interfaces/action/detail/robot_task__rosidl_typesupport_introspection_cpp.hpp
[0.393s] -- Up-to-date symlink: /home/hrlsh/scrub_nurse_ws/install/ur_robot_manager_interfaces/include/ur_robot_manager_interfaces/ur_robot_manager_interfaces/msg/detail/delay_info__rosidl_typesupport_introspection_cpp.hpp
[0.393s] -- Up-to-date symlink: /home/hrlsh/scrub_nurse_ws/install/ur_robot_manager_interfaces/share/ur_robot_manager_interfaces/environment/pythonpath.sh
[0.393s] -- Up-to-date symlink: /home/hrlsh/scrub_nurse_ws/install/ur_robot_manager_interfaces/share/ur_robot_manager_interfaces/environment/pythonpath.dsv
[0.393s] -- Up-to-date symlink: /home/hrlsh/scrub_nurse_ws/install/ur_robot_manager_interfaces/local/lib/python3.10/dist-packages/ur_robot_manager_interfaces-0.1.0-py3.10.egg-info/PKG-INFO
[0.393s] -- Up-to-date symlink: /home/hrlsh/scrub_nurse_ws/install/ur_robot_manager_interfaces/local/lib/python3.10/dist-packages/ur_robot_manager_interfaces-0.1.0-py3.10.egg-info/SOURCES.txt
[0.394s] -- Up-to-date symlink: /home/hrlsh/scrub_nurse_ws/install/ur_robot_manager_interfaces/local/lib/python3.10/dist-packages/ur_robot_manager_interfaces-0.1.0-py3.10.egg-info/dependency_links.txt
[0.394s] -- Up-to-date symlink: /home/hrlsh/scrub_nurse_ws/install/ur_robot_manager_interfaces/local/lib/python3.10/dist-packages/ur_robot_manager_interfaces-0.1.0-py3.10.egg-info/top_level.txt
[0.394s] -- Up-to-date symlink: /home/hrlsh/scrub_nurse_ws/install/ur_robot_manager_interfaces/local/lib/python3.10/dist-packages/ur_robot_manager_interfaces/__init__.py
[0.395s] -- Up-to-date symlink: /home/hrlsh/scrub_nurse_ws/install/ur_robot_manager_interfaces/local/lib/python3.10/dist-packages/ur_robot_manager_interfaces/_ur_robot_manager_interfaces_s.ep.rosidl_typesupport_c.c
[0.395s] -- Up-to-date symlink: /home/hrlsh/scrub_nurse_ws/install/ur_robot_manager_interfaces/local/lib/python3.10/dist-packages/ur_robot_manager_interfaces/_ur_robot_manager_interfaces_s.ep.rosidl_typesupport_fastrtps_c.c
[0.395s] -- Up-to-date symlink: /home/hrlsh/scrub_nurse_ws/install/ur_robot_manager_interfaces/local/lib/python3.10/dist-packages/ur_robot_manager_interfaces/_ur_robot_manager_interfaces_s.ep.rosidl_typesupport_introspection_c.c
[0.395s] -- Up-to-date symlink: /home/hrlsh/scrub_nurse_ws/install/ur_robot_manager_interfaces/local/lib/python3.10/dist-packages/ur_robot_manager_interfaces/action/__init__.py
[0.395s] -- Up-to-date symlink: /home/hrlsh/scrub_nurse_ws/install/ur_robot_manager_interfaces/local/lib/python3.10/dist-packages/ur_robot_manager_interfaces/action/_robot_task.py
[0.395s] -- Up-to-date symlink: /home/hrlsh/scrub_nurse_ws/install/ur_robot_manager_interfaces/local/lib/python3.10/dist-packages/ur_robot_manager_interfaces/action/_robot_task_s.c
[0.395s] -- Up-to-date symlink: /home/hrlsh/scrub_nurse_ws/install/ur_robot_manager_interfaces/local/lib/python3.10/dist-packages/ur_robot_manager_interfaces/libur_robot_manager_interfaces__rosidl_generator_py.so
[0.395s] -- Up-to-date symlink: /home/hrlsh/scrub_nurse_ws/install/ur_robot_manager_interfaces/local/lib/python3.10/dist-packages/ur_robot_manager_interfaces/msg/__init__.py
[0.396s] -- Up-to-date symlink: /home/hrlsh/scrub_nurse_ws/install/ur_robot_manager_interfaces/local/lib/python3.10/dist-packages/ur_robot_manager_interfaces/msg/_delay_info.py
[0.396s] -- Up-to-date symlink: /home/hrlsh/scrub_nurse_ws/install/ur_robot_manager_interfaces/local/lib/python3.10/dist-packages/ur_robot_manager_interfaces/msg/_delay_info_s.c
[0.396s] -- Up-to-date symlink: /home/hrlsh/scrub_nurse_ws/install/ur_robot_manager_interfaces/local/lib/python3.10/dist-packages/ur_robot_manager_interfaces/ur_robot_manager_interfaces_s__rosidl_typesupport_c.cpython-310-x86_64-linux-gnu.so
[0.396s] -- Up-to-date symlink: /home/hrlsh/scrub_nurse_ws/install/ur_robot_manager_interfaces/local/lib/python3.10/dist-packages/ur_robot_manager_interfaces/ur_robot_manager_interfaces_s__rosidl_typesupport_fastrtps_c.cpython-310-x86_64-linux-gnu.so
[0.397s] -- Up-to-date symlink: /home/hrlsh/scrub_nurse_ws/install/ur_robot_manager_interfaces/local/lib/python3.10/dist-packages/ur_robot_manager_interfaces/ur_robot_manager_interfaces_s__rosidl_typesupport_introspection_c.cpython-310-x86_64-linux-gnu.so
[0.397s] -- Up-to-date symlink: /home/hrlsh/scrub_nurse_ws/install/ur_robot_manager_interfaces/local/lib/python3.10/dist-packages/ur_robot_manager_interfaces/ur_robot_manager_interfaces_s__rosidl_typesupport_fastrtps_c.cpython-310-x86_64-linux-gnu.so
[0.398s] -- Up-to-date symlink: /home/hrlsh/scrub_nurse_ws/install/ur_robot_manager_interfaces/local/lib/python3.10/dist-packages/ur_robot_manager_interfaces/ur_robot_manager_interfaces_s__rosidl_typesupport_introspection_c.cpython-310-x86_64-linux-gnu.so
[0.398s] -- Up-to-date symlink: /home/hrlsh/scrub_nurse_ws/install/ur_robot_manager_interfaces/local/lib/python3.10/dist-packages/ur_robot_manager_interfaces/ur_robot_manager_interfaces_s__rosidl_typesupport_c.cpython-310-x86_64-linux-gnu.so
[0.398s] -- Up-to-date symlink: /home/hrlsh/scrub_nurse_ws/install/ur_robot_manager_interfaces/share/ament_index/resource_index/rust_packages/ur_robot_manager_interfaces
[0.398s] -- Up-to-date symlink: /home/hrlsh/scrub_nurse_ws/install/ur_robot_manager_interfaces/share/ur_robot_manager_interfaces/rust/Cargo.toml
[0.398s] -- Up-to-date symlink: /home/hrlsh/scrub_nurse_ws/install/ur_robot_manager_interfaces/share/ur_robot_manager_interfaces/rust/build.rs
[0.398s] -- Up-to-date symlink: /home/hrlsh/scrub_nurse_ws/install/ur_robot_manager_interfaces/share/ur_robot_manager_interfaces/rust/src/action.rs
[0.398s] -- Up-to-date symlink: /home/hrlsh/scrub_nurse_ws/install/ur_robot_manager_interfaces/share/ur_robot_manager_interfaces/rust/src/action/rmw.rs
[0.398s] -- Up-to-date symlink: /home/hrlsh/scrub_nurse_ws/install/ur_robot_manager_interfaces/share/ur_robot_manager_interfaces/rust/src/lib.rs
[0.399s] -- Up-to-date symlink: /home/hrlsh/scrub_nurse_ws/install/ur_robot_manager_interfaces/share/ur_robot_manager_interfaces/rust/src/msg.rs
[0.399s] -- Up-to-date symlink: /home/hrlsh/scrub_nurse_ws/install/ur_robot_manager_interfaces/share/ur_robot_manager_interfaces/rust/src/msg/rmw.rs
[0.399s] -- Up-to-date symlink: /home/hrlsh/scrub_nurse_ws/install/ur_robot_manager_interfaces/share/ur_robot_manager_interfaces/msg/DelayInfo.idl
[0.399s] -- Up-to-date symlink: /home/hrlsh/scrub_nurse_ws/install/ur_robot_manager_interfaces/share/ur_robot_manager_interfaces/action/RobotTask.idl
[0.399s] -- Up-to-date symlink: /home/hrlsh/scrub_nurse_ws/install/ur_robot_manager_interfaces/share/ur_robot_manager_interfaces/msg/DelayInfo.msg
[0.399s] -- Up-to-date symlink: /home/hrlsh/scrub_nurse_ws/install/ur_robot_manager_interfaces/share/ur_robot_manager_interfaces/action/RobotTask.action
[0.399s] -- Up-to-date symlink: /home/hrlsh/scrub_nurse_ws/install/ur_robot_manager_interfaces/share/ament_index/resource_index/package_run_dependencies/ur_robot_manager_interfaces
[0.400s] -- Up-to-date symlink: /home/hrlsh/scrub_nurse_ws/install/ur_robot_manager_interfaces/share/ament_index/resource_index/parent_prefix_path/ur_robot_manager_interfaces
[0.400s] -- Up-to-date symlink: /home/hrlsh/scrub_nurse_ws/install/ur_robot_manager_interfaces/share/ur_robot_manager_interfaces/environment/ament_prefix_path.sh
[0.400s] -- Up-to-date symlink: /home/hrlsh/scrub_nurse_ws/install/ur_robot_manager_interfaces/share/ur_robot_manager_interfaces/environment/ament_prefix_path.dsv
[0.400s] -- Up-to-date symlink: /home/hrlsh/scrub_nurse_ws/install/ur_robot_manager_interfaces/share/ur_robot_manager_interfaces/environment/path.sh
[0.400s] -- Up-to-date symlink: /home/hrlsh/scrub_nurse_ws/install/ur_robot_manager_interfaces/share/ur_robot_manager_interfaces/environment/path.dsv
[0.400s] -- Up-to-date symlink: /home/hrlsh/scrub_nurse_ws/install/ur_robot_manager_interfaces/share/ur_robot_manager_interfaces/local_setup.bash
[0.400s] -- Up-to-date symlink: /home/hrlsh/scrub_nurse_ws/install/ur_robot_manager_interfaces/share/ur_robot_manager_interfaces/local_setup.sh
[0.400s] -- Up-to-date symlink: /home/hrlsh/scrub_nurse_ws/install/ur_robot_manager_interfaces/share/ur_robot_manager_interfaces/local_setup.zsh
[0.401s] -- Up-to-date symlink: /home/hrlsh/scrub_nurse_ws/install/ur_robot_manager_interfaces/share/ur_robot_manager_interfaces/local_setup.dsv
[0.401s] -- Symlinking: /home/hrlsh/scrub_nurse_ws/install/ur_robot_manager_interfaces/share/ur_robot_manager_interfaces/package.dsv
[0.404s] -- Up-to-date symlink: /home/hrlsh/scrub_nurse_ws/install/ur_robot_manager_interfaces/share/ament_index/resource_index/packages/ur_robot_manager_interfaces
[0.404s] -- Up-to-date symlink: /home/hrlsh/scrub_nurse_ws/install/ur_robot_manager_interfaces/share/ur_robot_manager_interfaces/cmake/rosidl_cmake-extras.cmake
[0.404s] -- Up-to-date symlink: /home/hrlsh/scrub_nurse_ws/install/ur_robot_manager_interfaces/share/ur_robot_manager_interfaces/cmake/ament_cmake_export_dependencies-extras.cmake
[0.404s] -- Up-to-date symlink: /home/hrlsh/scrub_nurse_ws/install/ur_robot_manager_interfaces/share/ur_robot_manager_interfaces/cmake/ament_cmake_export_include_directories-extras.cmake
[0.404s] -- Up-to-date symlink: /home/hrlsh/scrub_nurse_ws/install/ur_robot_manager_interfaces/share/ur_robot_manager_interfaces/cmake/ament_cmake_export_libraries-extras.cmake
[0.405s] -- Up-to-date symlink: /home/hrlsh/scrub_nurse_ws/install/ur_robot_manager_interfaces/share/ur_robot_manager_interfaces/cmake/ament_cmake_export_targets-extras.cmake
[0.405s] -- Up-to-date symlink: /home/hrlsh/scrub_nurse_ws/install/ur_robot_manager_interfaces/share/ur_robot_manager_interfaces/cmake/rosidl_cmake_export_typesupport_targets-extras.cmake
[0.405s] -- Up-to-date symlink: /home/hrlsh/scrub_nurse_ws/install/ur_robot_manager_interfaces/share/ur_robot_manager_interfaces/cmake/rosidl_cmake_export_typesupport_libraries-extras.cmake
[0.405s] -- Up-to-date symlink: /home/hrlsh/scrub_nurse_ws/install/ur_robot_manager_interfaces/share/ur_robot_manager_interfaces/cmake/ur_robot_manager_interfacesConfig.cmake
[0.405s] -- Up-to-date symlink: /home/hrlsh/scrub_nurse_ws/install/ur_robot_manager_interfaces/share/ur_robot_manager_interfaces/cmake/ur_robot_manager_interfacesConfig-version.cmake
[0.405s] -- Up-to-date symlink: /home/hrlsh/scrub_nurse_ws/install/ur_robot_manager_interfaces/share/ur_robot_manager_interfaces/package.xml
[0.405s] -- Up-to-date: /home/hrlsh/scrub_nurse_ws/install/ur_robot_manager_interfaces/lib/libur_robot_manager_interfaces__rosidl_generator_c.so
[0.406s] -- Up-to-date: /home/hrlsh/scrub_nurse_ws/install/ur_robot_manager_interfaces/lib/libur_robot_manager_interfaces__rosidl_typesupport_fastrtps_c.so
[0.406s] -- Up-to-date: /home/hrlsh/scrub_nurse_ws/install/ur_robot_manager_interfaces/lib/libur_robot_manager_interfaces__rosidl_typesupport_introspection_c.so
[0.406s] -- Up-to-date: /home/hrlsh/scrub_nurse_ws/install/ur_robot_manager_interfaces/lib/libur_robot_manager_interfaces__rosidl_typesupport_c.so
[0.406s] -- Up-to-date: /home/hrlsh/scrub_nurse_ws/install/ur_robot_manager_interfaces/lib/libur_robot_manager_interfaces__rosidl_typesupport_fastrtps_cpp.so
[0.406s] -- Up-to-date: /home/hrlsh/scrub_nurse_ws/install/ur_robot_manager_interfaces/lib/libur_robot_manager_interfaces__rosidl_typesupport_introspection_cpp.so
[0.407s] -- Up-to-date: /home/hrlsh/scrub_nurse_ws/install/ur_robot_manager_interfaces/lib/libur_robot_manager_interfaces__rosidl_typesupport_cpp.so
[0.435s] Listing '/home/hrlsh/scrub_nurse_ws/install/ur_robot_manager_interfaces/local/lib/python3.10/dist-packages/ur_robot_manager_interfaces'...
[0.435s] Listing '/home/hrlsh/scrub_nurse_ws/install/ur_robot_manager_interfaces/local/lib/python3.10/dist-packages/ur_robot_manager_interfaces/action'...
[0.435s] Listing '/home/hrlsh/scrub_nurse_ws/install/ur_robot_manager_interfaces/local/lib/python3.10/dist-packages/ur_robot_manager_interfaces/msg'...
[0.437s] -- Up-to-date: /home/hrlsh/scrub_nurse_ws/install/ur_robot_manager_interfaces/lib/libur_robot_manager_interfaces__rosidl_generator_py.so
[0.437s] -- Up-to-date: /home/hrlsh/scrub_nurse_ws/install/ur_robot_manager_interfaces/share/ur_robot_manager_interfaces/cmake/export_ur_robot_manager_interfaces__rosidl_generator_cExport.cmake
[0.437s] -- Up-to-date: /home/hrlsh/scrub_nurse_ws/install/ur_robot_manager_interfaces/share/ur_robot_manager_interfaces/cmake/export_ur_robot_manager_interfaces__rosidl_generator_cExport-noconfig.cmake
[0.437s] -- Up-to-date: /home/hrlsh/scrub_nurse_ws/install/ur_robot_manager_interfaces/share/ur_robot_manager_interfaces/cmake/export_ur_robot_manager_interfaces__rosidl_typesupport_fastrtps_cExport.cmake
[0.437s] -- Up-to-date: /home/hrlsh/scrub_nurse_ws/install/ur_robot_manager_interfaces/share/ur_robot_manager_interfaces/cmake/export_ur_robot_manager_interfaces__rosidl_typesupport_fastrtps_cExport-noconfig.cmake
[0.437s] -- Up-to-date: /home/hrlsh/scrub_nurse_ws/install/ur_robot_manager_interfaces/share/ur_robot_manager_interfaces/cmake/ur_robot_manager_interfaces__rosidl_typesupport_introspection_cExport.cmake
[0.437s] -- Up-to-date: /home/hrlsh/scrub_nurse_ws/install/ur_robot_manager_interfaces/share/ur_robot_manager_interfaces/cmake/ur_robot_manager_interfaces__rosidl_typesupport_introspection_cExport-noconfig.cmake
[0.438s] -- Up-to-date: /home/hrlsh/scrub_nurse_ws/install/ur_robot_manager_interfaces/share/ur_robot_manager_interfaces/cmake/ur_robot_manager_interfaces__rosidl_typesupport_cExport.cmake
[0.438s] -- Up-to-date: /home/hrlsh/scrub_nurse_ws/install/ur_robot_manager_interfaces/share/ur_robot_manager_interfaces/cmake/ur_robot_manager_interfaces__rosidl_typesupport_cExport-noconfig.cmake
[0.438s] -- Up-to-date: /home/hrlsh/scrub_nurse_ws/install/ur_robot_manager_interfaces/share/ur_robot_manager_interfaces/cmake/export_ur_robot_manager_interfaces__rosidl_generator_cppExport.cmake
[0.438s] -- Up-to-date: /home/hrlsh/scrub_nurse_ws/install/ur_robot_manager_interfaces/share/ur_robot_manager_interfaces/cmake/export_ur_robot_manager_interfaces__rosidl_typesupport_fastrtps_cppExport.cmake
[0.438s] -- Up-to-date: /home/hrlsh/scrub_nurse_ws/install/ur_robot_manager_interfaces/share/ur_robot_manager_interfaces/cmake/export_ur_robot_manager_interfaces__rosidl_typesupport_fastrtps_cppExport-noconfig.cmake
[0.438s] -- Up-to-date: /home/hrlsh/scrub_nurse_ws/install/ur_robot_manager_interfaces/share/ur_robot_manager_interfaces/cmake/ur_robot_manager_interfaces__rosidl_typesupport_introspection_cppExport.cmake
[0.438s] -- Up-to-date: /home/hrlsh/scrub_nurse_ws/install/ur_robot_manager_interfaces/share/ur_robot_manager_interfaces/cmake/ur_robot_manager_interfaces__rosidl_typesupport_introspection_cppExport-noconfig.cmake
[0.439s] -- Up-to-date: /home/hrlsh/scrub_nurse_ws/install/ur_robot_manager_interfaces/share/ur_robot_manager_interfaces/cmake/ur_robot_manager_interfaces__rosidl_typesupport_cppExport.cmake
[0.439s] -- Up-to-date: /home/hrlsh/scrub_nurse_ws/install/ur_robot_manager_interfaces/share/ur_robot_manager_interfaces/cmake/ur_robot_manager_interfaces__rosidl_typesupport_cppExport-noconfig.cmake
[0.439s] -- Up-to-date: /home/hrlsh/scrub_nurse_ws/install/ur_robot_manager_interfaces/share/ur_robot_manager_interfaces/cmake/export_ur_robot_manager_interfaces__rosidl_generator_pyExport.cmake
[0.439s] -- Up-to-date: /home/hrlsh/scrub_nurse_ws/install/ur_robot_manager_interfaces/share/ur_robot_manager_interfaces/cmake/export_ur_robot_manager_interfaces__rosidl_generator_pyExport-noconfig.cmake
[0.439s] Invoked command in '/home/hrlsh/scrub_nurse_ws/build/ur_robot_manager_interfaces' returned '0': CMAKE_PREFIX_PATH=${CMAKE_PREFIX_PATH}:/home/hrlsh/scrub_nurse_ws/install/nurse_control:/home/hrlsh/scrub_nurse_ws/install/nurse_planning:/home/hrlsh/scrub_nurse_ws/install/nurse_perception:/opt/ros/humble /usr/bin/cmake --install /home/hrlsh/scrub_nurse_ws/build/ur_robot_manager_interfaces
