[0.007s] Invoking command in '/home/hrlsh/scrub_nurse_ws/build/ur_robot_manager': AMENT_PREFIX_PATH=/home/hrlsh/scrub_nurse_ws/install/ur_robot_manager_interfaces:/home/hrlsh/scrub_nurse_ws/install/gripper_interfaces:${AMENT_PREFIX_PATH} CMAKE_PREFIX_PATH=/home/hrlsh/scrub_nurse_ws/install/ur_robot_manager_interfaces:/home/hrlsh/scrub_nurse_ws/install/gripper_interfaces:/opt/ros/humble LD_LIBRARY_PATH=/home/hrlsh/scrub_nurse_ws/install/ur_robot_manager_interfaces/lib:/home/hrlsh/scrub_nurse_ws/install/gripper_interfaces/lib:${LD_LIBRARY_PATH} PYTHONPATH=/home/hrlsh/scrub_nurse_ws/install/ur_robot_manager_interfaces/local/lib/python3.10/dist-packages:/home/hrlsh/scrub_nurse_ws/install/gripper_interfaces/local/lib/python3.10/dist-packages:${PYTHONPATH} /usr/bin/cmake /home/hrlsh/scrub_nurse_ws/src/ur_robot_manager -DCMAKE_INSTALL_PREFIX=/home/hrlsh/scrub_nurse_ws/install/ur_robot_manager
[0.015s] -- Found ament_cmake: 1.3.14 (/opt/ros/humble/share/ament_cmake/cmake)
[0.272s] -- Found rclcpp: 16.0.19 (/opt/ros/humble/share/rclcpp/cmake)
[0.408s] -- Found rosidl_generator_c: 3.1.8 (/opt/ros/humble/share/rosidl_generator_c/cmake)
[0.419s] -- Found rosidl_adapter: 3.1.8 (/opt/ros/humble/share/rosidl_adapter/cmake)
[0.444s] -- Found rosidl_generator_cpp: 3.1.8 (/opt/ros/humble/share/rosidl_generator_cpp/cmake)
[0.486s] -- Using all available rosidl_typesupport_c: rosidl_typesupport_fastrtps_c;rosidl_typesupport_introspection_c
[0.516s] -- Using all available rosidl_typesupport_cpp: rosidl_typesupport_fastrtps_cpp;rosidl_typesupport_introspection_cpp
[0.553s] -- Found rmw_implementation_cmake: 6.1.2 (/opt/ros/humble/share/rmw_implementation_cmake/cmake)
[0.554s] -- Found rmw_cyclonedds_cpp: 1.3.4 (/opt/ros/humble/share/rmw_cyclonedds_cpp/cmake)
[0.569s] -- Using RMW implementation 'rmw_cyclonedds_cpp' as default
[0.606s] -- Found rclcpp_action: 16.0.19 (/opt/ros/humble/share/rclcpp_action/cmake)
[0.628s] -- Found std_srvs: 4.9.1 (/opt/ros/humble/share/std_srvs/cmake)
[0.634s] -- Found sensor_msgs: 4.9.1 (/opt/ros/humble/share/sensor_msgs/cmake)
[0.656s] -- Found tf2_ros: 0.25.20 (/opt/ros/humble/share/tf2_ros/cmake)
[0.695s] -- Found ur_robot_manager_interfaces: 0.1.0 (/home/hrlsh/scrub_nurse_ws/install/ur_robot_manager_interfaces/share/ur_robot_manager_interfaces/cmake)
[0.705s] -- Found gripper_interfaces: 0.1.0 (/home/hrlsh/scrub_nurse_ws/install/gripper_interfaces/share/gripper_interfaces/cmake)
[0.744s] Traceback (most recent call last):
[0.744s]   File "/opt/ros/humble/share/ament_cmake_core/cmake/core/package_xml_2_cmake.py", line 22, in <module>
[0.744s]     from catkin_pkg.package import parse_package_string
[0.744s] ModuleNotFoundError: No module named 'catkin_pkg'
[0.746s] CMake Error at /opt/ros/humble/share/ament_cmake_core/cmake/core/ament_package_xml.cmake:95 (message):
[0.747s]   execute_process(/home/hrlsh/.pyenv/versions/3.11.11/bin/python3
[0.747s]   /opt/ros/humble/share/ament_cmake_core/cmake/core/package_xml_2_cmake.py
[0.747s]   /home/hrlsh/scrub_nurse_ws/src/ur_robot_manager/package.xml
[0.747s]   /home/hrlsh/scrub_nurse_ws/build/ur_robot_manager/ament_cmake_core/package.cmake)
[0.747s]   returned error code 1
[0.747s] Call Stack (most recent call first):
[0.747s]   /opt/ros/humble/share/ament_cmake_core/cmake/core/ament_package_xml.cmake:49 (_ament_package_xml)
[0.747s]   /opt/ros/humble/share/ament_cmake_core/cmake/core/ament_package.cmake:63 (ament_package_xml)
[0.747s]   CMakeLists.txt:104 (ament_package)
[0.747s] 
[0.747s] 
[0.747s] -- Configuring incomplete, errors occurred!
[0.747s] See also "/home/hrlsh/scrub_nurse_ws/build/ur_robot_manager/CMakeFiles/CMakeOutput.log".
[0.752s] Invoked command in '/home/hrlsh/scrub_nurse_ws/build/ur_robot_manager' returned '1': AMENT_PREFIX_PATH=/home/hrlsh/scrub_nurse_ws/install/ur_robot_manager_interfaces:/home/hrlsh/scrub_nurse_ws/install/gripper_interfaces:${AMENT_PREFIX_PATH} CMAKE_PREFIX_PATH=/home/hrlsh/scrub_nurse_ws/install/ur_robot_manager_interfaces:/home/hrlsh/scrub_nurse_ws/install/gripper_interfaces:/opt/ros/humble LD_LIBRARY_PATH=/home/hrlsh/scrub_nurse_ws/install/ur_robot_manager_interfaces/lib:/home/hrlsh/scrub_nurse_ws/install/gripper_interfaces/lib:${LD_LIBRARY_PATH} PYTHONPATH=/home/hrlsh/scrub_nurse_ws/install/ur_robot_manager_interfaces/local/lib/python3.10/dist-packages:/home/hrlsh/scrub_nurse_ws/install/gripper_interfaces/local/lib/python3.10/dist-packages:${PYTHONPATH} /usr/bin/cmake /home/hrlsh/scrub_nurse_ws/src/ur_robot_manager -DCMAKE_INSTALL_PREFIX=/home/hrlsh/scrub_nurse_ws/install/ur_robot_manager
