[0.008s] Invoking command in '/home/hrlsh/scrub_nurse_ws/build/ur_robot_manager_interfaces': CMAKE_PREFIX_PATH=/opt/ros/humble /usr/bin/cmake /home/hrlsh/scrub_nurse_ws/src/ur_robot_manager_interfaces -DAMENT_CMAKE_SYMLINK_INSTALL=1 -DCMAKE_INSTALL_PREFIX=/home/hrlsh/scrub_nurse_ws/install/ur_robot_manager_interfaces
[0.083s] -- The C compiler identification is GNU 11.4.0
[0.236s] -- The CXX compiler identification is GNU 11.4.0
[0.265s] -- Detecting C compiler ABI info
[0.485s] -- Detecting C compiler ABI info - done
[0.518s] -- Check for working C compiler: /usr/bin/cc - skipped
[0.519s] -- Detecting C compile features
[0.521s] -- Detecting C compile features - done
[0.534s] -- Detecting CXX compiler ABI info
[0.783s] -- Detecting CXX compiler ABI info - done
[0.816s] -- Check for working CXX compiler: /usr/bin/c++ - skipped
[0.817s] -- Detecting CXX compile features
[0.820s] -- Detecting CXX compile features - done
[0.831s] -- Found ament_cmake: 1.3.14 (/opt/ros/humble/share/ament_cmake/cmake)
[1.405s] -- Found Python3: /usr/bin/python3 (found version "3.10.12") found components: Interpreter 
[1.535s] -- Override CMake install command with custom implementation using symlinks instead of copying resources
[1.619s] -- Found rosidl_default_generators: 1.2.1 (/opt/ros/humble/share/rosidl_default_generators/cmake)
[1.629s] -- Using all available rosidl_typesupport_c: rosidl_typesupport_fastrtps_c;rosidl_typesupport_introspection_c
[1.655s] -- Found rosidl_adapter: 3.1.8 (/opt/ros/humble/share/rosidl_adapter/cmake)
[1.856s] -- Using all available rosidl_typesupport_cpp: rosidl_typesupport_fastrtps_cpp;rosidl_typesupport_introspection_cpp
[2.056s] -- Found action_msgs: 1.2.2 (/opt/ros/humble/share/action_msgs/cmake)
[2.691s] -- Found ament_cmake_ros: 0.10.0 (/opt/ros/humble/share/ament_cmake_ros/cmake)
[2.858s] -- Using all available rosidl_typesupport_c: rosidl_typesupport_fastrtps_c;rosidl_typesupport_introspection_c
[3.457s] -- Using all available rosidl_typesupport_cpp: rosidl_typesupport_fastrtps_cpp;rosidl_typesupport_introspection_cpp
[3.489s] -- Found PythonInterp: /usr/bin/python3 (found suitable version "3.10.12", minimum required is "3.6") 
[3.491s] -- Found python_cmake_module: 0.10.0 (/opt/ros/humble/share/python_cmake_module/cmake)
[3.530s] -- Found PythonLibs: /usr/lib/x86_64-linux-gnu/libpython3.10.so (found suitable version "3.10.12", minimum required is "3.5") 
[3.530s] -- Using PYTHON_EXECUTABLE: /usr/bin/python3
[3.530s] -- Using PYTHON_INCLUDE_DIRS: /usr/include/python3.10
[3.531s] -- Using PYTHON_LIBRARIES: /usr/lib/x86_64-linux-gnu/libpython3.10.so
[3.576s] -- Found PythonExtra: .so  
[3.973s] -- Found ament_lint_auto: 0.12.15 (/opt/ros/humble/share/ament_lint_auto/cmake)
[4.070s] -- Added test 'copyright' to check source files copyright and LICENSE
[4.077s] -- Added test 'lint_cmake' to check CMake code style
[4.081s] -- Added test 'xmllint' to check XML markup files
[4.097s] -- Configuring done
[4.248s] -- Generating done
[4.275s] -- Build files have been written to: /home/hrlsh/scrub_nurse_ws/build/ur_robot_manager_interfaces
[4.287s] Invoked command in '/home/hrlsh/scrub_nurse_ws/build/ur_robot_manager_interfaces' returned '0': CMAKE_PREFIX_PATH=/opt/ros/humble /usr/bin/cmake /home/hrlsh/scrub_nurse_ws/src/ur_robot_manager_interfaces -DAMENT_CMAKE_SYMLINK_INSTALL=1 -DCMAKE_INSTALL_PREFIX=/home/hrlsh/scrub_nurse_ws/install/ur_robot_manager_interfaces
[4.289s] Invoking command in '/home/hrlsh/scrub_nurse_ws/build/ur_robot_manager_interfaces': CMAKE_PREFIX_PATH=/opt/ros/humble /usr/bin/cmake --build /home/hrlsh/scrub_nurse_ws/build/ur_robot_manager_interfaces -- -j20 -l20
[4.327s] [  2%] [34m[1mGenerating C code for ROS interfaces[0m
[4.335s] [  5%] [34m[1mGenerating Rust code for ROS interfaces[0m
[4.335s] [  7%] [34m[1mGenerating C++ code for ROS interfaces[0m
[4.341s] [  7%] Built target ament_cmake_python_symlink_ur_robot_manager_interfaces
[4.668s] running egg_info
[4.669s] creating ur_robot_manager_interfaces.egg-info
[4.669s] writing ur_robot_manager_interfaces.egg-info/PKG-INFO
[4.669s] writing dependency_links to ur_robot_manager_interfaces.egg-info/dependency_links.txt
[4.669s] writing top-level names to ur_robot_manager_interfaces.egg-info/top_level.txt
[4.670s] writing manifest file 'ur_robot_manager_interfaces.egg-info/SOURCES.txt'
[4.673s] reading manifest file 'ur_robot_manager_interfaces.egg-info/SOURCES.txt'
[4.673s] writing manifest file 'ur_robot_manager_interfaces.egg-info/SOURCES.txt'
[4.695s] [  7%] Built target ur_robot_manager_interfaces__rs
[4.711s] [  7%] Built target ament_cmake_python_build_ur_robot_manager_interfaces_egg
[4.860s] [  7%] Built target ur_robot_manager_interfaces__cpp
[4.867s] [ 12%] [34m[1mGenerating C++ type support dispatch for ROS interfaces[0m
[4.867s] [ 12%] [34m[1mGenerating C++ introspection for ROS interfaces[0m
[4.867s] [ 15%] [34m[1mGenerating C++ type support for eProsima Fast-RTPS[0m
[4.876s] [ 20%] [32mBuilding C object CMakeFiles/ur_robot_manager_interfaces__rosidl_generator_c.dir/rosidl_generator_c/ur_robot_manager_interfaces/msg/detail/delay_info__functions.c.o[0m
[4.876s] [ 20%] [32mBuilding C object CMakeFiles/ur_robot_manager_interfaces__rosidl_generator_c.dir/rosidl_generator_c/ur_robot_manager_interfaces/action/detail/robot_task__functions.c.o[0m
[5.026s] [ 22%] [32m[1mLinking C shared library libur_robot_manager_interfaces__rosidl_generator_c.so[0m
[5.061s] [ 22%] Built target ur_robot_manager_interfaces__rosidl_generator_c
[5.070s] [ 30%] [34m[1mGenerating C type support dispatch for ROS interfaces[0m
[5.070s] [ 30%] [34m[1mGenerating C type support for eProsima Fast-RTPS[0m
[5.070s] [ 30%] [34m[1mGenerating C introspection for ROS interfaces[0m
[5.351s] [ 32%] [32mBuilding CXX object CMakeFiles/ur_robot_manager_interfaces__rosidl_typesupport_introspection_cpp.dir/rosidl_typesupport_introspection_cpp/ur_robot_manager_interfaces/action/detail/robot_task__type_support.cpp.o[0m
[5.353s] [ 35%] [32mBuilding CXX object CMakeFiles/ur_robot_manager_interfaces__rosidl_typesupport_introspection_cpp.dir/rosidl_typesupport_introspection_cpp/ur_robot_manager_interfaces/msg/detail/delay_info__type_support.cpp.o[0m
[5.364s] [ 37%] [32mBuilding CXX object CMakeFiles/ur_robot_manager_interfaces__rosidl_typesupport_cpp.dir/rosidl_typesupport_cpp/ur_robot_manager_interfaces/action/robot_task__type_support.cpp.o[0m
[5.376s] [ 40%] [32mBuilding CXX object CMakeFiles/ur_robot_manager_interfaces__rosidl_typesupport_cpp.dir/rosidl_typesupport_cpp/ur_robot_manager_interfaces/msg/delay_info__type_support.cpp.o[0m
[5.474s] [ 42%] [32mBuilding CXX object CMakeFiles/ur_robot_manager_interfaces__rosidl_typesupport_fastrtps_cpp.dir/rosidl_typesupport_fastrtps_cpp/ur_robot_manager_interfaces/msg/detail/dds_fastrtps/delay_info__type_support.cpp.o[0m
[5.477s] [ 45%] [32mBuilding CXX object CMakeFiles/ur_robot_manager_interfaces__rosidl_typesupport_fastrtps_cpp.dir/rosidl_typesupport_fastrtps_cpp/ur_robot_manager_interfaces/action/detail/dds_fastrtps/robot_task__type_support.cpp.o[0m
[5.590s] [ 47%] [32mBuilding CXX object CMakeFiles/ur_robot_manager_interfaces__rosidl_typesupport_c.dir/rosidl_typesupport_c/ur_robot_manager_interfaces/msg/delay_info__type_support.cpp.o[0m
[5.602s] [ 50%] [32mBuilding CXX object CMakeFiles/ur_robot_manager_interfaces__rosidl_typesupport_c.dir/rosidl_typesupport_c/ur_robot_manager_interfaces/action/robot_task__type_support.cpp.o[0m
[5.775s] [ 52%] [32m[1mLinking CXX shared library libur_robot_manager_interfaces__rosidl_typesupport_c.so[0m
[5.783s] [ 55%] [32mBuilding C object CMakeFiles/ur_robot_manager_interfaces__rosidl_typesupport_introspection_c.dir/rosidl_typesupport_introspection_c/ur_robot_manager_interfaces/msg/detail/delay_info__type_support.c.o[0m
[5.790s] [ 57%] [32mBuilding C object CMakeFiles/ur_robot_manager_interfaces__rosidl_typesupport_introspection_c.dir/rosidl_typesupport_introspection_c/ur_robot_manager_interfaces/action/detail/robot_task__type_support.c.o[0m
[5.850s] [ 57%] Built target ur_robot_manager_interfaces__rosidl_typesupport_c
[5.852s] [ 60%] [32m[1mLinking C shared library libur_robot_manager_interfaces__rosidl_typesupport_introspection_c.so[0m
[5.855s] [ 62%] [32mBuilding CXX object CMakeFiles/ur_robot_manager_interfaces__rosidl_typesupport_fastrtps_c.dir/rosidl_typesupport_fastrtps_c/ur_robot_manager_interfaces/msg/detail/delay_info__type_support_c.cpp.o[0m
[5.868s] [ 65%] [32mBuilding CXX object CMakeFiles/ur_robot_manager_interfaces__rosidl_typesupport_fastrtps_c.dir/rosidl_typesupport_fastrtps_c/ur_robot_manager_interfaces/action/detail/robot_task__type_support_c.cpp.o[0m
[5.926s] [ 65%] Built target ur_robot_manager_interfaces__rosidl_typesupport_introspection_c
[5.986s] [ 67%] [32m[1mLinking CXX shared library libur_robot_manager_interfaces__rosidl_typesupport_cpp.so[0m
[6.026s] [ 67%] Built target ur_robot_manager_interfaces__rosidl_typesupport_cpp
[6.196s] [ 70%] [32m[1mLinking CXX shared library libur_robot_manager_interfaces__rosidl_typesupport_introspection_cpp.so[0m
[6.254s] [ 72%] [32m[1mLinking CXX shared library libur_robot_manager_interfaces__rosidl_typesupport_fastrtps_cpp.so[0m
[6.293s] [ 72%] Built target ur_robot_manager_interfaces__rosidl_typesupport_introspection_cpp
[6.327s] [ 72%] Built target ur_robot_manager_interfaces__rosidl_typesupport_fastrtps_cpp
[6.346s] [ 75%] [32m[1mLinking CXX shared library libur_robot_manager_interfaces__rosidl_typesupport_fastrtps_c.so[0m
[6.430s] [ 75%] Built target ur_robot_manager_interfaces__rosidl_typesupport_fastrtps_c
[6.447s] [ 75%] Built target ur_robot_manager_interfaces
[6.464s] [ 77%] [34m[1mGenerating Python code for ROS interfaces[0m
[7.738s] [ 77%] Built target ur_robot_manager_interfaces__py
[7.768s] [ 80%] [32mBuilding C object CMakeFiles/ur_robot_manager_interfaces__rosidl_generator_py.dir/rosidl_generator_py/ur_robot_manager_interfaces/msg/_delay_info_s.c.o[0m
[7.772s] [ 82%] [32mBuilding C object CMakeFiles/ur_robot_manager_interfaces__rosidl_generator_py.dir/rosidl_generator_py/ur_robot_manager_interfaces/action/_robot_task_s.c.o[0m
[8.015s] [ 85%] [32m[1mLinking C shared library rosidl_generator_py/ur_robot_manager_interfaces/libur_robot_manager_interfaces__rosidl_generator_py.so[0m
[8.150s] [ 85%] Built target ur_robot_manager_interfaces__rosidl_generator_py
[8.226s] [ 87%] [32mBuilding C object CMakeFiles/ur_robot_manager_interfaces__rosidl_typesupport_fastrtps_c__pyext.dir/rosidl_generator_py/ur_robot_manager_interfaces/_ur_robot_manager_interfaces_s.ep.rosidl_typesupport_fastrtps_c.c.o[0m
[8.227s] [ 90%] [32mBuilding C object CMakeFiles/ur_robot_manager_interfaces__rosidl_typesupport_introspection_c__pyext.dir/rosidl_generator_py/ur_robot_manager_interfaces/_ur_robot_manager_interfaces_s.ep.rosidl_typesupport_introspection_c.c.o[0m
[8.235s] [ 92%] [32mBuilding C object CMakeFiles/ur_robot_manager_interfaces__rosidl_typesupport_c__pyext.dir/rosidl_generator_py/ur_robot_manager_interfaces/_ur_robot_manager_interfaces_s.ep.rosidl_typesupport_c.c.o[0m
[8.455s] [ 97%] [32m[1mLinking C shared library rosidl_generator_py/ur_robot_manager_interfaces/ur_robot_manager_interfaces_s__rosidl_typesupport_fastrtps_c.cpython-310-x86_64-linux-gnu.so[0m
[8.455s] [ 97%] [32m[1mLinking C shared library rosidl_generator_py/ur_robot_manager_interfaces/ur_robot_manager_interfaces_s__rosidl_typesupport_introspection_c.cpython-310-x86_64-linux-gnu.so[0m
[8.462s] [100%] [32m[1mLinking C shared library rosidl_generator_py/ur_robot_manager_interfaces/ur_robot_manager_interfaces_s__rosidl_typesupport_c.cpython-310-x86_64-linux-gnu.so[0m
[8.528s] [100%] Built target ur_robot_manager_interfaces__rosidl_typesupport_introspection_c__pyext
[8.547s] [100%] Built target ur_robot_manager_interfaces__rosidl_typesupport_c__pyext
[8.569s] [100%] Built target ur_robot_manager_interfaces__rosidl_typesupport_fastrtps_c__pyext
[8.592s] Invoked command in '/home/hrlsh/scrub_nurse_ws/build/ur_robot_manager_interfaces' returned '0': CMAKE_PREFIX_PATH=/opt/ros/humble /usr/bin/cmake --build /home/hrlsh/scrub_nurse_ws/build/ur_robot_manager_interfaces -- -j20 -l20
[8.592s] Invoking command in '/home/hrlsh/scrub_nurse_ws/build/ur_robot_manager_interfaces': CMAKE_PREFIX_PATH=/opt/ros/humble /usr/bin/cmake --install /home/hrlsh/scrub_nurse_ws/build/ur_robot_manager_interfaces
[8.599s] -- Install configuration: ""
[8.600s] -- Execute custom install script
[8.600s] -- Symlinking: /home/hrlsh/scrub_nurse_ws/install/ur_robot_manager_interfaces/share/ament_index/resource_index/rosidl_interfaces/ur_robot_manager_interfaces
[8.610s] -- Symlinking: /home/hrlsh/scrub_nurse_ws/install/ur_robot_manager_interfaces/include/ur_robot_manager_interfaces/ur_robot_manager_interfaces/action/detail/robot_task__functions.h
[8.618s] -- Symlinking: /home/hrlsh/scrub_nurse_ws/install/ur_robot_manager_interfaces/include/ur_robot_manager_interfaces/ur_robot_manager_interfaces/action/detail/robot_task__struct.h
[8.629s] -- Symlinking: /home/hrlsh/scrub_nurse_ws/install/ur_robot_manager_interfaces/include/ur_robot_manager_interfaces/ur_robot_manager_interfaces/action/detail/robot_task__type_support.h
[8.639s] -- Symlinking: /home/hrlsh/scrub_nurse_ws/install/ur_robot_manager_interfaces/include/ur_robot_manager_interfaces/ur_robot_manager_interfaces/action/robot_task.h
[8.663s] -- Symlinking: /home/hrlsh/scrub_nurse_ws/install/ur_robot_manager_interfaces/include/ur_robot_manager_interfaces/ur_robot_manager_interfaces/msg/delay_info.h
[8.671s] -- Symlinking: /home/hrlsh/scrub_nurse_ws/install/ur_robot_manager_interfaces/include/ur_robot_manager_interfaces/ur_robot_manager_interfaces/msg/detail/delay_info__functions.h
[8.679s] -- Symlinking: /home/hrlsh/scrub_nurse_ws/install/ur_robot_manager_interfaces/include/ur_robot_manager_interfaces/ur_robot_manager_interfaces/msg/detail/delay_info__struct.h
[8.688s] -- Symlinking: /home/hrlsh/scrub_nurse_ws/install/ur_robot_manager_interfaces/include/ur_robot_manager_interfaces/ur_robot_manager_interfaces/msg/detail/delay_info__type_support.h
[8.696s] -- Symlinking: /home/hrlsh/scrub_nurse_ws/install/ur_robot_manager_interfaces/include/ur_robot_manager_interfaces/ur_robot_manager_interfaces/msg/rosidl_generator_c__visibility_control.h
[8.705s] -- Symlinking: /home/hrlsh/scrub_nurse_ws/install/ur_robot_manager_interfaces/share/ur_robot_manager_interfaces/environment/library_path.sh
[8.715s] -- Symlinking: /home/hrlsh/scrub_nurse_ws/install/ur_robot_manager_interfaces/share/ur_robot_manager_interfaces/environment/library_path.dsv
[8.724s] -- Symlinking: /home/hrlsh/scrub_nurse_ws/install/ur_robot_manager_interfaces/include/ur_robot_manager_interfaces/ur_robot_manager_interfaces/action/detail/robot_task__rosidl_typesupport_fastrtps_c.h
[8.734s] -- Symlinking: /home/hrlsh/scrub_nurse_ws/install/ur_robot_manager_interfaces/include/ur_robot_manager_interfaces/ur_robot_manager_interfaces/msg/detail/delay_info__rosidl_typesupport_fastrtps_c.h
[8.743s] -- Symlinking: /home/hrlsh/scrub_nurse_ws/install/ur_robot_manager_interfaces/include/ur_robot_manager_interfaces/ur_robot_manager_interfaces/msg/rosidl_typesupport_fastrtps_c__visibility_control.h
[8.754s] -- Symlinking: /home/hrlsh/scrub_nurse_ws/install/ur_robot_manager_interfaces/include/ur_robot_manager_interfaces/ur_robot_manager_interfaces/action/detail/robot_task__rosidl_typesupport_introspection_c.h
[8.761s] -- Symlinking: /home/hrlsh/scrub_nurse_ws/install/ur_robot_manager_interfaces/include/ur_robot_manager_interfaces/ur_robot_manager_interfaces/msg/detail/delay_info__rosidl_typesupport_introspection_c.h
[8.768s] -- Symlinking: /home/hrlsh/scrub_nurse_ws/install/ur_robot_manager_interfaces/include/ur_robot_manager_interfaces/ur_robot_manager_interfaces/msg/rosidl_typesupport_introspection_c__visibility_control.h
[8.774s] -- Symlinking: /home/hrlsh/scrub_nurse_ws/install/ur_robot_manager_interfaces/include/ur_robot_manager_interfaces/ur_robot_manager_interfaces/action/detail/robot_task__builder.hpp
[8.780s] -- Symlinking: /home/hrlsh/scrub_nurse_ws/install/ur_robot_manager_interfaces/include/ur_robot_manager_interfaces/ur_robot_manager_interfaces/action/detail/robot_task__struct.hpp
[8.787s] -- Symlinking: /home/hrlsh/scrub_nurse_ws/install/ur_robot_manager_interfaces/include/ur_robot_manager_interfaces/ur_robot_manager_interfaces/action/detail/robot_task__traits.hpp
[8.793s] -- Symlinking: /home/hrlsh/scrub_nurse_ws/install/ur_robot_manager_interfaces/include/ur_robot_manager_interfaces/ur_robot_manager_interfaces/action/detail/robot_task__type_support.hpp
[8.798s] -- Symlinking: /home/hrlsh/scrub_nurse_ws/install/ur_robot_manager_interfaces/include/ur_robot_manager_interfaces/ur_robot_manager_interfaces/action/robot_task.hpp
[8.804s] -- Symlinking: /home/hrlsh/scrub_nurse_ws/install/ur_robot_manager_interfaces/include/ur_robot_manager_interfaces/ur_robot_manager_interfaces/msg/delay_info.hpp
[8.810s] -- Symlinking: /home/hrlsh/scrub_nurse_ws/install/ur_robot_manager_interfaces/include/ur_robot_manager_interfaces/ur_robot_manager_interfaces/msg/detail/delay_info__builder.hpp
[8.816s] -- Symlinking: /home/hrlsh/scrub_nurse_ws/install/ur_robot_manager_interfaces/include/ur_robot_manager_interfaces/ur_robot_manager_interfaces/msg/detail/delay_info__struct.hpp
[8.821s] -- Symlinking: /home/hrlsh/scrub_nurse_ws/install/ur_robot_manager_interfaces/include/ur_robot_manager_interfaces/ur_robot_manager_interfaces/msg/detail/delay_info__traits.hpp
[8.827s] -- Symlinking: /home/hrlsh/scrub_nurse_ws/install/ur_robot_manager_interfaces/include/ur_robot_manager_interfaces/ur_robot_manager_interfaces/msg/detail/delay_info__type_support.hpp
[8.832s] -- Symlinking: /home/hrlsh/scrub_nurse_ws/install/ur_robot_manager_interfaces/include/ur_robot_manager_interfaces/ur_robot_manager_interfaces/msg/rosidl_generator_cpp__visibility_control.hpp
[8.838s] -- Symlinking: /home/hrlsh/scrub_nurse_ws/install/ur_robot_manager_interfaces/include/ur_robot_manager_interfaces/ur_robot_manager_interfaces/action/detail/robot_task__rosidl_typesupport_fastrtps_cpp.hpp
[8.844s] -- Symlinking: /home/hrlsh/scrub_nurse_ws/install/ur_robot_manager_interfaces/include/ur_robot_manager_interfaces/ur_robot_manager_interfaces/msg/detail/delay_info__rosidl_typesupport_fastrtps_cpp.hpp
[8.851s] -- Symlinking: /home/hrlsh/scrub_nurse_ws/install/ur_robot_manager_interfaces/include/ur_robot_manager_interfaces/ur_robot_manager_interfaces/msg/rosidl_typesupport_fastrtps_cpp__visibility_control.h
[8.855s] -- Symlinking: /home/hrlsh/scrub_nurse_ws/install/ur_robot_manager_interfaces/include/ur_robot_manager_interfaces/ur_robot_manager_interfaces/action/detail/robot_task__rosidl_typesupport_introspection_cpp.hpp
[8.861s] -- Symlinking: /home/hrlsh/scrub_nurse_ws/install/ur_robot_manager_interfaces/include/ur_robot_manager_interfaces/ur_robot_manager_interfaces/msg/detail/delay_info__rosidl_typesupport_introspection_cpp.hpp
[8.866s] -- Symlinking: /home/hrlsh/scrub_nurse_ws/install/ur_robot_manager_interfaces/share/ur_robot_manager_interfaces/environment/pythonpath.sh
[8.871s] -- Symlinking: /home/hrlsh/scrub_nurse_ws/install/ur_robot_manager_interfaces/share/ur_robot_manager_interfaces/environment/pythonpath.dsv
[8.877s] -- Symlinking: /home/hrlsh/scrub_nurse_ws/install/ur_robot_manager_interfaces/local/lib/python3.10/dist-packages/ur_robot_manager_interfaces-0.1.0-py3.10.egg-info/PKG-INFO
[8.882s] -- Symlinking: /home/hrlsh/scrub_nurse_ws/install/ur_robot_manager_interfaces/local/lib/python3.10/dist-packages/ur_robot_manager_interfaces-0.1.0-py3.10.egg-info/SOURCES.txt
[8.887s] -- Symlinking: /home/hrlsh/scrub_nurse_ws/install/ur_robot_manager_interfaces/local/lib/python3.10/dist-packages/ur_robot_manager_interfaces-0.1.0-py3.10.egg-info/dependency_links.txt
[8.892s] -- Symlinking: /home/hrlsh/scrub_nurse_ws/install/ur_robot_manager_interfaces/local/lib/python3.10/dist-packages/ur_robot_manager_interfaces-0.1.0-py3.10.egg-info/top_level.txt
[8.898s] -- Symlinking: /home/hrlsh/scrub_nurse_ws/install/ur_robot_manager_interfaces/local/lib/python3.10/dist-packages/ur_robot_manager_interfaces/__init__.py
[8.903s] -- Symlinking: /home/hrlsh/scrub_nurse_ws/install/ur_robot_manager_interfaces/local/lib/python3.10/dist-packages/ur_robot_manager_interfaces/_ur_robot_manager_interfaces_s.ep.rosidl_typesupport_c.c
[8.908s] -- Symlinking: /home/hrlsh/scrub_nurse_ws/install/ur_robot_manager_interfaces/local/lib/python3.10/dist-packages/ur_robot_manager_interfaces/_ur_robot_manager_interfaces_s.ep.rosidl_typesupport_fastrtps_c.c
[8.913s] -- Symlinking: /home/hrlsh/scrub_nurse_ws/install/ur_robot_manager_interfaces/local/lib/python3.10/dist-packages/ur_robot_manager_interfaces/_ur_robot_manager_interfaces_s.ep.rosidl_typesupport_introspection_c.c
[8.918s] -- Symlinking: /home/hrlsh/scrub_nurse_ws/install/ur_robot_manager_interfaces/local/lib/python3.10/dist-packages/ur_robot_manager_interfaces/action/__init__.py
[8.922s] -- Symlinking: /home/hrlsh/scrub_nurse_ws/install/ur_robot_manager_interfaces/local/lib/python3.10/dist-packages/ur_robot_manager_interfaces/action/_robot_task.py
[8.927s] -- Symlinking: /home/hrlsh/scrub_nurse_ws/install/ur_robot_manager_interfaces/local/lib/python3.10/dist-packages/ur_robot_manager_interfaces/action/_robot_task_s.c
[8.932s] -- Symlinking: /home/hrlsh/scrub_nurse_ws/install/ur_robot_manager_interfaces/local/lib/python3.10/dist-packages/ur_robot_manager_interfaces/libur_robot_manager_interfaces__rosidl_generator_py.so
[8.937s] -- Symlinking: /home/hrlsh/scrub_nurse_ws/install/ur_robot_manager_interfaces/local/lib/python3.10/dist-packages/ur_robot_manager_interfaces/msg/__init__.py
[8.942s] -- Symlinking: /home/hrlsh/scrub_nurse_ws/install/ur_robot_manager_interfaces/local/lib/python3.10/dist-packages/ur_robot_manager_interfaces/msg/_delay_info.py
[8.947s] -- Symlinking: /home/hrlsh/scrub_nurse_ws/install/ur_robot_manager_interfaces/local/lib/python3.10/dist-packages/ur_robot_manager_interfaces/msg/_delay_info_s.c
[8.951s] -- Symlinking: /home/hrlsh/scrub_nurse_ws/install/ur_robot_manager_interfaces/local/lib/python3.10/dist-packages/ur_robot_manager_interfaces/ur_robot_manager_interfaces_s__rosidl_typesupport_c.cpython-310-x86_64-linux-gnu.so
[8.956s] -- Symlinking: /home/hrlsh/scrub_nurse_ws/install/ur_robot_manager_interfaces/local/lib/python3.10/dist-packages/ur_robot_manager_interfaces/ur_robot_manager_interfaces_s__rosidl_typesupport_fastrtps_c.cpython-310-x86_64-linux-gnu.so
[8.960s] -- Symlinking: /home/hrlsh/scrub_nurse_ws/install/ur_robot_manager_interfaces/local/lib/python3.10/dist-packages/ur_robot_manager_interfaces/ur_robot_manager_interfaces_s__rosidl_typesupport_introspection_c.cpython-310-x86_64-linux-gnu.so
[8.965s] -- Up-to-date symlink: /home/hrlsh/scrub_nurse_ws/install/ur_robot_manager_interfaces/local/lib/python3.10/dist-packages/ur_robot_manager_interfaces/ur_robot_manager_interfaces_s__rosidl_typesupport_fastrtps_c.cpython-310-x86_64-linux-gnu.so
[8.965s] -- Up-to-date symlink: /home/hrlsh/scrub_nurse_ws/install/ur_robot_manager_interfaces/local/lib/python3.10/dist-packages/ur_robot_manager_interfaces/ur_robot_manager_interfaces_s__rosidl_typesupport_introspection_c.cpython-310-x86_64-linux-gnu.so
[8.966s] -- Up-to-date symlink: /home/hrlsh/scrub_nurse_ws/install/ur_robot_manager_interfaces/local/lib/python3.10/dist-packages/ur_robot_manager_interfaces/ur_robot_manager_interfaces_s__rosidl_typesupport_c.cpython-310-x86_64-linux-gnu.so
[8.966s] -- Symlinking: /home/hrlsh/scrub_nurse_ws/install/ur_robot_manager_interfaces/share/ament_index/resource_index/rust_packages/ur_robot_manager_interfaces
[8.970s] -- Symlinking: /home/hrlsh/scrub_nurse_ws/install/ur_robot_manager_interfaces/share/ur_robot_manager_interfaces/rust/Cargo.toml
[8.975s] -- Symlinking: /home/hrlsh/scrub_nurse_ws/install/ur_robot_manager_interfaces/share/ur_robot_manager_interfaces/rust/build.rs
[8.980s] -- Symlinking: /home/hrlsh/scrub_nurse_ws/install/ur_robot_manager_interfaces/share/ur_robot_manager_interfaces/rust/src/action.rs
[8.984s] -- Symlinking: /home/hrlsh/scrub_nurse_ws/install/ur_robot_manager_interfaces/share/ur_robot_manager_interfaces/rust/src/action/rmw.rs
[8.989s] -- Symlinking: /home/hrlsh/scrub_nurse_ws/install/ur_robot_manager_interfaces/share/ur_robot_manager_interfaces/rust/src/lib.rs
[8.994s] -- Symlinking: /home/hrlsh/scrub_nurse_ws/install/ur_robot_manager_interfaces/share/ur_robot_manager_interfaces/rust/src/msg.rs
[9.000s] -- Symlinking: /home/hrlsh/scrub_nurse_ws/install/ur_robot_manager_interfaces/share/ur_robot_manager_interfaces/rust/src/msg/rmw.rs
[9.005s] -- Symlinking: /home/hrlsh/scrub_nurse_ws/install/ur_robot_manager_interfaces/share/ur_robot_manager_interfaces/msg/DelayInfo.idl
[9.011s] -- Symlinking: /home/hrlsh/scrub_nurse_ws/install/ur_robot_manager_interfaces/share/ur_robot_manager_interfaces/action/RobotTask.idl
[9.016s] -- Symlinking: /home/hrlsh/scrub_nurse_ws/install/ur_robot_manager_interfaces/share/ur_robot_manager_interfaces/msg/DelayInfo.msg
[9.021s] -- Symlinking: /home/hrlsh/scrub_nurse_ws/install/ur_robot_manager_interfaces/share/ur_robot_manager_interfaces/action/RobotTask.action
[9.025s] -- Symlinking: /home/hrlsh/scrub_nurse_ws/install/ur_robot_manager_interfaces/share/ament_index/resource_index/package_run_dependencies/ur_robot_manager_interfaces
[9.030s] -- Symlinking: /home/hrlsh/scrub_nurse_ws/install/ur_robot_manager_interfaces/share/ament_index/resource_index/parent_prefix_path/ur_robot_manager_interfaces
[9.034s] -- Symlinking: /home/hrlsh/scrub_nurse_ws/install/ur_robot_manager_interfaces/share/ur_robot_manager_interfaces/environment/ament_prefix_path.sh
[9.038s] -- Symlinking: /home/hrlsh/scrub_nurse_ws/install/ur_robot_manager_interfaces/share/ur_robot_manager_interfaces/environment/ament_prefix_path.dsv
[9.042s] -- Symlinking: /home/hrlsh/scrub_nurse_ws/install/ur_robot_manager_interfaces/share/ur_robot_manager_interfaces/environment/path.sh
[9.047s] -- Symlinking: /home/hrlsh/scrub_nurse_ws/install/ur_robot_manager_interfaces/share/ur_robot_manager_interfaces/environment/path.dsv
[9.051s] -- Symlinking: /home/hrlsh/scrub_nurse_ws/install/ur_robot_manager_interfaces/share/ur_robot_manager_interfaces/local_setup.bash
[9.055s] -- Symlinking: /home/hrlsh/scrub_nurse_ws/install/ur_robot_manager_interfaces/share/ur_robot_manager_interfaces/local_setup.sh
[9.059s] -- Symlinking: /home/hrlsh/scrub_nurse_ws/install/ur_robot_manager_interfaces/share/ur_robot_manager_interfaces/local_setup.zsh
[9.064s] -- Symlinking: /home/hrlsh/scrub_nurse_ws/install/ur_robot_manager_interfaces/share/ur_robot_manager_interfaces/local_setup.dsv
[9.068s] -- Symlinking: /home/hrlsh/scrub_nurse_ws/install/ur_robot_manager_interfaces/share/ur_robot_manager_interfaces/package.dsv
[9.072s] -- Symlinking: /home/hrlsh/scrub_nurse_ws/install/ur_robot_manager_interfaces/share/ament_index/resource_index/packages/ur_robot_manager_interfaces
[9.077s] -- Symlinking: /home/hrlsh/scrub_nurse_ws/install/ur_robot_manager_interfaces/share/ur_robot_manager_interfaces/cmake/rosidl_cmake-extras.cmake
[9.081s] -- Symlinking: /home/hrlsh/scrub_nurse_ws/install/ur_robot_manager_interfaces/share/ur_robot_manager_interfaces/cmake/ament_cmake_export_dependencies-extras.cmake
[9.085s] -- Symlinking: /home/hrlsh/scrub_nurse_ws/install/ur_robot_manager_interfaces/share/ur_robot_manager_interfaces/cmake/ament_cmake_export_include_directories-extras.cmake
[9.089s] -- Symlinking: /home/hrlsh/scrub_nurse_ws/install/ur_robot_manager_interfaces/share/ur_robot_manager_interfaces/cmake/ament_cmake_export_libraries-extras.cmake
[9.094s] -- Symlinking: /home/hrlsh/scrub_nurse_ws/install/ur_robot_manager_interfaces/share/ur_robot_manager_interfaces/cmake/ament_cmake_export_targets-extras.cmake
[9.098s] -- Symlinking: /home/hrlsh/scrub_nurse_ws/install/ur_robot_manager_interfaces/share/ur_robot_manager_interfaces/cmake/rosidl_cmake_export_typesupport_targets-extras.cmake
[9.102s] -- Symlinking: /home/hrlsh/scrub_nurse_ws/install/ur_robot_manager_interfaces/share/ur_robot_manager_interfaces/cmake/rosidl_cmake_export_typesupport_libraries-extras.cmake
[9.106s] -- Symlinking: /home/hrlsh/scrub_nurse_ws/install/ur_robot_manager_interfaces/share/ur_robot_manager_interfaces/cmake/ur_robot_manager_interfacesConfig.cmake
[9.110s] -- Symlinking: /home/hrlsh/scrub_nurse_ws/install/ur_robot_manager_interfaces/share/ur_robot_manager_interfaces/cmake/ur_robot_manager_interfacesConfig-version.cmake
[9.114s] -- Symlinking: /home/hrlsh/scrub_nurse_ws/install/ur_robot_manager_interfaces/share/ur_robot_manager_interfaces/package.xml
[9.118s] -- Installing: /home/hrlsh/scrub_nurse_ws/install/ur_robot_manager_interfaces/lib/libur_robot_manager_interfaces__rosidl_generator_c.so
[9.118s] -- Set runtime path of "/home/hrlsh/scrub_nurse_ws/install/ur_robot_manager_interfaces/lib/libur_robot_manager_interfaces__rosidl_generator_c.so" to ""
[9.118s] -- Installing: /home/hrlsh/scrub_nurse_ws/install/ur_robot_manager_interfaces/lib/libur_robot_manager_interfaces__rosidl_typesupport_fastrtps_c.so
[9.119s] -- Set runtime path of "/home/hrlsh/scrub_nurse_ws/install/ur_robot_manager_interfaces/lib/libur_robot_manager_interfaces__rosidl_typesupport_fastrtps_c.so" to ""
[9.119s] -- Installing: /home/hrlsh/scrub_nurse_ws/install/ur_robot_manager_interfaces/lib/libur_robot_manager_interfaces__rosidl_typesupport_introspection_c.so
[9.119s] -- Set runtime path of "/home/hrlsh/scrub_nurse_ws/install/ur_robot_manager_interfaces/lib/libur_robot_manager_interfaces__rosidl_typesupport_introspection_c.so" to ""
[9.119s] -- Installing: /home/hrlsh/scrub_nurse_ws/install/ur_robot_manager_interfaces/lib/libur_robot_manager_interfaces__rosidl_typesupport_c.so
[9.119s] -- Set runtime path of "/home/hrlsh/scrub_nurse_ws/install/ur_robot_manager_interfaces/lib/libur_robot_manager_interfaces__rosidl_typesupport_c.so" to ""
[9.119s] -- Installing: /home/hrlsh/scrub_nurse_ws/install/ur_robot_manager_interfaces/lib/libur_robot_manager_interfaces__rosidl_typesupport_fastrtps_cpp.so
[9.119s] -- Set runtime path of "/home/hrlsh/scrub_nurse_ws/install/ur_robot_manager_interfaces/lib/libur_robot_manager_interfaces__rosidl_typesupport_fastrtps_cpp.so" to ""
[9.119s] -- Installing: /home/hrlsh/scrub_nurse_ws/install/ur_robot_manager_interfaces/lib/libur_robot_manager_interfaces__rosidl_typesupport_introspection_cpp.so
[9.120s] -- Set runtime path of "/home/hrlsh/scrub_nurse_ws/install/ur_robot_manager_interfaces/lib/libur_robot_manager_interfaces__rosidl_typesupport_introspection_cpp.so" to ""
[9.120s] -- Installing: /home/hrlsh/scrub_nurse_ws/install/ur_robot_manager_interfaces/lib/libur_robot_manager_interfaces__rosidl_typesupport_cpp.so
[9.120s] -- Set runtime path of "/home/hrlsh/scrub_nurse_ws/install/ur_robot_manager_interfaces/lib/libur_robot_manager_interfaces__rosidl_typesupport_cpp.so" to ""
[9.149s] Listing '/home/hrlsh/scrub_nurse_ws/install/ur_robot_manager_interfaces/local/lib/python3.10/dist-packages/ur_robot_manager_interfaces'...
[9.149s] Compiling '/home/hrlsh/scrub_nurse_ws/install/ur_robot_manager_interfaces/local/lib/python3.10/dist-packages/ur_robot_manager_interfaces/__init__.py'...
[9.149s] Listing '/home/hrlsh/scrub_nurse_ws/install/ur_robot_manager_interfaces/local/lib/python3.10/dist-packages/ur_robot_manager_interfaces/action'...
[9.149s] Compiling '/home/hrlsh/scrub_nurse_ws/install/ur_robot_manager_interfaces/local/lib/python3.10/dist-packages/ur_robot_manager_interfaces/action/__init__.py'...
[9.149s] Compiling '/home/hrlsh/scrub_nurse_ws/install/ur_robot_manager_interfaces/local/lib/python3.10/dist-packages/ur_robot_manager_interfaces/action/_robot_task.py'...
[9.149s] Listing '/home/hrlsh/scrub_nurse_ws/install/ur_robot_manager_interfaces/local/lib/python3.10/dist-packages/ur_robot_manager_interfaces/msg'...
[9.149s] Compiling '/home/hrlsh/scrub_nurse_ws/install/ur_robot_manager_interfaces/local/lib/python3.10/dist-packages/ur_robot_manager_interfaces/msg/__init__.py'...
[9.149s] Compiling '/home/hrlsh/scrub_nurse_ws/install/ur_robot_manager_interfaces/local/lib/python3.10/dist-packages/ur_robot_manager_interfaces/msg/_delay_info.py'...
[9.152s] -- Installing: /home/hrlsh/scrub_nurse_ws/install/ur_robot_manager_interfaces/lib/libur_robot_manager_interfaces__rosidl_generator_py.so
[9.153s] -- Set runtime path of "/home/hrlsh/scrub_nurse_ws/install/ur_robot_manager_interfaces/lib/libur_robot_manager_interfaces__rosidl_generator_py.so" to ""
[9.153s] -- Installing: /home/hrlsh/scrub_nurse_ws/install/ur_robot_manager_interfaces/share/ur_robot_manager_interfaces/cmake/export_ur_robot_manager_interfaces__rosidl_generator_cExport.cmake
[9.153s] -- Installing: /home/hrlsh/scrub_nurse_ws/install/ur_robot_manager_interfaces/share/ur_robot_manager_interfaces/cmake/export_ur_robot_manager_interfaces__rosidl_generator_cExport-noconfig.cmake
[9.153s] -- Installing: /home/hrlsh/scrub_nurse_ws/install/ur_robot_manager_interfaces/share/ur_robot_manager_interfaces/cmake/export_ur_robot_manager_interfaces__rosidl_typesupport_fastrtps_cExport.cmake
[9.153s] -- Installing: /home/hrlsh/scrub_nurse_ws/install/ur_robot_manager_interfaces/share/ur_robot_manager_interfaces/cmake/export_ur_robot_manager_interfaces__rosidl_typesupport_fastrtps_cExport-noconfig.cmake
[9.153s] -- Installing: /home/hrlsh/scrub_nurse_ws/install/ur_robot_manager_interfaces/share/ur_robot_manager_interfaces/cmake/ur_robot_manager_interfaces__rosidl_typesupport_introspection_cExport.cmake
[9.154s] -- Installing: /home/hrlsh/scrub_nurse_ws/install/ur_robot_manager_interfaces/share/ur_robot_manager_interfaces/cmake/ur_robot_manager_interfaces__rosidl_typesupport_introspection_cExport-noconfig.cmake
[9.154s] -- Installing: /home/hrlsh/scrub_nurse_ws/install/ur_robot_manager_interfaces/share/ur_robot_manager_interfaces/cmake/ur_robot_manager_interfaces__rosidl_typesupport_cExport.cmake
[9.154s] -- Installing: /home/hrlsh/scrub_nurse_ws/install/ur_robot_manager_interfaces/share/ur_robot_manager_interfaces/cmake/ur_robot_manager_interfaces__rosidl_typesupport_cExport-noconfig.cmake
[9.154s] -- Installing: /home/hrlsh/scrub_nurse_ws/install/ur_robot_manager_interfaces/share/ur_robot_manager_interfaces/cmake/export_ur_robot_manager_interfaces__rosidl_generator_cppExport.cmake
[9.154s] -- Installing: /home/hrlsh/scrub_nurse_ws/install/ur_robot_manager_interfaces/share/ur_robot_manager_interfaces/cmake/export_ur_robot_manager_interfaces__rosidl_typesupport_fastrtps_cppExport.cmake
[9.154s] -- Installing: /home/hrlsh/scrub_nurse_ws/install/ur_robot_manager_interfaces/share/ur_robot_manager_interfaces/cmake/export_ur_robot_manager_interfaces__rosidl_typesupport_fastrtps_cppExport-noconfig.cmake
[9.154s] -- Installing: /home/hrlsh/scrub_nurse_ws/install/ur_robot_manager_interfaces/share/ur_robot_manager_interfaces/cmake/ur_robot_manager_interfaces__rosidl_typesupport_introspection_cppExport.cmake
[9.154s] -- Installing: /home/hrlsh/scrub_nurse_ws/install/ur_robot_manager_interfaces/share/ur_robot_manager_interfaces/cmake/ur_robot_manager_interfaces__rosidl_typesupport_introspection_cppExport-noconfig.cmake
[9.154s] -- Installing: /home/hrlsh/scrub_nurse_ws/install/ur_robot_manager_interfaces/share/ur_robot_manager_interfaces/cmake/ur_robot_manager_interfaces__rosidl_typesupport_cppExport.cmake
[9.155s] -- Installing: /home/hrlsh/scrub_nurse_ws/install/ur_robot_manager_interfaces/share/ur_robot_manager_interfaces/cmake/ur_robot_manager_interfaces__rosidl_typesupport_cppExport-noconfig.cmake
[9.155s] -- Installing: /home/hrlsh/scrub_nurse_ws/install/ur_robot_manager_interfaces/share/ur_robot_manager_interfaces/cmake/export_ur_robot_manager_interfaces__rosidl_generator_pyExport.cmake
[9.155s] -- Installing: /home/hrlsh/scrub_nurse_ws/install/ur_robot_manager_interfaces/share/ur_robot_manager_interfaces/cmake/export_ur_robot_manager_interfaces__rosidl_generator_pyExport-noconfig.cmake
[9.157s] Invoked command in '/home/hrlsh/scrub_nurse_ws/build/ur_robot_manager_interfaces' returned '0': CMAKE_PREFIX_PATH=/opt/ros/humble /usr/bin/cmake --install /home/hrlsh/scrub_nurse_ws/build/ur_robot_manager_interfaces
