[0.008s] Invoking command in '/home/hrlsh/scrub_nurse_ws/build/ur_robot_manager': AMENT_PREFIX_PATH=/home/hrlsh/scrub_nurse_ws/install/ur_robot_manager_interfaces:/home/hrlsh/scrub_nurse_ws/install/gripper_interfaces:${AMENT_PREFIX_PATH} CMAKE_PREFIX_PATH=/home/hrlsh/scrub_nurse_ws/install/ur_robot_manager_interfaces:/home/hrlsh/scrub_nurse_ws/install/gripper_interfaces:/opt/ros/humble LD_LIBRARY_PATH=/home/hrlsh/scrub_nurse_ws/install/ur_robot_manager_interfaces/lib:/home/hrlsh/scrub_nurse_ws/install/gripper_interfaces/lib:${LD_LIBRARY_PATH} PYTHONPATH=/home/hrlsh/scrub_nurse_ws/install/ur_robot_manager_interfaces/local/lib/python3.10/dist-packages:/home/hrlsh/scrub_nurse_ws/install/gripper_interfaces/local/lib/python3.10/dist-packages:${PYTHONPATH} /usr/bin/cmake --build /home/hrlsh/scrub_nurse_ws/build/ur_robot_manager -- -j20 -l20
[0.038s] [ 37%] Built target ur_robot_manager_utils
[0.057s] Consolidate compiler generated dependencies of target ur_robot_manager_core
[0.069s] [ 75%] Built target ur_robot_manager_core
[0.086s] Consolidate compiler generated dependencies of target ur_robot_manager_node
[0.103s] [100%] Built target ur_robot_manager_node
[0.123s] Invoked command in '/home/hrlsh/scrub_nurse_ws/build/ur_robot_manager' returned '0': AMENT_PREFIX_PATH=/home/hrlsh/scrub_nurse_ws/install/ur_robot_manager_interfaces:/home/hrlsh/scrub_nurse_ws/install/gripper_interfaces:${AMENT_PREFIX_PATH} CMAKE_PREFIX_PATH=/home/hrlsh/scrub_nurse_ws/install/ur_robot_manager_interfaces:/home/hrlsh/scrub_nurse_ws/install/gripper_interfaces:/opt/ros/humble LD_LIBRARY_PATH=/home/hrlsh/scrub_nurse_ws/install/ur_robot_manager_interfaces/lib:/home/hrlsh/scrub_nurse_ws/install/gripper_interfaces/lib:${LD_LIBRARY_PATH} PYTHONPATH=/home/hrlsh/scrub_nurse_ws/install/ur_robot_manager_interfaces/local/lib/python3.10/dist-packages:/home/hrlsh/scrub_nurse_ws/install/gripper_interfaces/local/lib/python3.10/dist-packages:${PYTHONPATH} /usr/bin/cmake --build /home/hrlsh/scrub_nurse_ws/build/ur_robot_manager -- -j20 -l20
[0.147s] Invoking command in '/home/hrlsh/scrub_nurse_ws/build/ur_robot_manager': AMENT_PREFIX_PATH=/home/hrlsh/scrub_nurse_ws/install/ur_robot_manager_interfaces:/home/hrlsh/scrub_nurse_ws/install/gripper_interfaces:${AMENT_PREFIX_PATH} CMAKE_PREFIX_PATH=/home/hrlsh/scrub_nurse_ws/install/ur_robot_manager_interfaces:/home/hrlsh/scrub_nurse_ws/install/gripper_interfaces:/opt/ros/humble LD_LIBRARY_PATH=/home/hrlsh/scrub_nurse_ws/install/ur_robot_manager_interfaces/lib:/home/hrlsh/scrub_nurse_ws/install/gripper_interfaces/lib:${LD_LIBRARY_PATH} PYTHONPATH=/home/hrlsh/scrub_nurse_ws/install/ur_robot_manager_interfaces/local/lib/python3.10/dist-packages:/home/hrlsh/scrub_nurse_ws/install/gripper_interfaces/local/lib/python3.10/dist-packages:${PYTHONPATH} /usr/bin/cmake --install /home/hrlsh/scrub_nurse_ws/build/ur_robot_manager
[0.168s] -- Install configuration: ""
[0.170s] -- Execute custom install script
[0.171s] -- Up-to-date symlink: /home/hrlsh/scrub_nurse_ws/install/ur_robot_manager/lib/libur_robot_manager_utils.so
[0.171s] -- Up-to-date symlink: /home/hrlsh/scrub_nurse_ws/install/ur_robot_manager/lib/libur_robot_manager_core.so
[0.172s] -- Up-to-date symlink: /home/hrlsh/scrub_nurse_ws/install/ur_robot_manager/lib/ur_robot_manager/ur_robot_manager_node
[0.174s] -- Up-to-date symlink: /home/hrlsh/scrub_nurse_ws/install/ur_robot_manager/include/ur_robot_manager/core/ur_robot_action_server.h
[0.175s] -- Up-to-date symlink: /home/hrlsh/scrub_nurse_ws/install/ur_robot_manager/include/ur_robot_manager/core/ur_robot_manager.h
[0.175s] -- Up-to-date symlink: /home/hrlsh/scrub_nurse_ws/install/ur_robot_manager/include/ur_robot_manager/robot_types.h
[0.176s] -- Up-to-date symlink: /home/hrlsh/scrub_nurse_ws/install/ur_robot_manager/include/ur_robot_manager/utils/robot_trajectory.h
[0.176s] -- Up-to-date symlink: /home/hrlsh/scrub_nurse_ws/install/ur_robot_manager/include/ur_robot_manager/utils/ur_kinematics.h
[0.177s] -- Symlinking: /home/hrlsh/scrub_nurse_ws/install/ur_robot_manager/share/ur_robot_manager/config/calibration/ur5e_dh_params.yaml
[0.202s] -- Symlinking: /home/hrlsh/scrub_nurse_ws/install/ur_robot_manager/share/ament_index/resource_index/package_run_dependencies/ur_robot_manager
[0.229s] -- Symlinking: /home/hrlsh/scrub_nurse_ws/install/ur_robot_manager/share/ament_index/resource_index/parent_prefix_path/ur_robot_manager
[0.253s] -- Symlinking: /home/hrlsh/scrub_nurse_ws/install/ur_robot_manager/share/ur_robot_manager/environment/ament_prefix_path.sh
[0.278s] -- Symlinking: /home/hrlsh/scrub_nurse_ws/install/ur_robot_manager/share/ur_robot_manager/environment/ament_prefix_path.dsv
[0.302s] -- Symlinking: /home/hrlsh/scrub_nurse_ws/install/ur_robot_manager/share/ur_robot_manager/environment/path.sh
[0.325s] -- Symlinking: /home/hrlsh/scrub_nurse_ws/install/ur_robot_manager/share/ur_robot_manager/environment/path.dsv
[0.350s] -- Symlinking: /home/hrlsh/scrub_nurse_ws/install/ur_robot_manager/share/ur_robot_manager/local_setup.bash
[0.374s] -- Symlinking: /home/hrlsh/scrub_nurse_ws/install/ur_robot_manager/share/ur_robot_manager/local_setup.sh
[0.399s] -- Symlinking: /home/hrlsh/scrub_nurse_ws/install/ur_robot_manager/share/ur_robot_manager/local_setup.zsh
[0.424s] -- Symlinking: /home/hrlsh/scrub_nurse_ws/install/ur_robot_manager/share/ur_robot_manager/local_setup.dsv
[0.451s] -- Symlinking: /home/hrlsh/scrub_nurse_ws/install/ur_robot_manager/share/ur_robot_manager/package.dsv
[0.481s] -- Symlinking: /home/hrlsh/scrub_nurse_ws/install/ur_robot_manager/share/ament_index/resource_index/packages/ur_robot_manager
[0.505s] -- Symlinking: /home/hrlsh/scrub_nurse_ws/install/ur_robot_manager/share/ur_robot_manager/cmake/ur_robot_managerConfig.cmake
[0.529s] -- Symlinking: /home/hrlsh/scrub_nurse_ws/install/ur_robot_manager/share/ur_robot_manager/cmake/ur_robot_managerConfig-version.cmake
[0.557s] -- Symlinking: /home/hrlsh/scrub_nurse_ws/install/ur_robot_manager/share/ur_robot_manager/package.xml
[0.588s] Invoked command in '/home/hrlsh/scrub_nurse_ws/build/ur_robot_manager' returned '0': AMENT_PREFIX_PATH=/home/hrlsh/scrub_nurse_ws/install/ur_robot_manager_interfaces:/home/hrlsh/scrub_nurse_ws/install/gripper_interfaces:${AMENT_PREFIX_PATH} CMAKE_PREFIX_PATH=/home/hrlsh/scrub_nurse_ws/install/ur_robot_manager_interfaces:/home/hrlsh/scrub_nurse_ws/install/gripper_interfaces:/opt/ros/humble LD_LIBRARY_PATH=/home/hrlsh/scrub_nurse_ws/install/ur_robot_manager_interfaces/lib:/home/hrlsh/scrub_nurse_ws/install/gripper_interfaces/lib:${LD_LIBRARY_PATH} PYTHONPATH=/home/hrlsh/scrub_nurse_ws/install/ur_robot_manager_interfaces/local/lib/python3.10/dist-packages:/home/hrlsh/scrub_nurse_ws/install/gripper_interfaces/local/lib/python3.10/dist-packages:${PYTHONPATH} /usr/bin/cmake --install /home/hrlsh/scrub_nurse_ws/build/ur_robot_manager
