[0.351s] DEBUG:colcon:Command line arguments: ['/usr/bin/colcon', 'build', '--symlink-install', '--packages-select', 'nurse_bringup', '--cmake-args', '-DPython3_EXECUTABLE=/home/hrlsh/ai_env/vla_venv/bin/python3']
[0.351s] DEBUG:colcon:Parsed command line arguments: Namespace(log_base=None, log_level=None, verb_name='build', build_base='build', install_base='install', merge_install=False, symlink_install=True, test_result_base=None, continue_on_error=False, executor='parallel', parallel_workers=20, event_handlers=None, ignore_user_meta=False, metas=['./colcon.meta'], base_paths=['.'], packages_ignore=None, packages_ignore_regex=None, paths=None, packages_up_to=None, packages_up_to_regex=None, packages_above=None, packages_above_and_dependencies=None, packages_above_depth=None, packages_select_by_dep=None, packages_skip_by_dep=None, packages_skip_up_to=None, packages_select_build_failed=False, packages_skip_build_finished=False, packages_select_test_failures=False, packages_skip_test_passed=False, packages_select=['nurse_bringup'], packages_skip=None, packages_select_regex=None, packages_skip_regex=None, packages_start=None, packages_end=None, allow_overriding=[], cmake_args=['-DPython3_EXECUTABLE=/home/hrlsh/ai_env/vla_venv/bin/python3'], cmake_target=None, cmake_target_skip_unavailable=False, cmake_clean_cache=False, cmake_clean_first=False, cmake_force_configure=False, ament_cmake_args=None, catkin_cmake_args=None, catkin_skip_building_tests=False, mixin_files=None, mixin=None, verb_parser=<colcon_mixin.mixin.mixin_argument.MixinArgumentDecorator object at 0x7f1f892931c0>, verb_extension=<colcon_core.verb.build.BuildVerb object at 0x7f1f89254bb0>, main=<bound method BuildVerb.main of <colcon_core.verb.build.BuildVerb object at 0x7f1f89254bb0>>, mixin_verb=('build',))
[0.535s] Level 1:colcon.colcon_core.package_discovery:discover_packages(colcon_meta) check parameters
[0.536s] Level 1:colcon.colcon_core.package_discovery:discover_packages(recursive) check parameters
[0.536s] Level 1:colcon.colcon_core.package_discovery:discover_packages(ignore) check parameters
[0.536s] Level 1:colcon.colcon_core.package_discovery:discover_packages(path) check parameters
[0.536s] Level 1:colcon.colcon_core.package_discovery:discover_packages(colcon_meta) discover
[0.536s] Level 1:colcon.colcon_core.package_discovery:discover_packages(recursive) discover
[0.536s] INFO:colcon.colcon_core.package_discovery:Crawling recursively for packages in '/home/hrlsh/scrub_nurse_ws'
[0.536s] Level 1:colcon.colcon_core.package_identification:_identify(.) by extensions ['ignore', 'ignore_ament_install']
[0.536s] Level 1:colcon.colcon_core.package_identification:_identify(.) by extension 'ignore'
[0.536s] Level 1:colcon.colcon_core.package_identification:_identify(.) by extension 'ignore_ament_install'
[0.536s] Level 1:colcon.colcon_core.package_identification:_identify(.) by extensions ['colcon_pkg']
[0.536s] Level 1:colcon.colcon_core.package_identification:_identify(.) by extension 'colcon_pkg'
[0.536s] Level 1:colcon.colcon_core.package_identification:_identify(.) by extensions ['colcon_meta']
[0.536s] Level 1:colcon.colcon_core.package_identification:_identify(.) by extension 'colcon_meta'
[0.536s] Level 1:colcon.colcon_core.package_identification:_identify(.) by extensions ['ros']
[0.536s] Level 1:colcon.colcon_core.package_identification:_identify(.) by extension 'ros'
[0.550s] Level 1:colcon.colcon_core.package_identification:_identify(.) by extensions ['cmake', 'python']
[0.550s] Level 1:colcon.colcon_core.package_identification:_identify(.) by extension 'cmake'
[0.550s] Level 1:colcon.colcon_core.package_identification:_identify(.) by extension 'python'
[0.550s] Level 1:colcon.colcon_core.package_identification:_identify(.) by extensions ['python_setup_py']
[0.550s] Level 1:colcon.colcon_core.package_identification:_identify(.) by extension 'python_setup_py'
[0.550s] Level 1:colcon.colcon_core.package_identification:_identify(build) by extensions ['ignore', 'ignore_ament_install']
[0.550s] Level 1:colcon.colcon_core.package_identification:_identify(build) by extension 'ignore'
[0.550s] Level 1:colcon.colcon_core.package_identification:_identify(build) ignored
[0.550s] Level 1:colcon.colcon_core.package_identification:_identify(install) by extensions ['ignore', 'ignore_ament_install']
[0.550s] Level 1:colcon.colcon_core.package_identification:_identify(install) by extension 'ignore'
[0.550s] Level 1:colcon.colcon_core.package_identification:_identify(install) ignored
[0.550s] Level 1:colcon.colcon_core.package_identification:_identify(log) by extensions ['ignore', 'ignore_ament_install']
[0.550s] Level 1:colcon.colcon_core.package_identification:_identify(log) by extension 'ignore'
[0.551s] Level 1:colcon.colcon_core.package_identification:_identify(log) ignored
[0.551s] Level 1:colcon.colcon_core.package_identification:_identify(scripts) by extensions ['ignore', 'ignore_ament_install']
[0.551s] Level 1:colcon.colcon_core.package_identification:_identify(scripts) by extension 'ignore'
[0.551s] Level 1:colcon.colcon_core.package_identification:_identify(scripts) by extension 'ignore_ament_install'
[0.551s] Level 1:colcon.colcon_core.package_identification:_identify(scripts) by extensions ['colcon_pkg']
[0.551s] Level 1:colcon.colcon_core.package_identification:_identify(scripts) by extension 'colcon_pkg'
[0.551s] Level 1:colcon.colcon_core.package_identification:_identify(scripts) by extensions ['colcon_meta']
[0.551s] Level 1:colcon.colcon_core.package_identification:_identify(scripts) by extension 'colcon_meta'
[0.551s] Level 1:colcon.colcon_core.package_identification:_identify(scripts) by extensions ['ros']
[0.551s] Level 1:colcon.colcon_core.package_identification:_identify(scripts) by extension 'ros'
[0.551s] Level 1:colcon.colcon_core.package_identification:_identify(scripts) by extensions ['cmake', 'python']
[0.551s] Level 1:colcon.colcon_core.package_identification:_identify(scripts) by extension 'cmake'
[0.551s] Level 1:colcon.colcon_core.package_identification:_identify(scripts) by extension 'python'
[0.551s] Level 1:colcon.colcon_core.package_identification:_identify(scripts) by extensions ['python_setup_py']
[0.551s] Level 1:colcon.colcon_core.package_identification:_identify(scripts) by extension 'python_setup_py'
[0.551s] Level 1:colcon.colcon_core.package_identification:_identify(scripts/__pycache__) by extensions ['ignore', 'ignore_ament_install']
[0.551s] Level 1:colcon.colcon_core.package_identification:_identify(scripts/__pycache__) by extension 'ignore'
[0.551s] Level 1:colcon.colcon_core.package_identification:_identify(scripts/__pycache__) by extension 'ignore_ament_install'
[0.551s] Level 1:colcon.colcon_core.package_identification:_identify(scripts/__pycache__) by extensions ['colcon_pkg']
[0.551s] Level 1:colcon.colcon_core.package_identification:_identify(scripts/__pycache__) by extension 'colcon_pkg'
[0.551s] Level 1:colcon.colcon_core.package_identification:_identify(scripts/__pycache__) by extensions ['colcon_meta']
[0.551s] Level 1:colcon.colcon_core.package_identification:_identify(scripts/__pycache__) by extension 'colcon_meta'
[0.551s] Level 1:colcon.colcon_core.package_identification:_identify(scripts/__pycache__) by extensions ['ros']
[0.551s] Level 1:colcon.colcon_core.package_identification:_identify(scripts/__pycache__) by extension 'ros'
[0.552s] Level 1:colcon.colcon_core.package_identification:_identify(scripts/__pycache__) by extensions ['cmake', 'python']
[0.552s] Level 1:colcon.colcon_core.package_identification:_identify(scripts/__pycache__) by extension 'cmake'
[0.552s] Level 1:colcon.colcon_core.package_identification:_identify(scripts/__pycache__) by extension 'python'
[0.552s] Level 1:colcon.colcon_core.package_identification:_identify(scripts/__pycache__) by extensions ['python_setup_py']
[0.552s] Level 1:colcon.colcon_core.package_identification:_identify(scripts/__pycache__) by extension 'python_setup_py'
[0.552s] Level 1:colcon.colcon_core.package_identification:_identify(scripts/build) by extensions ['ignore', 'ignore_ament_install']
[0.552s] Level 1:colcon.colcon_core.package_identification:_identify(scripts/build) by extension 'ignore'
[0.552s] Level 1:colcon.colcon_core.package_identification:_identify(scripts/build) ignored
[0.552s] Level 1:colcon.colcon_core.package_identification:_identify(scripts/install) by extensions ['ignore', 'ignore_ament_install']
[0.552s] Level 1:colcon.colcon_core.package_identification:_identify(scripts/install) by extension 'ignore'
[0.552s] Level 1:colcon.colcon_core.package_identification:_identify(scripts/install) ignored
[0.552s] Level 1:colcon.colcon_core.package_identification:_identify(scripts/log) by extensions ['ignore', 'ignore_ament_install']
[0.552s] Level 1:colcon.colcon_core.package_identification:_identify(scripts/log) by extension 'ignore'
[0.552s] Level 1:colcon.colcon_core.package_identification:_identify(scripts/log) ignored
[0.552s] Level 1:colcon.colcon_core.package_identification:_identify(src) by extensions ['ignore', 'ignore_ament_install']
[0.552s] Level 1:colcon.colcon_core.package_identification:_identify(src) by extension 'ignore'
[0.552s] Level 1:colcon.colcon_core.package_identification:_identify(src) by extension 'ignore_ament_install'
[0.552s] Level 1:colcon.colcon_core.package_identification:_identify(src) by extensions ['colcon_pkg']
[0.552s] Level 1:colcon.colcon_core.package_identification:_identify(src) by extension 'colcon_pkg'
[0.552s] Level 1:colcon.colcon_core.package_identification:_identify(src) by extensions ['colcon_meta']
[0.552s] Level 1:colcon.colcon_core.package_identification:_identify(src) by extension 'colcon_meta'
[0.553s] Level 1:colcon.colcon_core.package_identification:_identify(src) by extensions ['ros']
[0.553s] Level 1:colcon.colcon_core.package_identification:_identify(src) by extension 'ros'
[0.553s] Level 1:colcon.colcon_core.package_identification:_identify(src) by extensions ['cmake', 'python']
[0.553s] Level 1:colcon.colcon_core.package_identification:_identify(src) by extension 'cmake'
[0.553s] Level 1:colcon.colcon_core.package_identification:_identify(src) by extension 'python'
[0.553s] Level 1:colcon.colcon_core.package_identification:_identify(src) by extensions ['python_setup_py']
[0.553s] Level 1:colcon.colcon_core.package_identification:_identify(src) by extension 'python_setup_py'
[0.553s] Level 1:colcon.colcon_core.package_identification:_identify(src/aruco_interfaces) by extensions ['ignore', 'ignore_ament_install']
[0.553s] Level 1:colcon.colcon_core.package_identification:_identify(src/aruco_interfaces) by extension 'ignore'
[0.553s] Level 1:colcon.colcon_core.package_identification:_identify(src/aruco_interfaces) by extension 'ignore_ament_install'
[0.553s] Level 1:colcon.colcon_core.package_identification:_identify(src/aruco_interfaces) by extensions ['colcon_pkg']
[0.553s] Level 1:colcon.colcon_core.package_identification:_identify(src/aruco_interfaces) by extension 'colcon_pkg'
[0.553s] Level 1:colcon.colcon_core.package_identification:_identify(src/aruco_interfaces) by extensions ['colcon_meta']
[0.553s] Level 1:colcon.colcon_core.package_identification:_identify(src/aruco_interfaces) by extension 'colcon_meta'
[0.553s] Level 1:colcon.colcon_core.package_identification:_identify(src/aruco_interfaces) by extensions ['ros']
[0.553s] Level 1:colcon.colcon_core.package_identification:_identify(src/aruco_interfaces) by extension 'ros'
[0.555s] DEBUG:colcon.colcon_core.package_identification:Package 'src/aruco_interfaces' with type 'ros.ament_cmake' and name 'aruco_interfaces'
[0.555s] Level 1:colcon.colcon_core.package_identification:_identify(src/gripper_interfaces) by extensions ['ignore', 'ignore_ament_install']
[0.555s] Level 1:colcon.colcon_core.package_identification:_identify(src/gripper_interfaces) by extension 'ignore'
[0.555s] Level 1:colcon.colcon_core.package_identification:_identify(src/gripper_interfaces) by extension 'ignore_ament_install'
[0.555s] Level 1:colcon.colcon_core.package_identification:_identify(src/gripper_interfaces) by extensions ['colcon_pkg']
[0.555s] Level 1:colcon.colcon_core.package_identification:_identify(src/gripper_interfaces) by extension 'colcon_pkg'
[0.555s] Level 1:colcon.colcon_core.package_identification:_identify(src/gripper_interfaces) by extensions ['colcon_meta']
[0.555s] Level 1:colcon.colcon_core.package_identification:_identify(src/gripper_interfaces) by extension 'colcon_meta'
[0.555s] Level 1:colcon.colcon_core.package_identification:_identify(src/gripper_interfaces) by extensions ['ros']
[0.555s] Level 1:colcon.colcon_core.package_identification:_identify(src/gripper_interfaces) by extension 'ros'
[0.556s] DEBUG:colcon.colcon_core.package_identification:Package 'src/gripper_interfaces' with type 'ros.ament_cmake' and name 'gripper_interfaces'
[0.556s] Level 1:colcon.colcon_core.package_identification:_identify(src/gripper_test) by extensions ['ignore', 'ignore_ament_install']
[0.556s] Level 1:colcon.colcon_core.package_identification:_identify(src/gripper_test) by extension 'ignore'
[0.556s] Level 1:colcon.colcon_core.package_identification:_identify(src/gripper_test) by extension 'ignore_ament_install'
[0.556s] Level 1:colcon.colcon_core.package_identification:_identify(src/gripper_test) by extensions ['colcon_pkg']
[0.556s] Level 1:colcon.colcon_core.package_identification:_identify(src/gripper_test) by extension 'colcon_pkg'
[0.556s] Level 1:colcon.colcon_core.package_identification:_identify(src/gripper_test) by extensions ['colcon_meta']
[0.556s] Level 1:colcon.colcon_core.package_identification:_identify(src/gripper_test) by extension 'colcon_meta'
[0.556s] Level 1:colcon.colcon_core.package_identification:_identify(src/gripper_test) by extensions ['ros']
[0.556s] Level 1:colcon.colcon_core.package_identification:_identify(src/gripper_test) by extension 'ros'
[0.557s] DEBUG:colcon.colcon_core.package_identification:Package 'src/gripper_test' with type 'ros.ament_cmake' and name 'gripper_test'
[0.557s] Level 1:colcon.colcon_core.package_identification:_identify(src/nurse_bringup) by extensions ['ignore', 'ignore_ament_install']
[0.557s] Level 1:colcon.colcon_core.package_identification:_identify(src/nurse_bringup) by extension 'ignore'
[0.557s] Level 1:colcon.colcon_core.package_identification:_identify(src/nurse_bringup) by extension 'ignore_ament_install'
[0.557s] Level 1:colcon.colcon_core.package_identification:_identify(src/nurse_bringup) by extensions ['colcon_pkg']
[0.557s] Level 1:colcon.colcon_core.package_identification:_identify(src/nurse_bringup) by extension 'colcon_pkg'
[0.557s] Level 1:colcon.colcon_core.package_identification:_identify(src/nurse_bringup) by extensions ['colcon_meta']
[0.557s] Level 1:colcon.colcon_core.package_identification:_identify(src/nurse_bringup) by extension 'colcon_meta'
[0.557s] Level 1:colcon.colcon_core.package_identification:_identify(src/nurse_bringup) by extensions ['ros']
[0.557s] Level 1:colcon.colcon_core.package_identification:_identify(src/nurse_bringup) by extension 'ros'
[0.558s] DEBUG:colcon.colcon_core.package_identification:Package 'src/nurse_bringup' with type 'ros.ament_cmake' and name 'nurse_bringup'
[0.558s] Level 1:colcon.colcon_core.package_identification:_identify(src/nurse_control) by extensions ['ignore', 'ignore_ament_install']
[0.558s] Level 1:colcon.colcon_core.package_identification:_identify(src/nurse_control) by extension 'ignore'
[0.558s] Level 1:colcon.colcon_core.package_identification:_identify(src/nurse_control) by extension 'ignore_ament_install'
[0.558s] Level 1:colcon.colcon_core.package_identification:_identify(src/nurse_control) by extensions ['colcon_pkg']
[0.558s] Level 1:colcon.colcon_core.package_identification:_identify(src/nurse_control) by extension 'colcon_pkg'
[0.558s] Level 1:colcon.colcon_core.package_identification:_identify(src/nurse_control) by extensions ['colcon_meta']
[0.558s] Level 1:colcon.colcon_core.package_identification:_identify(src/nurse_control) by extension 'colcon_meta'
[0.558s] Level 1:colcon.colcon_core.package_identification:_identify(src/nurse_control) by extensions ['ros']
[0.558s] Level 1:colcon.colcon_core.package_identification:_identify(src/nurse_control) by extension 'ros'
[0.559s] DEBUG:colcon.colcon_core.package_identification:Package 'src/nurse_control' with type 'ros.ament_python' and name 'nurse_control'
[0.559s] Level 1:colcon.colcon_core.package_identification:_identify(src/nurse_interfaces) by extensions ['ignore', 'ignore_ament_install']
[0.559s] Level 1:colcon.colcon_core.package_identification:_identify(src/nurse_interfaces) by extension 'ignore'
[0.559s] Level 1:colcon.colcon_core.package_identification:_identify(src/nurse_interfaces) by extension 'ignore_ament_install'
[0.559s] Level 1:colcon.colcon_core.package_identification:_identify(src/nurse_interfaces) by extensions ['colcon_pkg']
[0.559s] Level 1:colcon.colcon_core.package_identification:_identify(src/nurse_interfaces) by extension 'colcon_pkg'
[0.559s] Level 1:colcon.colcon_core.package_identification:_identify(src/nurse_interfaces) by extensions ['colcon_meta']
[0.559s] Level 1:colcon.colcon_core.package_identification:_identify(src/nurse_interfaces) by extension 'colcon_meta'
[0.559s] Level 1:colcon.colcon_core.package_identification:_identify(src/nurse_interfaces) by extensions ['ros']
[0.559s] Level 1:colcon.colcon_core.package_identification:_identify(src/nurse_interfaces) by extension 'ros'
[0.560s] DEBUG:colcon.colcon_core.package_identification:Package 'src/nurse_interfaces' with type 'ros.ament_cmake' and name 'nurse_interfaces'
[0.560s] Level 1:colcon.colcon_core.package_identification:_identify(src/nurse_perception) by extensions ['ignore', 'ignore_ament_install']
[0.560s] Level 1:colcon.colcon_core.package_identification:_identify(src/nurse_perception) by extension 'ignore'
[0.560s] Level 1:colcon.colcon_core.package_identification:_identify(src/nurse_perception) by extension 'ignore_ament_install'
[0.560s] Level 1:colcon.colcon_core.package_identification:_identify(src/nurse_perception) by extensions ['colcon_pkg']
[0.560s] Level 1:colcon.colcon_core.package_identification:_identify(src/nurse_perception) by extension 'colcon_pkg'
[0.560s] Level 1:colcon.colcon_core.package_identification:_identify(src/nurse_perception) by extensions ['colcon_meta']
[0.560s] Level 1:colcon.colcon_core.package_identification:_identify(src/nurse_perception) by extension 'colcon_meta'
[0.560s] Level 1:colcon.colcon_core.package_identification:_identify(src/nurse_perception) by extensions ['ros']
[0.560s] Level 1:colcon.colcon_core.package_identification:_identify(src/nurse_perception) by extension 'ros'
[0.561s] DEBUG:colcon.colcon_core.package_identification:Package 'src/nurse_perception' with type 'ros.ament_python' and name 'nurse_perception'
[0.561s] Level 1:colcon.colcon_core.package_identification:_identify(src/nurse_planning) by extensions ['ignore', 'ignore_ament_install']
[0.561s] Level 1:colcon.colcon_core.package_identification:_identify(src/nurse_planning) by extension 'ignore'
[0.561s] Level 1:colcon.colcon_core.package_identification:_identify(src/nurse_planning) by extension 'ignore_ament_install'
[0.561s] Level 1:colcon.colcon_core.package_identification:_identify(src/nurse_planning) by extensions ['colcon_pkg']
[0.561s] Level 1:colcon.colcon_core.package_identification:_identify(src/nurse_planning) by extension 'colcon_pkg'
[0.561s] Level 1:colcon.colcon_core.package_identification:_identify(src/nurse_planning) by extensions ['colcon_meta']
[0.561s] Level 1:colcon.colcon_core.package_identification:_identify(src/nurse_planning) by extension 'colcon_meta'
[0.561s] Level 1:colcon.colcon_core.package_identification:_identify(src/nurse_planning) by extensions ['ros']
[0.561s] Level 1:colcon.colcon_core.package_identification:_identify(src/nurse_planning) by extension 'ros'
[0.562s] DEBUG:colcon.colcon_core.package_identification:Package 'src/nurse_planning' with type 'ros.ament_python' and name 'nurse_planning'
[0.562s] Level 1:colcon.colcon_core.package_identification:_identify(src/ros2_recorder) by extensions ['ignore', 'ignore_ament_install']
[0.562s] Level 1:colcon.colcon_core.package_identification:_identify(src/ros2_recorder) by extension 'ignore'
[0.562s] Level 1:colcon.colcon_core.package_identification:_identify(src/ros2_recorder) by extension 'ignore_ament_install'
[0.562s] Level 1:colcon.colcon_core.package_identification:_identify(src/ros2_recorder) by extensions ['colcon_pkg']
[0.562s] Level 1:colcon.colcon_core.package_identification:_identify(src/ros2_recorder) by extension 'colcon_pkg'
[0.562s] Level 1:colcon.colcon_core.package_identification:_identify(src/ros2_recorder) by extensions ['colcon_meta']
[0.562s] Level 1:colcon.colcon_core.package_identification:_identify(src/ros2_recorder) by extension 'colcon_meta'
[0.562s] Level 1:colcon.colcon_core.package_identification:_identify(src/ros2_recorder) by extensions ['ros']
[0.562s] Level 1:colcon.colcon_core.package_identification:_identify(src/ros2_recorder) by extension 'ros'
[0.562s] Level 1:colcon.colcon_core.package_identification:_identify(src/ros2_recorder) by extensions ['cmake', 'python']
[0.562s] Level 1:colcon.colcon_core.package_identification:_identify(src/ros2_recorder) by extension 'cmake'
[0.562s] Level 1:colcon.colcon_core.package_identification:_identify(src/ros2_recorder) by extension 'python'
[0.563s] Level 1:colcon.colcon_core.package_identification:_identify(src/ros2_recorder) by extensions ['python_setup_py']
[0.563s] Level 1:colcon.colcon_core.package_identification:_identify(src/ros2_recorder) by extension 'python_setup_py'
[0.563s] Level 1:colcon.colcon_core.package_identification:_identify(src/ros2_recorder/config) by extensions ['ignore', 'ignore_ament_install']
[0.563s] Level 1:colcon.colcon_core.package_identification:_identify(src/ros2_recorder/config) by extension 'ignore'
[0.563s] Level 1:colcon.colcon_core.package_identification:_identify(src/ros2_recorder/config) by extension 'ignore_ament_install'
[0.563s] Level 1:colcon.colcon_core.package_identification:_identify(src/ros2_recorder/config) by extensions ['colcon_pkg']
[0.563s] Level 1:colcon.colcon_core.package_identification:_identify(src/ros2_recorder/config) by extension 'colcon_pkg'
[0.563s] Level 1:colcon.colcon_core.package_identification:_identify(src/ros2_recorder/config) by extensions ['colcon_meta']
[0.563s] Level 1:colcon.colcon_core.package_identification:_identify(src/ros2_recorder/config) by extension 'colcon_meta'
[0.563s] Level 1:colcon.colcon_core.package_identification:_identify(src/ros2_recorder/config) by extensions ['ros']
[0.563s] Level 1:colcon.colcon_core.package_identification:_identify(src/ros2_recorder/config) by extension 'ros'
[0.563s] Level 1:colcon.colcon_core.package_identification:_identify(src/ros2_recorder/config) by extensions ['cmake', 'python']
[0.563s] Level 1:colcon.colcon_core.package_identification:_identify(src/ros2_recorder/config) by extension 'cmake'
[0.563s] Level 1:colcon.colcon_core.package_identification:_identify(src/ros2_recorder/config) by extension 'python'
[0.563s] Level 1:colcon.colcon_core.package_identification:_identify(src/ros2_recorder/config) by extensions ['python_setup_py']
[0.563s] Level 1:colcon.colcon_core.package_identification:_identify(src/ros2_recorder/config) by extension 'python_setup_py'
[0.563s] Level 1:colcon.colcon_core.package_identification:_identify(src/ros2_recorder/launch) by extensions ['ignore', 'ignore_ament_install']
[0.563s] Level 1:colcon.colcon_core.package_identification:_identify(src/ros2_recorder/launch) by extension 'ignore'
[0.563s] Level 1:colcon.colcon_core.package_identification:_identify(src/ros2_recorder/launch) by extension 'ignore_ament_install'
[0.563s] Level 1:colcon.colcon_core.package_identification:_identify(src/ros2_recorder/launch) by extensions ['colcon_pkg']
[0.563s] Level 1:colcon.colcon_core.package_identification:_identify(src/ros2_recorder/launch) by extension 'colcon_pkg'
[0.563s] Level 1:colcon.colcon_core.package_identification:_identify(src/ros2_recorder/launch) by extensions ['colcon_meta']
[0.564s] Level 1:colcon.colcon_core.package_identification:_identify(src/ros2_recorder/launch) by extension 'colcon_meta'
[0.564s] Level 1:colcon.colcon_core.package_identification:_identify(src/ros2_recorder/launch) by extensions ['ros']
[0.564s] Level 1:colcon.colcon_core.package_identification:_identify(src/ros2_recorder/launch) by extension 'ros'
[0.564s] Level 1:colcon.colcon_core.package_identification:_identify(src/ros2_recorder/launch) by extensions ['cmake', 'python']
[0.564s] Level 1:colcon.colcon_core.package_identification:_identify(src/ros2_recorder/launch) by extension 'cmake'
[0.564s] Level 1:colcon.colcon_core.package_identification:_identify(src/ros2_recorder/launch) by extension 'python'
[0.564s] Level 1:colcon.colcon_core.package_identification:_identify(src/ros2_recorder/launch) by extensions ['python_setup_py']
[0.564s] Level 1:colcon.colcon_core.package_identification:_identify(src/ros2_recorder/launch) by extension 'python_setup_py'
[0.564s] Level 1:colcon.colcon_core.package_identification:_identify(src/ros2_recorder/nodes) by extensions ['ignore', 'ignore_ament_install']
[0.564s] Level 1:colcon.colcon_core.package_identification:_identify(src/ros2_recorder/nodes) by extension 'ignore'
[0.564s] Level 1:colcon.colcon_core.package_identification:_identify(src/ros2_recorder/nodes) by extension 'ignore_ament_install'
[0.564s] Level 1:colcon.colcon_core.package_identification:_identify(src/ros2_recorder/nodes) by extensions ['colcon_pkg']
[0.564s] Level 1:colcon.colcon_core.package_identification:_identify(src/ros2_recorder/nodes) by extension 'colcon_pkg'
[0.564s] Level 1:colcon.colcon_core.package_identification:_identify(src/ros2_recorder/nodes) by extensions ['colcon_meta']
[0.564s] Level 1:colcon.colcon_core.package_identification:_identify(src/ros2_recorder/nodes) by extension 'colcon_meta'
[0.564s] Level 1:colcon.colcon_core.package_identification:_identify(src/ros2_recorder/nodes) by extensions ['ros']
[0.564s] Level 1:colcon.colcon_core.package_identification:_identify(src/ros2_recorder/nodes) by extension 'ros'
[0.564s] Level 1:colcon.colcon_core.package_identification:_identify(src/ros2_recorder/nodes) by extensions ['cmake', 'python']
[0.564s] Level 1:colcon.colcon_core.package_identification:_identify(src/ros2_recorder/nodes) by extension 'cmake'
[0.564s] Level 1:colcon.colcon_core.package_identification:_identify(src/ros2_recorder/nodes) by extension 'python'
[0.564s] Level 1:colcon.colcon_core.package_identification:_identify(src/ros2_recorder/nodes) by extensions ['python_setup_py']
[0.564s] Level 1:colcon.colcon_core.package_identification:_identify(src/ros2_recorder/nodes) by extension 'python_setup_py'
[0.564s] Level 1:colcon.colcon_core.package_identification:_identify(src/ur_robot_manager) by extensions ['ignore', 'ignore_ament_install']
[0.564s] Level 1:colcon.colcon_core.package_identification:_identify(src/ur_robot_manager) by extension 'ignore'
[0.565s] Level 1:colcon.colcon_core.package_identification:_identify(src/ur_robot_manager) by extension 'ignore_ament_install'
[0.565s] Level 1:colcon.colcon_core.package_identification:_identify(src/ur_robot_manager) by extensions ['colcon_pkg']
[0.565s] Level 1:colcon.colcon_core.package_identification:_identify(src/ur_robot_manager) by extension 'colcon_pkg'
[0.565s] Level 1:colcon.colcon_core.package_identification:_identify(src/ur_robot_manager) by extensions ['colcon_meta']
[0.565s] Level 1:colcon.colcon_core.package_identification:_identify(src/ur_robot_manager) by extension 'colcon_meta'
[0.565s] Level 1:colcon.colcon_core.package_identification:_identify(src/ur_robot_manager) by extensions ['ros']
[0.565s] Level 1:colcon.colcon_core.package_identification:_identify(src/ur_robot_manager) by extension 'ros'
[0.566s] DEBUG:colcon.colcon_core.package_identification:Package 'src/ur_robot_manager' with type 'ros.ament_cmake' and name 'ur_robot_manager'
[0.566s] Level 1:colcon.colcon_core.package_identification:_identify(src/ur_robot_manager_interfaces) by extensions ['ignore', 'ignore_ament_install']
[0.566s] Level 1:colcon.colcon_core.package_identification:_identify(src/ur_robot_manager_interfaces) by extension 'ignore'
[0.566s] Level 1:colcon.colcon_core.package_identification:_identify(src/ur_robot_manager_interfaces) by extension 'ignore_ament_install'
[0.566s] Level 1:colcon.colcon_core.package_identification:_identify(src/ur_robot_manager_interfaces) by extensions ['colcon_pkg']
[0.566s] Level 1:colcon.colcon_core.package_identification:_identify(src/ur_robot_manager_interfaces) by extension 'colcon_pkg'
[0.566s] Level 1:colcon.colcon_core.package_identification:_identify(src/ur_robot_manager_interfaces) by extensions ['colcon_meta']
[0.566s] Level 1:colcon.colcon_core.package_identification:_identify(src/ur_robot_manager_interfaces) by extension 'colcon_meta'
[0.566s] Level 1:colcon.colcon_core.package_identification:_identify(src/ur_robot_manager_interfaces) by extensions ['ros']
[0.566s] Level 1:colcon.colcon_core.package_identification:_identify(src/ur_robot_manager_interfaces) by extension 'ros'
[0.567s] DEBUG:colcon.colcon_core.package_identification:Package 'src/ur_robot_manager_interfaces' with type 'ros.ament_cmake' and name 'ur_robot_manager_interfaces'
[0.567s] Level 1:colcon.colcon_core.package_discovery:discover_packages(recursive) using defaults
[0.567s] Level 1:colcon.colcon_core.package_discovery:discover_packages(ignore) discover
[0.567s] Level 1:colcon.colcon_core.package_discovery:discover_packages(ignore) using defaults
[0.567s] Level 1:colcon.colcon_core.package_discovery:discover_packages(path) discover
[0.567s] Level 1:colcon.colcon_core.package_discovery:discover_packages(path) using defaults
[0.583s] INFO:colcon.colcon_core.package_selection:Skipping not selected package 'aruco_interfaces' in 'src/aruco_interfaces'
[0.583s] INFO:colcon.colcon_core.package_selection:Skipping not selected package 'gripper_interfaces' in 'src/gripper_interfaces'
[0.583s] INFO:colcon.colcon_core.package_selection:Skipping not selected package 'nurse_interfaces' in 'src/nurse_interfaces'
[0.583s] INFO:colcon.colcon_core.package_selection:Skipping not selected package 'ur_robot_manager_interfaces' in 'src/ur_robot_manager_interfaces'
[0.583s] INFO:colcon.colcon_core.package_selection:Skipping not selected package 'gripper_test' in 'src/gripper_test'
[0.583s] INFO:colcon.colcon_core.package_selection:Skipping not selected package 'nurse_control' in 'src/nurse_control'
[0.583s] INFO:colcon.colcon_core.package_selection:Skipping not selected package 'nurse_perception' in 'src/nurse_perception'
[0.583s] INFO:colcon.colcon_core.package_selection:Skipping not selected package 'nurse_planning' in 'src/nurse_planning'
[0.583s] INFO:colcon.colcon_core.package_selection:Skipping not selected package 'ur_robot_manager' in 'src/ur_robot_manager'
[0.583s] Level 1:colcon.colcon_core.package_discovery:discover_packages(prefix_path) check parameters
[0.583s] Level 1:colcon.colcon_core.package_discovery:discover_packages(prefix_path) discover
[0.585s] DEBUG:colcon.colcon_installed_package_information.package_discovery:Found 331 installed packages in /opt/ros/humble
[0.586s] Level 1:colcon.colcon_core.package_discovery:discover_packages(prefix_path) using defaults
[0.618s] Level 5:colcon.colcon_core.verb:set package 'nurse_bringup' build argument 'cmake_args' from command line to '['-DPython3_EXECUTABLE=/home/hrlsh/ai_env/vla_venv/bin/python3']'
[0.618s] Level 5:colcon.colcon_core.verb:set package 'nurse_bringup' build argument 'cmake_target' from command line to 'None'
[0.618s] Level 5:colcon.colcon_core.verb:set package 'nurse_bringup' build argument 'cmake_target_skip_unavailable' from command line to 'False'
[0.618s] Level 5:colcon.colcon_core.verb:set package 'nurse_bringup' build argument 'cmake_clean_cache' from command line to 'False'
[0.618s] Level 5:colcon.colcon_core.verb:set package 'nurse_bringup' build argument 'cmake_clean_first' from command line to 'False'
[0.618s] Level 5:colcon.colcon_core.verb:set package 'nurse_bringup' build argument 'cmake_force_configure' from command line to 'False'
[0.618s] Level 5:colcon.colcon_core.verb:set package 'nurse_bringup' build argument 'ament_cmake_args' from command line to 'None'
[0.618s] Level 5:colcon.colcon_core.verb:set package 'nurse_bringup' build argument 'catkin_cmake_args' from command line to 'None'
[0.618s] Level 5:colcon.colcon_core.verb:set package 'nurse_bringup' build argument 'catkin_skip_building_tests' from command line to 'False'
[0.619s] DEBUG:colcon.colcon_core.verb:Building package 'nurse_bringup' with the following arguments: {'ament_cmake_args': None, 'build_base': '/home/hrlsh/scrub_nurse_ws/build/nurse_bringup', 'catkin_cmake_args': None, 'catkin_skip_building_tests': False, 'cmake_args': ['-DPython3_EXECUTABLE=/home/hrlsh/ai_env/vla_venv/bin/python3'], 'cmake_clean_cache': False, 'cmake_clean_first': False, 'cmake_force_configure': False, 'cmake_target': None, 'cmake_target_skip_unavailable': False, 'install_base': '/home/hrlsh/scrub_nurse_ws/install/nurse_bringup', 'merge_install': False, 'path': '/home/hrlsh/scrub_nurse_ws/src/nurse_bringup', 'symlink_install': True, 'test_result_base': None}
[0.619s] INFO:colcon.colcon_core.executor:Executing jobs using 'parallel' executor
[0.619s] DEBUG:colcon.colcon_parallel_executor.executor.parallel:run_until_complete
[0.619s] INFO:colcon.colcon_ros.task.ament_cmake.build:Building ROS package in '/home/hrlsh/scrub_nurse_ws/src/nurse_bringup' with build type 'ament_cmake'
[0.620s] INFO:colcon.colcon_cmake.task.cmake.build:Building CMake package in '/home/hrlsh/scrub_nurse_ws/src/nurse_bringup'
[0.621s] INFO:colcon.colcon_core.plugin_system:Skipping extension 'colcon_core.shell.bat': Not used on non-Windows systems
[0.621s] INFO:colcon.colcon_core.shell:Skip shell extension 'powershell' for command environment: Not usable outside of PowerShell
[0.621s] DEBUG:colcon.colcon_core.shell:Skip shell extension 'dsv' for command environment
[0.631s] DEBUG:colcon.colcon_core.event_handler.log_command:Invoking command in '/home/hrlsh/scrub_nurse_ws/build/nurse_bringup': AMENT_PREFIX_PATH=/home/hrlsh/scrub_nurse_ws/install/ur_robot_manager:/home/hrlsh/scrub_nurse_ws/install/nurse_planning:/home/hrlsh/scrub_nurse_ws/install/nurse_perception:/home/hrlsh/scrub_nurse_ws/install/nurse_control:/home/hrlsh/scrub_nurse_ws/install/gripper_test:/home/hrlsh/scrub_nurse_ws/install/ur_robot_manager_interfaces:/home/hrlsh/scrub_nurse_ws/install/nurse_interfaces:/home/hrlsh/scrub_nurse_ws/install/gripper_interfaces:${AMENT_PREFIX_PATH} CMAKE_PREFIX_PATH=/home/hrlsh/scrub_nurse_ws/install/ur_robot_manager:/home/hrlsh/scrub_nurse_ws/install/gripper_test:/home/hrlsh/scrub_nurse_ws/install/ur_robot_manager_interfaces:/home/hrlsh/scrub_nurse_ws/install/nurse_interfaces:/home/hrlsh/scrub_nurse_ws/install/gripper_interfaces:/opt/ros/humble LD_LIBRARY_PATH=/home/hrlsh/scrub_nurse_ws/install/ur_robot_manager/lib:/home/hrlsh/scrub_nurse_ws/install/ur_robot_manager_interfaces/lib:/home/hrlsh/scrub_nurse_ws/install/nurse_interfaces/lib:/home/hrlsh/scrub_nurse_ws/install/gripper_interfaces/lib:${LD_LIBRARY_PATH} PS1=(vla_venv) PYTHONPATH=/home/hrlsh/scrub_nurse_ws/build/nurse_planning:/home/hrlsh/scrub_nurse_ws/install/nurse_planning/lib/python3.10/site-packages:/home/hrlsh/scrub_nurse_ws/build/nurse_perception:/home/hrlsh/scrub_nurse_ws/install/nurse_perception/lib/python3.10/site-packages:/home/hrlsh/scrub_nurse_ws/build/nurse_control:/home/hrlsh/scrub_nurse_ws/install/nurse_control/lib/python3.10/site-packages:/home/hrlsh/scrub_nurse_ws/install/ur_robot_manager_interfaces/local/lib/python3.10/dist-packages:/home/hrlsh/scrub_nurse_ws/install/nurse_interfaces/local/lib/python3.10/dist-packages:/home/hrlsh/scrub_nurse_ws/install/gripper_interfaces/local/lib/python3.10/dist-packages:${PYTHONPATH} VIRTUAL_ENV_PROMPT=(vla_venv) /home/hrlsh/ai_env/vla_venv/bin/cmake /home/hrlsh/scrub_nurse_ws/src/nurse_bringup -DPython3_EXECUTABLE=/home/hrlsh/ai_env/vla_venv/bin/python3 -DAMENT_CMAKE_SYMLINK_INSTALL=1 -DCMAKE_INSTALL_PREFIX=/home/hrlsh/scrub_nurse_ws/install/nurse_bringup
[3.205s] DEBUG:colcon.colcon_core.event_handler.log_command:Invoked command in '/home/hrlsh/scrub_nurse_ws/build/nurse_bringup' returned '0': AMENT_PREFIX_PATH=/home/hrlsh/scrub_nurse_ws/install/ur_robot_manager:/home/hrlsh/scrub_nurse_ws/install/nurse_planning:/home/hrlsh/scrub_nurse_ws/install/nurse_perception:/home/hrlsh/scrub_nurse_ws/install/nurse_control:/home/hrlsh/scrub_nurse_ws/install/gripper_test:/home/hrlsh/scrub_nurse_ws/install/ur_robot_manager_interfaces:/home/hrlsh/scrub_nurse_ws/install/nurse_interfaces:/home/hrlsh/scrub_nurse_ws/install/gripper_interfaces:${AMENT_PREFIX_PATH} CMAKE_PREFIX_PATH=/home/hrlsh/scrub_nurse_ws/install/ur_robot_manager:/home/hrlsh/scrub_nurse_ws/install/gripper_test:/home/hrlsh/scrub_nurse_ws/install/ur_robot_manager_interfaces:/home/hrlsh/scrub_nurse_ws/install/nurse_interfaces:/home/hrlsh/scrub_nurse_ws/install/gripper_interfaces:/opt/ros/humble LD_LIBRARY_PATH=/home/hrlsh/scrub_nurse_ws/install/ur_robot_manager/lib:/home/hrlsh/scrub_nurse_ws/install/ur_robot_manager_interfaces/lib:/home/hrlsh/scrub_nurse_ws/install/nurse_interfaces/lib:/home/hrlsh/scrub_nurse_ws/install/gripper_interfaces/lib:${LD_LIBRARY_PATH} PS1=(vla_venv) PYTHONPATH=/home/hrlsh/scrub_nurse_ws/build/nurse_planning:/home/hrlsh/scrub_nurse_ws/install/nurse_planning/lib/python3.10/site-packages:/home/hrlsh/scrub_nurse_ws/build/nurse_perception:/home/hrlsh/scrub_nurse_ws/install/nurse_perception/lib/python3.10/site-packages:/home/hrlsh/scrub_nurse_ws/build/nurse_control:/home/hrlsh/scrub_nurse_ws/install/nurse_control/lib/python3.10/site-packages:/home/hrlsh/scrub_nurse_ws/install/ur_robot_manager_interfaces/local/lib/python3.10/dist-packages:/home/hrlsh/scrub_nurse_ws/install/nurse_interfaces/local/lib/python3.10/dist-packages:/home/hrlsh/scrub_nurse_ws/install/gripper_interfaces/local/lib/python3.10/dist-packages:${PYTHONPATH} VIRTUAL_ENV_PROMPT=(vla_venv) /home/hrlsh/ai_env/vla_venv/bin/cmake /home/hrlsh/scrub_nurse_ws/src/nurse_bringup -DPython3_EXECUTABLE=/home/hrlsh/ai_env/vla_venv/bin/python3 -DAMENT_CMAKE_SYMLINK_INSTALL=1 -DCMAKE_INSTALL_PREFIX=/home/hrlsh/scrub_nurse_ws/install/nurse_bringup
[3.211s] DEBUG:colcon.colcon_core.event_handler.log_command:Invoking command in '/home/hrlsh/scrub_nurse_ws/build/nurse_bringup': AMENT_PREFIX_PATH=/home/hrlsh/scrub_nurse_ws/install/ur_robot_manager:/home/hrlsh/scrub_nurse_ws/install/nurse_planning:/home/hrlsh/scrub_nurse_ws/install/nurse_perception:/home/hrlsh/scrub_nurse_ws/install/nurse_control:/home/hrlsh/scrub_nurse_ws/install/gripper_test:/home/hrlsh/scrub_nurse_ws/install/ur_robot_manager_interfaces:/home/hrlsh/scrub_nurse_ws/install/nurse_interfaces:/home/hrlsh/scrub_nurse_ws/install/gripper_interfaces:${AMENT_PREFIX_PATH} CMAKE_PREFIX_PATH=/home/hrlsh/scrub_nurse_ws/install/ur_robot_manager:/home/hrlsh/scrub_nurse_ws/install/gripper_test:/home/hrlsh/scrub_nurse_ws/install/ur_robot_manager_interfaces:/home/hrlsh/scrub_nurse_ws/install/nurse_interfaces:/home/hrlsh/scrub_nurse_ws/install/gripper_interfaces:/opt/ros/humble LD_LIBRARY_PATH=/home/hrlsh/scrub_nurse_ws/install/ur_robot_manager/lib:/home/hrlsh/scrub_nurse_ws/install/ur_robot_manager_interfaces/lib:/home/hrlsh/scrub_nurse_ws/install/nurse_interfaces/lib:/home/hrlsh/scrub_nurse_ws/install/gripper_interfaces/lib:${LD_LIBRARY_PATH} PS1=(vla_venv) PYTHONPATH=/home/hrlsh/scrub_nurse_ws/build/nurse_planning:/home/hrlsh/scrub_nurse_ws/install/nurse_planning/lib/python3.10/site-packages:/home/hrlsh/scrub_nurse_ws/build/nurse_perception:/home/hrlsh/scrub_nurse_ws/install/nurse_perception/lib/python3.10/site-packages:/home/hrlsh/scrub_nurse_ws/build/nurse_control:/home/hrlsh/scrub_nurse_ws/install/nurse_control/lib/python3.10/site-packages:/home/hrlsh/scrub_nurse_ws/install/ur_robot_manager_interfaces/local/lib/python3.10/dist-packages:/home/hrlsh/scrub_nurse_ws/install/nurse_interfaces/local/lib/python3.10/dist-packages:/home/hrlsh/scrub_nurse_ws/install/gripper_interfaces/local/lib/python3.10/dist-packages:${PYTHONPATH} VIRTUAL_ENV_PROMPT=(vla_venv) /home/hrlsh/ai_env/vla_venv/bin/cmake --build /home/hrlsh/scrub_nurse_ws/build/nurse_bringup -- -j20 -l20
[3.608s] DEBUG:colcon.colcon_core.event_handler.log_command:Invoked command in '/home/hrlsh/scrub_nurse_ws/build/nurse_bringup' returned '0': AMENT_PREFIX_PATH=/home/hrlsh/scrub_nurse_ws/install/ur_robot_manager:/home/hrlsh/scrub_nurse_ws/install/nurse_planning:/home/hrlsh/scrub_nurse_ws/install/nurse_perception:/home/hrlsh/scrub_nurse_ws/install/nurse_control:/home/hrlsh/scrub_nurse_ws/install/gripper_test:/home/hrlsh/scrub_nurse_ws/install/ur_robot_manager_interfaces:/home/hrlsh/scrub_nurse_ws/install/nurse_interfaces:/home/hrlsh/scrub_nurse_ws/install/gripper_interfaces:${AMENT_PREFIX_PATH} CMAKE_PREFIX_PATH=/home/hrlsh/scrub_nurse_ws/install/ur_robot_manager:/home/hrlsh/scrub_nurse_ws/install/gripper_test:/home/hrlsh/scrub_nurse_ws/install/ur_robot_manager_interfaces:/home/hrlsh/scrub_nurse_ws/install/nurse_interfaces:/home/hrlsh/scrub_nurse_ws/install/gripper_interfaces:/opt/ros/humble LD_LIBRARY_PATH=/home/hrlsh/scrub_nurse_ws/install/ur_robot_manager/lib:/home/hrlsh/scrub_nurse_ws/install/ur_robot_manager_interfaces/lib:/home/hrlsh/scrub_nurse_ws/install/nurse_interfaces/lib:/home/hrlsh/scrub_nurse_ws/install/gripper_interfaces/lib:${LD_LIBRARY_PATH} PS1=(vla_venv) PYTHONPATH=/home/hrlsh/scrub_nurse_ws/build/nurse_planning:/home/hrlsh/scrub_nurse_ws/install/nurse_planning/lib/python3.10/site-packages:/home/hrlsh/scrub_nurse_ws/build/nurse_perception:/home/hrlsh/scrub_nurse_ws/install/nurse_perception/lib/python3.10/site-packages:/home/hrlsh/scrub_nurse_ws/build/nurse_control:/home/hrlsh/scrub_nurse_ws/install/nurse_control/lib/python3.10/site-packages:/home/hrlsh/scrub_nurse_ws/install/ur_robot_manager_interfaces/local/lib/python3.10/dist-packages:/home/hrlsh/scrub_nurse_ws/install/nurse_interfaces/local/lib/python3.10/dist-packages:/home/hrlsh/scrub_nurse_ws/install/gripper_interfaces/local/lib/python3.10/dist-packages:${PYTHONPATH} VIRTUAL_ENV_PROMPT=(vla_venv) /home/hrlsh/ai_env/vla_venv/bin/cmake --build /home/hrlsh/scrub_nurse_ws/build/nurse_bringup -- -j20 -l20
[3.876s] DEBUG:colcon.colcon_core.event_handler.log_command:Invoking command in '/home/hrlsh/scrub_nurse_ws/build/nurse_bringup': AMENT_PREFIX_PATH=/home/hrlsh/scrub_nurse_ws/install/ur_robot_manager:/home/hrlsh/scrub_nurse_ws/install/nurse_planning:/home/hrlsh/scrub_nurse_ws/install/nurse_perception:/home/hrlsh/scrub_nurse_ws/install/nurse_control:/home/hrlsh/scrub_nurse_ws/install/gripper_test:/home/hrlsh/scrub_nurse_ws/install/ur_robot_manager_interfaces:/home/hrlsh/scrub_nurse_ws/install/nurse_interfaces:/home/hrlsh/scrub_nurse_ws/install/gripper_interfaces:${AMENT_PREFIX_PATH} CMAKE_PREFIX_PATH=/home/hrlsh/scrub_nurse_ws/install/ur_robot_manager:/home/hrlsh/scrub_nurse_ws/install/gripper_test:/home/hrlsh/scrub_nurse_ws/install/ur_robot_manager_interfaces:/home/hrlsh/scrub_nurse_ws/install/nurse_interfaces:/home/hrlsh/scrub_nurse_ws/install/gripper_interfaces:/opt/ros/humble LD_LIBRARY_PATH=/home/hrlsh/scrub_nurse_ws/install/ur_robot_manager/lib:/home/hrlsh/scrub_nurse_ws/install/ur_robot_manager_interfaces/lib:/home/hrlsh/scrub_nurse_ws/install/nurse_interfaces/lib:/home/hrlsh/scrub_nurse_ws/install/gripper_interfaces/lib:${LD_LIBRARY_PATH} PS1=(vla_venv) PYTHONPATH=/home/hrlsh/scrub_nurse_ws/build/nurse_planning:/home/hrlsh/scrub_nurse_ws/install/nurse_planning/lib/python3.10/site-packages:/home/hrlsh/scrub_nurse_ws/build/nurse_perception:/home/hrlsh/scrub_nurse_ws/install/nurse_perception/lib/python3.10/site-packages:/home/hrlsh/scrub_nurse_ws/build/nurse_control:/home/hrlsh/scrub_nurse_ws/install/nurse_control/lib/python3.10/site-packages:/home/hrlsh/scrub_nurse_ws/install/ur_robot_manager_interfaces/local/lib/python3.10/dist-packages:/home/hrlsh/scrub_nurse_ws/install/nurse_interfaces/local/lib/python3.10/dist-packages:/home/hrlsh/scrub_nurse_ws/install/gripper_interfaces/local/lib/python3.10/dist-packages:${PYTHONPATH} VIRTUAL_ENV_PROMPT=(vla_venv) /home/hrlsh/ai_env/vla_venv/bin/cmake --install /home/hrlsh/scrub_nurse_ws/build/nurse_bringup
[4.297s] Level 1:colcon.colcon_core.environment:create_environment_scripts_only(nurse_bringup)
[4.300s] DEBUG:colcon.colcon_core.event_handler.log_command:Invoked command in '/home/hrlsh/scrub_nurse_ws/build/nurse_bringup' returned '0': AMENT_PREFIX_PATH=/home/hrlsh/scrub_nurse_ws/install/ur_robot_manager:/home/hrlsh/scrub_nurse_ws/install/nurse_planning:/home/hrlsh/scrub_nurse_ws/install/nurse_perception:/home/hrlsh/scrub_nurse_ws/install/nurse_control:/home/hrlsh/scrub_nurse_ws/install/gripper_test:/home/hrlsh/scrub_nurse_ws/install/ur_robot_manager_interfaces:/home/hrlsh/scrub_nurse_ws/install/nurse_interfaces:/home/hrlsh/scrub_nurse_ws/install/gripper_interfaces:${AMENT_PREFIX_PATH} CMAKE_PREFIX_PATH=/home/hrlsh/scrub_nurse_ws/install/ur_robot_manager:/home/hrlsh/scrub_nurse_ws/install/gripper_test:/home/hrlsh/scrub_nurse_ws/install/ur_robot_manager_interfaces:/home/hrlsh/scrub_nurse_ws/install/nurse_interfaces:/home/hrlsh/scrub_nurse_ws/install/gripper_interfaces:/opt/ros/humble LD_LIBRARY_PATH=/home/hrlsh/scrub_nurse_ws/install/ur_robot_manager/lib:/home/hrlsh/scrub_nurse_ws/install/ur_robot_manager_interfaces/lib:/home/hrlsh/scrub_nurse_ws/install/nurse_interfaces/lib:/home/hrlsh/scrub_nurse_ws/install/gripper_interfaces/lib:${LD_LIBRARY_PATH} PS1=(vla_venv) PYTHONPATH=/home/hrlsh/scrub_nurse_ws/build/nurse_planning:/home/hrlsh/scrub_nurse_ws/install/nurse_planning/lib/python3.10/site-packages:/home/hrlsh/scrub_nurse_ws/build/nurse_perception:/home/hrlsh/scrub_nurse_ws/install/nurse_perception/lib/python3.10/site-packages:/home/hrlsh/scrub_nurse_ws/build/nurse_control:/home/hrlsh/scrub_nurse_ws/install/nurse_control/lib/python3.10/site-packages:/home/hrlsh/scrub_nurse_ws/install/ur_robot_manager_interfaces/local/lib/python3.10/dist-packages:/home/hrlsh/scrub_nurse_ws/install/nurse_interfaces/local/lib/python3.10/dist-packages:/home/hrlsh/scrub_nurse_ws/install/gripper_interfaces/local/lib/python3.10/dist-packages:${PYTHONPATH} VIRTUAL_ENV_PROMPT=(vla_venv) /home/hrlsh/ai_env/vla_venv/bin/cmake --install /home/hrlsh/scrub_nurse_ws/build/nurse_bringup
[4.307s] Level 1:colcon.colcon_core.environment:checking '/home/hrlsh/scrub_nurse_ws/install/nurse_bringup' for CMake module files
[4.309s] Level 1:colcon.colcon_core.environment:checking '/home/hrlsh/scrub_nurse_ws/install/nurse_bringup' for CMake config files
[4.309s] Level 1:colcon.colcon_core.shell:create_environment_hook('nurse_bringup', 'cmake_prefix_path')
[4.310s] INFO:colcon.colcon_core.shell:Creating environment hook '/home/hrlsh/scrub_nurse_ws/install/nurse_bringup/share/nurse_bringup/hook/cmake_prefix_path.ps1'
[4.312s] INFO:colcon.colcon_core.shell:Creating environment descriptor '/home/hrlsh/scrub_nurse_ws/install/nurse_bringup/share/nurse_bringup/hook/cmake_prefix_path.dsv'
[4.314s] INFO:colcon.colcon_core.shell:Creating environment hook '/home/hrlsh/scrub_nurse_ws/install/nurse_bringup/share/nurse_bringup/hook/cmake_prefix_path.sh'
[4.317s] Level 1:colcon.colcon_core.environment:checking '/home/hrlsh/scrub_nurse_ws/install/nurse_bringup/bin'
[4.318s] Level 1:colcon.colcon_core.environment:checking '/home/hrlsh/scrub_nurse_ws/install/nurse_bringup/lib/pkgconfig/nurse_bringup.pc'
[4.319s] Level 1:colcon.colcon_core.environment:checking '/home/hrlsh/scrub_nurse_ws/install/nurse_bringup/lib/python3.10/site-packages'
[4.320s] Level 1:colcon.colcon_core.environment:checking '/home/hrlsh/scrub_nurse_ws/install/nurse_bringup/bin'
[4.322s] INFO:colcon.colcon_core.shell:Creating package script '/home/hrlsh/scrub_nurse_ws/install/nurse_bringup/share/nurse_bringup/package.ps1'
[4.327s] INFO:colcon.colcon_core.shell:Creating package descriptor '/home/hrlsh/scrub_nurse_ws/install/nurse_bringup/share/nurse_bringup/package.dsv'
[4.330s] INFO:colcon.colcon_core.shell:Creating package script '/home/hrlsh/scrub_nurse_ws/install/nurse_bringup/share/nurse_bringup/package.sh'
[4.333s] INFO:colcon.colcon_core.shell:Creating package script '/home/hrlsh/scrub_nurse_ws/install/nurse_bringup/share/nurse_bringup/package.bash'
[4.336s] INFO:colcon.colcon_core.shell:Creating package script '/home/hrlsh/scrub_nurse_ws/install/nurse_bringup/share/nurse_bringup/package.zsh'
[4.339s] Level 1:colcon.colcon_core.environment:create_file_with_runtime_dependencies(/home/hrlsh/scrub_nurse_ws/install/nurse_bringup/share/colcon-core/packages/nurse_bringup)
[4.343s] Level 1:colcon.colcon_core.environment:create_environment_scripts_only(nurse_bringup)
[4.345s] Level 1:colcon.colcon_core.environment:checking '/home/hrlsh/scrub_nurse_ws/install/nurse_bringup' for CMake module files
[4.347s] Level 1:colcon.colcon_core.environment:checking '/home/hrlsh/scrub_nurse_ws/install/nurse_bringup' for CMake config files
[4.348s] Level 1:colcon.colcon_core.shell:create_environment_hook('nurse_bringup', 'cmake_prefix_path')
[4.349s] INFO:colcon.colcon_core.shell:Creating environment hook '/home/hrlsh/scrub_nurse_ws/install/nurse_bringup/share/nurse_bringup/hook/cmake_prefix_path.ps1'
[4.351s] INFO:colcon.colcon_core.shell:Creating environment descriptor '/home/hrlsh/scrub_nurse_ws/install/nurse_bringup/share/nurse_bringup/hook/cmake_prefix_path.dsv'
[4.353s] INFO:colcon.colcon_core.shell:Creating environment hook '/home/hrlsh/scrub_nurse_ws/install/nurse_bringup/share/nurse_bringup/hook/cmake_prefix_path.sh'
[4.355s] Level 1:colcon.colcon_core.environment:checking '/home/hrlsh/scrub_nurse_ws/install/nurse_bringup/bin'
[4.355s] Level 1:colcon.colcon_core.environment:checking '/home/hrlsh/scrub_nurse_ws/install/nurse_bringup/lib/pkgconfig/nurse_bringup.pc'
[4.356s] Level 1:colcon.colcon_core.environment:checking '/home/hrlsh/scrub_nurse_ws/install/nurse_bringup/lib/python3.10/site-packages'
[4.358s] Level 1:colcon.colcon_core.environment:checking '/home/hrlsh/scrub_nurse_ws/install/nurse_bringup/bin'
[4.359s] INFO:colcon.colcon_core.shell:Creating package script '/home/hrlsh/scrub_nurse_ws/install/nurse_bringup/share/nurse_bringup/package.ps1'
[4.362s] INFO:colcon.colcon_core.shell:Creating package descriptor '/home/hrlsh/scrub_nurse_ws/install/nurse_bringup/share/nurse_bringup/package.dsv'
[4.364s] INFO:colcon.colcon_core.shell:Creating package script '/home/hrlsh/scrub_nurse_ws/install/nurse_bringup/share/nurse_bringup/package.sh'
[4.366s] INFO:colcon.colcon_core.shell:Creating package script '/home/hrlsh/scrub_nurse_ws/install/nurse_bringup/share/nurse_bringup/package.bash'
[4.369s] INFO:colcon.colcon_core.shell:Creating package script '/home/hrlsh/scrub_nurse_ws/install/nurse_bringup/share/nurse_bringup/package.zsh'
[4.371s] Level 1:colcon.colcon_core.environment:create_file_with_runtime_dependencies(/home/hrlsh/scrub_nurse_ws/install/nurse_bringup/share/colcon-core/packages/nurse_bringup)
[4.372s] DEBUG:colcon.colcon_parallel_executor.executor.parallel:closing loop
[4.373s] DEBUG:colcon.colcon_parallel_executor.executor.parallel:loop closed
[4.374s] DEBUG:colcon.colcon_parallel_executor.executor.parallel:run_until_complete finished with '0'
[4.374s] DEBUG:colcon.colcon_core.event_reactor:joining thread
[4.394s] INFO:colcon.colcon_core.plugin_system:Skipping extension 'colcon_notification.desktop_notification.terminal_notifier': Not used on non-Darwin systems
[4.394s] INFO:colcon.colcon_core.plugin_system:Skipping extension 'colcon_notification.desktop_notification.win32': Not used on non-Windows systems
[4.394s] INFO:colcon.colcon_notification.desktop_notification:Sending desktop notification using 'notify2'
[4.441s] DEBUG:colcon.colcon_core.event_reactor:joined thread
[4.442s] INFO:colcon.colcon_core.shell:Creating prefix script '/home/hrlsh/scrub_nurse_ws/install/local_setup.ps1'
[4.447s] INFO:colcon.colcon_core.shell:Creating prefix util module '/home/hrlsh/scrub_nurse_ws/install/_local_setup_util_ps1.py'
[4.454s] INFO:colcon.colcon_core.shell:Creating prefix chain script '/home/hrlsh/scrub_nurse_ws/install/setup.ps1'
[4.458s] INFO:colcon.colcon_core.shell:Creating prefix script '/home/hrlsh/scrub_nurse_ws/install/local_setup.sh'
[4.461s] INFO:colcon.colcon_core.shell:Creating prefix util module '/home/hrlsh/scrub_nurse_ws/install/_local_setup_util_sh.py'
[4.463s] INFO:colcon.colcon_core.shell:Creating prefix chain script '/home/hrlsh/scrub_nurse_ws/install/setup.sh'
[4.467s] INFO:colcon.colcon_core.shell:Creating prefix script '/home/hrlsh/scrub_nurse_ws/install/local_setup.bash'
[4.469s] INFO:colcon.colcon_core.shell:Creating prefix chain script '/home/hrlsh/scrub_nurse_ws/install/setup.bash'
[4.472s] INFO:colcon.colcon_core.shell:Creating prefix script '/home/hrlsh/scrub_nurse_ws/install/local_setup.zsh'
[4.474s] INFO:colcon.colcon_core.shell:Creating prefix chain script '/home/hrlsh/scrub_nurse_ws/install/setup.zsh'
