[0.011s] Invoking command in '/home/hrlsh/scrub_nurse_ws/build/ur_robot_manager_interfaces': CMAKE_PREFIX_PATH=/opt/ros/humble /usr/bin/cmake --build /home/hrlsh/scrub_nurse_ws/build/ur_robot_manager_interfaces -- -j20 -l20
[0.040s] [  2%] Built target ur_robot_manager_interfaces__rs
[0.041s] [ 12%] Built target ur_robot_manager_interfaces__rosidl_generator_c
[0.045s] [ 15%] Built target ur_robot_manager_interfaces__cpp
[0.047s] [ 15%] Built target ament_cmake_python_symlink_ur_robot_manager_interfaces
[0.061s] [ 25%] Built target ur_robot_manager_interfaces__rosidl_typesupport_introspection_c
[0.066s] [ 35%] Built target ur_robot_manager_interfaces__rosidl_typesupport_fastrtps_c
[0.072s] [ 45%] Built target ur_robot_manager_interfaces__rosidl_typesupport_fastrtps_cpp
[0.073s] [ 62%] Built target ur_robot_manager_interfaces__rosidl_typesupport_c
[0.073s] [ 65%] Built target ur_robot_manager_interfaces__rosidl_typesupport_cpp
[0.075s] [ 75%] Built target ur_robot_manager_interfaces__rosidl_typesupport_introspection_cpp
[0.085s] [ 75%] Built target ur_robot_manager_interfaces
[0.096s] [ 77%] Built target ur_robot_manager_interfaces__py
[0.109s] [ 85%] Built target ur_robot_manager_interfaces__rosidl_generator_py
[0.124s] [ 95%] Built target ur_robot_manager_interfaces__rosidl_typesupport_fastrtps_c__pyext
[0.124s] [ 95%] Built target ur_robot_manager_interfaces__rosidl_typesupport_introspection_c__pyext
[0.125s] [100%] Built target ur_robot_manager_interfaces__rosidl_typesupport_c__pyext
[0.300s] running egg_info
[0.300s] writing ur_robot_manager_interfaces.egg-info/PKG-INFO
[0.300s] writing dependency_links to ur_robot_manager_interfaces.egg-info/dependency_links.txt
[0.300s] writing top-level names to ur_robot_manager_interfaces.egg-info/top_level.txt
[0.302s] reading manifest file 'ur_robot_manager_interfaces.egg-info/SOURCES.txt'
[0.303s] writing manifest file 'ur_robot_manager_interfaces.egg-info/SOURCES.txt'
[0.329s] [100%] Built target ament_cmake_python_build_ur_robot_manager_interfaces_egg
[0.340s] Invoked command in '/home/hrlsh/scrub_nurse_ws/build/ur_robot_manager_interfaces' returned '0': CMAKE_PREFIX_PATH=/opt/ros/humble /usr/bin/cmake --build /home/hrlsh/scrub_nurse_ws/build/ur_robot_manager_interfaces -- -j20 -l20
[0.347s] Invoking command in '/home/hrlsh/scrub_nurse_ws/build/ur_robot_manager_interfaces': CMAKE_PREFIX_PATH=/opt/ros/humble /usr/bin/cmake --install /home/hrlsh/scrub_nurse_ws/build/ur_robot_manager_interfaces
[0.352s] -- Install configuration: ""
[0.352s] -- Execute custom install script
[0.353s] -- Up-to-date symlink: /home/hrlsh/scrub_nurse_ws/install/ur_robot_manager_interfaces/share/ament_index/resource_index/rosidl_interfaces/ur_robot_manager_interfaces
[0.353s] -- Up-to-date symlink: /home/hrlsh/scrub_nurse_ws/install/ur_robot_manager_interfaces/include/ur_robot_manager_interfaces/ur_robot_manager_interfaces/action/detail/robot_task__functions.h
[0.353s] -- Up-to-date symlink: /home/hrlsh/scrub_nurse_ws/install/ur_robot_manager_interfaces/include/ur_robot_manager_interfaces/ur_robot_manager_interfaces/action/detail/robot_task__struct.h
[0.353s] -- Up-to-date symlink: /home/hrlsh/scrub_nurse_ws/install/ur_robot_manager_interfaces/include/ur_robot_manager_interfaces/ur_robot_manager_interfaces/action/detail/robot_task__type_support.h
[0.353s] -- Up-to-date symlink: /home/hrlsh/scrub_nurse_ws/install/ur_robot_manager_interfaces/include/ur_robot_manager_interfaces/ur_robot_manager_interfaces/action/robot_task.h
[0.353s] -- Up-to-date symlink: /home/hrlsh/scrub_nurse_ws/install/ur_robot_manager_interfaces/include/ur_robot_manager_interfaces/ur_robot_manager_interfaces/msg/delay_info.h
[0.353s] -- Up-to-date symlink: /home/hrlsh/scrub_nurse_ws/install/ur_robot_manager_interfaces/include/ur_robot_manager_interfaces/ur_robot_manager_interfaces/msg/detail/delay_info__functions.h
[0.354s] -- Up-to-date symlink: /home/hrlsh/scrub_nurse_ws/install/ur_robot_manager_interfaces/include/ur_robot_manager_interfaces/ur_robot_manager_interfaces/msg/detail/delay_info__struct.h
[0.354s] -- Up-to-date symlink: /home/hrlsh/scrub_nurse_ws/install/ur_robot_manager_interfaces/include/ur_robot_manager_interfaces/ur_robot_manager_interfaces/msg/detail/delay_info__type_support.h
[0.354s] -- Up-to-date symlink: /home/hrlsh/scrub_nurse_ws/install/ur_robot_manager_interfaces/include/ur_robot_manager_interfaces/ur_robot_manager_interfaces/msg/rosidl_generator_c__visibility_control.h
[0.355s] -- Up-to-date symlink: /home/hrlsh/scrub_nurse_ws/install/ur_robot_manager_interfaces/share/ur_robot_manager_interfaces/environment/library_path.sh
[0.355s] -- Up-to-date symlink: /home/hrlsh/scrub_nurse_ws/install/ur_robot_manager_interfaces/share/ur_robot_manager_interfaces/environment/library_path.dsv
[0.355s] -- Up-to-date symlink: /home/hrlsh/scrub_nurse_ws/install/ur_robot_manager_interfaces/include/ur_robot_manager_interfaces/ur_robot_manager_interfaces/action/detail/robot_task__rosidl_typesupport_fastrtps_c.h
[0.357s] -- Up-to-date symlink: /home/hrlsh/scrub_nurse_ws/install/ur_robot_manager_interfaces/include/ur_robot_manager_interfaces/ur_robot_manager_interfaces/msg/detail/delay_info__rosidl_typesupport_fastrtps_c.h
[0.357s] -- Up-to-date symlink: /home/hrlsh/scrub_nurse_ws/install/ur_robot_manager_interfaces/include/ur_robot_manager_interfaces/ur_robot_manager_interfaces/msg/rosidl_typesupport_fastrtps_c__visibility_control.h
[0.357s] -- Up-to-date symlink: /home/hrlsh/scrub_nurse_ws/install/ur_robot_manager_interfaces/include/ur_robot_manager_interfaces/ur_robot_manager_interfaces/action/detail/robot_task__rosidl_typesupport_introspection_c.h
[0.358s] -- Up-to-date symlink: /home/hrlsh/scrub_nurse_ws/install/ur_robot_manager_interfaces/include/ur_robot_manager_interfaces/ur_robot_manager_interfaces/msg/detail/delay_info__rosidl_typesupport_introspection_c.h
[0.358s] -- Up-to-date symlink: /home/hrlsh/scrub_nurse_ws/install/ur_robot_manager_interfaces/include/ur_robot_manager_interfaces/ur_robot_manager_interfaces/msg/rosidl_typesupport_introspection_c__visibility_control.h
[0.358s] -- Up-to-date symlink: /home/hrlsh/scrub_nurse_ws/install/ur_robot_manager_interfaces/include/ur_robot_manager_interfaces/ur_robot_manager_interfaces/action/detail/robot_task__builder.hpp
[0.358s] -- Up-to-date symlink: /home/hrlsh/scrub_nurse_ws/install/ur_robot_manager_interfaces/include/ur_robot_manager_interfaces/ur_robot_manager_interfaces/action/detail/robot_task__struct.hpp
[0.359s] -- Up-to-date symlink: /home/hrlsh/scrub_nurse_ws/install/ur_robot_manager_interfaces/include/ur_robot_manager_interfaces/ur_robot_manager_interfaces/action/detail/robot_task__traits.hpp
[0.359s] -- Up-to-date symlink: /home/hrlsh/scrub_nurse_ws/install/ur_robot_manager_interfaces/include/ur_robot_manager_interfaces/ur_robot_manager_interfaces/action/detail/robot_task__type_support.hpp
[0.359s] -- Up-to-date symlink: /home/hrlsh/scrub_nurse_ws/install/ur_robot_manager_interfaces/include/ur_robot_manager_interfaces/ur_robot_manager_interfaces/action/robot_task.hpp
[0.360s] -- Up-to-date symlink: /home/hrlsh/scrub_nurse_ws/install/ur_robot_manager_interfaces/include/ur_robot_manager_interfaces/ur_robot_manager_interfaces/msg/delay_info.hpp
[0.360s] -- Up-to-date symlink: /home/hrlsh/scrub_nurse_ws/install/ur_robot_manager_interfaces/include/ur_robot_manager_interfaces/ur_robot_manager_interfaces/msg/detail/delay_info__builder.hpp
[0.360s] -- Up-to-date symlink: /home/hrlsh/scrub_nurse_ws/install/ur_robot_manager_interfaces/include/ur_robot_manager_interfaces/ur_robot_manager_interfaces/msg/detail/delay_info__struct.hpp
[0.360s] -- Up-to-date symlink: /home/hrlsh/scrub_nurse_ws/install/ur_robot_manager_interfaces/include/ur_robot_manager_interfaces/ur_robot_manager_interfaces/msg/detail/delay_info__traits.hpp
[0.360s] -- Up-to-date symlink: /home/hrlsh/scrub_nurse_ws/install/ur_robot_manager_interfaces/include/ur_robot_manager_interfaces/ur_robot_manager_interfaces/msg/detail/delay_info__type_support.hpp
[0.361s] -- Up-to-date symlink: /home/hrlsh/scrub_nurse_ws/install/ur_robot_manager_interfaces/include/ur_robot_manager_interfaces/ur_robot_manager_interfaces/msg/rosidl_generator_cpp__visibility_control.hpp
[0.361s] -- Up-to-date symlink: /home/hrlsh/scrub_nurse_ws/install/ur_robot_manager_interfaces/include/ur_robot_manager_interfaces/ur_robot_manager_interfaces/action/detail/robot_task__rosidl_typesupport_fastrtps_cpp.hpp
[0.362s] -- Up-to-date symlink: /home/hrlsh/scrub_nurse_ws/install/ur_robot_manager_interfaces/include/ur_robot_manager_interfaces/ur_robot_manager_interfaces/msg/detail/delay_info__rosidl_typesupport_fastrtps_cpp.hpp
[0.362s] -- Up-to-date symlink: /home/hrlsh/scrub_nurse_ws/install/ur_robot_manager_interfaces/include/ur_robot_manager_interfaces/ur_robot_manager_interfaces/msg/rosidl_typesupport_fastrtps_cpp__visibility_control.h
[0.362s] -- Up-to-date symlink: /home/hrlsh/scrub_nurse_ws/install/ur_robot_manager_interfaces/include/ur_robot_manager_interfaces/ur_robot_manager_interfaces/action/detail/robot_task__rosidl_typesupport_introspection_cpp.hpp
[0.362s] -- Up-to-date symlink: /home/hrlsh/scrub_nurse_ws/install/ur_robot_manager_interfaces/include/ur_robot_manager_interfaces/ur_robot_manager_interfaces/msg/detail/delay_info__rosidl_typesupport_introspection_cpp.hpp
[0.362s] -- Up-to-date symlink: /home/hrlsh/scrub_nurse_ws/install/ur_robot_manager_interfaces/share/ur_robot_manager_interfaces/environment/pythonpath.sh
[0.362s] -- Up-to-date symlink: /home/hrlsh/scrub_nurse_ws/install/ur_robot_manager_interfaces/share/ur_robot_manager_interfaces/environment/pythonpath.dsv
[0.363s] -- Up-to-date symlink: /home/hrlsh/scrub_nurse_ws/install/ur_robot_manager_interfaces/local/lib/python3.10/dist-packages/ur_robot_manager_interfaces-0.1.0-py3.10.egg-info/PKG-INFO
[0.363s] -- Up-to-date symlink: /home/hrlsh/scrub_nurse_ws/install/ur_robot_manager_interfaces/local/lib/python3.10/dist-packages/ur_robot_manager_interfaces-0.1.0-py3.10.egg-info/SOURCES.txt
[0.363s] -- Up-to-date symlink: /home/hrlsh/scrub_nurse_ws/install/ur_robot_manager_interfaces/local/lib/python3.10/dist-packages/ur_robot_manager_interfaces-0.1.0-py3.10.egg-info/dependency_links.txt
[0.364s] -- Up-to-date symlink: /home/hrlsh/scrub_nurse_ws/install/ur_robot_manager_interfaces/local/lib/python3.10/dist-packages/ur_robot_manager_interfaces-0.1.0-py3.10.egg-info/top_level.txt
[0.366s] -- Up-to-date symlink: /home/hrlsh/scrub_nurse_ws/install/ur_robot_manager_interfaces/local/lib/python3.10/dist-packages/ur_robot_manager_interfaces/__init__.py
[0.366s] -- Up-to-date symlink: /home/hrlsh/scrub_nurse_ws/install/ur_robot_manager_interfaces/local/lib/python3.10/dist-packages/ur_robot_manager_interfaces/_ur_robot_manager_interfaces_s.ep.rosidl_typesupport_c.c
[0.367s] -- Up-to-date symlink: /home/hrlsh/scrub_nurse_ws/install/ur_robot_manager_interfaces/local/lib/python3.10/dist-packages/ur_robot_manager_interfaces/_ur_robot_manager_interfaces_s.ep.rosidl_typesupport_fastrtps_c.c
[0.367s] -- Up-to-date symlink: /home/hrlsh/scrub_nurse_ws/install/ur_robot_manager_interfaces/local/lib/python3.10/dist-packages/ur_robot_manager_interfaces/_ur_robot_manager_interfaces_s.ep.rosidl_typesupport_introspection_c.c
[0.367s] -- Up-to-date symlink: /home/hrlsh/scrub_nurse_ws/install/ur_robot_manager_interfaces/local/lib/python3.10/dist-packages/ur_robot_manager_interfaces/action/__init__.py
[0.367s] -- Up-to-date symlink: /home/hrlsh/scrub_nurse_ws/install/ur_robot_manager_interfaces/local/lib/python3.10/dist-packages/ur_robot_manager_interfaces/action/_robot_task.py
[0.367s] -- Up-to-date symlink: /home/hrlsh/scrub_nurse_ws/install/ur_robot_manager_interfaces/local/lib/python3.10/dist-packages/ur_robot_manager_interfaces/action/_robot_task_s.c
[0.367s] -- Up-to-date symlink: /home/hrlsh/scrub_nurse_ws/install/ur_robot_manager_interfaces/local/lib/python3.10/dist-packages/ur_robot_manager_interfaces/libur_robot_manager_interfaces__rosidl_generator_py.so
[0.368s] -- Up-to-date symlink: /home/hrlsh/scrub_nurse_ws/install/ur_robot_manager_interfaces/local/lib/python3.10/dist-packages/ur_robot_manager_interfaces/msg/__init__.py
[0.368s] -- Up-to-date symlink: /home/hrlsh/scrub_nurse_ws/install/ur_robot_manager_interfaces/local/lib/python3.10/dist-packages/ur_robot_manager_interfaces/msg/_delay_info.py
[0.368s] -- Up-to-date symlink: /home/hrlsh/scrub_nurse_ws/install/ur_robot_manager_interfaces/local/lib/python3.10/dist-packages/ur_robot_manager_interfaces/msg/_delay_info_s.c
[0.368s] -- Up-to-date symlink: /home/hrlsh/scrub_nurse_ws/install/ur_robot_manager_interfaces/local/lib/python3.10/dist-packages/ur_robot_manager_interfaces/ur_robot_manager_interfaces_s__rosidl_typesupport_c.cpython-310-x86_64-linux-gnu.so
[0.368s] -- Up-to-date symlink: /home/hrlsh/scrub_nurse_ws/install/ur_robot_manager_interfaces/local/lib/python3.10/dist-packages/ur_robot_manager_interfaces/ur_robot_manager_interfaces_s__rosidl_typesupport_fastrtps_c.cpython-310-x86_64-linux-gnu.so
[0.368s] -- Up-to-date symlink: /home/hrlsh/scrub_nurse_ws/install/ur_robot_manager_interfaces/local/lib/python3.10/dist-packages/ur_robot_manager_interfaces/ur_robot_manager_interfaces_s__rosidl_typesupport_introspection_c.cpython-310-x86_64-linux-gnu.so
[0.369s] -- Up-to-date symlink: /home/hrlsh/scrub_nurse_ws/install/ur_robot_manager_interfaces/local/lib/python3.10/dist-packages/ur_robot_manager_interfaces/ur_robot_manager_interfaces_s__rosidl_typesupport_fastrtps_c.cpython-310-x86_64-linux-gnu.so
[0.369s] -- Up-to-date symlink: /home/hrlsh/scrub_nurse_ws/install/ur_robot_manager_interfaces/local/lib/python3.10/dist-packages/ur_robot_manager_interfaces/ur_robot_manager_interfaces_s__rosidl_typesupport_introspection_c.cpython-310-x86_64-linux-gnu.so
[0.369s] -- Up-to-date symlink: /home/hrlsh/scrub_nurse_ws/install/ur_robot_manager_interfaces/local/lib/python3.10/dist-packages/ur_robot_manager_interfaces/ur_robot_manager_interfaces_s__rosidl_typesupport_c.cpython-310-x86_64-linux-gnu.so
[0.369s] -- Up-to-date symlink: /home/hrlsh/scrub_nurse_ws/install/ur_robot_manager_interfaces/share/ament_index/resource_index/rust_packages/ur_robot_manager_interfaces
[0.370s] -- Up-to-date symlink: /home/hrlsh/scrub_nurse_ws/install/ur_robot_manager_interfaces/share/ur_robot_manager_interfaces/rust/Cargo.toml
[0.370s] -- Up-to-date symlink: /home/hrlsh/scrub_nurse_ws/install/ur_robot_manager_interfaces/share/ur_robot_manager_interfaces/rust/build.rs
[0.370s] -- Up-to-date symlink: /home/hrlsh/scrub_nurse_ws/install/ur_robot_manager_interfaces/share/ur_robot_manager_interfaces/rust/src/action.rs
[0.371s] -- Up-to-date symlink: /home/hrlsh/scrub_nurse_ws/install/ur_robot_manager_interfaces/share/ur_robot_manager_interfaces/rust/src/action/rmw.rs
[0.371s] -- Up-to-date symlink: /home/hrlsh/scrub_nurse_ws/install/ur_robot_manager_interfaces/share/ur_robot_manager_interfaces/rust/src/lib.rs
[0.371s] -- Up-to-date symlink: /home/hrlsh/scrub_nurse_ws/install/ur_robot_manager_interfaces/share/ur_robot_manager_interfaces/rust/src/msg.rs
[0.372s] -- Up-to-date symlink: /home/hrlsh/scrub_nurse_ws/install/ur_robot_manager_interfaces/share/ur_robot_manager_interfaces/rust/src/msg/rmw.rs
[0.372s] -- Up-to-date symlink: /home/hrlsh/scrub_nurse_ws/install/ur_robot_manager_interfaces/share/ur_robot_manager_interfaces/msg/DelayInfo.idl
[0.372s] -- Up-to-date symlink: /home/hrlsh/scrub_nurse_ws/install/ur_robot_manager_interfaces/share/ur_robot_manager_interfaces/action/RobotTask.idl
[0.372s] -- Up-to-date symlink: /home/hrlsh/scrub_nurse_ws/install/ur_robot_manager_interfaces/share/ur_robot_manager_interfaces/msg/DelayInfo.msg
[0.373s] -- Up-to-date symlink: /home/hrlsh/scrub_nurse_ws/install/ur_robot_manager_interfaces/share/ur_robot_manager_interfaces/action/RobotTask.action
[0.373s] -- Up-to-date symlink: /home/hrlsh/scrub_nurse_ws/install/ur_robot_manager_interfaces/share/ament_index/resource_index/package_run_dependencies/ur_robot_manager_interfaces
[0.373s] -- Up-to-date symlink: /home/hrlsh/scrub_nurse_ws/install/ur_robot_manager_interfaces/share/ament_index/resource_index/parent_prefix_path/ur_robot_manager_interfaces
[0.374s] -- Up-to-date symlink: /home/hrlsh/scrub_nurse_ws/install/ur_robot_manager_interfaces/share/ur_robot_manager_interfaces/environment/ament_prefix_path.sh
[0.374s] -- Up-to-date symlink: /home/hrlsh/scrub_nurse_ws/install/ur_robot_manager_interfaces/share/ur_robot_manager_interfaces/environment/ament_prefix_path.dsv
[0.375s] -- Up-to-date symlink: /home/hrlsh/scrub_nurse_ws/install/ur_robot_manager_interfaces/share/ur_robot_manager_interfaces/environment/path.sh
[0.375s] -- Up-to-date symlink: /home/hrlsh/scrub_nurse_ws/install/ur_robot_manager_interfaces/share/ur_robot_manager_interfaces/environment/path.dsv
[0.376s] -- Up-to-date symlink: /home/hrlsh/scrub_nurse_ws/install/ur_robot_manager_interfaces/share/ur_robot_manager_interfaces/local_setup.bash
[0.376s] -- Up-to-date symlink: /home/hrlsh/scrub_nurse_ws/install/ur_robot_manager_interfaces/share/ur_robot_manager_interfaces/local_setup.sh
[0.376s] -- Up-to-date symlink: /home/hrlsh/scrub_nurse_ws/install/ur_robot_manager_interfaces/share/ur_robot_manager_interfaces/local_setup.zsh
[0.376s] -- Up-to-date symlink: /home/hrlsh/scrub_nurse_ws/install/ur_robot_manager_interfaces/share/ur_robot_manager_interfaces/local_setup.dsv
[0.377s] -- Symlinking: /home/hrlsh/scrub_nurse_ws/install/ur_robot_manager_interfaces/share/ur_robot_manager_interfaces/package.dsv
[0.382s] -- Up-to-date symlink: /home/hrlsh/scrub_nurse_ws/install/ur_robot_manager_interfaces/share/ament_index/resource_index/packages/ur_robot_manager_interfaces
[0.382s] -- Up-to-date symlink: /home/hrlsh/scrub_nurse_ws/install/ur_robot_manager_interfaces/share/ur_robot_manager_interfaces/cmake/rosidl_cmake-extras.cmake
[0.383s] -- Up-to-date symlink: /home/hrlsh/scrub_nurse_ws/install/ur_robot_manager_interfaces/share/ur_robot_manager_interfaces/cmake/ament_cmake_export_dependencies-extras.cmake
[0.383s] -- Up-to-date symlink: /home/hrlsh/scrub_nurse_ws/install/ur_robot_manager_interfaces/share/ur_robot_manager_interfaces/cmake/ament_cmake_export_include_directories-extras.cmake
[0.383s] -- Up-to-date symlink: /home/hrlsh/scrub_nurse_ws/install/ur_robot_manager_interfaces/share/ur_robot_manager_interfaces/cmake/ament_cmake_export_libraries-extras.cmake
[0.383s] -- Up-to-date symlink: /home/hrlsh/scrub_nurse_ws/install/ur_robot_manager_interfaces/share/ur_robot_manager_interfaces/cmake/ament_cmake_export_targets-extras.cmake
[0.383s] -- Up-to-date symlink: /home/hrlsh/scrub_nurse_ws/install/ur_robot_manager_interfaces/share/ur_robot_manager_interfaces/cmake/rosidl_cmake_export_typesupport_targets-extras.cmake
[0.383s] -- Up-to-date symlink: /home/hrlsh/scrub_nurse_ws/install/ur_robot_manager_interfaces/share/ur_robot_manager_interfaces/cmake/rosidl_cmake_export_typesupport_libraries-extras.cmake
[0.384s] -- Up-to-date symlink: /home/hrlsh/scrub_nurse_ws/install/ur_robot_manager_interfaces/share/ur_robot_manager_interfaces/cmake/ur_robot_manager_interfacesConfig.cmake
[0.384s] -- Up-to-date symlink: /home/hrlsh/scrub_nurse_ws/install/ur_robot_manager_interfaces/share/ur_robot_manager_interfaces/cmake/ur_robot_manager_interfacesConfig-version.cmake
[0.384s] -- Up-to-date symlink: /home/hrlsh/scrub_nurse_ws/install/ur_robot_manager_interfaces/share/ur_robot_manager_interfaces/package.xml
[0.384s] -- Up-to-date: /home/hrlsh/scrub_nurse_ws/install/ur_robot_manager_interfaces/lib/libur_robot_manager_interfaces__rosidl_generator_c.so
[0.384s] -- Up-to-date: /home/hrlsh/scrub_nurse_ws/install/ur_robot_manager_interfaces/lib/libur_robot_manager_interfaces__rosidl_typesupport_fastrtps_c.so
[0.384s] -- Up-to-date: /home/hrlsh/scrub_nurse_ws/install/ur_robot_manager_interfaces/lib/libur_robot_manager_interfaces__rosidl_typesupport_introspection_c.so
[0.385s] -- Up-to-date: /home/hrlsh/scrub_nurse_ws/install/ur_robot_manager_interfaces/lib/libur_robot_manager_interfaces__rosidl_typesupport_c.so
[0.385s] -- Up-to-date: /home/hrlsh/scrub_nurse_ws/install/ur_robot_manager_interfaces/lib/libur_robot_manager_interfaces__rosidl_typesupport_fastrtps_cpp.so
[0.385s] -- Up-to-date: /home/hrlsh/scrub_nurse_ws/install/ur_robot_manager_interfaces/lib/libur_robot_manager_interfaces__rosidl_typesupport_introspection_cpp.so
[0.386s] -- Up-to-date: /home/hrlsh/scrub_nurse_ws/install/ur_robot_manager_interfaces/lib/libur_robot_manager_interfaces__rosidl_typesupport_cpp.so
[0.408s] Listing '/home/hrlsh/scrub_nurse_ws/install/ur_robot_manager_interfaces/local/lib/python3.10/dist-packages/ur_robot_manager_interfaces'...
[0.408s] Listing '/home/hrlsh/scrub_nurse_ws/install/ur_robot_manager_interfaces/local/lib/python3.10/dist-packages/ur_robot_manager_interfaces/action'...
[0.408s] Listing '/home/hrlsh/scrub_nurse_ws/install/ur_robot_manager_interfaces/local/lib/python3.10/dist-packages/ur_robot_manager_interfaces/msg'...
[0.408s] -- Up-to-date: /home/hrlsh/scrub_nurse_ws/install/ur_robot_manager_interfaces/lib/libur_robot_manager_interfaces__rosidl_generator_py.so
[0.408s] -- Up-to-date: /home/hrlsh/scrub_nurse_ws/install/ur_robot_manager_interfaces/share/ur_robot_manager_interfaces/cmake/export_ur_robot_manager_interfaces__rosidl_generator_cExport.cmake
[0.409s] -- Up-to-date: /home/hrlsh/scrub_nurse_ws/install/ur_robot_manager_interfaces/share/ur_robot_manager_interfaces/cmake/export_ur_robot_manager_interfaces__rosidl_generator_cExport-noconfig.cmake
[0.409s] -- Up-to-date: /home/hrlsh/scrub_nurse_ws/install/ur_robot_manager_interfaces/share/ur_robot_manager_interfaces/cmake/export_ur_robot_manager_interfaces__rosidl_typesupport_fastrtps_cExport.cmake
[0.409s] -- Up-to-date: /home/hrlsh/scrub_nurse_ws/install/ur_robot_manager_interfaces/share/ur_robot_manager_interfaces/cmake/export_ur_robot_manager_interfaces__rosidl_typesupport_fastrtps_cExport-noconfig.cmake
[0.409s] -- Up-to-date: /home/hrlsh/scrub_nurse_ws/install/ur_robot_manager_interfaces/share/ur_robot_manager_interfaces/cmake/ur_robot_manager_interfaces__rosidl_typesupport_introspection_cExport.cmake
[0.409s] -- Up-to-date: /home/hrlsh/scrub_nurse_ws/install/ur_robot_manager_interfaces/share/ur_robot_manager_interfaces/cmake/ur_robot_manager_interfaces__rosidl_typesupport_introspection_cExport-noconfig.cmake
[0.409s] -- Up-to-date: /home/hrlsh/scrub_nurse_ws/install/ur_robot_manager_interfaces/share/ur_robot_manager_interfaces/cmake/ur_robot_manager_interfaces__rosidl_typesupport_cExport.cmake
[0.409s] -- Up-to-date: /home/hrlsh/scrub_nurse_ws/install/ur_robot_manager_interfaces/share/ur_robot_manager_interfaces/cmake/ur_robot_manager_interfaces__rosidl_typesupport_cExport-noconfig.cmake
[0.409s] -- Up-to-date: /home/hrlsh/scrub_nurse_ws/install/ur_robot_manager_interfaces/share/ur_robot_manager_interfaces/cmake/export_ur_robot_manager_interfaces__rosidl_generator_cppExport.cmake
[0.410s] -- Up-to-date: /home/hrlsh/scrub_nurse_ws/install/ur_robot_manager_interfaces/share/ur_robot_manager_interfaces/cmake/export_ur_robot_manager_interfaces__rosidl_typesupport_fastrtps_cppExport.cmake
[0.410s] -- Up-to-date: /home/hrlsh/scrub_nurse_ws/install/ur_robot_manager_interfaces/share/ur_robot_manager_interfaces/cmake/export_ur_robot_manager_interfaces__rosidl_typesupport_fastrtps_cppExport-noconfig.cmake
[0.410s] -- Up-to-date: /home/hrlsh/scrub_nurse_ws/install/ur_robot_manager_interfaces/share/ur_robot_manager_interfaces/cmake/ur_robot_manager_interfaces__rosidl_typesupport_introspection_cppExport.cmake
[0.410s] -- Up-to-date: /home/hrlsh/scrub_nurse_ws/install/ur_robot_manager_interfaces/share/ur_robot_manager_interfaces/cmake/ur_robot_manager_interfaces__rosidl_typesupport_introspection_cppExport-noconfig.cmake
[0.411s] -- Up-to-date: /home/hrlsh/scrub_nurse_ws/install/ur_robot_manager_interfaces/share/ur_robot_manager_interfaces/cmake/ur_robot_manager_interfaces__rosidl_typesupport_cppExport.cmake
[0.411s] -- Up-to-date: /home/hrlsh/scrub_nurse_ws/install/ur_robot_manager_interfaces/share/ur_robot_manager_interfaces/cmake/ur_robot_manager_interfaces__rosidl_typesupport_cppExport-noconfig.cmake
[0.411s] -- Up-to-date: /home/hrlsh/scrub_nurse_ws/install/ur_robot_manager_interfaces/share/ur_robot_manager_interfaces/cmake/export_ur_robot_manager_interfaces__rosidl_generator_pyExport.cmake
[0.411s] -- Up-to-date: /home/hrlsh/scrub_nurse_ws/install/ur_robot_manager_interfaces/share/ur_robot_manager_interfaces/cmake/export_ur_robot_manager_interfaces__rosidl_generator_pyExport-noconfig.cmake
[0.415s] Invoked command in '/home/hrlsh/scrub_nurse_ws/build/ur_robot_manager_interfaces' returned '0': CMAKE_PREFIX_PATH=/opt/ros/humble /usr/bin/cmake --install /home/hrlsh/scrub_nurse_ws/build/ur_robot_manager_interfaces
