[0.013s] Invoking command in '/home/hrlsh/scrub_nurse_ws/build/nurse_interfaces': CMAKE_PREFIX_PATH=${CMAKE_PREFIX_PATH}:/home/hrlsh/scrub_nurse_ws/install/nurse_control:/home/hrlsh/scrub_nurse_ws/install/nurse_planning:/home/hrlsh/scrub_nurse_ws/install/nurse_perception:/opt/ros/humble /usr/bin/cmake --build /home/hrlsh/scrub_nurse_ws/build/nurse_interfaces -- -j20 -l20
[0.042s] [  1%] Built target nurse_interfaces__cpp
[0.044s] [  3%] Built target nurse_interfaces__rs
[0.047s] [ 14%] Built target nurse_interfaces__rosidl_generator_c
[0.050s] [ 14%] Built target ament_cmake_python_symlink_nurse_interfaces
[0.061s] [ 25%] Built target nurse_interfaces__rosidl_typesupport_introspection_cpp
[0.062s] [ 35%] Built target nurse_interfaces__rosidl_typesupport_cpp
[0.068s] [ 54%] Built target nurse_interfaces__rosidl_typesupport_fastrtps_cpp
[0.068s] [ 57%] Built target nurse_interfaces__rosidl_typesupport_fastrtps_c
[0.075s] [ 68%] Built target nurse_interfaces__rosidl_typesupport_c
[0.076s] [ 79%] Built target nurse_interfaces__rosidl_typesupport_introspection_c
[0.087s] [ 79%] Built target nurse_interfaces
[0.098s] [ 81%] Built target nurse_interfaces__py
[0.111s] [ 90%] Built target nurse_interfaces__rosidl_generator_py
[0.125s] [ 93%] Built target nurse_interfaces__rosidl_typesupport_c__pyext
[0.125s] [ 96%] Built target nurse_interfaces__rosidl_typesupport_introspection_c__pyext
[0.130s] [100%] Built target nurse_interfaces__rosidl_typesupport_fastrtps_c__pyext
[0.261s] running egg_info
[0.280s] writing nurse_interfaces.egg-info/PKG-INFO
[0.280s] writing dependency_links to nurse_interfaces.egg-info/dependency_links.txt
[0.281s] writing top-level names to nurse_interfaces.egg-info/top_level.txt
[0.348s] reading manifest file 'nurse_interfaces.egg-info/SOURCES.txt'
[0.348s] writing manifest file 'nurse_interfaces.egg-info/SOURCES.txt'
[0.373s] [100%] Built target ament_cmake_python_build_nurse_interfaces_egg
[0.380s] Invoked command in '/home/hrlsh/scrub_nurse_ws/build/nurse_interfaces' returned '0': CMAKE_PREFIX_PATH=${CMAKE_PREFIX_PATH}:/home/hrlsh/scrub_nurse_ws/install/nurse_control:/home/hrlsh/scrub_nurse_ws/install/nurse_planning:/home/hrlsh/scrub_nurse_ws/install/nurse_perception:/opt/ros/humble /usr/bin/cmake --build /home/hrlsh/scrub_nurse_ws/build/nurse_interfaces -- -j20 -l20
[0.386s] Invoking command in '/home/hrlsh/scrub_nurse_ws/build/nurse_interfaces': CMAKE_PREFIX_PATH=${CMAKE_PREFIX_PATH}:/home/hrlsh/scrub_nurse_ws/install/nurse_control:/home/hrlsh/scrub_nurse_ws/install/nurse_planning:/home/hrlsh/scrub_nurse_ws/install/nurse_perception:/opt/ros/humble /usr/bin/cmake --install /home/hrlsh/scrub_nurse_ws/build/nurse_interfaces
[0.390s] -- Install configuration: ""
[0.390s] -- Execute custom install script
[0.391s] -- Up-to-date symlink: /home/hrlsh/scrub_nurse_ws/install/nurse_interfaces/share/ament_index/resource_index/rosidl_interfaces/nurse_interfaces
[0.391s] -- Up-to-date symlink: /home/hrlsh/scrub_nurse_ws/install/nurse_interfaces/include/nurse_interfaces/nurse_interfaces/msg/detail/emergency_signal__functions.h
[0.391s] -- Up-to-date symlink: /home/hrlsh/scrub_nurse_ws/install/nurse_interfaces/include/nurse_interfaces/nurse_interfaces/msg/detail/emergency_signal__struct.h
[0.392s] -- Up-to-date symlink: /home/hrlsh/scrub_nurse_ws/install/nurse_interfaces/include/nurse_interfaces/nurse_interfaces/msg/detail/emergency_signal__type_support.h
[0.392s] -- Up-to-date symlink: /home/hrlsh/scrub_nurse_ws/install/nurse_interfaces/include/nurse_interfaces/nurse_interfaces/msg/detail/object_token__functions.h
[0.393s] -- Up-to-date symlink: /home/hrlsh/scrub_nurse_ws/install/nurse_interfaces/include/nurse_interfaces/nurse_interfaces/msg/detail/object_token__struct.h
[0.393s] -- Up-to-date symlink: /home/hrlsh/scrub_nurse_ws/install/nurse_interfaces/include/nurse_interfaces/nurse_interfaces/msg/detail/object_token__type_support.h
[0.393s] -- Up-to-date symlink: /home/hrlsh/scrub_nurse_ws/install/nurse_interfaces/include/nurse_interfaces/nurse_interfaces/msg/detail/object_token_array__functions.h
[0.393s] -- Up-to-date symlink: /home/hrlsh/scrub_nurse_ws/install/nurse_interfaces/include/nurse_interfaces/nurse_interfaces/msg/detail/object_token_array__struct.h
[0.393s] -- Up-to-date symlink: /home/hrlsh/scrub_nurse_ws/install/nurse_interfaces/include/nurse_interfaces/nurse_interfaces/msg/detail/object_token_array__type_support.h
[0.393s] -- Up-to-date symlink: /home/hrlsh/scrub_nurse_ws/install/nurse_interfaces/include/nurse_interfaces/nurse_interfaces/msg/detail/safety_signal__functions.h
[0.393s] -- Up-to-date symlink: /home/hrlsh/scrub_nurse_ws/install/nurse_interfaces/include/nurse_interfaces/nurse_interfaces/msg/detail/safety_signal__struct.h
[0.394s] -- Up-to-date symlink: /home/hrlsh/scrub_nurse_ws/install/nurse_interfaces/include/nurse_interfaces/nurse_interfaces/msg/detail/safety_signal__type_support.h
[0.394s] -- Up-to-date symlink: /home/hrlsh/scrub_nurse_ws/install/nurse_interfaces/include/nurse_interfaces/nurse_interfaces/msg/detail/tool_prompt__functions.h
[0.394s] -- Up-to-date symlink: /home/hrlsh/scrub_nurse_ws/install/nurse_interfaces/include/nurse_interfaces/nurse_interfaces/msg/detail/tool_prompt__struct.h
[0.394s] -- Up-to-date symlink: /home/hrlsh/scrub_nurse_ws/install/nurse_interfaces/include/nurse_interfaces/nurse_interfaces/msg/detail/tool_prompt__type_support.h
[0.394s] -- Up-to-date symlink: /home/hrlsh/scrub_nurse_ws/install/nurse_interfaces/include/nurse_interfaces/nurse_interfaces/msg/emergency_signal.h
[0.395s] -- Up-to-date symlink: /home/hrlsh/scrub_nurse_ws/install/nurse_interfaces/include/nurse_interfaces/nurse_interfaces/msg/object_token.h
[0.395s] -- Up-to-date symlink: /home/hrlsh/scrub_nurse_ws/install/nurse_interfaces/include/nurse_interfaces/nurse_interfaces/msg/object_token_array.h
[0.395s] -- Up-to-date symlink: /home/hrlsh/scrub_nurse_ws/install/nurse_interfaces/include/nurse_interfaces/nurse_interfaces/msg/rosidl_generator_c__visibility_control.h
[0.395s] -- Up-to-date symlink: /home/hrlsh/scrub_nurse_ws/install/nurse_interfaces/include/nurse_interfaces/nurse_interfaces/msg/safety_signal.h
[0.396s] -- Up-to-date symlink: /home/hrlsh/scrub_nurse_ws/install/nurse_interfaces/include/nurse_interfaces/nurse_interfaces/msg/tool_prompt.h
[0.396s] -- Up-to-date symlink: /home/hrlsh/scrub_nurse_ws/install/nurse_interfaces/share/nurse_interfaces/environment/library_path.sh
[0.396s] -- Up-to-date symlink: /home/hrlsh/scrub_nurse_ws/install/nurse_interfaces/share/nurse_interfaces/environment/library_path.dsv
[0.396s] -- Up-to-date symlink: /home/hrlsh/scrub_nurse_ws/install/nurse_interfaces/include/nurse_interfaces/nurse_interfaces/msg/detail/emergency_signal__rosidl_typesupport_fastrtps_c.h
[0.397s] -- Up-to-date symlink: /home/hrlsh/scrub_nurse_ws/install/nurse_interfaces/include/nurse_interfaces/nurse_interfaces/msg/detail/object_token__rosidl_typesupport_fastrtps_c.h
[0.397s] -- Up-to-date symlink: /home/hrlsh/scrub_nurse_ws/install/nurse_interfaces/include/nurse_interfaces/nurse_interfaces/msg/detail/object_token_array__rosidl_typesupport_fastrtps_c.h
[0.397s] -- Up-to-date symlink: /home/hrlsh/scrub_nurse_ws/install/nurse_interfaces/include/nurse_interfaces/nurse_interfaces/msg/detail/safety_signal__rosidl_typesupport_fastrtps_c.h
[0.398s] -- Up-to-date symlink: /home/hrlsh/scrub_nurse_ws/install/nurse_interfaces/include/nurse_interfaces/nurse_interfaces/msg/detail/tool_prompt__rosidl_typesupport_fastrtps_c.h
[0.398s] -- Up-to-date symlink: /home/hrlsh/scrub_nurse_ws/install/nurse_interfaces/include/nurse_interfaces/nurse_interfaces/msg/rosidl_typesupport_fastrtps_c__visibility_control.h
[0.398s] -- Up-to-date symlink: /home/hrlsh/scrub_nurse_ws/install/nurse_interfaces/include/nurse_interfaces/nurse_interfaces/msg/detail/emergency_signal__rosidl_typesupport_introspection_c.h
[0.398s] -- Up-to-date symlink: /home/hrlsh/scrub_nurse_ws/install/nurse_interfaces/include/nurse_interfaces/nurse_interfaces/msg/detail/object_token__rosidl_typesupport_introspection_c.h
[0.398s] -- Up-to-date symlink: /home/hrlsh/scrub_nurse_ws/install/nurse_interfaces/include/nurse_interfaces/nurse_interfaces/msg/detail/object_token_array__rosidl_typesupport_introspection_c.h
[0.398s] -- Up-to-date symlink: /home/hrlsh/scrub_nurse_ws/install/nurse_interfaces/include/nurse_interfaces/nurse_interfaces/msg/detail/safety_signal__rosidl_typesupport_introspection_c.h
[0.399s] -- Up-to-date symlink: /home/hrlsh/scrub_nurse_ws/install/nurse_interfaces/include/nurse_interfaces/nurse_interfaces/msg/detail/tool_prompt__rosidl_typesupport_introspection_c.h
[0.399s] -- Up-to-date symlink: /home/hrlsh/scrub_nurse_ws/install/nurse_interfaces/include/nurse_interfaces/nurse_interfaces/msg/rosidl_typesupport_introspection_c__visibility_control.h
[0.399s] -- Up-to-date symlink: /home/hrlsh/scrub_nurse_ws/install/nurse_interfaces/include/nurse_interfaces/nurse_interfaces/msg/detail/emergency_signal__builder.hpp
[0.400s] -- Up-to-date symlink: /home/hrlsh/scrub_nurse_ws/install/nurse_interfaces/include/nurse_interfaces/nurse_interfaces/msg/detail/emergency_signal__struct.hpp
[0.400s] -- Up-to-date symlink: /home/hrlsh/scrub_nurse_ws/install/nurse_interfaces/include/nurse_interfaces/nurse_interfaces/msg/detail/emergency_signal__traits.hpp
[0.400s] -- Up-to-date symlink: /home/hrlsh/scrub_nurse_ws/install/nurse_interfaces/include/nurse_interfaces/nurse_interfaces/msg/detail/emergency_signal__type_support.hpp
[0.400s] -- Up-to-date symlink: /home/hrlsh/scrub_nurse_ws/install/nurse_interfaces/include/nurse_interfaces/nurse_interfaces/msg/detail/object_token__builder.hpp
[0.400s] -- Up-to-date symlink: /home/hrlsh/scrub_nurse_ws/install/nurse_interfaces/include/nurse_interfaces/nurse_interfaces/msg/detail/object_token__struct.hpp
[0.401s] -- Up-to-date symlink: /home/hrlsh/scrub_nurse_ws/install/nurse_interfaces/include/nurse_interfaces/nurse_interfaces/msg/detail/object_token__traits.hpp
[0.401s] -- Up-to-date symlink: /home/hrlsh/scrub_nurse_ws/install/nurse_interfaces/include/nurse_interfaces/nurse_interfaces/msg/detail/object_token__type_support.hpp
[0.401s] -- Up-to-date symlink: /home/hrlsh/scrub_nurse_ws/install/nurse_interfaces/include/nurse_interfaces/nurse_interfaces/msg/detail/object_token_array__builder.hpp
[0.401s] -- Up-to-date symlink: /home/hrlsh/scrub_nurse_ws/install/nurse_interfaces/include/nurse_interfaces/nurse_interfaces/msg/detail/object_token_array__struct.hpp
[0.401s] -- Up-to-date symlink: /home/hrlsh/scrub_nurse_ws/install/nurse_interfaces/include/nurse_interfaces/nurse_interfaces/msg/detail/object_token_array__traits.hpp
[0.402s] -- Up-to-date symlink: /home/hrlsh/scrub_nurse_ws/install/nurse_interfaces/include/nurse_interfaces/nurse_interfaces/msg/detail/object_token_array__type_support.hpp
[0.402s] -- Up-to-date symlink: /home/hrlsh/scrub_nurse_ws/install/nurse_interfaces/include/nurse_interfaces/nurse_interfaces/msg/detail/safety_signal__builder.hpp
[0.402s] -- Up-to-date symlink: /home/hrlsh/scrub_nurse_ws/install/nurse_interfaces/include/nurse_interfaces/nurse_interfaces/msg/detail/safety_signal__struct.hpp
[0.403s] -- Up-to-date symlink: /home/hrlsh/scrub_nurse_ws/install/nurse_interfaces/include/nurse_interfaces/nurse_interfaces/msg/detail/safety_signal__traits.hpp
[0.403s] -- Up-to-date symlink: /home/hrlsh/scrub_nurse_ws/install/nurse_interfaces/include/nurse_interfaces/nurse_interfaces/msg/detail/safety_signal__type_support.hpp
[0.403s] -- Up-to-date symlink: /home/hrlsh/scrub_nurse_ws/install/nurse_interfaces/include/nurse_interfaces/nurse_interfaces/msg/detail/tool_prompt__builder.hpp
[0.403s] -- Up-to-date symlink: /home/hrlsh/scrub_nurse_ws/install/nurse_interfaces/include/nurse_interfaces/nurse_interfaces/msg/detail/tool_prompt__struct.hpp
[0.403s] -- Up-to-date symlink: /home/hrlsh/scrub_nurse_ws/install/nurse_interfaces/include/nurse_interfaces/nurse_interfaces/msg/detail/tool_prompt__traits.hpp
[0.403s] -- Up-to-date symlink: /home/hrlsh/scrub_nurse_ws/install/nurse_interfaces/include/nurse_interfaces/nurse_interfaces/msg/detail/tool_prompt__type_support.hpp
[0.404s] -- Up-to-date symlink: /home/hrlsh/scrub_nurse_ws/install/nurse_interfaces/include/nurse_interfaces/nurse_interfaces/msg/emergency_signal.hpp
[0.404s] -- Up-to-date symlink: /home/hrlsh/scrub_nurse_ws/install/nurse_interfaces/include/nurse_interfaces/nurse_interfaces/msg/object_token.hpp
[0.404s] -- Up-to-date symlink: /home/hrlsh/scrub_nurse_ws/install/nurse_interfaces/include/nurse_interfaces/nurse_interfaces/msg/object_token_array.hpp
[0.404s] -- Up-to-date symlink: /home/hrlsh/scrub_nurse_ws/install/nurse_interfaces/include/nurse_interfaces/nurse_interfaces/msg/rosidl_generator_cpp__visibility_control.hpp
[0.404s] -- Up-to-date symlink: /home/hrlsh/scrub_nurse_ws/install/nurse_interfaces/include/nurse_interfaces/nurse_interfaces/msg/safety_signal.hpp
[0.405s] -- Up-to-date symlink: /home/hrlsh/scrub_nurse_ws/install/nurse_interfaces/include/nurse_interfaces/nurse_interfaces/msg/tool_prompt.hpp
[0.405s] -- Up-to-date symlink: /home/hrlsh/scrub_nurse_ws/install/nurse_interfaces/include/nurse_interfaces/nurse_interfaces/msg/detail/emergency_signal__rosidl_typesupport_fastrtps_cpp.hpp
[0.405s] -- Up-to-date symlink: /home/hrlsh/scrub_nurse_ws/install/nurse_interfaces/include/nurse_interfaces/nurse_interfaces/msg/detail/object_token__rosidl_typesupport_fastrtps_cpp.hpp
[0.406s] -- Up-to-date symlink: /home/hrlsh/scrub_nurse_ws/install/nurse_interfaces/include/nurse_interfaces/nurse_interfaces/msg/detail/object_token_array__rosidl_typesupport_fastrtps_cpp.hpp
[0.406s] -- Up-to-date symlink: /home/hrlsh/scrub_nurse_ws/install/nurse_interfaces/include/nurse_interfaces/nurse_interfaces/msg/detail/safety_signal__rosidl_typesupport_fastrtps_cpp.hpp
[0.406s] -- Up-to-date symlink: /home/hrlsh/scrub_nurse_ws/install/nurse_interfaces/include/nurse_interfaces/nurse_interfaces/msg/detail/tool_prompt__rosidl_typesupport_fastrtps_cpp.hpp
[0.406s] -- Up-to-date symlink: /home/hrlsh/scrub_nurse_ws/install/nurse_interfaces/include/nurse_interfaces/nurse_interfaces/msg/rosidl_typesupport_fastrtps_cpp__visibility_control.h
[0.407s] -- Up-to-date symlink: /home/hrlsh/scrub_nurse_ws/install/nurse_interfaces/include/nurse_interfaces/nurse_interfaces/msg/detail/emergency_signal__rosidl_typesupport_introspection_cpp.hpp
[0.407s] -- Up-to-date symlink: /home/hrlsh/scrub_nurse_ws/install/nurse_interfaces/include/nurse_interfaces/nurse_interfaces/msg/detail/object_token__rosidl_typesupport_introspection_cpp.hpp
[0.407s] -- Up-to-date symlink: /home/hrlsh/scrub_nurse_ws/install/nurse_interfaces/include/nurse_interfaces/nurse_interfaces/msg/detail/object_token_array__rosidl_typesupport_introspection_cpp.hpp
[0.407s] -- Up-to-date symlink: /home/hrlsh/scrub_nurse_ws/install/nurse_interfaces/include/nurse_interfaces/nurse_interfaces/msg/detail/safety_signal__rosidl_typesupport_introspection_cpp.hpp
[0.408s] -- Up-to-date symlink: /home/hrlsh/scrub_nurse_ws/install/nurse_interfaces/include/nurse_interfaces/nurse_interfaces/msg/detail/tool_prompt__rosidl_typesupport_introspection_cpp.hpp
[0.408s] -- Up-to-date symlink: /home/hrlsh/scrub_nurse_ws/install/nurse_interfaces/share/nurse_interfaces/environment/pythonpath.sh
[0.408s] -- Up-to-date symlink: /home/hrlsh/scrub_nurse_ws/install/nurse_interfaces/share/nurse_interfaces/environment/pythonpath.dsv
[0.409s] -- Up-to-date symlink: /home/hrlsh/scrub_nurse_ws/install/nurse_interfaces/local/lib/python3.10/dist-packages/nurse_interfaces-0.1.0-py3.10.egg-info/PKG-INFO
[0.409s] -- Up-to-date symlink: /home/hrlsh/scrub_nurse_ws/install/nurse_interfaces/local/lib/python3.10/dist-packages/nurse_interfaces-0.1.0-py3.10.egg-info/SOURCES.txt
[0.410s] -- Up-to-date symlink: /home/hrlsh/scrub_nurse_ws/install/nurse_interfaces/local/lib/python3.10/dist-packages/nurse_interfaces-0.1.0-py3.10.egg-info/dependency_links.txt
[0.410s] -- Up-to-date symlink: /home/hrlsh/scrub_nurse_ws/install/nurse_interfaces/local/lib/python3.10/dist-packages/nurse_interfaces-0.1.0-py3.10.egg-info/top_level.txt
[0.411s] -- Up-to-date symlink: /home/hrlsh/scrub_nurse_ws/install/nurse_interfaces/local/lib/python3.10/dist-packages/nurse_interfaces/__init__.py
[0.411s] -- Up-to-date symlink: /home/hrlsh/scrub_nurse_ws/install/nurse_interfaces/local/lib/python3.10/dist-packages/nurse_interfaces/_nurse_interfaces_s.ep.rosidl_typesupport_c.c
[0.411s] -- Up-to-date symlink: /home/hrlsh/scrub_nurse_ws/install/nurse_interfaces/local/lib/python3.10/dist-packages/nurse_interfaces/_nurse_interfaces_s.ep.rosidl_typesupport_fastrtps_c.c
[0.411s] -- Up-to-date symlink: /home/hrlsh/scrub_nurse_ws/install/nurse_interfaces/local/lib/python3.10/dist-packages/nurse_interfaces/_nurse_interfaces_s.ep.rosidl_typesupport_introspection_c.c
[0.411s] -- Up-to-date symlink: /home/hrlsh/scrub_nurse_ws/install/nurse_interfaces/local/lib/python3.10/dist-packages/nurse_interfaces/libnurse_interfaces__rosidl_generator_py.so
[0.412s] -- Up-to-date symlink: /home/hrlsh/scrub_nurse_ws/install/nurse_interfaces/local/lib/python3.10/dist-packages/nurse_interfaces/msg/__init__.py
[0.412s] -- Up-to-date symlink: /home/hrlsh/scrub_nurse_ws/install/nurse_interfaces/local/lib/python3.10/dist-packages/nurse_interfaces/msg/_emergency_signal.py
[0.412s] -- Up-to-date symlink: /home/hrlsh/scrub_nurse_ws/install/nurse_interfaces/local/lib/python3.10/dist-packages/nurse_interfaces/msg/_emergency_signal_s.c
[0.412s] -- Up-to-date symlink: /home/hrlsh/scrub_nurse_ws/install/nurse_interfaces/local/lib/python3.10/dist-packages/nurse_interfaces/msg/_object_token.py
[0.412s] -- Up-to-date symlink: /home/hrlsh/scrub_nurse_ws/install/nurse_interfaces/local/lib/python3.10/dist-packages/nurse_interfaces/msg/_object_token_array.py
[0.413s] -- Up-to-date symlink: /home/hrlsh/scrub_nurse_ws/install/nurse_interfaces/local/lib/python3.10/dist-packages/nurse_interfaces/msg/_object_token_array_s.c
[0.413s] -- Up-to-date symlink: /home/hrlsh/scrub_nurse_ws/install/nurse_interfaces/local/lib/python3.10/dist-packages/nurse_interfaces/msg/_object_token_s.c
[0.413s] -- Up-to-date symlink: /home/hrlsh/scrub_nurse_ws/install/nurse_interfaces/local/lib/python3.10/dist-packages/nurse_interfaces/msg/_safety_signal.py
[0.414s] -- Up-to-date symlink: /home/hrlsh/scrub_nurse_ws/install/nurse_interfaces/local/lib/python3.10/dist-packages/nurse_interfaces/msg/_safety_signal_s.c
[0.414s] -- Up-to-date symlink: /home/hrlsh/scrub_nurse_ws/install/nurse_interfaces/local/lib/python3.10/dist-packages/nurse_interfaces/msg/_tool_prompt.py
[0.414s] -- Up-to-date symlink: /home/hrlsh/scrub_nurse_ws/install/nurse_interfaces/local/lib/python3.10/dist-packages/nurse_interfaces/msg/_tool_prompt_s.c
[0.414s] -- Up-to-date symlink: /home/hrlsh/scrub_nurse_ws/install/nurse_interfaces/local/lib/python3.10/dist-packages/nurse_interfaces/nurse_interfaces_s__rosidl_typesupport_c.cpython-310-x86_64-linux-gnu.so
[0.414s] -- Up-to-date symlink: /home/hrlsh/scrub_nurse_ws/install/nurse_interfaces/local/lib/python3.10/dist-packages/nurse_interfaces/nurse_interfaces_s__rosidl_typesupport_fastrtps_c.cpython-310-x86_64-linux-gnu.so
[0.415s] -- Up-to-date symlink: /home/hrlsh/scrub_nurse_ws/install/nurse_interfaces/local/lib/python3.10/dist-packages/nurse_interfaces/nurse_interfaces_s__rosidl_typesupport_introspection_c.cpython-310-x86_64-linux-gnu.so
[0.415s] -- Up-to-date symlink: /home/hrlsh/scrub_nurse_ws/install/nurse_interfaces/local/lib/python3.10/dist-packages/nurse_interfaces/nurse_interfaces_s__rosidl_typesupport_fastrtps_c.cpython-310-x86_64-linux-gnu.so
[0.416s] -- Up-to-date symlink: /home/hrlsh/scrub_nurse_ws/install/nurse_interfaces/local/lib/python3.10/dist-packages/nurse_interfaces/nurse_interfaces_s__rosidl_typesupport_introspection_c.cpython-310-x86_64-linux-gnu.so
[0.416s] -- Up-to-date symlink: /home/hrlsh/scrub_nurse_ws/install/nurse_interfaces/local/lib/python3.10/dist-packages/nurse_interfaces/nurse_interfaces_s__rosidl_typesupport_c.cpython-310-x86_64-linux-gnu.so
[0.416s] -- Up-to-date symlink: /home/hrlsh/scrub_nurse_ws/install/nurse_interfaces/share/ament_index/resource_index/rust_packages/nurse_interfaces
[0.417s] -- Up-to-date symlink: /home/hrlsh/scrub_nurse_ws/install/nurse_interfaces/share/nurse_interfaces/rust/Cargo.toml
[0.417s] -- Up-to-date symlink: /home/hrlsh/scrub_nurse_ws/install/nurse_interfaces/share/nurse_interfaces/rust/build.rs
[0.417s] -- Up-to-date symlink: /home/hrlsh/scrub_nurse_ws/install/nurse_interfaces/share/nurse_interfaces/rust/src/lib.rs
[0.417s] -- Up-to-date symlink: /home/hrlsh/scrub_nurse_ws/install/nurse_interfaces/share/nurse_interfaces/rust/src/msg.rs
[0.418s] -- Up-to-date symlink: /home/hrlsh/scrub_nurse_ws/install/nurse_interfaces/share/nurse_interfaces/rust/src/msg/rmw.rs
[0.418s] -- Up-to-date symlink: /home/hrlsh/scrub_nurse_ws/install/nurse_interfaces/share/nurse_interfaces/msg/ObjectToken.idl
[0.418s] -- Up-to-date symlink: /home/hrlsh/scrub_nurse_ws/install/nurse_interfaces/share/nurse_interfaces/msg/ObjectTokenArray.idl
[0.418s] -- Up-to-date symlink: /home/hrlsh/scrub_nurse_ws/install/nurse_interfaces/share/nurse_interfaces/msg/EmergencySignal.idl
[0.419s] -- Up-to-date symlink: /home/hrlsh/scrub_nurse_ws/install/nurse_interfaces/share/nurse_interfaces/msg/ToolPrompt.idl
[0.419s] -- Up-to-date symlink: /home/hrlsh/scrub_nurse_ws/install/nurse_interfaces/share/nurse_interfaces/msg/SafetySignal.idl
[0.419s] -- Up-to-date symlink: /home/hrlsh/scrub_nurse_ws/install/nurse_interfaces/share/nurse_interfaces/msg/ObjectToken.msg
[0.420s] -- Up-to-date symlink: /home/hrlsh/scrub_nurse_ws/install/nurse_interfaces/share/nurse_interfaces/msg/ObjectTokenArray.msg
[0.420s] -- Up-to-date symlink: /home/hrlsh/scrub_nurse_ws/install/nurse_interfaces/share/nurse_interfaces/msg/EmergencySignal.msg
[0.420s] -- Up-to-date symlink: /home/hrlsh/scrub_nurse_ws/install/nurse_interfaces/share/nurse_interfaces/msg/ToolPrompt.msg
[0.420s] -- Up-to-date symlink: /home/hrlsh/scrub_nurse_ws/install/nurse_interfaces/share/nurse_interfaces/msg/SafetySignal.msg
[0.421s] -- Up-to-date symlink: /home/hrlsh/scrub_nurse_ws/install/nurse_interfaces/share/ament_index/resource_index/package_run_dependencies/nurse_interfaces
[0.421s] -- Up-to-date symlink: /home/hrlsh/scrub_nurse_ws/install/nurse_interfaces/share/ament_index/resource_index/parent_prefix_path/nurse_interfaces
[0.421s] -- Up-to-date symlink: /home/hrlsh/scrub_nurse_ws/install/nurse_interfaces/share/nurse_interfaces/environment/ament_prefix_path.sh
[0.421s] -- Up-to-date symlink: /home/hrlsh/scrub_nurse_ws/install/nurse_interfaces/share/nurse_interfaces/environment/ament_prefix_path.dsv
[0.422s] -- Up-to-date symlink: /home/hrlsh/scrub_nurse_ws/install/nurse_interfaces/share/nurse_interfaces/environment/path.sh
[0.422s] -- Up-to-date symlink: /home/hrlsh/scrub_nurse_ws/install/nurse_interfaces/share/nurse_interfaces/environment/path.dsv
[0.422s] -- Up-to-date symlink: /home/hrlsh/scrub_nurse_ws/install/nurse_interfaces/share/nurse_interfaces/local_setup.bash
[0.423s] -- Up-to-date symlink: /home/hrlsh/scrub_nurse_ws/install/nurse_interfaces/share/nurse_interfaces/local_setup.sh
[0.423s] -- Up-to-date symlink: /home/hrlsh/scrub_nurse_ws/install/nurse_interfaces/share/nurse_interfaces/local_setup.zsh
[0.423s] -- Up-to-date symlink: /home/hrlsh/scrub_nurse_ws/install/nurse_interfaces/share/nurse_interfaces/local_setup.dsv
[0.423s] -- Symlinking: /home/hrlsh/scrub_nurse_ws/install/nurse_interfaces/share/nurse_interfaces/package.dsv
[0.431s] -- Up-to-date symlink: /home/hrlsh/scrub_nurse_ws/install/nurse_interfaces/share/ament_index/resource_index/packages/nurse_interfaces
[0.431s] -- Up-to-date symlink: /home/hrlsh/scrub_nurse_ws/install/nurse_interfaces/share/nurse_interfaces/cmake/rosidl_cmake-extras.cmake
[0.431s] -- Up-to-date symlink: /home/hrlsh/scrub_nurse_ws/install/nurse_interfaces/share/nurse_interfaces/cmake/ament_cmake_export_dependencies-extras.cmake
[0.432s] -- Up-to-date symlink: /home/hrlsh/scrub_nurse_ws/install/nurse_interfaces/share/nurse_interfaces/cmake/ament_cmake_export_include_directories-extras.cmake
[0.432s] -- Up-to-date symlink: /home/hrlsh/scrub_nurse_ws/install/nurse_interfaces/share/nurse_interfaces/cmake/ament_cmake_export_libraries-extras.cmake
[0.433s] -- Up-to-date symlink: /home/hrlsh/scrub_nurse_ws/install/nurse_interfaces/share/nurse_interfaces/cmake/ament_cmake_export_targets-extras.cmake
[0.433s] -- Up-to-date symlink: /home/hrlsh/scrub_nurse_ws/install/nurse_interfaces/share/nurse_interfaces/cmake/rosidl_cmake_export_typesupport_targets-extras.cmake
[0.433s] -- Up-to-date symlink: /home/hrlsh/scrub_nurse_ws/install/nurse_interfaces/share/nurse_interfaces/cmake/rosidl_cmake_export_typesupport_libraries-extras.cmake
[0.433s] -- Up-to-date symlink: /home/hrlsh/scrub_nurse_ws/install/nurse_interfaces/share/nurse_interfaces/cmake/nurse_interfacesConfig.cmake
[0.433s] -- Up-to-date symlink: /home/hrlsh/scrub_nurse_ws/install/nurse_interfaces/share/nurse_interfaces/cmake/nurse_interfacesConfig-version.cmake
[0.434s] -- Up-to-date symlink: /home/hrlsh/scrub_nurse_ws/install/nurse_interfaces/share/nurse_interfaces/package.xml
[0.434s] -- Up-to-date: /home/hrlsh/scrub_nurse_ws/install/nurse_interfaces/lib/libnurse_interfaces__rosidl_generator_c.so
[0.434s] -- Up-to-date: /home/hrlsh/scrub_nurse_ws/install/nurse_interfaces/lib/libnurse_interfaces__rosidl_typesupport_fastrtps_c.so
[0.435s] -- Up-to-date: /home/hrlsh/scrub_nurse_ws/install/nurse_interfaces/lib/libnurse_interfaces__rosidl_typesupport_introspection_c.so
[0.435s] -- Up-to-date: /home/hrlsh/scrub_nurse_ws/install/nurse_interfaces/lib/libnurse_interfaces__rosidl_typesupport_c.so
[0.435s] -- Up-to-date: /home/hrlsh/scrub_nurse_ws/install/nurse_interfaces/lib/libnurse_interfaces__rosidl_typesupport_fastrtps_cpp.so
[0.435s] -- Up-to-date: /home/hrlsh/scrub_nurse_ws/install/nurse_interfaces/lib/libnurse_interfaces__rosidl_typesupport_introspection_cpp.so
[0.435s] -- Up-to-date: /home/hrlsh/scrub_nurse_ws/install/nurse_interfaces/lib/libnurse_interfaces__rosidl_typesupport_cpp.so
[0.469s] Listing '/home/hrlsh/scrub_nurse_ws/install/nurse_interfaces/local/lib/python3.10/dist-packages/nurse_interfaces'...
[0.469s] Listing '/home/hrlsh/scrub_nurse_ws/install/nurse_interfaces/local/lib/python3.10/dist-packages/nurse_interfaces/msg'...
[0.480s] -- Up-to-date: /home/hrlsh/scrub_nurse_ws/install/nurse_interfaces/lib/libnurse_interfaces__rosidl_generator_py.so
[0.480s] -- Up-to-date: /home/hrlsh/scrub_nurse_ws/install/nurse_interfaces/share/nurse_interfaces/cmake/export_nurse_interfaces__rosidl_generator_cExport.cmake
[0.481s] -- Up-to-date: /home/hrlsh/scrub_nurse_ws/install/nurse_interfaces/share/nurse_interfaces/cmake/export_nurse_interfaces__rosidl_generator_cExport-noconfig.cmake
[0.482s] -- Up-to-date: /home/hrlsh/scrub_nurse_ws/install/nurse_interfaces/share/nurse_interfaces/cmake/export_nurse_interfaces__rosidl_typesupport_fastrtps_cExport.cmake
[0.482s] -- Up-to-date: /home/hrlsh/scrub_nurse_ws/install/nurse_interfaces/share/nurse_interfaces/cmake/export_nurse_interfaces__rosidl_typesupport_fastrtps_cExport-noconfig.cmake
[0.483s] -- Up-to-date: /home/hrlsh/scrub_nurse_ws/install/nurse_interfaces/share/nurse_interfaces/cmake/nurse_interfaces__rosidl_typesupport_introspection_cExport.cmake
[0.483s] -- Up-to-date: /home/hrlsh/scrub_nurse_ws/install/nurse_interfaces/share/nurse_interfaces/cmake/nurse_interfaces__rosidl_typesupport_introspection_cExport-noconfig.cmake
[0.483s] -- Up-to-date: /home/hrlsh/scrub_nurse_ws/install/nurse_interfaces/share/nurse_interfaces/cmake/nurse_interfaces__rosidl_typesupport_cExport.cmake
[0.483s] -- Up-to-date: /home/hrlsh/scrub_nurse_ws/install/nurse_interfaces/share/nurse_interfaces/cmake/nurse_interfaces__rosidl_typesupport_cExport-noconfig.cmake
[0.484s] -- Up-to-date: /home/hrlsh/scrub_nurse_ws/install/nurse_interfaces/share/nurse_interfaces/cmake/export_nurse_interfaces__rosidl_generator_cppExport.cmake
[0.484s] -- Up-to-date: /home/hrlsh/scrub_nurse_ws/install/nurse_interfaces/share/nurse_interfaces/cmake/export_nurse_interfaces__rosidl_typesupport_fastrtps_cppExport.cmake
[0.484s] -- Up-to-date: /home/hrlsh/scrub_nurse_ws/install/nurse_interfaces/share/nurse_interfaces/cmake/export_nurse_interfaces__rosidl_typesupport_fastrtps_cppExport-noconfig.cmake
[0.484s] -- Up-to-date: /home/hrlsh/scrub_nurse_ws/install/nurse_interfaces/share/nurse_interfaces/cmake/nurse_interfaces__rosidl_typesupport_introspection_cppExport.cmake
[0.484s] -- Up-to-date: /home/hrlsh/scrub_nurse_ws/install/nurse_interfaces/share/nurse_interfaces/cmake/nurse_interfaces__rosidl_typesupport_introspection_cppExport-noconfig.cmake
[0.485s] -- Up-to-date: /home/hrlsh/scrub_nurse_ws/install/nurse_interfaces/share/nurse_interfaces/cmake/nurse_interfaces__rosidl_typesupport_cppExport.cmake
[0.485s] -- Up-to-date: /home/hrlsh/scrub_nurse_ws/install/nurse_interfaces/share/nurse_interfaces/cmake/nurse_interfaces__rosidl_typesupport_cppExport-noconfig.cmake
[0.485s] -- Up-to-date: /home/hrlsh/scrub_nurse_ws/install/nurse_interfaces/share/nurse_interfaces/cmake/export_nurse_interfaces__rosidl_generator_pyExport.cmake
[0.485s] -- Up-to-date: /home/hrlsh/scrub_nurse_ws/install/nurse_interfaces/share/nurse_interfaces/cmake/export_nurse_interfaces__rosidl_generator_pyExport-noconfig.cmake
[0.498s] Invoked command in '/home/hrlsh/scrub_nurse_ws/build/nurse_interfaces' returned '0': CMAKE_PREFIX_PATH=${CMAKE_PREFIX_PATH}:/home/hrlsh/scrub_nurse_ws/install/nurse_control:/home/hrlsh/scrub_nurse_ws/install/nurse_planning:/home/hrlsh/scrub_nurse_ws/install/nurse_perception:/opt/ros/humble /usr/bin/cmake --install /home/hrlsh/scrub_nurse_ws/build/nurse_interfaces
