[0.012s] Invoking command in '/home/hrlsh/scrub_nurse_ws/build/aruco_interfaces': CMAKE_PREFIX_PATH=${CMAKE_PREFIX_PATH}:/home/hrlsh/scrub_nurse_ws/install/nurse_control:/home/hrlsh/scrub_nurse_ws/install/nurse_planning:/home/hrlsh/scrub_nurse_ws/install/nurse_perception:/opt/ros/humble /usr/bin/cmake --build /home/hrlsh/scrub_nurse_ws/build/aruco_interfaces -- -j20 -l20
[0.042s] [  2%] Built target aruco_interfaces__rs
[0.042s] [ 12%] Built target aruco_interfaces__rosidl_generator_c
[0.043s] [ 15%] Built target aruco_interfaces__cpp
[0.051s] [ 15%] Built target ament_cmake_python_symlink_aruco_interfaces
[0.068s] [ 25%] Built target aruco_interfaces__rosidl_typesupport_fastrtps_c
[0.068s] [ 35%] Built target aruco_interfaces__rosidl_typesupport_introspection_c
[0.070s] [ 45%] Built target aruco_interfaces__rosidl_typesupport_c
[0.070s] [ 55%] Built target aruco_interfaces__rosidl_typesupport_introspection_cpp
[0.073s] [ 65%] Built target aruco_interfaces__rosidl_typesupport_fastrtps_cpp
[0.076s] [ 75%] Built target aruco_interfaces__rosidl_typesupport_cpp
[0.087s] [ 75%] Built target aruco_interfaces
[0.099s] [ 77%] Built target aruco_interfaces__py
[0.113s] [ 85%] Built target aruco_interfaces__rosidl_generator_py
[0.127s] [ 95%] Built target aruco_interfaces__rosidl_typesupport_fastrtps_c__pyext
[0.128s] [ 95%] Built target aruco_interfaces__rosidl_typesupport_c__pyext
[0.128s] [100%] Built target aruco_interfaces__rosidl_typesupport_introspection_c__pyext
[0.266s] running egg_info
[0.285s] writing aruco_interfaces.egg-info/PKG-INFO
[0.285s] writing dependency_links to aruco_interfaces.egg-info/dependency_links.txt
[0.285s] writing top-level names to aruco_interfaces.egg-info/top_level.txt
[0.347s] reading manifest file 'aruco_interfaces.egg-info/SOURCES.txt'
[0.347s] writing manifest file 'aruco_interfaces.egg-info/SOURCES.txt'
[0.371s] [100%] Built target ament_cmake_python_build_aruco_interfaces_egg
[0.382s] Invoked command in '/home/hrlsh/scrub_nurse_ws/build/aruco_interfaces' returned '0': CMAKE_PREFIX_PATH=${CMAKE_PREFIX_PATH}:/home/hrlsh/scrub_nurse_ws/install/nurse_control:/home/hrlsh/scrub_nurse_ws/install/nurse_planning:/home/hrlsh/scrub_nurse_ws/install/nurse_perception:/opt/ros/humble /usr/bin/cmake --build /home/hrlsh/scrub_nurse_ws/build/aruco_interfaces -- -j20 -l20
[0.383s] Invoking command in '/home/hrlsh/scrub_nurse_ws/build/aruco_interfaces': CMAKE_PREFIX_PATH=${CMAKE_PREFIX_PATH}:/home/hrlsh/scrub_nurse_ws/install/nurse_control:/home/hrlsh/scrub_nurse_ws/install/nurse_planning:/home/hrlsh/scrub_nurse_ws/install/nurse_perception:/opt/ros/humble /usr/bin/cmake --install /home/hrlsh/scrub_nurse_ws/build/aruco_interfaces
[0.391s] -- Install configuration: ""
[0.392s] -- Execute custom install script
[0.393s] -- Up-to-date symlink: /home/hrlsh/scrub_nurse_ws/install/aruco_interfaces/share/ament_index/resource_index/rosidl_interfaces/aruco_interfaces
[0.393s] -- Up-to-date symlink: /home/hrlsh/scrub_nurse_ws/install/aruco_interfaces/include/aruco_interfaces/aruco_interfaces/msg/detail/marker__functions.h
[0.393s] -- Up-to-date symlink: /home/hrlsh/scrub_nurse_ws/install/aruco_interfaces/include/aruco_interfaces/aruco_interfaces/msg/detail/marker__struct.h
[0.394s] -- Up-to-date symlink: /home/hrlsh/scrub_nurse_ws/install/aruco_interfaces/include/aruco_interfaces/aruco_interfaces/msg/detail/marker__type_support.h
[0.394s] -- Up-to-date symlink: /home/hrlsh/scrub_nurse_ws/install/aruco_interfaces/include/aruco_interfaces/aruco_interfaces/msg/detail/marker_array__functions.h
[0.394s] -- Up-to-date symlink: /home/hrlsh/scrub_nurse_ws/install/aruco_interfaces/include/aruco_interfaces/aruco_interfaces/msg/detail/marker_array__struct.h
[0.394s] -- Up-to-date symlink: /home/hrlsh/scrub_nurse_ws/install/aruco_interfaces/include/aruco_interfaces/aruco_interfaces/msg/detail/marker_array__type_support.h
[0.394s] -- Up-to-date symlink: /home/hrlsh/scrub_nurse_ws/install/aruco_interfaces/include/aruco_interfaces/aruco_interfaces/msg/marker.h
[0.395s] -- Up-to-date symlink: /home/hrlsh/scrub_nurse_ws/install/aruco_interfaces/include/aruco_interfaces/aruco_interfaces/msg/marker_array.h
[0.395s] -- Up-to-date symlink: /home/hrlsh/scrub_nurse_ws/install/aruco_interfaces/include/aruco_interfaces/aruco_interfaces/msg/rosidl_generator_c__visibility_control.h
[0.395s] -- Up-to-date symlink: /home/hrlsh/scrub_nurse_ws/install/aruco_interfaces/share/aruco_interfaces/environment/library_path.sh
[0.396s] -- Up-to-date symlink: /home/hrlsh/scrub_nurse_ws/install/aruco_interfaces/share/aruco_interfaces/environment/library_path.dsv
[0.398s] -- Up-to-date symlink: /home/hrlsh/scrub_nurse_ws/install/aruco_interfaces/include/aruco_interfaces/aruco_interfaces/msg/detail/marker__rosidl_typesupport_fastrtps_c.h
[0.398s] -- Up-to-date symlink: /home/hrlsh/scrub_nurse_ws/install/aruco_interfaces/include/aruco_interfaces/aruco_interfaces/msg/detail/marker_array__rosidl_typesupport_fastrtps_c.h
[0.398s] -- Up-to-date symlink: /home/hrlsh/scrub_nurse_ws/install/aruco_interfaces/include/aruco_interfaces/aruco_interfaces/msg/rosidl_typesupport_fastrtps_c__visibility_control.h
[0.399s] -- Up-to-date symlink: /home/hrlsh/scrub_nurse_ws/install/aruco_interfaces/include/aruco_interfaces/aruco_interfaces/msg/detail/marker__rosidl_typesupport_introspection_c.h
[0.399s] -- Up-to-date symlink: /home/hrlsh/scrub_nurse_ws/install/aruco_interfaces/include/aruco_interfaces/aruco_interfaces/msg/detail/marker_array__rosidl_typesupport_introspection_c.h
[0.399s] -- Up-to-date symlink: /home/hrlsh/scrub_nurse_ws/install/aruco_interfaces/include/aruco_interfaces/aruco_interfaces/msg/rosidl_typesupport_introspection_c__visibility_control.h
[0.400s] -- Up-to-date symlink: /home/hrlsh/scrub_nurse_ws/install/aruco_interfaces/include/aruco_interfaces/aruco_interfaces/msg/detail/marker__builder.hpp
[0.400s] -- Up-to-date symlink: /home/hrlsh/scrub_nurse_ws/install/aruco_interfaces/include/aruco_interfaces/aruco_interfaces/msg/detail/marker__struct.hpp
[0.400s] -- Up-to-date symlink: /home/hrlsh/scrub_nurse_ws/install/aruco_interfaces/include/aruco_interfaces/aruco_interfaces/msg/detail/marker__traits.hpp
[0.400s] -- Up-to-date symlink: /home/hrlsh/scrub_nurse_ws/install/aruco_interfaces/include/aruco_interfaces/aruco_interfaces/msg/detail/marker__type_support.hpp
[0.401s] -- Up-to-date symlink: /home/hrlsh/scrub_nurse_ws/install/aruco_interfaces/include/aruco_interfaces/aruco_interfaces/msg/detail/marker_array__builder.hpp
[0.401s] -- Up-to-date symlink: /home/hrlsh/scrub_nurse_ws/install/aruco_interfaces/include/aruco_interfaces/aruco_interfaces/msg/detail/marker_array__struct.hpp
[0.401s] -- Up-to-date symlink: /home/hrlsh/scrub_nurse_ws/install/aruco_interfaces/include/aruco_interfaces/aruco_interfaces/msg/detail/marker_array__traits.hpp
[0.401s] -- Up-to-date symlink: /home/hrlsh/scrub_nurse_ws/install/aruco_interfaces/include/aruco_interfaces/aruco_interfaces/msg/detail/marker_array__type_support.hpp
[0.402s] -- Up-to-date symlink: /home/hrlsh/scrub_nurse_ws/install/aruco_interfaces/include/aruco_interfaces/aruco_interfaces/msg/marker.hpp
[0.402s] -- Up-to-date symlink: /home/hrlsh/scrub_nurse_ws/install/aruco_interfaces/include/aruco_interfaces/aruco_interfaces/msg/marker_array.hpp
[0.402s] -- Up-to-date symlink: /home/hrlsh/scrub_nurse_ws/install/aruco_interfaces/include/aruco_interfaces/aruco_interfaces/msg/rosidl_generator_cpp__visibility_control.hpp
[0.403s] -- Up-to-date symlink: /home/hrlsh/scrub_nurse_ws/install/aruco_interfaces/include/aruco_interfaces/aruco_interfaces/msg/detail/marker__rosidl_typesupport_fastrtps_cpp.hpp
[0.403s] -- Up-to-date symlink: /home/hrlsh/scrub_nurse_ws/install/aruco_interfaces/include/aruco_interfaces/aruco_interfaces/msg/detail/marker_array__rosidl_typesupport_fastrtps_cpp.hpp
[0.403s] -- Up-to-date symlink: /home/hrlsh/scrub_nurse_ws/install/aruco_interfaces/include/aruco_interfaces/aruco_interfaces/msg/rosidl_typesupport_fastrtps_cpp__visibility_control.h
[0.404s] -- Up-to-date symlink: /home/hrlsh/scrub_nurse_ws/install/aruco_interfaces/include/aruco_interfaces/aruco_interfaces/msg/detail/marker__rosidl_typesupport_introspection_cpp.hpp
[0.404s] -- Up-to-date symlink: /home/hrlsh/scrub_nurse_ws/install/aruco_interfaces/include/aruco_interfaces/aruco_interfaces/msg/detail/marker_array__rosidl_typesupport_introspection_cpp.hpp
[0.405s] -- Up-to-date symlink: /home/hrlsh/scrub_nurse_ws/install/aruco_interfaces/share/aruco_interfaces/environment/pythonpath.sh
[0.405s] -- Up-to-date symlink: /home/hrlsh/scrub_nurse_ws/install/aruco_interfaces/share/aruco_interfaces/environment/pythonpath.dsv
[0.405s] -- Up-to-date symlink: /home/hrlsh/scrub_nurse_ws/install/aruco_interfaces/local/lib/python3.10/dist-packages/aruco_interfaces-0.1.0-py3.10.egg-info/PKG-INFO
[0.405s] -- Up-to-date symlink: /home/hrlsh/scrub_nurse_ws/install/aruco_interfaces/local/lib/python3.10/dist-packages/aruco_interfaces-0.1.0-py3.10.egg-info/SOURCES.txt
[0.406s] -- Up-to-date symlink: /home/hrlsh/scrub_nurse_ws/install/aruco_interfaces/local/lib/python3.10/dist-packages/aruco_interfaces-0.1.0-py3.10.egg-info/dependency_links.txt
[0.406s] -- Up-to-date symlink: /home/hrlsh/scrub_nurse_ws/install/aruco_interfaces/local/lib/python3.10/dist-packages/aruco_interfaces-0.1.0-py3.10.egg-info/top_level.txt
[0.407s] -- Up-to-date symlink: /home/hrlsh/scrub_nurse_ws/install/aruco_interfaces/local/lib/python3.10/dist-packages/aruco_interfaces/__init__.py
[0.407s] -- Up-to-date symlink: /home/hrlsh/scrub_nurse_ws/install/aruco_interfaces/local/lib/python3.10/dist-packages/aruco_interfaces/_aruco_interfaces_s.ep.rosidl_typesupport_c.c
[0.407s] -- Up-to-date symlink: /home/hrlsh/scrub_nurse_ws/install/aruco_interfaces/local/lib/python3.10/dist-packages/aruco_interfaces/_aruco_interfaces_s.ep.rosidl_typesupport_fastrtps_c.c
[0.408s] -- Up-to-date symlink: /home/hrlsh/scrub_nurse_ws/install/aruco_interfaces/local/lib/python3.10/dist-packages/aruco_interfaces/_aruco_interfaces_s.ep.rosidl_typesupport_introspection_c.c
[0.408s] -- Up-to-date symlink: /home/hrlsh/scrub_nurse_ws/install/aruco_interfaces/local/lib/python3.10/dist-packages/aruco_interfaces/aruco_interfaces_s__rosidl_typesupport_c.cpython-310-x86_64-linux-gnu.so
[0.408s] -- Up-to-date symlink: /home/hrlsh/scrub_nurse_ws/install/aruco_interfaces/local/lib/python3.10/dist-packages/aruco_interfaces/aruco_interfaces_s__rosidl_typesupport_fastrtps_c.cpython-310-x86_64-linux-gnu.so
[0.408s] -- Up-to-date symlink: /home/hrlsh/scrub_nurse_ws/install/aruco_interfaces/local/lib/python3.10/dist-packages/aruco_interfaces/aruco_interfaces_s__rosidl_typesupport_introspection_c.cpython-310-x86_64-linux-gnu.so
[0.409s] -- Up-to-date symlink: /home/hrlsh/scrub_nurse_ws/install/aruco_interfaces/local/lib/python3.10/dist-packages/aruco_interfaces/libaruco_interfaces__rosidl_generator_py.so
[0.409s] -- Up-to-date symlink: /home/hrlsh/scrub_nurse_ws/install/aruco_interfaces/local/lib/python3.10/dist-packages/aruco_interfaces/msg/__init__.py
[0.409s] -- Up-to-date symlink: /home/hrlsh/scrub_nurse_ws/install/aruco_interfaces/local/lib/python3.10/dist-packages/aruco_interfaces/msg/_marker.py
[0.409s] -- Up-to-date symlink: /home/hrlsh/scrub_nurse_ws/install/aruco_interfaces/local/lib/python3.10/dist-packages/aruco_interfaces/msg/_marker_array.py
[0.410s] -- Up-to-date symlink: /home/hrlsh/scrub_nurse_ws/install/aruco_interfaces/local/lib/python3.10/dist-packages/aruco_interfaces/msg/_marker_array_s.c
[0.410s] -- Up-to-date symlink: /home/hrlsh/scrub_nurse_ws/install/aruco_interfaces/local/lib/python3.10/dist-packages/aruco_interfaces/msg/_marker_s.c
[0.410s] -- Up-to-date symlink: /home/hrlsh/scrub_nurse_ws/install/aruco_interfaces/local/lib/python3.10/dist-packages/aruco_interfaces/aruco_interfaces_s__rosidl_typesupport_fastrtps_c.cpython-310-x86_64-linux-gnu.so
[0.411s] -- Up-to-date symlink: /home/hrlsh/scrub_nurse_ws/install/aruco_interfaces/local/lib/python3.10/dist-packages/aruco_interfaces/aruco_interfaces_s__rosidl_typesupport_introspection_c.cpython-310-x86_64-linux-gnu.so
[0.411s] -- Up-to-date symlink: /home/hrlsh/scrub_nurse_ws/install/aruco_interfaces/local/lib/python3.10/dist-packages/aruco_interfaces/aruco_interfaces_s__rosidl_typesupport_c.cpython-310-x86_64-linux-gnu.so
[0.411s] -- Up-to-date symlink: /home/hrlsh/scrub_nurse_ws/install/aruco_interfaces/share/ament_index/resource_index/rust_packages/aruco_interfaces
[0.412s] -- Up-to-date symlink: /home/hrlsh/scrub_nurse_ws/install/aruco_interfaces/share/aruco_interfaces/rust/Cargo.toml
[0.412s] -- Up-to-date symlink: /home/hrlsh/scrub_nurse_ws/install/aruco_interfaces/share/aruco_interfaces/rust/build.rs
[0.412s] -- Up-to-date symlink: /home/hrlsh/scrub_nurse_ws/install/aruco_interfaces/share/aruco_interfaces/rust/src/lib.rs
[0.413s] -- Up-to-date symlink: /home/hrlsh/scrub_nurse_ws/install/aruco_interfaces/share/aruco_interfaces/rust/src/msg.rs
[0.413s] -- Up-to-date symlink: /home/hrlsh/scrub_nurse_ws/install/aruco_interfaces/share/aruco_interfaces/rust/src/msg/rmw.rs
[0.413s] -- Up-to-date symlink: /home/hrlsh/scrub_nurse_ws/install/aruco_interfaces/share/aruco_interfaces/msg/Marker.idl
[0.413s] -- Up-to-date symlink: /home/hrlsh/scrub_nurse_ws/install/aruco_interfaces/share/aruco_interfaces/msg/MarkerArray.idl
[0.414s] -- Up-to-date symlink: /home/hrlsh/scrub_nurse_ws/install/aruco_interfaces/share/aruco_interfaces/msg/Marker.msg
[0.414s] -- Up-to-date symlink: /home/hrlsh/scrub_nurse_ws/install/aruco_interfaces/share/aruco_interfaces/msg/MarkerArray.msg
[0.414s] -- Up-to-date symlink: /home/hrlsh/scrub_nurse_ws/install/aruco_interfaces/share/ament_index/resource_index/package_run_dependencies/aruco_interfaces
[0.415s] -- Up-to-date symlink: /home/hrlsh/scrub_nurse_ws/install/aruco_interfaces/share/ament_index/resource_index/parent_prefix_path/aruco_interfaces
[0.415s] -- Up-to-date symlink: /home/hrlsh/scrub_nurse_ws/install/aruco_interfaces/share/aruco_interfaces/environment/ament_prefix_path.sh
[0.415s] -- Up-to-date symlink: /home/hrlsh/scrub_nurse_ws/install/aruco_interfaces/share/aruco_interfaces/environment/ament_prefix_path.dsv
[0.415s] -- Up-to-date symlink: /home/hrlsh/scrub_nurse_ws/install/aruco_interfaces/share/aruco_interfaces/environment/path.sh
[0.416s] -- Up-to-date symlink: /home/hrlsh/scrub_nurse_ws/install/aruco_interfaces/share/aruco_interfaces/environment/path.dsv
[0.416s] -- Up-to-date symlink: /home/hrlsh/scrub_nurse_ws/install/aruco_interfaces/share/aruco_interfaces/local_setup.bash
[0.416s] -- Up-to-date symlink: /home/hrlsh/scrub_nurse_ws/install/aruco_interfaces/share/aruco_interfaces/local_setup.sh
[0.416s] -- Up-to-date symlink: /home/hrlsh/scrub_nurse_ws/install/aruco_interfaces/share/aruco_interfaces/local_setup.zsh
[0.417s] -- Up-to-date symlink: /home/hrlsh/scrub_nurse_ws/install/aruco_interfaces/share/aruco_interfaces/local_setup.dsv
[0.417s] -- Symlinking: /home/hrlsh/scrub_nurse_ws/install/aruco_interfaces/share/aruco_interfaces/package.dsv
[0.425s] -- Up-to-date symlink: /home/hrlsh/scrub_nurse_ws/install/aruco_interfaces/share/ament_index/resource_index/packages/aruco_interfaces
[0.425s] -- Up-to-date symlink: /home/hrlsh/scrub_nurse_ws/install/aruco_interfaces/share/aruco_interfaces/cmake/rosidl_cmake-extras.cmake
[0.425s] -- Up-to-date symlink: /home/hrlsh/scrub_nurse_ws/install/aruco_interfaces/share/aruco_interfaces/cmake/ament_cmake_export_dependencies-extras.cmake
[0.425s] -- Up-to-date symlink: /home/hrlsh/scrub_nurse_ws/install/aruco_interfaces/share/aruco_interfaces/cmake/ament_cmake_export_include_directories-extras.cmake
[0.426s] -- Up-to-date symlink: /home/hrlsh/scrub_nurse_ws/install/aruco_interfaces/share/aruco_interfaces/cmake/ament_cmake_export_libraries-extras.cmake
[0.426s] -- Up-to-date symlink: /home/hrlsh/scrub_nurse_ws/install/aruco_interfaces/share/aruco_interfaces/cmake/ament_cmake_export_targets-extras.cmake
[0.426s] -- Up-to-date symlink: /home/hrlsh/scrub_nurse_ws/install/aruco_interfaces/share/aruco_interfaces/cmake/rosidl_cmake_export_typesupport_targets-extras.cmake
[0.426s] -- Up-to-date symlink: /home/hrlsh/scrub_nurse_ws/install/aruco_interfaces/share/aruco_interfaces/cmake/rosidl_cmake_export_typesupport_libraries-extras.cmake
[0.427s] -- Up-to-date symlink: /home/hrlsh/scrub_nurse_ws/install/aruco_interfaces/share/aruco_interfaces/cmake/aruco_interfacesConfig.cmake
[0.427s] -- Up-to-date symlink: /home/hrlsh/scrub_nurse_ws/install/aruco_interfaces/share/aruco_interfaces/cmake/aruco_interfacesConfig-version.cmake
[0.427s] -- Up-to-date symlink: /home/hrlsh/scrub_nurse_ws/install/aruco_interfaces/share/aruco_interfaces/package.xml
[0.428s] -- Up-to-date: /home/hrlsh/scrub_nurse_ws/install/aruco_interfaces/lib/libaruco_interfaces__rosidl_generator_c.so
[0.428s] -- Up-to-date: /home/hrlsh/scrub_nurse_ws/install/aruco_interfaces/lib/libaruco_interfaces__rosidl_typesupport_fastrtps_c.so
[0.429s] -- Up-to-date: /home/hrlsh/scrub_nurse_ws/install/aruco_interfaces/lib/libaruco_interfaces__rosidl_typesupport_introspection_c.so
[0.429s] -- Up-to-date: /home/hrlsh/scrub_nurse_ws/install/aruco_interfaces/lib/libaruco_interfaces__rosidl_typesupport_c.so
[0.429s] -- Up-to-date: /home/hrlsh/scrub_nurse_ws/install/aruco_interfaces/lib/libaruco_interfaces__rosidl_typesupport_fastrtps_cpp.so
[0.429s] -- Up-to-date: /home/hrlsh/scrub_nurse_ws/install/aruco_interfaces/lib/libaruco_interfaces__rosidl_typesupport_introspection_cpp.so
[0.430s] -- Up-to-date: /home/hrlsh/scrub_nurse_ws/install/aruco_interfaces/lib/libaruco_interfaces__rosidl_typesupport_cpp.so
[0.463s] Listing '/home/hrlsh/scrub_nurse_ws/install/aruco_interfaces/local/lib/python3.10/dist-packages/aruco_interfaces'...
[0.463s] Listing '/home/hrlsh/scrub_nurse_ws/install/aruco_interfaces/local/lib/python3.10/dist-packages/aruco_interfaces/msg'...
[0.467s] -- Up-to-date: /home/hrlsh/scrub_nurse_ws/install/aruco_interfaces/lib/libaruco_interfaces__rosidl_generator_py.so
[0.468s] -- Up-to-date: /home/hrlsh/scrub_nurse_ws/install/aruco_interfaces/share/aruco_interfaces/cmake/export_aruco_interfaces__rosidl_generator_cExport.cmake
[0.468s] -- Up-to-date: /home/hrlsh/scrub_nurse_ws/install/aruco_interfaces/share/aruco_interfaces/cmake/export_aruco_interfaces__rosidl_generator_cExport-noconfig.cmake
[0.468s] -- Up-to-date: /home/hrlsh/scrub_nurse_ws/install/aruco_interfaces/share/aruco_interfaces/cmake/export_aruco_interfaces__rosidl_typesupport_fastrtps_cExport.cmake
[0.469s] -- Up-to-date: /home/hrlsh/scrub_nurse_ws/install/aruco_interfaces/share/aruco_interfaces/cmake/export_aruco_interfaces__rosidl_typesupport_fastrtps_cExport-noconfig.cmake
[0.469s] -- Up-to-date: /home/hrlsh/scrub_nurse_ws/install/aruco_interfaces/share/aruco_interfaces/cmake/aruco_interfaces__rosidl_typesupport_introspection_cExport.cmake
[0.469s] -- Up-to-date: /home/hrlsh/scrub_nurse_ws/install/aruco_interfaces/share/aruco_interfaces/cmake/aruco_interfaces__rosidl_typesupport_introspection_cExport-noconfig.cmake
[0.469s] -- Up-to-date: /home/hrlsh/scrub_nurse_ws/install/aruco_interfaces/share/aruco_interfaces/cmake/aruco_interfaces__rosidl_typesupport_cExport.cmake
[0.471s] -- Up-to-date: /home/hrlsh/scrub_nurse_ws/install/aruco_interfaces/share/aruco_interfaces/cmake/aruco_interfaces__rosidl_typesupport_cExport-noconfig.cmake
[0.472s] -- Up-to-date: /home/hrlsh/scrub_nurse_ws/install/aruco_interfaces/share/aruco_interfaces/cmake/export_aruco_interfaces__rosidl_generator_cppExport.cmake
[0.472s] -- Up-to-date: /home/hrlsh/scrub_nurse_ws/install/aruco_interfaces/share/aruco_interfaces/cmake/export_aruco_interfaces__rosidl_typesupport_fastrtps_cppExport.cmake
[0.472s] -- Up-to-date: /home/hrlsh/scrub_nurse_ws/install/aruco_interfaces/share/aruco_interfaces/cmake/export_aruco_interfaces__rosidl_typesupport_fastrtps_cppExport-noconfig.cmake
[0.473s] -- Up-to-date: /home/hrlsh/scrub_nurse_ws/install/aruco_interfaces/share/aruco_interfaces/cmake/aruco_interfaces__rosidl_typesupport_introspection_cppExport.cmake
[0.473s] -- Up-to-date: /home/hrlsh/scrub_nurse_ws/install/aruco_interfaces/share/aruco_interfaces/cmake/aruco_interfaces__rosidl_typesupport_introspection_cppExport-noconfig.cmake
[0.473s] -- Up-to-date: /home/hrlsh/scrub_nurse_ws/install/aruco_interfaces/share/aruco_interfaces/cmake/aruco_interfaces__rosidl_typesupport_cppExport.cmake
[0.473s] -- Up-to-date: /home/hrlsh/scrub_nurse_ws/install/aruco_interfaces/share/aruco_interfaces/cmake/aruco_interfaces__rosidl_typesupport_cppExport-noconfig.cmake
[0.474s] -- Up-to-date: /home/hrlsh/scrub_nurse_ws/install/aruco_interfaces/share/aruco_interfaces/cmake/export_aruco_interfaces__rosidl_generator_pyExport.cmake
[0.474s] -- Up-to-date: /home/hrlsh/scrub_nurse_ws/install/aruco_interfaces/share/aruco_interfaces/cmake/export_aruco_interfaces__rosidl_generator_pyExport-noconfig.cmake
[0.481s] Invoked command in '/home/hrlsh/scrub_nurse_ws/build/aruco_interfaces' returned '0': CMAKE_PREFIX_PATH=${CMAKE_PREFIX_PATH}:/home/hrlsh/scrub_nurse_ws/install/nurse_control:/home/hrlsh/scrub_nurse_ws/install/nurse_planning:/home/hrlsh/scrub_nurse_ws/install/nurse_perception:/opt/ros/humble /usr/bin/cmake --install /home/hrlsh/scrub_nurse_ws/build/aruco_interfaces
