-- The C compiler identification is GNU 11.4.0
-- The CXX compiler identification is GNU 11.4.0
-- Detecting C compiler ABI info
-- Detecting C compiler ABI info - done
-- Check for working C compiler: /usr/bin/cc - skipped
-- Detecting C compile features
-- Detecting C compile features - done
-- Detecting CXX compiler ABI info
-- Detecting CXX compiler ABI info - done
-- Check for working CXX compiler: /usr/bin/c++ - skipped
-- Detecting CXX compile features
-- Detecting CXX compile features - done
-- Found ament_cmake: 1.3.14 (/opt/ros/humble/share/ament_cmake/cmake)
-- Found Python3: /usr/bin/python3 (found version "3.10.12") found components: Interpreter 
-- Override CMake install command with custom implementation using symlinks instead of copying resources
-- Found rosidl_default_generators: 1.2.1 (/opt/ros/humble/share/rosidl_default_generators/cmake)
-- Using all available rosidl_typesupport_c: rosidl_typesupport_fastrtps_c;rosidl_typesupport_introspection_c
-- Found rosidl_adapter: 3.1.8 (/opt/ros/humble/share/rosidl_adapter/cmake)
-- Using all available rosidl_typesupport_cpp: rosidl_typesupport_fastrtps_cpp;rosidl_typesupport_introspection_cpp
-- Found std_msgs: 4.9.1 (/opt/ros/humble/share/std_msgs/cmake)
-- Found geometry_msgs: 4.9.1 (/opt/ros/humble/share/geometry_msgs/cmake)
-- Found sensor_msgs: 4.9.1 (/opt/ros/humble/share/sensor_msgs/cmake)
-- Found ament_cmake_ros: 0.10.0 (/opt/ros/humble/share/ament_cmake_ros/cmake)
-- Using all available rosidl_typesupport_c: rosidl_typesupport_fastrtps_c;rosidl_typesupport_introspection_c
-- Using all available rosidl_typesupport_cpp: rosidl_typesupport_fastrtps_cpp;rosidl_typesupport_introspection_cpp
-- Found PythonInterp: /usr/bin/python3 (found suitable version "3.10.12", minimum required is "3.6") 
-- Found python_cmake_module: 0.10.0 (/opt/ros/humble/share/python_cmake_module/cmake)
-- Found PythonLibs: /usr/lib/x86_64-linux-gnu/libpython3.10.so (found suitable version "3.10.12", minimum required is "3.5") 
-- Using PYTHON_EXECUTABLE: /usr/bin/python3
-- Using PYTHON_INCLUDE_DIRS: /usr/include/python3.10
-- Using PYTHON_LIBRARIES: /usr/lib/x86_64-linux-gnu/libpython3.10.so
-- Found PythonExtra: .so  
-- Configuring done
-- Generating done
-- Build files have been written to: /home/hrlsh/scrub_nurse_ws/build/nurse_interfaces
[  1%] [34m[1mGenerating C code for ROS interfaces[0m
[  4%] [34m[1mGenerating C++ code for ROS interfaces[0m
[  4%] [34m[1mGenerating Rust code for ROS interfaces[0m
[  4%] Built target ament_cmake_python_symlink_nurse_interfaces
running egg_info
creating nurse_interfaces.egg-info
writing nurse_interfaces.egg-info/PKG-INFO
writing dependency_links to nurse_interfaces.egg-info/dependency_links.txt
writing top-level names to nurse_interfaces.egg-info/top_level.txt
writing manifest file 'nurse_interfaces.egg-info/SOURCES.txt'
reading manifest file 'nurse_interfaces.egg-info/SOURCES.txt'
writing manifest file 'nurse_interfaces.egg-info/SOURCES.txt'
[  4%] Built target ament_cmake_python_build_nurse_interfaces_egg
[  4%] Built target nurse_interfaces__rs
[  6%] [32mBuilding C object CMakeFiles/nurse_interfaces__rosidl_generator_c.dir/rosidl_generator_c/nurse_interfaces/msg/detail/emergency_signal__functions.c.o[0m
[  7%] [32mBuilding C object CMakeFiles/nurse_interfaces__rosidl_generator_c.dir/rosidl_generator_c/nurse_interfaces/msg/detail/tool_prompt__functions.c.o[0m
[  9%] [32mBuilding C object CMakeFiles/nurse_interfaces__rosidl_generator_c.dir/rosidl_generator_c/nurse_interfaces/msg/detail/object_token_array__functions.c.o[0m
[ 10%] [32mBuilding C object CMakeFiles/nurse_interfaces__rosidl_generator_c.dir/rosidl_generator_c/nurse_interfaces/msg/detail/object_token__functions.c.o[0m
[ 12%] [32mBuilding C object CMakeFiles/nurse_interfaces__rosidl_generator_c.dir/rosidl_generator_c/nurse_interfaces/msg/detail/safety_signal__functions.c.o[0m
[ 12%] Built target nurse_interfaces__cpp
[ 15%] [32m[1mLinking C shared library libnurse_interfaces__rosidl_generator_c.so[0m
[ 15%] [34m[1mGenerating C++ type support dispatch for ROS interfaces[0m
[ 17%] [34m[1mGenerating C++ type support for eProsima Fast-RTPS[0m
[ 18%] [34m[1mGenerating C++ introspection for ROS interfaces[0m
[ 18%] Built target nurse_interfaces__rosidl_generator_c
[ 21%] [34m[1mGenerating C type support dispatch for ROS interfaces[0m
[ 21%] [34m[1mGenerating C type support for eProsima Fast-RTPS[0m
[ 23%] [34m[1mGenerating C introspection for ROS interfaces[0m
[ 31%] [32mBuilding CXX object CMakeFiles/nurse_interfaces__rosidl_typesupport_cpp.dir/rosidl_typesupport_cpp/nurse_interfaces/msg/safety_signal__type_support.cpp.o[0m
[ 31%] [32mBuilding CXX object CMakeFiles/nurse_interfaces__rosidl_typesupport_cpp.dir/rosidl_typesupport_cpp/nurse_interfaces/msg/object_token__type_support.cpp.o[0m
[ 31%] [32mBuilding CXX object CMakeFiles/nurse_interfaces__rosidl_typesupport_cpp.dir/rosidl_typesupport_cpp/nurse_interfaces/msg/tool_prompt__type_support.cpp.o[0m
[ 31%] [32mBuilding CXX object CMakeFiles/nurse_interfaces__rosidl_typesupport_cpp.dir/rosidl_typesupport_cpp/nurse_interfaces/msg/object_token_array__type_support.cpp.o[0m
[ 31%] [32mBuilding CXX object CMakeFiles/nurse_interfaces__rosidl_typesupport_cpp.dir/rosidl_typesupport_cpp/nurse_interfaces/msg/emergency_signal__type_support.cpp.o[0m
[ 34%] [32mBuilding CXX object CMakeFiles/nurse_interfaces__rosidl_typesupport_c.dir/rosidl_typesupport_c/nurse_interfaces/msg/emergency_signal__type_support.cpp.o[0m
[ 34%] [32mBuilding CXX object CMakeFiles/nurse_interfaces__rosidl_typesupport_c.dir/rosidl_typesupport_c/nurse_interfaces/msg/object_token__type_support.cpp.o[0m
[ 35%] [32mBuilding CXX object CMakeFiles/nurse_interfaces__rosidl_typesupport_c.dir/rosidl_typesupport_c/nurse_interfaces/msg/object_token_array__type_support.cpp.o[0m
[ 37%] [32mBuilding CXX object CMakeFiles/nurse_interfaces__rosidl_typesupport_c.dir/rosidl_typesupport_c/nurse_interfaces/msg/tool_prompt__type_support.cpp.o[0m
[ 39%] [32mBuilding CXX object CMakeFiles/nurse_interfaces__rosidl_typesupport_c.dir/rosidl_typesupport_c/nurse_interfaces/msg/safety_signal__type_support.cpp.o[0m
[ 40%] [32m[1mLinking CXX shared library libnurse_interfaces__rosidl_typesupport_c.so[0m
[ 40%] Built target nurse_interfaces__rosidl_typesupport_c
[ 42%] [32mBuilding C object CMakeFiles/nurse_interfaces__rosidl_typesupport_introspection_c.dir/rosidl_typesupport_introspection_c/nurse_interfaces/msg/detail/object_token__type_support.c.o[0m
[ 43%] [32mBuilding C object CMakeFiles/nurse_interfaces__rosidl_typesupport_introspection_c.dir/rosidl_typesupport_introspection_c/nurse_interfaces/msg/detail/object_token_array__type_support.c.o[0m
[ 45%] [32mBuilding C object CMakeFiles/nurse_interfaces__rosidl_typesupport_introspection_c.dir/rosidl_typesupport_introspection_c/nurse_interfaces/msg/detail/emergency_signal__type_support.c.o[0m
[ 46%] [32mBuilding C object CMakeFiles/nurse_interfaces__rosidl_typesupport_introspection_c.dir/rosidl_typesupport_introspection_c/nurse_interfaces/msg/detail/tool_prompt__type_support.c.o[0m
[ 48%] [32mBuilding C object CMakeFiles/nurse_interfaces__rosidl_typesupport_introspection_c.dir/rosidl_typesupport_introspection_c/nurse_interfaces/msg/detail/safety_signal__type_support.c.o[0m
[ 50%] [32mBuilding CXX object CMakeFiles/nurse_interfaces__rosidl_typesupport_fastrtps_cpp.dir/rosidl_typesupport_fastrtps_cpp/nurse_interfaces/msg/detail/dds_fastrtps/emergency_signal__type_support.cpp.o[0m
[ 51%] [32mBuilding CXX object CMakeFiles/nurse_interfaces__rosidl_typesupport_fastrtps_cpp.dir/rosidl_typesupport_fastrtps_cpp/nurse_interfaces/msg/detail/dds_fastrtps/safety_signal__type_support.cpp.o[0m
[ 53%] [32mBuilding CXX object CMakeFiles/nurse_interfaces__rosidl_typesupport_fastrtps_cpp.dir/rosidl_typesupport_fastrtps_cpp/nurse_interfaces/msg/detail/dds_fastrtps/object_token_array__type_support.cpp.o[0m
[ 54%] [32mBuilding CXX object CMakeFiles/nurse_interfaces__rosidl_typesupport_fastrtps_cpp.dir/rosidl_typesupport_fastrtps_cpp/nurse_interfaces/msg/detail/dds_fastrtps/object_token__type_support.cpp.o[0m
[ 56%] [32mBuilding CXX object CMakeFiles/nurse_interfaces__rosidl_typesupport_fastrtps_cpp.dir/rosidl_typesupport_fastrtps_cpp/nurse_interfaces/msg/detail/dds_fastrtps/tool_prompt__type_support.cpp.o[0m
[ 57%] [32mBuilding CXX object CMakeFiles/nurse_interfaces__rosidl_typesupport_introspection_cpp.dir/rosidl_typesupport_introspection_cpp/nurse_interfaces/msg/detail/object_token__type_support.cpp.o[0m
[ 59%] [32mBuilding CXX object CMakeFiles/nurse_interfaces__rosidl_typesupport_introspection_cpp.dir/rosidl_typesupport_introspection_cpp/nurse_interfaces/msg/detail/object_token_array__type_support.cpp.o[0m
[ 60%] [32mBuilding CXX object CMakeFiles/nurse_interfaces__rosidl_typesupport_introspection_cpp.dir/rosidl_typesupport_introspection_cpp/nurse_interfaces/msg/detail/emergency_signal__type_support.cpp.o[0m
[ 62%] [32mBuilding CXX object CMakeFiles/nurse_interfaces__rosidl_typesupport_introspection_cpp.dir/rosidl_typesupport_introspection_cpp/nurse_interfaces/msg/detail/safety_signal__type_support.cpp.o[0m
[ 64%] [32m[1mLinking C shared library libnurse_interfaces__rosidl_typesupport_introspection_c.so[0m
[ 65%] [32mBuilding CXX object CMakeFiles/nurse_interfaces__rosidl_typesupport_introspection_cpp.dir/rosidl_typesupport_introspection_cpp/nurse_interfaces/msg/detail/tool_prompt__type_support.cpp.o[0m
[ 67%] [32m[1mLinking CXX shared library libnurse_interfaces__rosidl_typesupport_cpp.so[0m
[ 67%] Built target nurse_interfaces__rosidl_typesupport_introspection_c
[ 67%] Built target nurse_interfaces__rosidl_typesupport_cpp
[ 68%] [32mBuilding CXX object CMakeFiles/nurse_interfaces__rosidl_typesupport_fastrtps_c.dir/rosidl_typesupport_fastrtps_c/nurse_interfaces/msg/detail/object_token__type_support_c.cpp.o[0m
[ 70%] [32mBuilding CXX object CMakeFiles/nurse_interfaces__rosidl_typesupport_fastrtps_c.dir/rosidl_typesupport_fastrtps_c/nurse_interfaces/msg/detail/emergency_signal__type_support_c.cpp.o[0m
[ 71%] [32mBuilding CXX object CMakeFiles/nurse_interfaces__rosidl_typesupport_fastrtps_c.dir/rosidl_typesupport_fastrtps_c/nurse_interfaces/msg/detail/object_token_array__type_support_c.cpp.o[0m
[ 73%] [32mBuilding CXX object CMakeFiles/nurse_interfaces__rosidl_typesupport_fastrtps_c.dir/rosidl_typesupport_fastrtps_c/nurse_interfaces/msg/detail/tool_prompt__type_support_c.cpp.o[0m
[ 75%] [32mBuilding CXX object CMakeFiles/nurse_interfaces__rosidl_typesupport_fastrtps_c.dir/rosidl_typesupport_fastrtps_c/nurse_interfaces/msg/detail/safety_signal__type_support_c.cpp.o[0m
[ 76%] [32m[1mLinking CXX shared library libnurse_interfaces__rosidl_typesupport_fastrtps_cpp.so[0m
[ 78%] Built target nurse_interfaces__rosidl_typesupport_fastrtps_cpp
[ 78%] [32m[1mLinking CXX shared library libnurse_interfaces__rosidl_typesupport_introspection_cpp.so[0m
[ 79%] [32m[1mLinking CXX shared library libnurse_interfaces__rosidl_typesupport_fastrtps_c.so[0m
[ 79%] Built target nurse_interfaces__rosidl_typesupport_introspection_cpp
[ 79%] Built target nurse_interfaces__rosidl_typesupport_fastrtps_c
[ 79%] Built target nurse_interfaces
[ 81%] [34m[1mGenerating Python code for ROS interfaces[0m
[ 81%] Built target nurse_interfaces__py
[ 85%] [32mBuilding C object CMakeFiles/nurse_interfaces__rosidl_generator_py.dir/rosidl_generator_py/nurse_interfaces/msg/_tool_prompt_s.c.o[0m
[ 85%] [32mBuilding C object CMakeFiles/nurse_interfaces__rosidl_generator_py.dir/rosidl_generator_py/nurse_interfaces/msg/_object_token_s.c.o[0m
[ 85%] [32mBuilding C object CMakeFiles/nurse_interfaces__rosidl_generator_py.dir/rosidl_generator_py/nurse_interfaces/msg/_safety_signal_s.c.o[0m
[ 87%] [32mBuilding C object CMakeFiles/nurse_interfaces__rosidl_generator_py.dir/rosidl_generator_py/nurse_interfaces/msg/_emergency_signal_s.c.o[0m
[ 89%] [32mBuilding C object CMakeFiles/nurse_interfaces__rosidl_generator_py.dir/rosidl_generator_py/nurse_interfaces/msg/_object_token_array_s.c.o[0m
[ 90%] [32m[1mLinking C shared library rosidl_generator_py/nurse_interfaces/libnurse_interfaces__rosidl_generator_py.so[0m
[ 90%] Built target nurse_interfaces__rosidl_generator_py
[ 95%] [32mBuilding C object CMakeFiles/nurse_interfaces__rosidl_typesupport_introspection_c__pyext.dir/rosidl_generator_py/nurse_interfaces/_nurse_interfaces_s.ep.rosidl_typesupport_introspection_c.c.o[0m
[ 95%] [32mBuilding C object CMakeFiles/nurse_interfaces__rosidl_typesupport_c__pyext.dir/rosidl_generator_py/nurse_interfaces/_nurse_interfaces_s.ep.rosidl_typesupport_c.c.o[0m
[ 95%] [32mBuilding C object CMakeFiles/nurse_interfaces__rosidl_typesupport_fastrtps_c__pyext.dir/rosidl_generator_py/nurse_interfaces/_nurse_interfaces_s.ep.rosidl_typesupport_fastrtps_c.c.o[0m
[ 96%] [32m[1mLinking C shared library rosidl_generator_py/nurse_interfaces/nurse_interfaces_s__rosidl_typesupport_introspection_c.cpython-310-x86_64-linux-gnu.so[0m
[100%] [32m[1mLinking C shared library rosidl_generator_py/nurse_interfaces/nurse_interfaces_s__rosidl_typesupport_c.cpython-310-x86_64-linux-gnu.so[0m
[100%] [32m[1mLinking C shared library rosidl_generator_py/nurse_interfaces/nurse_interfaces_s__rosidl_typesupport_fastrtps_c.cpython-310-x86_64-linux-gnu.so[0m
[100%] Built target nurse_interfaces__rosidl_typesupport_introspection_c__pyext
[100%] Built target nurse_interfaces__rosidl_typesupport_fastrtps_c__pyext
[100%] Built target nurse_interfaces__rosidl_typesupport_c__pyext
-- Install configuration: ""
-- Execute custom install script
-- Symlinking: /home/hrlsh/scrub_nurse_ws/install/nurse_interfaces/share/ament_index/resource_index/rosidl_interfaces/nurse_interfaces
-- Symlinking: /home/hrlsh/scrub_nurse_ws/install/nurse_interfaces/include/nurse_interfaces/nurse_interfaces/msg/detail/emergency_signal__functions.h
-- Symlinking: /home/hrlsh/scrub_nurse_ws/install/nurse_interfaces/include/nurse_interfaces/nurse_interfaces/msg/detail/emergency_signal__struct.h
-- Symlinking: /home/hrlsh/scrub_nurse_ws/install/nurse_interfaces/include/nurse_interfaces/nurse_interfaces/msg/detail/emergency_signal__type_support.h
-- Symlinking: /home/hrlsh/scrub_nurse_ws/install/nurse_interfaces/include/nurse_interfaces/nurse_interfaces/msg/detail/object_token__functions.h
-- Symlinking: /home/hrlsh/scrub_nurse_ws/install/nurse_interfaces/include/nurse_interfaces/nurse_interfaces/msg/detail/object_token__struct.h
-- Symlinking: /home/hrlsh/scrub_nurse_ws/install/nurse_interfaces/include/nurse_interfaces/nurse_interfaces/msg/detail/object_token__type_support.h
-- Symlinking: /home/hrlsh/scrub_nurse_ws/install/nurse_interfaces/include/nurse_interfaces/nurse_interfaces/msg/detail/object_token_array__functions.h
-- Symlinking: /home/hrlsh/scrub_nurse_ws/install/nurse_interfaces/include/nurse_interfaces/nurse_interfaces/msg/detail/object_token_array__struct.h
-- Symlinking: /home/hrlsh/scrub_nurse_ws/install/nurse_interfaces/include/nurse_interfaces/nurse_interfaces/msg/detail/object_token_array__type_support.h
-- Symlinking: /home/hrlsh/scrub_nurse_ws/install/nurse_interfaces/include/nurse_interfaces/nurse_interfaces/msg/detail/safety_signal__functions.h
-- Symlinking: /home/hrlsh/scrub_nurse_ws/install/nurse_interfaces/include/nurse_interfaces/nurse_interfaces/msg/detail/safety_signal__struct.h
-- Symlinking: /home/hrlsh/scrub_nurse_ws/install/nurse_interfaces/include/nurse_interfaces/nurse_interfaces/msg/detail/safety_signal__type_support.h
-- Symlinking: /home/hrlsh/scrub_nurse_ws/install/nurse_interfaces/include/nurse_interfaces/nurse_interfaces/msg/detail/tool_prompt__functions.h
-- Symlinking: /home/hrlsh/scrub_nurse_ws/install/nurse_interfaces/include/nurse_interfaces/nurse_interfaces/msg/detail/tool_prompt__struct.h
-- Symlinking: /home/hrlsh/scrub_nurse_ws/install/nurse_interfaces/include/nurse_interfaces/nurse_interfaces/msg/detail/tool_prompt__type_support.h
-- Symlinking: /home/hrlsh/scrub_nurse_ws/install/nurse_interfaces/include/nurse_interfaces/nurse_interfaces/msg/emergency_signal.h
-- Symlinking: /home/hrlsh/scrub_nurse_ws/install/nurse_interfaces/include/nurse_interfaces/nurse_interfaces/msg/object_token.h
-- Symlinking: /home/hrlsh/scrub_nurse_ws/install/nurse_interfaces/include/nurse_interfaces/nurse_interfaces/msg/object_token_array.h
-- Symlinking: /home/hrlsh/scrub_nurse_ws/install/nurse_interfaces/include/nurse_interfaces/nurse_interfaces/msg/rosidl_generator_c__visibility_control.h
-- Symlinking: /home/hrlsh/scrub_nurse_ws/install/nurse_interfaces/include/nurse_interfaces/nurse_interfaces/msg/safety_signal.h
-- Symlinking: /home/hrlsh/scrub_nurse_ws/install/nurse_interfaces/include/nurse_interfaces/nurse_interfaces/msg/tool_prompt.h
-- Symlinking: /home/hrlsh/scrub_nurse_ws/install/nurse_interfaces/share/nurse_interfaces/environment/library_path.sh
-- Symlinking: /home/hrlsh/scrub_nurse_ws/install/nurse_interfaces/share/nurse_interfaces/environment/library_path.dsv
-- Symlinking: /home/hrlsh/scrub_nurse_ws/install/nurse_interfaces/include/nurse_interfaces/nurse_interfaces/msg/detail/emergency_signal__rosidl_typesupport_fastrtps_c.h
-- Symlinking: /home/hrlsh/scrub_nurse_ws/install/nurse_interfaces/include/nurse_interfaces/nurse_interfaces/msg/detail/object_token__rosidl_typesupport_fastrtps_c.h
-- Symlinking: /home/hrlsh/scrub_nurse_ws/install/nurse_interfaces/include/nurse_interfaces/nurse_interfaces/msg/detail/object_token_array__rosidl_typesupport_fastrtps_c.h
-- Symlinking: /home/hrlsh/scrub_nurse_ws/install/nurse_interfaces/include/nurse_interfaces/nurse_interfaces/msg/detail/safety_signal__rosidl_typesupport_fastrtps_c.h
-- Symlinking: /home/hrlsh/scrub_nurse_ws/install/nurse_interfaces/include/nurse_interfaces/nurse_interfaces/msg/detail/tool_prompt__rosidl_typesupport_fastrtps_c.h
-- Symlinking: /home/hrlsh/scrub_nurse_ws/install/nurse_interfaces/include/nurse_interfaces/nurse_interfaces/msg/rosidl_typesupport_fastrtps_c__visibility_control.h
-- Symlinking: /home/hrlsh/scrub_nurse_ws/install/nurse_interfaces/include/nurse_interfaces/nurse_interfaces/msg/detail/emergency_signal__rosidl_typesupport_introspection_c.h
-- Symlinking: /home/hrlsh/scrub_nurse_ws/install/nurse_interfaces/include/nurse_interfaces/nurse_interfaces/msg/detail/object_token__rosidl_typesupport_introspection_c.h
-- Symlinking: /home/hrlsh/scrub_nurse_ws/install/nurse_interfaces/include/nurse_interfaces/nurse_interfaces/msg/detail/object_token_array__rosidl_typesupport_introspection_c.h
-- Symlinking: /home/hrlsh/scrub_nurse_ws/install/nurse_interfaces/include/nurse_interfaces/nurse_interfaces/msg/detail/safety_signal__rosidl_typesupport_introspection_c.h
-- Symlinking: /home/hrlsh/scrub_nurse_ws/install/nurse_interfaces/include/nurse_interfaces/nurse_interfaces/msg/detail/tool_prompt__rosidl_typesupport_introspection_c.h
-- Symlinking: /home/hrlsh/scrub_nurse_ws/install/nurse_interfaces/include/nurse_interfaces/nurse_interfaces/msg/rosidl_typesupport_introspection_c__visibility_control.h
-- Symlinking: /home/hrlsh/scrub_nurse_ws/install/nurse_interfaces/include/nurse_interfaces/nurse_interfaces/msg/detail/emergency_signal__builder.hpp
-- Symlinking: /home/hrlsh/scrub_nurse_ws/install/nurse_interfaces/include/nurse_interfaces/nurse_interfaces/msg/detail/emergency_signal__struct.hpp
-- Symlinking: /home/hrlsh/scrub_nurse_ws/install/nurse_interfaces/include/nurse_interfaces/nurse_interfaces/msg/detail/emergency_signal__traits.hpp
-- Symlinking: /home/hrlsh/scrub_nurse_ws/install/nurse_interfaces/include/nurse_interfaces/nurse_interfaces/msg/detail/emergency_signal__type_support.hpp
-- Symlinking: /home/hrlsh/scrub_nurse_ws/install/nurse_interfaces/include/nurse_interfaces/nurse_interfaces/msg/detail/object_token__builder.hpp
-- Symlinking: /home/hrlsh/scrub_nurse_ws/install/nurse_interfaces/include/nurse_interfaces/nurse_interfaces/msg/detail/object_token__struct.hpp
-- Symlinking: /home/hrlsh/scrub_nurse_ws/install/nurse_interfaces/include/nurse_interfaces/nurse_interfaces/msg/detail/object_token__traits.hpp
-- Symlinking: /home/hrlsh/scrub_nurse_ws/install/nurse_interfaces/include/nurse_interfaces/nurse_interfaces/msg/detail/object_token__type_support.hpp
-- Symlinking: /home/hrlsh/scrub_nurse_ws/install/nurse_interfaces/include/nurse_interfaces/nurse_interfaces/msg/detail/object_token_array__builder.hpp
-- Symlinking: /home/hrlsh/scrub_nurse_ws/install/nurse_interfaces/include/nurse_interfaces/nurse_interfaces/msg/detail/object_token_array__struct.hpp
-- Symlinking: /home/hrlsh/scrub_nurse_ws/install/nurse_interfaces/include/nurse_interfaces/nurse_interfaces/msg/detail/object_token_array__traits.hpp
-- Symlinking: /home/hrlsh/scrub_nurse_ws/install/nurse_interfaces/include/nurse_interfaces/nurse_interfaces/msg/detail/object_token_array__type_support.hpp
-- Symlinking: /home/hrlsh/scrub_nurse_ws/install/nurse_interfaces/include/nurse_interfaces/nurse_interfaces/msg/detail/safety_signal__builder.hpp
-- Symlinking: /home/hrlsh/scrub_nurse_ws/install/nurse_interfaces/include/nurse_interfaces/nurse_interfaces/msg/detail/safety_signal__struct.hpp
-- Symlinking: /home/hrlsh/scrub_nurse_ws/install/nurse_interfaces/include/nurse_interfaces/nurse_interfaces/msg/detail/safety_signal__traits.hpp
-- Symlinking: /home/hrlsh/scrub_nurse_ws/install/nurse_interfaces/include/nurse_interfaces/nurse_interfaces/msg/detail/safety_signal__type_support.hpp
-- Symlinking: /home/hrlsh/scrub_nurse_ws/install/nurse_interfaces/include/nurse_interfaces/nurse_interfaces/msg/detail/tool_prompt__builder.hpp
-- Symlinking: /home/hrlsh/scrub_nurse_ws/install/nurse_interfaces/include/nurse_interfaces/nurse_interfaces/msg/detail/tool_prompt__struct.hpp
-- Symlinking: /home/hrlsh/scrub_nurse_ws/install/nurse_interfaces/include/nurse_interfaces/nurse_interfaces/msg/detail/tool_prompt__traits.hpp
-- Symlinking: /home/hrlsh/scrub_nurse_ws/install/nurse_interfaces/include/nurse_interfaces/nurse_interfaces/msg/detail/tool_prompt__type_support.hpp
-- Symlinking: /home/hrlsh/scrub_nurse_ws/install/nurse_interfaces/include/nurse_interfaces/nurse_interfaces/msg/emergency_signal.hpp
-- Symlinking: /home/hrlsh/scrub_nurse_ws/install/nurse_interfaces/include/nurse_interfaces/nurse_interfaces/msg/object_token.hpp
-- Symlinking: /home/hrlsh/scrub_nurse_ws/install/nurse_interfaces/include/nurse_interfaces/nurse_interfaces/msg/object_token_array.hpp
-- Symlinking: /home/hrlsh/scrub_nurse_ws/install/nurse_interfaces/include/nurse_interfaces/nurse_interfaces/msg/rosidl_generator_cpp__visibility_control.hpp
-- Symlinking: /home/hrlsh/scrub_nurse_ws/install/nurse_interfaces/include/nurse_interfaces/nurse_interfaces/msg/safety_signal.hpp
-- Symlinking: /home/hrlsh/scrub_nurse_ws/install/nurse_interfaces/include/nurse_interfaces/nurse_interfaces/msg/tool_prompt.hpp
-- Symlinking: /home/hrlsh/scrub_nurse_ws/install/nurse_interfaces/include/nurse_interfaces/nurse_interfaces/msg/detail/emergency_signal__rosidl_typesupport_fastrtps_cpp.hpp
-- Symlinking: /home/hrlsh/scrub_nurse_ws/install/nurse_interfaces/include/nurse_interfaces/nurse_interfaces/msg/detail/object_token__rosidl_typesupport_fastrtps_cpp.hpp
-- Symlinking: /home/hrlsh/scrub_nurse_ws/install/nurse_interfaces/include/nurse_interfaces/nurse_interfaces/msg/detail/object_token_array__rosidl_typesupport_fastrtps_cpp.hpp
-- Symlinking: /home/hrlsh/scrub_nurse_ws/install/nurse_interfaces/include/nurse_interfaces/nurse_interfaces/msg/detail/safety_signal__rosidl_typesupport_fastrtps_cpp.hpp
-- Symlinking: /home/hrlsh/scrub_nurse_ws/install/nurse_interfaces/include/nurse_interfaces/nurse_interfaces/msg/detail/tool_prompt__rosidl_typesupport_fastrtps_cpp.hpp
-- Symlinking: /home/hrlsh/scrub_nurse_ws/install/nurse_interfaces/include/nurse_interfaces/nurse_interfaces/msg/rosidl_typesupport_fastrtps_cpp__visibility_control.h
-- Symlinking: /home/hrlsh/scrub_nurse_ws/install/nurse_interfaces/include/nurse_interfaces/nurse_interfaces/msg/detail/emergency_signal__rosidl_typesupport_introspection_cpp.hpp
-- Symlinking: /home/hrlsh/scrub_nurse_ws/install/nurse_interfaces/include/nurse_interfaces/nurse_interfaces/msg/detail/object_token__rosidl_typesupport_introspection_cpp.hpp
-- Symlinking: /home/hrlsh/scrub_nurse_ws/install/nurse_interfaces/include/nurse_interfaces/nurse_interfaces/msg/detail/object_token_array__rosidl_typesupport_introspection_cpp.hpp
-- Symlinking: /home/hrlsh/scrub_nurse_ws/install/nurse_interfaces/include/nurse_interfaces/nurse_interfaces/msg/detail/safety_signal__rosidl_typesupport_introspection_cpp.hpp
-- Symlinking: /home/hrlsh/scrub_nurse_ws/install/nurse_interfaces/include/nurse_interfaces/nurse_interfaces/msg/detail/tool_prompt__rosidl_typesupport_introspection_cpp.hpp
-- Symlinking: /home/hrlsh/scrub_nurse_ws/install/nurse_interfaces/share/nurse_interfaces/environment/pythonpath.sh
-- Symlinking: /home/hrlsh/scrub_nurse_ws/install/nurse_interfaces/share/nurse_interfaces/environment/pythonpath.dsv
-- Symlinking: /home/hrlsh/scrub_nurse_ws/install/nurse_interfaces/local/lib/python3.10/dist-packages/nurse_interfaces-0.1.0-py3.10.egg-info/PKG-INFO
-- Symlinking: /home/hrlsh/scrub_nurse_ws/install/nurse_interfaces/local/lib/python3.10/dist-packages/nurse_interfaces-0.1.0-py3.10.egg-info/SOURCES.txt
-- Symlinking: /home/hrlsh/scrub_nurse_ws/install/nurse_interfaces/local/lib/python3.10/dist-packages/nurse_interfaces-0.1.0-py3.10.egg-info/dependency_links.txt
-- Symlinking: /home/hrlsh/scrub_nurse_ws/install/nurse_interfaces/local/lib/python3.10/dist-packages/nurse_interfaces-0.1.0-py3.10.egg-info/top_level.txt
-- Symlinking: /home/hrlsh/scrub_nurse_ws/install/nurse_interfaces/local/lib/python3.10/dist-packages/nurse_interfaces/__init__.py
-- Symlinking: /home/hrlsh/scrub_nurse_ws/install/nurse_interfaces/local/lib/python3.10/dist-packages/nurse_interfaces/_nurse_interfaces_s.ep.rosidl_typesupport_c.c
-- Symlinking: /home/hrlsh/scrub_nurse_ws/install/nurse_interfaces/local/lib/python3.10/dist-packages/nurse_interfaces/_nurse_interfaces_s.ep.rosidl_typesupport_fastrtps_c.c
-- Symlinking: /home/hrlsh/scrub_nurse_ws/install/nurse_interfaces/local/lib/python3.10/dist-packages/nurse_interfaces/_nurse_interfaces_s.ep.rosidl_typesupport_introspection_c.c
-- Symlinking: /home/hrlsh/scrub_nurse_ws/install/nurse_interfaces/local/lib/python3.10/dist-packages/nurse_interfaces/libnurse_interfaces__rosidl_generator_py.so
-- Symlinking: /home/hrlsh/scrub_nurse_ws/install/nurse_interfaces/local/lib/python3.10/dist-packages/nurse_interfaces/msg/__init__.py
-- Symlinking: /home/hrlsh/scrub_nurse_ws/install/nurse_interfaces/local/lib/python3.10/dist-packages/nurse_interfaces/msg/_emergency_signal.py
-- Symlinking: /home/hrlsh/scrub_nurse_ws/install/nurse_interfaces/local/lib/python3.10/dist-packages/nurse_interfaces/msg/_emergency_signal_s.c
-- Symlinking: /home/hrlsh/scrub_nurse_ws/install/nurse_interfaces/local/lib/python3.10/dist-packages/nurse_interfaces/msg/_object_token.py
-- Symlinking: /home/hrlsh/scrub_nurse_ws/install/nurse_interfaces/local/lib/python3.10/dist-packages/nurse_interfaces/msg/_object_token_array.py
-- Symlinking: /home/hrlsh/scrub_nurse_ws/install/nurse_interfaces/local/lib/python3.10/dist-packages/nurse_interfaces/msg/_object_token_array_s.c
-- Symlinking: /home/hrlsh/scrub_nurse_ws/install/nurse_interfaces/local/lib/python3.10/dist-packages/nurse_interfaces/msg/_object_token_s.c
-- Symlinking: /home/hrlsh/scrub_nurse_ws/install/nurse_interfaces/local/lib/python3.10/dist-packages/nurse_interfaces/msg/_safety_signal.py
-- Symlinking: /home/hrlsh/scrub_nurse_ws/install/nurse_interfaces/local/lib/python3.10/dist-packages/nurse_interfaces/msg/_safety_signal_s.c
-- Symlinking: /home/hrlsh/scrub_nurse_ws/install/nurse_interfaces/local/lib/python3.10/dist-packages/nurse_interfaces/msg/_tool_prompt.py
-- Symlinking: /home/hrlsh/scrub_nurse_ws/install/nurse_interfaces/local/lib/python3.10/dist-packages/nurse_interfaces/msg/_tool_prompt_s.c
-- Symlinking: /home/hrlsh/scrub_nurse_ws/install/nurse_interfaces/local/lib/python3.10/dist-packages/nurse_interfaces/nurse_interfaces_s__rosidl_typesupport_c.cpython-310-x86_64-linux-gnu.so
-- Symlinking: /home/hrlsh/scrub_nurse_ws/install/nurse_interfaces/local/lib/python3.10/dist-packages/nurse_interfaces/nurse_interfaces_s__rosidl_typesupport_fastrtps_c.cpython-310-x86_64-linux-gnu.so
-- Symlinking: /home/hrlsh/scrub_nurse_ws/install/nurse_interfaces/local/lib/python3.10/dist-packages/nurse_interfaces/nurse_interfaces_s__rosidl_typesupport_introspection_c.cpython-310-x86_64-linux-gnu.so
-- Up-to-date symlink: /home/hrlsh/scrub_nurse_ws/install/nurse_interfaces/local/lib/python3.10/dist-packages/nurse_interfaces/nurse_interfaces_s__rosidl_typesupport_fastrtps_c.cpython-310-x86_64-linux-gnu.so
-- Up-to-date symlink: /home/hrlsh/scrub_nurse_ws/install/nurse_interfaces/local/lib/python3.10/dist-packages/nurse_interfaces/nurse_interfaces_s__rosidl_typesupport_introspection_c.cpython-310-x86_64-linux-gnu.so
-- Up-to-date symlink: /home/hrlsh/scrub_nurse_ws/install/nurse_interfaces/local/lib/python3.10/dist-packages/nurse_interfaces/nurse_interfaces_s__rosidl_typesupport_c.cpython-310-x86_64-linux-gnu.so
-- Symlinking: /home/hrlsh/scrub_nurse_ws/install/nurse_interfaces/share/ament_index/resource_index/rust_packages/nurse_interfaces
-- Symlinking: /home/hrlsh/scrub_nurse_ws/install/nurse_interfaces/share/nurse_interfaces/rust/Cargo.toml
-- Symlinking: /home/hrlsh/scrub_nurse_ws/install/nurse_interfaces/share/nurse_interfaces/rust/build.rs
-- Symlinking: /home/hrlsh/scrub_nurse_ws/install/nurse_interfaces/share/nurse_interfaces/rust/src/lib.rs
-- Symlinking: /home/hrlsh/scrub_nurse_ws/install/nurse_interfaces/share/nurse_interfaces/rust/src/msg.rs
-- Symlinking: /home/hrlsh/scrub_nurse_ws/install/nurse_interfaces/share/nurse_interfaces/rust/src/msg/rmw.rs
-- Symlinking: /home/hrlsh/scrub_nurse_ws/install/nurse_interfaces/share/nurse_interfaces/msg/ObjectToken.idl
-- Symlinking: /home/hrlsh/scrub_nurse_ws/install/nurse_interfaces/share/nurse_interfaces/msg/ObjectTokenArray.idl
-- Symlinking: /home/hrlsh/scrub_nurse_ws/install/nurse_interfaces/share/nurse_interfaces/msg/EmergencySignal.idl
-- Symlinking: /home/hrlsh/scrub_nurse_ws/install/nurse_interfaces/share/nurse_interfaces/msg/ToolPrompt.idl
-- Symlinking: /home/hrlsh/scrub_nurse_ws/install/nurse_interfaces/share/nurse_interfaces/msg/SafetySignal.idl
-- Symlinking: /home/hrlsh/scrub_nurse_ws/install/nurse_interfaces/share/nurse_interfaces/msg/ObjectToken.msg
-- Symlinking: /home/hrlsh/scrub_nurse_ws/install/nurse_interfaces/share/nurse_interfaces/msg/ObjectTokenArray.msg
-- Symlinking: /home/hrlsh/scrub_nurse_ws/install/nurse_interfaces/share/nurse_interfaces/msg/EmergencySignal.msg
-- Symlinking: /home/hrlsh/scrub_nurse_ws/install/nurse_interfaces/share/nurse_interfaces/msg/ToolPrompt.msg
-- Symlinking: /home/hrlsh/scrub_nurse_ws/install/nurse_interfaces/share/nurse_interfaces/msg/SafetySignal.msg
-- Symlinking: /home/hrlsh/scrub_nurse_ws/install/nurse_interfaces/share/ament_index/resource_index/package_run_dependencies/nurse_interfaces
-- Symlinking: /home/hrlsh/scrub_nurse_ws/install/nurse_interfaces/share/ament_index/resource_index/parent_prefix_path/nurse_interfaces
-- Symlinking: /home/hrlsh/scrub_nurse_ws/install/nurse_interfaces/share/nurse_interfaces/environment/ament_prefix_path.sh
-- Symlinking: /home/hrlsh/scrub_nurse_ws/install/nurse_interfaces/share/nurse_interfaces/environment/ament_prefix_path.dsv
-- Symlinking: /home/hrlsh/scrub_nurse_ws/install/nurse_interfaces/share/nurse_interfaces/environment/path.sh
-- Symlinking: /home/hrlsh/scrub_nurse_ws/install/nurse_interfaces/share/nurse_interfaces/environment/path.dsv
-- Symlinking: /home/hrlsh/scrub_nurse_ws/install/nurse_interfaces/share/nurse_interfaces/local_setup.bash
-- Symlinking: /home/hrlsh/scrub_nurse_ws/install/nurse_interfaces/share/nurse_interfaces/local_setup.sh
-- Symlinking: /home/hrlsh/scrub_nurse_ws/install/nurse_interfaces/share/nurse_interfaces/local_setup.zsh
-- Symlinking: /home/hrlsh/scrub_nurse_ws/install/nurse_interfaces/share/nurse_interfaces/local_setup.dsv
-- Symlinking: /home/hrlsh/scrub_nurse_ws/install/nurse_interfaces/share/nurse_interfaces/package.dsv
-- Symlinking: /home/hrlsh/scrub_nurse_ws/install/nurse_interfaces/share/ament_index/resource_index/packages/nurse_interfaces
-- Symlinking: /home/hrlsh/scrub_nurse_ws/install/nurse_interfaces/share/nurse_interfaces/cmake/rosidl_cmake-extras.cmake
-- Symlinking: /home/hrlsh/scrub_nurse_ws/install/nurse_interfaces/share/nurse_interfaces/cmake/ament_cmake_export_dependencies-extras.cmake
-- Symlinking: /home/hrlsh/scrub_nurse_ws/install/nurse_interfaces/share/nurse_interfaces/cmake/ament_cmake_export_include_directories-extras.cmake
-- Symlinking: /home/hrlsh/scrub_nurse_ws/install/nurse_interfaces/share/nurse_interfaces/cmake/ament_cmake_export_libraries-extras.cmake
-- Symlinking: /home/hrlsh/scrub_nurse_ws/install/nurse_interfaces/share/nurse_interfaces/cmake/ament_cmake_export_targets-extras.cmake
-- Symlinking: /home/hrlsh/scrub_nurse_ws/install/nurse_interfaces/share/nurse_interfaces/cmake/rosidl_cmake_export_typesupport_targets-extras.cmake
-- Symlinking: /home/hrlsh/scrub_nurse_ws/install/nurse_interfaces/share/nurse_interfaces/cmake/rosidl_cmake_export_typesupport_libraries-extras.cmake
-- Symlinking: /home/hrlsh/scrub_nurse_ws/install/nurse_interfaces/share/nurse_interfaces/cmake/nurse_interfacesConfig.cmake
-- Symlinking: /home/hrlsh/scrub_nurse_ws/install/nurse_interfaces/share/nurse_interfaces/cmake/nurse_interfacesConfig-version.cmake
-- Symlinking: /home/hrlsh/scrub_nurse_ws/install/nurse_interfaces/share/nurse_interfaces/package.xml
-- Installing: /home/hrlsh/scrub_nurse_ws/install/nurse_interfaces/lib/libnurse_interfaces__rosidl_generator_c.so
-- Set runtime path of "/home/hrlsh/scrub_nurse_ws/install/nurse_interfaces/lib/libnurse_interfaces__rosidl_generator_c.so" to ""
-- Installing: /home/hrlsh/scrub_nurse_ws/install/nurse_interfaces/lib/libnurse_interfaces__rosidl_typesupport_fastrtps_c.so
-- Set runtime path of "/home/hrlsh/scrub_nurse_ws/install/nurse_interfaces/lib/libnurse_interfaces__rosidl_typesupport_fastrtps_c.so" to ""
-- Installing: /home/hrlsh/scrub_nurse_ws/install/nurse_interfaces/lib/libnurse_interfaces__rosidl_typesupport_introspection_c.so
-- Set runtime path of "/home/hrlsh/scrub_nurse_ws/install/nurse_interfaces/lib/libnurse_interfaces__rosidl_typesupport_introspection_c.so" to ""
-- Installing: /home/hrlsh/scrub_nurse_ws/install/nurse_interfaces/lib/libnurse_interfaces__rosidl_typesupport_c.so
-- Set runtime path of "/home/hrlsh/scrub_nurse_ws/install/nurse_interfaces/lib/libnurse_interfaces__rosidl_typesupport_c.so" to ""
-- Installing: /home/hrlsh/scrub_nurse_ws/install/nurse_interfaces/lib/libnurse_interfaces__rosidl_typesupport_fastrtps_cpp.so
-- Set runtime path of "/home/hrlsh/scrub_nurse_ws/install/nurse_interfaces/lib/libnurse_interfaces__rosidl_typesupport_fastrtps_cpp.so" to ""
-- Installing: /home/hrlsh/scrub_nurse_ws/install/nurse_interfaces/lib/libnurse_interfaces__rosidl_typesupport_introspection_cpp.so
-- Set runtime path of "/home/hrlsh/scrub_nurse_ws/install/nurse_interfaces/lib/libnurse_interfaces__rosidl_typesupport_introspection_cpp.so" to ""
-- Installing: /home/hrlsh/scrub_nurse_ws/install/nurse_interfaces/lib/libnurse_interfaces__rosidl_typesupport_cpp.so
-- Set runtime path of "/home/hrlsh/scrub_nurse_ws/install/nurse_interfaces/lib/libnurse_interfaces__rosidl_typesupport_cpp.so" to ""
Listing '/home/hrlsh/scrub_nurse_ws/install/nurse_interfaces/local/lib/python3.10/dist-packages/nurse_interfaces'...
Compiling '/home/hrlsh/scrub_nurse_ws/install/nurse_interfaces/local/lib/python3.10/dist-packages/nurse_interfaces/__init__.py'...
Listing '/home/hrlsh/scrub_nurse_ws/install/nurse_interfaces/local/lib/python3.10/dist-packages/nurse_interfaces/msg'...
Compiling '/home/hrlsh/scrub_nurse_ws/install/nurse_interfaces/local/lib/python3.10/dist-packages/nurse_interfaces/msg/__init__.py'...
Compiling '/home/hrlsh/scrub_nurse_ws/install/nurse_interfaces/local/lib/python3.10/dist-packages/nurse_interfaces/msg/_emergency_signal.py'...
Compiling '/home/hrlsh/scrub_nurse_ws/install/nurse_interfaces/local/lib/python3.10/dist-packages/nurse_interfaces/msg/_object_token.py'...
Compiling '/home/hrlsh/scrub_nurse_ws/install/nurse_interfaces/local/lib/python3.10/dist-packages/nurse_interfaces/msg/_object_token_array.py'...
Compiling '/home/hrlsh/scrub_nurse_ws/install/nurse_interfaces/local/lib/python3.10/dist-packages/nurse_interfaces/msg/_safety_signal.py'...
Compiling '/home/hrlsh/scrub_nurse_ws/install/nurse_interfaces/local/lib/python3.10/dist-packages/nurse_interfaces/msg/_tool_prompt.py'...
-- Installing: /home/hrlsh/scrub_nurse_ws/install/nurse_interfaces/lib/libnurse_interfaces__rosidl_generator_py.so
-- Set runtime path of "/home/hrlsh/scrub_nurse_ws/install/nurse_interfaces/lib/libnurse_interfaces__rosidl_generator_py.so" to ""
-- Installing: /home/hrlsh/scrub_nurse_ws/install/nurse_interfaces/share/nurse_interfaces/cmake/export_nurse_interfaces__rosidl_generator_cExport.cmake
-- Installing: /home/hrlsh/scrub_nurse_ws/install/nurse_interfaces/share/nurse_interfaces/cmake/export_nurse_interfaces__rosidl_generator_cExport-noconfig.cmake
-- Installing: /home/hrlsh/scrub_nurse_ws/install/nurse_interfaces/share/nurse_interfaces/cmake/export_nurse_interfaces__rosidl_typesupport_fastrtps_cExport.cmake
-- Installing: /home/hrlsh/scrub_nurse_ws/install/nurse_interfaces/share/nurse_interfaces/cmake/export_nurse_interfaces__rosidl_typesupport_fastrtps_cExport-noconfig.cmake
-- Installing: /home/hrlsh/scrub_nurse_ws/install/nurse_interfaces/share/nurse_interfaces/cmake/nurse_interfaces__rosidl_typesupport_introspection_cExport.cmake
-- Installing: /home/hrlsh/scrub_nurse_ws/install/nurse_interfaces/share/nurse_interfaces/cmake/nurse_interfaces__rosidl_typesupport_introspection_cExport-noconfig.cmake
-- Installing: /home/hrlsh/scrub_nurse_ws/install/nurse_interfaces/share/nurse_interfaces/cmake/nurse_interfaces__rosidl_typesupport_cExport.cmake
-- Installing: /home/hrlsh/scrub_nurse_ws/install/nurse_interfaces/share/nurse_interfaces/cmake/nurse_interfaces__rosidl_typesupport_cExport-noconfig.cmake
-- Installing: /home/hrlsh/scrub_nurse_ws/install/nurse_interfaces/share/nurse_interfaces/cmake/export_nurse_interfaces__rosidl_generator_cppExport.cmake
-- Installing: /home/hrlsh/scrub_nurse_ws/install/nurse_interfaces/share/nurse_interfaces/cmake/export_nurse_interfaces__rosidl_typesupport_fastrtps_cppExport.cmake
-- Installing: /home/hrlsh/scrub_nurse_ws/install/nurse_interfaces/share/nurse_interfaces/cmake/export_nurse_interfaces__rosidl_typesupport_fastrtps_cppExport-noconfig.cmake
-- Installing: /home/hrlsh/scrub_nurse_ws/install/nurse_interfaces/share/nurse_interfaces/cmake/nurse_interfaces__rosidl_typesupport_introspection_cppExport.cmake
-- Installing: /home/hrlsh/scrub_nurse_ws/install/nurse_interfaces/share/nurse_interfaces/cmake/nurse_interfaces__rosidl_typesupport_introspection_cppExport-noconfig.cmake
-- Installing: /home/hrlsh/scrub_nurse_ws/install/nurse_interfaces/share/nurse_interfaces/cmake/nurse_interfaces__rosidl_typesupport_cppExport.cmake
-- Installing: /home/hrlsh/scrub_nurse_ws/install/nurse_interfaces/share/nurse_interfaces/cmake/nurse_interfaces__rosidl_typesupport_cppExport-noconfig.cmake
-- Installing: /home/hrlsh/scrub_nurse_ws/install/nurse_interfaces/share/nurse_interfaces/cmake/export_nurse_interfaces__rosidl_generator_pyExport.cmake
-- Installing: /home/hrlsh/scrub_nurse_ws/install/nurse_interfaces/share/nurse_interfaces/cmake/export_nurse_interfaces__rosidl_generator_pyExport-noconfig.cmake
