[1.177s] Invoking command in '/home/hrlsh/scrub_nurse_ws/build/ur_robot_manager': AMENT_PREFIX_PATH=/home/hrlsh/scrub_nurse_ws/install/ur_robot_manager_interfaces:/home/hrlsh/scrub_nurse_ws/install/gripper_interfaces:${AMENT_PREFIX_PATH} CMAKE_PREFIX_PATH=/home/hrlsh/scrub_nurse_ws/install/ur_robot_manager_interfaces:/home/hrlsh/scrub_nurse_ws/install/gripper_interfaces:/opt/ros/humble LD_LIBRARY_PATH=/home/hrlsh/scrub_nurse_ws/install/ur_robot_manager_interfaces/lib:/home/hrlsh/scrub_nurse_ws/install/gripper_interfaces/lib:${LD_LIBRARY_PATH} PYTHONPATH=/home/hrlsh/scrub_nurse_ws/install/ur_robot_manager_interfaces/local/lib/python3.10/dist-packages:/home/hrlsh/scrub_nurse_ws/install/gripper_interfaces/local/lib/python3.10/dist-packages:${PYTHONPATH} /usr/bin/cmake --build /home/hrlsh/scrub_nurse_ws/build/ur_robot_manager -- -j20 -l20
[1.209s] [ 37%] Built target ur_robot_manager_utils
[1.230s] [ 75%] Built target ur_robot_manager_core
[1.256s] [100%] Built target ur_robot_manager_node
[1.268s] Invoked command in '/home/hrlsh/scrub_nurse_ws/build/ur_robot_manager' returned '0': AMENT_PREFIX_PATH=/home/hrlsh/scrub_nurse_ws/install/ur_robot_manager_interfaces:/home/hrlsh/scrub_nurse_ws/install/gripper_interfaces:${AMENT_PREFIX_PATH} CMAKE_PREFIX_PATH=/home/hrlsh/scrub_nurse_ws/install/ur_robot_manager_interfaces:/home/hrlsh/scrub_nurse_ws/install/gripper_interfaces:/opt/ros/humble LD_LIBRARY_PATH=/home/hrlsh/scrub_nurse_ws/install/ur_robot_manager_interfaces/lib:/home/hrlsh/scrub_nurse_ws/install/gripper_interfaces/lib:${LD_LIBRARY_PATH} PYTHONPATH=/home/hrlsh/scrub_nurse_ws/install/ur_robot_manager_interfaces/local/lib/python3.10/dist-packages:/home/hrlsh/scrub_nurse_ws/install/gripper_interfaces/local/lib/python3.10/dist-packages:${PYTHONPATH} /usr/bin/cmake --build /home/hrlsh/scrub_nurse_ws/build/ur_robot_manager -- -j20 -l20
[1.269s] Invoking command in '/home/hrlsh/scrub_nurse_ws/build/ur_robot_manager': AMENT_PREFIX_PATH=/home/hrlsh/scrub_nurse_ws/install/ur_robot_manager_interfaces:/home/hrlsh/scrub_nurse_ws/install/gripper_interfaces:${AMENT_PREFIX_PATH} CMAKE_PREFIX_PATH=/home/hrlsh/scrub_nurse_ws/install/ur_robot_manager_interfaces:/home/hrlsh/scrub_nurse_ws/install/gripper_interfaces:/opt/ros/humble LD_LIBRARY_PATH=/home/hrlsh/scrub_nurse_ws/install/ur_robot_manager_interfaces/lib:/home/hrlsh/scrub_nurse_ws/install/gripper_interfaces/lib:${LD_LIBRARY_PATH} PYTHONPATH=/home/hrlsh/scrub_nurse_ws/install/ur_robot_manager_interfaces/local/lib/python3.10/dist-packages:/home/hrlsh/scrub_nurse_ws/install/gripper_interfaces/local/lib/python3.10/dist-packages:${PYTHONPATH} /usr/bin/cmake --install /home/hrlsh/scrub_nurse_ws/build/ur_robot_manager
[1.277s] -- Install configuration: ""
[1.278s] -- Execute custom install script
[1.278s] -- Up-to-date symlink: /home/hrlsh/scrub_nurse_ws/install/ur_robot_manager/lib/libur_robot_manager_utils.so
[1.278s] -- Up-to-date symlink: /home/hrlsh/scrub_nurse_ws/install/ur_robot_manager/lib/libur_robot_manager_core.so
[1.279s] -- Up-to-date symlink: /home/hrlsh/scrub_nurse_ws/install/ur_robot_manager/lib/ur_robot_manager/ur_robot_manager_node
[1.279s] -- Up-to-date symlink: /home/hrlsh/scrub_nurse_ws/install/ur_robot_manager/include/ur_robot_manager/core/ur_robot_action_server.h
[1.279s] -- Up-to-date symlink: /home/hrlsh/scrub_nurse_ws/install/ur_robot_manager/include/ur_robot_manager/core/ur_robot_manager.h
[1.279s] -- Up-to-date symlink: /home/hrlsh/scrub_nurse_ws/install/ur_robot_manager/include/ur_robot_manager/robot_types.h
[1.280s] -- Up-to-date symlink: /home/hrlsh/scrub_nurse_ws/install/ur_robot_manager/include/ur_robot_manager/utils/robot_trajectory.h
[1.280s] -- Up-to-date symlink: /home/hrlsh/scrub_nurse_ws/install/ur_robot_manager/include/ur_robot_manager/utils/ur_kinematics.h
[1.280s] -- Up-to-date symlink: /home/hrlsh/scrub_nurse_ws/install/ur_robot_manager/share/ur_robot_manager/config/calibration/ur5e_dh_params.yaml
[1.280s] -- Up-to-date symlink: /home/hrlsh/scrub_nurse_ws/install/ur_robot_manager/share/ament_index/resource_index/package_run_dependencies/ur_robot_manager
[1.281s] -- Up-to-date symlink: /home/hrlsh/scrub_nurse_ws/install/ur_robot_manager/share/ament_index/resource_index/parent_prefix_path/ur_robot_manager
[1.281s] -- Up-to-date symlink: /home/hrlsh/scrub_nurse_ws/install/ur_robot_manager/share/ur_robot_manager/environment/ament_prefix_path.sh
[1.281s] -- Up-to-date symlink: /home/hrlsh/scrub_nurse_ws/install/ur_robot_manager/share/ur_robot_manager/environment/ament_prefix_path.dsv
[1.281s] -- Up-to-date symlink: /home/hrlsh/scrub_nurse_ws/install/ur_robot_manager/share/ur_robot_manager/environment/path.sh
[1.281s] -- Up-to-date symlink: /home/hrlsh/scrub_nurse_ws/install/ur_robot_manager/share/ur_robot_manager/environment/path.dsv
[1.282s] -- Up-to-date symlink: /home/hrlsh/scrub_nurse_ws/install/ur_robot_manager/share/ur_robot_manager/local_setup.bash
[1.282s] -- Up-to-date symlink: /home/hrlsh/scrub_nurse_ws/install/ur_robot_manager/share/ur_robot_manager/local_setup.sh
[1.282s] -- Up-to-date symlink: /home/hrlsh/scrub_nurse_ws/install/ur_robot_manager/share/ur_robot_manager/local_setup.zsh
[1.282s] -- Up-to-date symlink: /home/hrlsh/scrub_nurse_ws/install/ur_robot_manager/share/ur_robot_manager/local_setup.dsv
[1.282s] -- Symlinking: /home/hrlsh/scrub_nurse_ws/install/ur_robot_manager/share/ur_robot_manager/package.dsv
[1.291s] -- Up-to-date symlink: /home/hrlsh/scrub_nurse_ws/install/ur_robot_manager/share/ament_index/resource_index/packages/ur_robot_manager
[1.291s] -- Up-to-date symlink: /home/hrlsh/scrub_nurse_ws/install/ur_robot_manager/share/ur_robot_manager/cmake/ur_robot_managerConfig.cmake
[1.291s] -- Up-to-date symlink: /home/hrlsh/scrub_nurse_ws/install/ur_robot_manager/share/ur_robot_manager/cmake/ur_robot_managerConfig-version.cmake
[1.291s] -- Up-to-date symlink: /home/hrlsh/scrub_nurse_ws/install/ur_robot_manager/share/ur_robot_manager/package.xml
[1.294s] Invoked command in '/home/hrlsh/scrub_nurse_ws/build/ur_robot_manager' returned '0': AMENT_PREFIX_PATH=/home/hrlsh/scrub_nurse_ws/install/ur_robot_manager_interfaces:/home/hrlsh/scrub_nurse_ws/install/gripper_interfaces:${AMENT_PREFIX_PATH} CMAKE_PREFIX_PATH=/home/hrlsh/scrub_nurse_ws/install/ur_robot_manager_interfaces:/home/hrlsh/scrub_nurse_ws/install/gripper_interfaces:/opt/ros/humble LD_LIBRARY_PATH=/home/hrlsh/scrub_nurse_ws/install/ur_robot_manager_interfaces/lib:/home/hrlsh/scrub_nurse_ws/install/gripper_interfaces/lib:${LD_LIBRARY_PATH} PYTHONPATH=/home/hrlsh/scrub_nurse_ws/install/ur_robot_manager_interfaces/local/lib/python3.10/dist-packages:/home/hrlsh/scrub_nurse_ws/install/gripper_interfaces/local/lib/python3.10/dist-packages:${PYTHONPATH} /usr/bin/cmake --install /home/hrlsh/scrub_nurse_ws/build/ur_robot_manager
