[0.010s] Invoking command in '/home/hrlsh/scrub_nurse_ws/build/gripper_interfaces': CMAKE_PREFIX_PATH=/opt/ros/humble /usr/bin/cmake /home/hrlsh/scrub_nurse_ws/src/gripper_interfaces -DAMENT_CMAKE_SYMLINK_INSTALL=1 -DCMAKE_INSTALL_PREFIX=/home/hrlsh/scrub_nurse_ws/install/gripper_interfaces
[0.088s] -- The C compiler identification is GNU 11.4.0
[0.249s] -- The CXX compiler identification is GNU 11.4.0
[0.274s] -- Detecting C compiler ABI info
[0.489s] -- Detecting C compiler ABI info - done
[0.522s] -- Check for working C compiler: /usr/bin/cc - skipped
[0.525s] -- Detecting C compile features
[0.527s] -- Detecting C compile features - done
[0.540s] -- Detecting CXX compiler ABI info
[0.791s] -- Detecting CXX compiler ABI info - done
[0.825s] -- Check for working CXX compiler: /usr/bin/c++ - skipped
[0.826s] -- Detecting CXX compile features
[0.828s] -- Detecting CXX compile features - done
[0.836s] -- Found ament_cmake: 1.3.14 (/opt/ros/humble/share/ament_cmake/cmake)
[1.414s] -- Found Python3: /usr/bin/python3 (found version "3.10.12") found components: Interpreter 
[1.543s] -- Override CMake install command with custom implementation using symlinks instead of copying resources
[1.629s] -- Found rosidl_default_generators: 1.2.1 (/opt/ros/humble/share/rosidl_default_generators/cmake)
[1.639s] -- Using all available rosidl_typesupport_c: rosidl_typesupport_fastrtps_c;rosidl_typesupport_introspection_c
[1.662s] -- Found rosidl_adapter: 3.1.8 (/opt/ros/humble/share/rosidl_adapter/cmake)
[1.861s] -- Using all available rosidl_typesupport_cpp: rosidl_typesupport_fastrtps_cpp;rosidl_typesupport_introspection_cpp
[2.061s] -- Found action_msgs: 1.2.2 (/opt/ros/humble/share/action_msgs/cmake)
[2.759s] -- Found ament_cmake_ros: 0.10.0 (/opt/ros/humble/share/ament_cmake_ros/cmake)
[3.033s] -- Using all available rosidl_typesupport_c: rosidl_typesupport_fastrtps_c;rosidl_typesupport_introspection_c
[3.662s] -- Using all available rosidl_typesupport_cpp: rosidl_typesupport_fastrtps_cpp;rosidl_typesupport_introspection_cpp
[3.750s] -- Found PythonInterp: /usr/bin/python3 (found suitable version "3.10.12", minimum required is "3.6") 
[3.756s] -- Found python_cmake_module: 0.10.0 (/opt/ros/humble/share/python_cmake_module/cmake)
[3.859s] -- Found PythonLibs: /usr/lib/x86_64-linux-gnu/libpython3.10.so (found suitable version "3.10.12", minimum required is "3.5") 
[3.859s] -- Using PYTHON_EXECUTABLE: /usr/bin/python3
[3.859s] -- Using PYTHON_INCLUDE_DIRS: /usr/include/python3.10
[3.860s] -- Using PYTHON_LIBRARIES: /usr/lib/x86_64-linux-gnu/libpython3.10.so
[3.948s] -- Found PythonExtra: .so  
[4.308s] -- Found ament_lint_auto: 0.12.15 (/opt/ros/humble/share/ament_lint_auto/cmake)
[4.332s] -- Added test 'copyright' to check source files copyright and LICENSE
[4.335s] -- Added test 'lint_cmake' to check CMake code style
[4.336s] -- Added test 'xmllint' to check XML markup files
[4.341s] -- Configuring done
[4.404s] -- Generating done
[4.420s] -- Build files have been written to: /home/hrlsh/scrub_nurse_ws/build/gripper_interfaces
[4.432s] Invoked command in '/home/hrlsh/scrub_nurse_ws/build/gripper_interfaces' returned '0': CMAKE_PREFIX_PATH=/opt/ros/humble /usr/bin/cmake /home/hrlsh/scrub_nurse_ws/src/gripper_interfaces -DAMENT_CMAKE_SYMLINK_INSTALL=1 -DCMAKE_INSTALL_PREFIX=/home/hrlsh/scrub_nurse_ws/install/gripper_interfaces
[4.433s] Invoking command in '/home/hrlsh/scrub_nurse_ws/build/gripper_interfaces': CMAKE_PREFIX_PATH=/opt/ros/humble /usr/bin/cmake --build /home/hrlsh/scrub_nurse_ws/build/gripper_interfaces -- -j20 -l20
[4.471s] [  1%] [34m[1mGenerating C code for ROS interfaces[0m
[4.479s] [  2%] [34m[1mGenerating Rust code for ROS interfaces[0m
[4.479s] [  2%] [34m[1mGenerating C++ code for ROS interfaces[0m
[4.486s] [  2%] Built target ament_cmake_python_symlink_gripper_interfaces
[4.759s] running egg_info
[4.760s] creating gripper_interfaces.egg-info
[4.760s] writing gripper_interfaces.egg-info/PKG-INFO
[4.760s] writing dependency_links to gripper_interfaces.egg-info/dependency_links.txt
[4.761s] writing top-level names to gripper_interfaces.egg-info/top_level.txt
[4.761s] writing manifest file 'gripper_interfaces.egg-info/SOURCES.txt'
[4.763s] reading manifest file 'gripper_interfaces.egg-info/SOURCES.txt'
[4.764s] writing manifest file 'gripper_interfaces.egg-info/SOURCES.txt'
[4.791s] [  2%] Built target ament_cmake_python_build_gripper_interfaces_egg
[5.022s] [  2%] Built target gripper_interfaces__rs
[6.128s] [  3%] [32mBuilding C object CMakeFiles/gripper_interfaces__rosidl_generator_c.dir/rosidl_generator_c/gripper_interfaces/msg/detail/gripper_msg__functions.c.o[0m
[6.136s] [  4%] [32mBuilding C object CMakeFiles/gripper_interfaces__rosidl_generator_c.dir/rosidl_generator_c/gripper_interfaces/srv/detail/pos_vel_cur_ctrl__functions.c.o[0m
[6.137s] [  5%] [32mBuilding C object CMakeFiles/gripper_interfaces__rosidl_generator_c.dir/rosidl_generator_c/gripper_interfaces/srv/detail/driver_enable__functions.c.o[0m
[6.137s] [  6%] [32mBuilding C object CMakeFiles/gripper_interfaces__rosidl_generator_c.dir/rosidl_generator_c/gripper_interfaces/srv/detail/slave_change__functions.c.o[0m
[6.142s] [  7%] [32mBuilding C object CMakeFiles/gripper_interfaces__rosidl_generator_c.dir/rosidl_generator_c/gripper_interfaces/srv/detail/set_parameter__functions.c.o[0m
[6.143s] [  8%] [32mBuilding C object CMakeFiles/gripper_interfaces__rosidl_generator_c.dir/rosidl_generator_c/gripper_interfaces/srv/detail/gripper_control__functions.c.o[0m
[6.143s] [  8%] [32mBuilding C object CMakeFiles/gripper_interfaces__rosidl_generator_c.dir/rosidl_generator_c/gripper_interfaces/srv/detail/arduino_control__functions.c.o[0m
[6.147s] [  9%] [32mBuilding C object CMakeFiles/gripper_interfaces__rosidl_generator_c.dir/rosidl_generator_c/gripper_interfaces/srv/detail/gripper_command__functions.c.o[0m
[6.151s] [ 10%] [32mBuilding C object CMakeFiles/gripper_interfaces__rosidl_generator_c.dir/rosidl_generator_c/gripper_interfaces/srv/detail/stop_motor__functions.c.o[0m
[6.154s] [ 11%] [32mBuilding C object CMakeFiles/gripper_interfaces__rosidl_generator_c.dir/rosidl_generator_c/gripper_interfaces/srv/detail/modbus__functions.c.o[0m
[6.179s] [ 12%] [32mBuilding C object CMakeFiles/gripper_interfaces__rosidl_generator_c.dir/rosidl_generator_c/gripper_interfaces/action/detail/gripper__functions.c.o[0m
[6.259s] [ 12%] Built target gripper_interfaces__cpp
[6.267s] [ 13%] [34m[1mGenerating C++ type support for eProsima Fast-RTPS[0m
[6.267s] [ 15%] [34m[1mGenerating C++ type support dispatch for ROS interfaces[0m
[6.267s] [ 15%] [34m[1mGenerating C++ introspection for ROS interfaces[0m
[6.328s] [ 16%] [32m[1mLinking C shared library libgripper_interfaces__rosidl_generator_c.so[0m
[6.353s] [ 16%] Built target gripper_interfaces__rosidl_generator_c
[6.360s] [ 17%] [34m[1mGenerating C type support dispatch for ROS interfaces[0m
[6.360s] [ 18%] [34m[1mGenerating C type support for eProsima Fast-RTPS[0m
[6.361s] [ 19%] [34m[1mGenerating C introspection for ROS interfaces[0m
[7.254s] [ 20%] [32mBuilding CXX object CMakeFiles/gripper_interfaces__rosidl_typesupport_cpp.dir/rosidl_typesupport_cpp/gripper_interfaces/msg/gripper_msg__type_support.cpp.o[0m
[7.286s] [ 22%] [32mBuilding CXX object CMakeFiles/gripper_interfaces__rosidl_typesupport_cpp.dir/rosidl_typesupport_cpp/gripper_interfaces/srv/slave_change__type_support.cpp.o[0m
[7.286s] [ 22%] [32mBuilding CXX object CMakeFiles/gripper_interfaces__rosidl_typesupport_cpp.dir/rosidl_typesupport_cpp/gripper_interfaces/srv/pos_vel_cur_ctrl__type_support.cpp.o[0m
[7.321s] [ 22%] [32mBuilding CXX object CMakeFiles/gripper_interfaces__rosidl_typesupport_cpp.dir/rosidl_typesupport_cpp/gripper_interfaces/srv/driver_enable__type_support.cpp.o[0m
[7.359s] [ 23%] [32mBuilding CXX object CMakeFiles/gripper_interfaces__rosidl_typesupport_cpp.dir/rosidl_typesupport_cpp/gripper_interfaces/srv/set_parameter__type_support.cpp.o[0m
[7.366s] [ 24%] [32mBuilding CXX object CMakeFiles/gripper_interfaces__rosidl_typesupport_cpp.dir/rosidl_typesupport_cpp/gripper_interfaces/srv/gripper_control__type_support.cpp.o[0m
[7.370s] [ 25%] [32mBuilding CXX object CMakeFiles/gripper_interfaces__rosidl_typesupport_cpp.dir/rosidl_typesupport_cpp/gripper_interfaces/srv/arduino_control__type_support.cpp.o[0m
[7.392s] [ 26%] [32mBuilding CXX object CMakeFiles/gripper_interfaces__rosidl_typesupport_cpp.dir/rosidl_typesupport_cpp/gripper_interfaces/srv/modbus__type_support.cpp.o[0m
[7.394s] [ 27%] [32mBuilding CXX object CMakeFiles/gripper_interfaces__rosidl_typesupport_cpp.dir/rosidl_typesupport_cpp/gripper_interfaces/srv/gripper_command__type_support.cpp.o[0m
[7.406s] [ 28%] [32mBuilding CXX object CMakeFiles/gripper_interfaces__rosidl_typesupport_cpp.dir/rosidl_typesupport_cpp/gripper_interfaces/srv/stop_motor__type_support.cpp.o[0m
[7.410s] [ 29%] [32mBuilding CXX object CMakeFiles/gripper_interfaces__rosidl_typesupport_cpp.dir/rosidl_typesupport_cpp/gripper_interfaces/action/gripper__type_support.cpp.o[0m
[7.522s] [ 30%] [32mBuilding CXX object CMakeFiles/gripper_interfaces__rosidl_typesupport_c.dir/rosidl_typesupport_c/gripper_interfaces/srv/slave_change__type_support.cpp.o[0m
[7.526s] [ 30%] [32mBuilding CXX object CMakeFiles/gripper_interfaces__rosidl_typesupport_c.dir/rosidl_typesupport_c/gripper_interfaces/msg/gripper_msg__type_support.cpp.o[0m
[7.540s] [ 31%] [32mBuilding CXX object CMakeFiles/gripper_interfaces__rosidl_typesupport_c.dir/rosidl_typesupport_c/gripper_interfaces/srv/pos_vel_cur_ctrl__type_support.cpp.o[0m
[7.599s] [ 32%] [32mBuilding CXX object CMakeFiles/gripper_interfaces__rosidl_typesupport_c.dir/rosidl_typesupport_c/gripper_interfaces/srv/driver_enable__type_support.cpp.o[0m
[7.608s] [ 33%] [32mBuilding CXX object CMakeFiles/gripper_interfaces__rosidl_typesupport_c.dir/rosidl_typesupport_c/gripper_interfaces/srv/set_parameter__type_support.cpp.o[0m
[7.619s] [ 34%] [32mBuilding CXX object CMakeFiles/gripper_interfaces__rosidl_typesupport_c.dir/rosidl_typesupport_c/gripper_interfaces/srv/gripper_control__type_support.cpp.o[0m
[7.627s] [ 35%] [32mBuilding CXX object CMakeFiles/gripper_interfaces__rosidl_typesupport_c.dir/rosidl_typesupport_c/gripper_interfaces/srv/arduino_control__type_support.cpp.o[0m
[7.658s] [ 36%] [32mBuilding CXX object CMakeFiles/gripper_interfaces__rosidl_typesupport_c.dir/rosidl_typesupport_c/gripper_interfaces/srv/modbus__type_support.cpp.o[0m
[7.695s] [ 38%] [32mBuilding CXX object CMakeFiles/gripper_interfaces__rosidl_typesupport_c.dir/rosidl_typesupport_c/gripper_interfaces/srv/gripper_command__type_support.cpp.o[0m
[7.695s] [ 38%] [32mBuilding CXX object CMakeFiles/gripper_interfaces__rosidl_typesupport_c.dir/rosidl_typesupport_c/gripper_interfaces/action/gripper__type_support.cpp.o[0m
[7.706s] [ 38%] [32mBuilding CXX object CMakeFiles/gripper_interfaces__rosidl_typesupport_c.dir/rosidl_typesupport_c/gripper_interfaces/srv/stop_motor__type_support.cpp.o[0m
[7.753s] [ 41%] [32mBuilding CXX object CMakeFiles/gripper_interfaces__rosidl_typesupport_introspection_cpp.dir/rosidl_typesupport_introspection_cpp/gripper_interfaces/msg/detail/gripper_msg__type_support.cpp.o[0m
[7.754s] [ 41%] [32mBuilding CXX object CMakeFiles/gripper_interfaces__rosidl_typesupport_introspection_cpp.dir/rosidl_typesupport_introspection_cpp/gripper_interfaces/srv/detail/slave_change__type_support.cpp.o[0m
[7.754s] [ 41%] [32mBuilding CXX object CMakeFiles/gripper_interfaces__rosidl_typesupport_introspection_cpp.dir/rosidl_typesupport_introspection_cpp/gripper_interfaces/srv/detail/pos_vel_cur_ctrl__type_support.cpp.o[0m
[7.754s] [ 42%] [32mBuilding CXX object CMakeFiles/gripper_interfaces__rosidl_typesupport_introspection_cpp.dir/rosidl_typesupport_introspection_cpp/gripper_interfaces/srv/detail/set_parameter__type_support.cpp.o[0m
[7.754s] [ 42%] [32mBuilding CXX object CMakeFiles/gripper_interfaces__rosidl_typesupport_introspection_cpp.dir/rosidl_typesupport_introspection_cpp/gripper_interfaces/srv/detail/driver_enable__type_support.cpp.o[0m
[7.759s] [ 43%] [32m[1mLinking CXX shared library libgripper_interfaces__rosidl_typesupport_c.so[0m
[7.759s] [ 44%] [32mBuilding CXX object CMakeFiles/gripper_interfaces__rosidl_typesupport_introspection_cpp.dir/rosidl_typesupport_introspection_cpp/gripper_interfaces/srv/detail/gripper_control__type_support.cpp.o[0m
[7.763s] [ 45%] [32mBuilding CXX object CMakeFiles/gripper_interfaces__rosidl_typesupport_introspection_cpp.dir/rosidl_typesupport_introspection_cpp/gripper_interfaces/srv/detail/arduino_control__type_support.cpp.o[0m
[7.769s] [ 47%] [32mBuilding CXX object CMakeFiles/gripper_interfaces__rosidl_typesupport_introspection_cpp.dir/rosidl_typesupport_introspection_cpp/gripper_interfaces/action/detail/gripper__type_support.cpp.o[0m
[7.769s] [ 47%] [32mBuilding CXX object CMakeFiles/gripper_interfaces__rosidl_typesupport_introspection_cpp.dir/rosidl_typesupport_introspection_cpp/gripper_interfaces/srv/detail/stop_motor__type_support.cpp.o[0m
[7.776s] [ 48%] [32mBuilding CXX object CMakeFiles/gripper_interfaces__rosidl_typesupport_introspection_cpp.dir/rosidl_typesupport_introspection_cpp/gripper_interfaces/srv/detail/gripper_command__type_support.cpp.o[0m
[7.779s] [ 49%] [32mBuilding CXX object CMakeFiles/gripper_interfaces__rosidl_typesupport_introspection_cpp.dir/rosidl_typesupport_introspection_cpp/gripper_interfaces/srv/detail/modbus__type_support.cpp.o[0m
[7.817s] [ 49%] Built target gripper_interfaces__rosidl_typesupport_c
[7.963s] [ 52%] [32mBuilding CXX object CMakeFiles/gripper_interfaces__rosidl_typesupport_fastrtps_cpp.dir/rosidl_typesupport_fastrtps_cpp/gripper_interfaces/msg/detail/dds_fastrtps/gripper_msg__type_support.cpp.o[0m
[7.964s] [ 52%] [32mBuilding CXX object CMakeFiles/gripper_interfaces__rosidl_typesupport_fastrtps_cpp.dir/rosidl_typesupport_fastrtps_cpp/gripper_interfaces/srv/detail/dds_fastrtps/slave_change__type_support.cpp.o[0m
[7.964s] [ 52%] [32mBuilding CXX object CMakeFiles/gripper_interfaces__rosidl_typesupport_fastrtps_cpp.dir/rosidl_typesupport_fastrtps_cpp/gripper_interfaces/srv/detail/dds_fastrtps/driver_enable__type_support.cpp.o[0m
[7.965s] [ 52%] [32mBuilding CXX object CMakeFiles/gripper_interfaces__rosidl_typesupport_fastrtps_cpp.dir/rosidl_typesupport_fastrtps_cpp/gripper_interfaces/srv/detail/dds_fastrtps/pos_vel_cur_ctrl__type_support.cpp.o[0m
[7.971s] [ 53%] [32mBuilding CXX object CMakeFiles/gripper_interfaces__rosidl_typesupport_fastrtps_cpp.dir/rosidl_typesupport_fastrtps_cpp/gripper_interfaces/srv/detail/dds_fastrtps/set_parameter__type_support.cpp.o[0m
[8.022s] [ 54%] [32mBuilding CXX object CMakeFiles/gripper_interfaces__rosidl_typesupport_fastrtps_cpp.dir/rosidl_typesupport_fastrtps_cpp/gripper_interfaces/srv/detail/dds_fastrtps/gripper_control__type_support.cpp.o[0m
[8.034s] [ 55%] [32m[1mLinking CXX shared library libgripper_interfaces__rosidl_typesupport_cpp.so[0m
[8.104s] [ 55%] [32mBuilding C object CMakeFiles/gripper_interfaces__rosidl_typesupport_introspection_c.dir/rosidl_typesupport_introspection_c/gripper_interfaces/msg/detail/gripper_msg__type_support.c.o[0m
[8.130s] [ 55%] Built target gripper_interfaces__rosidl_typesupport_cpp
[8.141s] [ 55%] [32mBuilding CXX object CMakeFiles/gripper_interfaces__rosidl_typesupport_fastrtps_c.dir/rosidl_typesupport_fastrtps_c/gripper_interfaces/msg/detail/gripper_msg__type_support_c.cpp.o[0m
[8.147s] [ 56%] [32mBuilding C object CMakeFiles/gripper_interfaces__rosidl_typesupport_introspection_c.dir/rosidl_typesupport_introspection_c/gripper_interfaces/srv/detail/slave_change__type_support.c.o[0m
[8.224s] [ 58%] [32mBuilding CXX object CMakeFiles/gripper_interfaces__rosidl_typesupport_fastrtps_c.dir/rosidl_typesupport_fastrtps_c/gripper_interfaces/srv/detail/pos_vel_cur_ctrl__type_support_c.cpp.o[0m
[8.224s] [ 58%] [32mBuilding CXX object CMakeFiles/gripper_interfaces__rosidl_typesupport_fastrtps_c.dir/rosidl_typesupport_fastrtps_c/gripper_interfaces/srv/detail/slave_change__type_support_c.cpp.o[0m
[8.231s] [ 59%] [32mBuilding CXX object CMakeFiles/gripper_interfaces__rosidl_typesupport_fastrtps_cpp.dir/rosidl_typesupport_fastrtps_cpp/gripper_interfaces/srv/detail/dds_fastrtps/arduino_control__type_support.cpp.o[0m
[8.232s] [ 60%] [32mBuilding C object CMakeFiles/gripper_interfaces__rosidl_typesupport_introspection_c.dir/rosidl_typesupport_introspection_c/gripper_interfaces/srv/detail/pos_vel_cur_ctrl__type_support.c.o[0m
[8.238s] [ 61%] [32mBuilding CXX object CMakeFiles/gripper_interfaces__rosidl_typesupport_fastrtps_cpp.dir/rosidl_typesupport_fastrtps_cpp/gripper_interfaces/srv/detail/dds_fastrtps/modbus__type_support.cpp.o[0m
[8.238s] [ 62%] [32mBuilding CXX object CMakeFiles/gripper_interfaces__rosidl_typesupport_fastrtps_cpp.dir/rosidl_typesupport_fastrtps_cpp/gripper_interfaces/srv/detail/dds_fastrtps/gripper_command__type_support.cpp.o[0m
[8.264s] [ 63%] [32mBuilding CXX object CMakeFiles/gripper_interfaces__rosidl_typesupport_fastrtps_cpp.dir/rosidl_typesupport_fastrtps_cpp/gripper_interfaces/srv/detail/dds_fastrtps/stop_motor__type_support.cpp.o[0m
[8.268s] [ 64%] [32mBuilding C object CMakeFiles/gripper_interfaces__rosidl_typesupport_introspection_c.dir/rosidl_typesupport_introspection_c/gripper_interfaces/srv/detail/driver_enable__type_support.c.o[0m
[8.282s] [ 65%] [32mBuilding CXX object CMakeFiles/gripper_interfaces__rosidl_typesupport_fastrtps_cpp.dir/rosidl_typesupport_fastrtps_cpp/gripper_interfaces/action/detail/dds_fastrtps/gripper__type_support.cpp.o[0m
[8.324s] [ 66%] [32mBuilding CXX object CMakeFiles/gripper_interfaces__rosidl_typesupport_fastrtps_c.dir/rosidl_typesupport_fastrtps_c/gripper_interfaces/srv/detail/driver_enable__type_support_c.cpp.o[0m
[8.340s] [ 67%] [32mBuilding C object CMakeFiles/gripper_interfaces__rosidl_typesupport_introspection_c.dir/rosidl_typesupport_introspection_c/gripper_interfaces/srv/detail/set_parameter__type_support.c.o[0m
[8.357s] [ 69%] [32mBuilding CXX object CMakeFiles/gripper_interfaces__rosidl_typesupport_fastrtps_c.dir/rosidl_typesupport_fastrtps_c/gripper_interfaces/srv/detail/set_parameter__type_support_c.cpp.o[0m
[8.357s] [ 69%] [32mBuilding C object CMakeFiles/gripper_interfaces__rosidl_typesupport_introspection_c.dir/rosidl_typesupport_introspection_c/gripper_interfaces/srv/detail/gripper_control__type_support.c.o[0m
[8.382s] [ 70%] [32mBuilding C object CMakeFiles/gripper_interfaces__rosidl_typesupport_introspection_c.dir/rosidl_typesupport_introspection_c/gripper_interfaces/srv/detail/arduino_control__type_support.c.o[0m
[8.445s] [ 71%] [32mBuilding C object CMakeFiles/gripper_interfaces__rosidl_typesupport_introspection_c.dir/rosidl_typesupport_introspection_c/gripper_interfaces/srv/detail/modbus__type_support.c.o[0m
[8.490s] [ 72%] [32mBuilding C object CMakeFiles/gripper_interfaces__rosidl_typesupport_introspection_c.dir/rosidl_typesupport_introspection_c/gripper_interfaces/srv/detail/gripper_command__type_support.c.o[0m
[8.505s] [ 72%] [32mBuilding C object CMakeFiles/gripper_interfaces__rosidl_typesupport_introspection_c.dir/rosidl_typesupport_introspection_c/gripper_interfaces/srv/detail/stop_motor__type_support.c.o[0m
[8.530s] [ 73%] [32mBuilding C object CMakeFiles/gripper_interfaces__rosidl_typesupport_introspection_c.dir/rosidl_typesupport_introspection_c/gripper_interfaces/action/detail/gripper__type_support.c.o[0m
[8.532s] [ 74%] [32mBuilding CXX object CMakeFiles/gripper_interfaces__rosidl_typesupport_fastrtps_c.dir/rosidl_typesupport_fastrtps_c/gripper_interfaces/srv/detail/gripper_control__type_support_c.cpp.o[0m
[8.542s] [ 75%] [32mBuilding CXX object CMakeFiles/gripper_interfaces__rosidl_typesupport_fastrtps_c.dir/rosidl_typesupport_fastrtps_c/gripper_interfaces/srv/detail/arduino_control__type_support_c.cpp.o[0m
[8.558s] [ 76%] [32mBuilding CXX object CMakeFiles/gripper_interfaces__rosidl_typesupport_fastrtps_c.dir/rosidl_typesupport_fastrtps_c/gripper_interfaces/srv/detail/modbus__type_support_c.cpp.o[0m
[8.564s] [ 77%] [32mBuilding CXX object CMakeFiles/gripper_interfaces__rosidl_typesupport_fastrtps_c.dir/rosidl_typesupport_fastrtps_c/gripper_interfaces/srv/detail/gripper_command__type_support_c.cpp.o[0m
[8.588s] [ 77%] [32mBuilding CXX object CMakeFiles/gripper_interfaces__rosidl_typesupport_fastrtps_c.dir/rosidl_typesupport_fastrtps_c/gripper_interfaces/srv/detail/stop_motor__type_support_c.cpp.o[0m
[8.598s] [ 78%] [32mBuilding CXX object CMakeFiles/gripper_interfaces__rosidl_typesupport_fastrtps_c.dir/rosidl_typesupport_fastrtps_c/gripper_interfaces/action/detail/gripper__type_support_c.cpp.o[0m
[8.611s] [ 79%] [32m[1mLinking C shared library libgripper_interfaces__rosidl_typesupport_introspection_c.so[0m
[8.631s] [ 80%] [32m[1mLinking CXX shared library libgripper_interfaces__rosidl_typesupport_introspection_cpp.so[0m
[8.664s] [ 80%] Built target gripper_interfaces__rosidl_typesupport_introspection_c
[8.749s] [ 80%] Built target gripper_interfaces__rosidl_typesupport_introspection_cpp
[8.951s] [ 81%] [32m[1mLinking CXX shared library libgripper_interfaces__rosidl_typesupport_fastrtps_cpp.so[0m
[8.974s] [ 82%] [32m[1mLinking CXX shared library libgripper_interfaces__rosidl_typesupport_fastrtps_c.so[0m
[9.001s] [ 82%] Built target gripper_interfaces__rosidl_typesupport_fastrtps_cpp
[9.027s] [ 82%] Built target gripper_interfaces__rosidl_typesupport_fastrtps_c
[9.036s] [ 82%] Built target gripper_interfaces
[9.047s] [ 83%] [34m[1mGenerating Python code for ROS interfaces[0m
[10.709s] [ 83%] Built target gripper_interfaces__py
[10.720s] [ 85%] [32mBuilding C object CMakeFiles/gripper_interfaces__rosidl_generator_py.dir/rosidl_generator_py/gripper_interfaces/msg/_gripper_msg_s.c.o[0m
[10.720s] [ 85%] [32mBuilding C object CMakeFiles/gripper_interfaces__rosidl_generator_py.dir/rosidl_generator_py/gripper_interfaces/srv/_pos_vel_cur_ctrl_s.c.o[0m
[10.720s] [ 87%] [32mBuilding C object CMakeFiles/gripper_interfaces__rosidl_generator_py.dir/rosidl_generator_py/gripper_interfaces/srv/_gripper_control_s.c.o[0m
[10.720s] [ 87%] [32mBuilding C object CMakeFiles/gripper_interfaces__rosidl_generator_py.dir/rosidl_generator_py/gripper_interfaces/srv/_set_parameter_s.c.o[0m
[10.720s] [ 88%] [32mBuilding C object CMakeFiles/gripper_interfaces__rosidl_generator_py.dir/rosidl_generator_py/gripper_interfaces/srv/_arduino_control_s.c.o[0m
[10.720s] [ 89%] [32mBuilding C object CMakeFiles/gripper_interfaces__rosidl_generator_py.dir/rosidl_generator_py/gripper_interfaces/srv/_stop_motor_s.c.o[0m
[10.720s] [ 90%] [32mBuilding C object CMakeFiles/gripper_interfaces__rosidl_generator_py.dir/rosidl_generator_py/gripper_interfaces/srv/_slave_change_s.c.o[0m
[10.721s] [ 90%] [32mBuilding C object CMakeFiles/gripper_interfaces__rosidl_generator_py.dir/rosidl_generator_py/gripper_interfaces/srv/_driver_enable_s.c.o[0m
[10.721s] [ 91%] [32mBuilding C object CMakeFiles/gripper_interfaces__rosidl_generator_py.dir/rosidl_generator_py/gripper_interfaces/srv/_modbus_s.c.o[0m
[10.722s] [ 92%] [32mBuilding C object CMakeFiles/gripper_interfaces__rosidl_generator_py.dir/rosidl_generator_py/gripper_interfaces/srv/_gripper_command_s.c.o[0m
[10.722s] [ 93%] [32mBuilding C object CMakeFiles/gripper_interfaces__rosidl_generator_py.dir/rosidl_generator_py/gripper_interfaces/action/_gripper_s.c.o[0m
[10.869s] [ 94%] [32m[1mLinking C shared library rosidl_generator_py/gripper_interfaces/libgripper_interfaces__rosidl_generator_py.so[0m
[10.896s] [ 94%] Built target gripper_interfaces__rosidl_generator_py
[10.908s] [ 97%] [32mBuilding C object CMakeFiles/gripper_interfaces__rosidl_typesupport_c__pyext.dir/rosidl_generator_py/gripper_interfaces/_gripper_interfaces_s.ep.rosidl_typesupport_c.c.o[0m
[10.908s] [ 97%] [32mBuilding C object CMakeFiles/gripper_interfaces__rosidl_typesupport_introspection_c__pyext.dir/rosidl_generator_py/gripper_interfaces/_gripper_interfaces_s.ep.rosidl_typesupport_introspection_c.c.o[0m
[10.908s] [ 97%] [32mBuilding C object CMakeFiles/gripper_interfaces__rosidl_typesupport_fastrtps_c__pyext.dir/rosidl_generator_py/gripper_interfaces/_gripper_interfaces_s.ep.rosidl_typesupport_fastrtps_c.c.o[0m
[11.033s] [ 98%] [32m[1mLinking C shared library rosidl_generator_py/gripper_interfaces/gripper_interfaces_s__rosidl_typesupport_c.cpython-310-x86_64-linux-gnu.so[0m
[11.033s] [100%] [32m[1mLinking C shared library rosidl_generator_py/gripper_interfaces/gripper_interfaces_s__rosidl_typesupport_fastrtps_c.cpython-310-x86_64-linux-gnu.so[0m
[11.033s] [100%] [32m[1mLinking C shared library rosidl_generator_py/gripper_interfaces/gripper_interfaces_s__rosidl_typesupport_introspection_c.cpython-310-x86_64-linux-gnu.so[0m
[11.058s] [100%] Built target gripper_interfaces__rosidl_typesupport_c__pyext
[11.058s] [100%] Built target gripper_interfaces__rosidl_typesupport_fastrtps_c__pyext
[11.058s] [100%] Built target gripper_interfaces__rosidl_typesupport_introspection_c__pyext
[11.065s] Invoked command in '/home/hrlsh/scrub_nurse_ws/build/gripper_interfaces' returned '0': CMAKE_PREFIX_PATH=/opt/ros/humble /usr/bin/cmake --build /home/hrlsh/scrub_nurse_ws/build/gripper_interfaces -- -j20 -l20
[11.066s] Invoking command in '/home/hrlsh/scrub_nurse_ws/build/gripper_interfaces': CMAKE_PREFIX_PATH=/opt/ros/humble /usr/bin/cmake --install /home/hrlsh/scrub_nurse_ws/build/gripper_interfaces
[11.070s] -- Install configuration: ""
[11.070s] -- Execute custom install script
[11.071s] -- Symlinking: /home/hrlsh/scrub_nurse_ws/install/gripper_interfaces/share/ament_index/resource_index/rosidl_interfaces/gripper_interfaces
[11.076s] -- Symlinking: /home/hrlsh/scrub_nurse_ws/install/gripper_interfaces/include/gripper_interfaces/gripper_interfaces/action/detail/gripper__functions.h
[11.080s] -- Symlinking: /home/hrlsh/scrub_nurse_ws/install/gripper_interfaces/include/gripper_interfaces/gripper_interfaces/action/detail/gripper__struct.h
[11.085s] -- Symlinking: /home/hrlsh/scrub_nurse_ws/install/gripper_interfaces/include/gripper_interfaces/gripper_interfaces/action/detail/gripper__type_support.h
[11.089s] -- Symlinking: /home/hrlsh/scrub_nurse_ws/install/gripper_interfaces/include/gripper_interfaces/gripper_interfaces/action/gripper.h
[11.094s] -- Symlinking: /home/hrlsh/scrub_nurse_ws/install/gripper_interfaces/include/gripper_interfaces/gripper_interfaces/msg/detail/gripper_msg__functions.h
[11.098s] -- Symlinking: /home/hrlsh/scrub_nurse_ws/install/gripper_interfaces/include/gripper_interfaces/gripper_interfaces/msg/detail/gripper_msg__struct.h
[11.102s] -- Symlinking: /home/hrlsh/scrub_nurse_ws/install/gripper_interfaces/include/gripper_interfaces/gripper_interfaces/msg/detail/gripper_msg__type_support.h
[11.107s] -- Symlinking: /home/hrlsh/scrub_nurse_ws/install/gripper_interfaces/include/gripper_interfaces/gripper_interfaces/msg/gripper_msg.h
[11.111s] -- Symlinking: /home/hrlsh/scrub_nurse_ws/install/gripper_interfaces/include/gripper_interfaces/gripper_interfaces/msg/rosidl_generator_c__visibility_control.h
[11.115s] -- Symlinking: /home/hrlsh/scrub_nurse_ws/install/gripper_interfaces/include/gripper_interfaces/gripper_interfaces/srv/arduino_control.h
[11.120s] -- Symlinking: /home/hrlsh/scrub_nurse_ws/install/gripper_interfaces/include/gripper_interfaces/gripper_interfaces/srv/detail/arduino_control__functions.h
[11.124s] -- Symlinking: /home/hrlsh/scrub_nurse_ws/install/gripper_interfaces/include/gripper_interfaces/gripper_interfaces/srv/detail/arduino_control__struct.h
[11.128s] -- Symlinking: /home/hrlsh/scrub_nurse_ws/install/gripper_interfaces/include/gripper_interfaces/gripper_interfaces/srv/detail/arduino_control__type_support.h
[11.132s] -- Symlinking: /home/hrlsh/scrub_nurse_ws/install/gripper_interfaces/include/gripper_interfaces/gripper_interfaces/srv/detail/driver_enable__functions.h
[11.137s] -- Symlinking: /home/hrlsh/scrub_nurse_ws/install/gripper_interfaces/include/gripper_interfaces/gripper_interfaces/srv/detail/driver_enable__struct.h
[11.141s] -- Symlinking: /home/hrlsh/scrub_nurse_ws/install/gripper_interfaces/include/gripper_interfaces/gripper_interfaces/srv/detail/driver_enable__type_support.h
[11.145s] -- Symlinking: /home/hrlsh/scrub_nurse_ws/install/gripper_interfaces/include/gripper_interfaces/gripper_interfaces/srv/detail/gripper_command__functions.h
[11.150s] -- Symlinking: /home/hrlsh/scrub_nurse_ws/install/gripper_interfaces/include/gripper_interfaces/gripper_interfaces/srv/detail/gripper_command__struct.h
[11.154s] -- Symlinking: /home/hrlsh/scrub_nurse_ws/install/gripper_interfaces/include/gripper_interfaces/gripper_interfaces/srv/detail/gripper_command__type_support.h
[11.158s] -- Symlinking: /home/hrlsh/scrub_nurse_ws/install/gripper_interfaces/include/gripper_interfaces/gripper_interfaces/srv/detail/gripper_control__functions.h
[11.162s] -- Symlinking: /home/hrlsh/scrub_nurse_ws/install/gripper_interfaces/include/gripper_interfaces/gripper_interfaces/srv/detail/gripper_control__struct.h
[11.166s] -- Symlinking: /home/hrlsh/scrub_nurse_ws/install/gripper_interfaces/include/gripper_interfaces/gripper_interfaces/srv/detail/gripper_control__type_support.h
[11.171s] -- Symlinking: /home/hrlsh/scrub_nurse_ws/install/gripper_interfaces/include/gripper_interfaces/gripper_interfaces/srv/detail/modbus__functions.h
[11.175s] -- Symlinking: /home/hrlsh/scrub_nurse_ws/install/gripper_interfaces/include/gripper_interfaces/gripper_interfaces/srv/detail/modbus__struct.h
[11.179s] -- Symlinking: /home/hrlsh/scrub_nurse_ws/install/gripper_interfaces/include/gripper_interfaces/gripper_interfaces/srv/detail/modbus__type_support.h
[11.183s] -- Symlinking: /home/hrlsh/scrub_nurse_ws/install/gripper_interfaces/include/gripper_interfaces/gripper_interfaces/srv/detail/pos_vel_cur_ctrl__functions.h
[11.187s] -- Symlinking: /home/hrlsh/scrub_nurse_ws/install/gripper_interfaces/include/gripper_interfaces/gripper_interfaces/srv/detail/pos_vel_cur_ctrl__struct.h
[11.192s] -- Symlinking: /home/hrlsh/scrub_nurse_ws/install/gripper_interfaces/include/gripper_interfaces/gripper_interfaces/srv/detail/pos_vel_cur_ctrl__type_support.h
[11.196s] -- Symlinking: /home/hrlsh/scrub_nurse_ws/install/gripper_interfaces/include/gripper_interfaces/gripper_interfaces/srv/detail/set_parameter__functions.h
[11.200s] -- Symlinking: /home/hrlsh/scrub_nurse_ws/install/gripper_interfaces/include/gripper_interfaces/gripper_interfaces/srv/detail/set_parameter__struct.h
[11.204s] -- Symlinking: /home/hrlsh/scrub_nurse_ws/install/gripper_interfaces/include/gripper_interfaces/gripper_interfaces/srv/detail/set_parameter__type_support.h
[11.208s] -- Symlinking: /home/hrlsh/scrub_nurse_ws/install/gripper_interfaces/include/gripper_interfaces/gripper_interfaces/srv/detail/slave_change__functions.h
[11.212s] -- Symlinking: /home/hrlsh/scrub_nurse_ws/install/gripper_interfaces/include/gripper_interfaces/gripper_interfaces/srv/detail/slave_change__struct.h
[11.216s] -- Symlinking: /home/hrlsh/scrub_nurse_ws/install/gripper_interfaces/include/gripper_interfaces/gripper_interfaces/srv/detail/slave_change__type_support.h
[11.220s] -- Symlinking: /home/hrlsh/scrub_nurse_ws/install/gripper_interfaces/include/gripper_interfaces/gripper_interfaces/srv/detail/stop_motor__functions.h
[11.224s] -- Symlinking: /home/hrlsh/scrub_nurse_ws/install/gripper_interfaces/include/gripper_interfaces/gripper_interfaces/srv/detail/stop_motor__struct.h
[11.228s] -- Symlinking: /home/hrlsh/scrub_nurse_ws/install/gripper_interfaces/include/gripper_interfaces/gripper_interfaces/srv/detail/stop_motor__type_support.h
[11.233s] -- Symlinking: /home/hrlsh/scrub_nurse_ws/install/gripper_interfaces/include/gripper_interfaces/gripper_interfaces/srv/driver_enable.h
[11.237s] -- Symlinking: /home/hrlsh/scrub_nurse_ws/install/gripper_interfaces/include/gripper_interfaces/gripper_interfaces/srv/gripper_command.h
[11.241s] -- Symlinking: /home/hrlsh/scrub_nurse_ws/install/gripper_interfaces/include/gripper_interfaces/gripper_interfaces/srv/gripper_control.h
[11.246s] -- Symlinking: /home/hrlsh/scrub_nurse_ws/install/gripper_interfaces/include/gripper_interfaces/gripper_interfaces/srv/modbus.h
[11.250s] -- Symlinking: /home/hrlsh/scrub_nurse_ws/install/gripper_interfaces/include/gripper_interfaces/gripper_interfaces/srv/pos_vel_cur_ctrl.h
[11.255s] -- Symlinking: /home/hrlsh/scrub_nurse_ws/install/gripper_interfaces/include/gripper_interfaces/gripper_interfaces/srv/set_parameter.h
[11.259s] -- Symlinking: /home/hrlsh/scrub_nurse_ws/install/gripper_interfaces/include/gripper_interfaces/gripper_interfaces/srv/slave_change.h
[11.263s] -- Symlinking: /home/hrlsh/scrub_nurse_ws/install/gripper_interfaces/include/gripper_interfaces/gripper_interfaces/srv/stop_motor.h
[11.268s] -- Symlinking: /home/hrlsh/scrub_nurse_ws/install/gripper_interfaces/share/gripper_interfaces/environment/library_path.sh
[11.272s] -- Symlinking: /home/hrlsh/scrub_nurse_ws/install/gripper_interfaces/share/gripper_interfaces/environment/library_path.dsv
[11.277s] -- Symlinking: /home/hrlsh/scrub_nurse_ws/install/gripper_interfaces/include/gripper_interfaces/gripper_interfaces/action/detail/gripper__rosidl_typesupport_fastrtps_c.h
[11.282s] -- Symlinking: /home/hrlsh/scrub_nurse_ws/install/gripper_interfaces/include/gripper_interfaces/gripper_interfaces/msg/detail/gripper_msg__rosidl_typesupport_fastrtps_c.h
[11.286s] -- Symlinking: /home/hrlsh/scrub_nurse_ws/install/gripper_interfaces/include/gripper_interfaces/gripper_interfaces/msg/rosidl_typesupport_fastrtps_c__visibility_control.h
[11.291s] -- Symlinking: /home/hrlsh/scrub_nurse_ws/install/gripper_interfaces/include/gripper_interfaces/gripper_interfaces/srv/detail/arduino_control__rosidl_typesupport_fastrtps_c.h
[11.296s] -- Symlinking: /home/hrlsh/scrub_nurse_ws/install/gripper_interfaces/include/gripper_interfaces/gripper_interfaces/srv/detail/driver_enable__rosidl_typesupport_fastrtps_c.h
[11.302s] -- Symlinking: /home/hrlsh/scrub_nurse_ws/install/gripper_interfaces/include/gripper_interfaces/gripper_interfaces/srv/detail/gripper_command__rosidl_typesupport_fastrtps_c.h
[11.307s] -- Symlinking: /home/hrlsh/scrub_nurse_ws/install/gripper_interfaces/include/gripper_interfaces/gripper_interfaces/srv/detail/gripper_control__rosidl_typesupport_fastrtps_c.h
[11.313s] -- Symlinking: /home/hrlsh/scrub_nurse_ws/install/gripper_interfaces/include/gripper_interfaces/gripper_interfaces/srv/detail/modbus__rosidl_typesupport_fastrtps_c.h
[11.318s] -- Symlinking: /home/hrlsh/scrub_nurse_ws/install/gripper_interfaces/include/gripper_interfaces/gripper_interfaces/srv/detail/pos_vel_cur_ctrl__rosidl_typesupport_fastrtps_c.h
[11.322s] -- Symlinking: /home/hrlsh/scrub_nurse_ws/install/gripper_interfaces/include/gripper_interfaces/gripper_interfaces/srv/detail/set_parameter__rosidl_typesupport_fastrtps_c.h
[11.327s] -- Symlinking: /home/hrlsh/scrub_nurse_ws/install/gripper_interfaces/include/gripper_interfaces/gripper_interfaces/srv/detail/slave_change__rosidl_typesupport_fastrtps_c.h
[11.331s] -- Symlinking: /home/hrlsh/scrub_nurse_ws/install/gripper_interfaces/include/gripper_interfaces/gripper_interfaces/srv/detail/stop_motor__rosidl_typesupport_fastrtps_c.h
[11.336s] -- Symlinking: /home/hrlsh/scrub_nurse_ws/install/gripper_interfaces/include/gripper_interfaces/gripper_interfaces/action/detail/gripper__rosidl_typesupport_introspection_c.h
[11.341s] -- Symlinking: /home/hrlsh/scrub_nurse_ws/install/gripper_interfaces/include/gripper_interfaces/gripper_interfaces/msg/detail/gripper_msg__rosidl_typesupport_introspection_c.h
[11.346s] -- Symlinking: /home/hrlsh/scrub_nurse_ws/install/gripper_interfaces/include/gripper_interfaces/gripper_interfaces/msg/rosidl_typesupport_introspection_c__visibility_control.h
[11.351s] -- Symlinking: /home/hrlsh/scrub_nurse_ws/install/gripper_interfaces/include/gripper_interfaces/gripper_interfaces/srv/detail/arduino_control__rosidl_typesupport_introspection_c.h
[11.356s] -- Symlinking: /home/hrlsh/scrub_nurse_ws/install/gripper_interfaces/include/gripper_interfaces/gripper_interfaces/srv/detail/driver_enable__rosidl_typesupport_introspection_c.h
[11.361s] -- Symlinking: /home/hrlsh/scrub_nurse_ws/install/gripper_interfaces/include/gripper_interfaces/gripper_interfaces/srv/detail/gripper_command__rosidl_typesupport_introspection_c.h
[11.366s] -- Symlinking: /home/hrlsh/scrub_nurse_ws/install/gripper_interfaces/include/gripper_interfaces/gripper_interfaces/srv/detail/gripper_control__rosidl_typesupport_introspection_c.h
[11.371s] -- Symlinking: /home/hrlsh/scrub_nurse_ws/install/gripper_interfaces/include/gripper_interfaces/gripper_interfaces/srv/detail/modbus__rosidl_typesupport_introspection_c.h
[11.376s] -- Symlinking: /home/hrlsh/scrub_nurse_ws/install/gripper_interfaces/include/gripper_interfaces/gripper_interfaces/srv/detail/pos_vel_cur_ctrl__rosidl_typesupport_introspection_c.h
[11.381s] -- Symlinking: /home/hrlsh/scrub_nurse_ws/install/gripper_interfaces/include/gripper_interfaces/gripper_interfaces/srv/detail/set_parameter__rosidl_typesupport_introspection_c.h
[11.386s] -- Symlinking: /home/hrlsh/scrub_nurse_ws/install/gripper_interfaces/include/gripper_interfaces/gripper_interfaces/srv/detail/slave_change__rosidl_typesupport_introspection_c.h
[11.390s] -- Symlinking: /home/hrlsh/scrub_nurse_ws/install/gripper_interfaces/include/gripper_interfaces/gripper_interfaces/srv/detail/stop_motor__rosidl_typesupport_introspection_c.h
[11.395s] -- Symlinking: /home/hrlsh/scrub_nurse_ws/install/gripper_interfaces/include/gripper_interfaces/gripper_interfaces/action/detail/gripper__builder.hpp
[11.400s] -- Symlinking: /home/hrlsh/scrub_nurse_ws/install/gripper_interfaces/include/gripper_interfaces/gripper_interfaces/action/detail/gripper__struct.hpp
[11.405s] -- Symlinking: /home/hrlsh/scrub_nurse_ws/install/gripper_interfaces/include/gripper_interfaces/gripper_interfaces/action/detail/gripper__traits.hpp
[11.411s] -- Symlinking: /home/hrlsh/scrub_nurse_ws/install/gripper_interfaces/include/gripper_interfaces/gripper_interfaces/action/detail/gripper__type_support.hpp
[11.416s] -- Symlinking: /home/hrlsh/scrub_nurse_ws/install/gripper_interfaces/include/gripper_interfaces/gripper_interfaces/action/gripper.hpp
[11.422s] -- Symlinking: /home/hrlsh/scrub_nurse_ws/install/gripper_interfaces/include/gripper_interfaces/gripper_interfaces/msg/detail/gripper_msg__builder.hpp
[11.427s] -- Symlinking: /home/hrlsh/scrub_nurse_ws/install/gripper_interfaces/include/gripper_interfaces/gripper_interfaces/msg/detail/gripper_msg__struct.hpp
[11.433s] -- Symlinking: /home/hrlsh/scrub_nurse_ws/install/gripper_interfaces/include/gripper_interfaces/gripper_interfaces/msg/detail/gripper_msg__traits.hpp
[11.439s] -- Symlinking: /home/hrlsh/scrub_nurse_ws/install/gripper_interfaces/include/gripper_interfaces/gripper_interfaces/msg/detail/gripper_msg__type_support.hpp
[11.446s] -- Symlinking: /home/hrlsh/scrub_nurse_ws/install/gripper_interfaces/include/gripper_interfaces/gripper_interfaces/msg/gripper_msg.hpp
[11.454s] -- Symlinking: /home/hrlsh/scrub_nurse_ws/install/gripper_interfaces/include/gripper_interfaces/gripper_interfaces/msg/rosidl_generator_cpp__visibility_control.hpp
[11.462s] -- Symlinking: /home/hrlsh/scrub_nurse_ws/install/gripper_interfaces/include/gripper_interfaces/gripper_interfaces/srv/arduino_control.hpp
[11.469s] -- Symlinking: /home/hrlsh/scrub_nurse_ws/install/gripper_interfaces/include/gripper_interfaces/gripper_interfaces/srv/detail/arduino_control__builder.hpp
[11.477s] -- Symlinking: /home/hrlsh/scrub_nurse_ws/install/gripper_interfaces/include/gripper_interfaces/gripper_interfaces/srv/detail/arduino_control__struct.hpp
[11.484s] -- Symlinking: /home/hrlsh/scrub_nurse_ws/install/gripper_interfaces/include/gripper_interfaces/gripper_interfaces/srv/detail/arduino_control__traits.hpp
[11.492s] -- Symlinking: /home/hrlsh/scrub_nurse_ws/install/gripper_interfaces/include/gripper_interfaces/gripper_interfaces/srv/detail/arduino_control__type_support.hpp
[11.501s] -- Symlinking: /home/hrlsh/scrub_nurse_ws/install/gripper_interfaces/include/gripper_interfaces/gripper_interfaces/srv/detail/driver_enable__builder.hpp
[11.510s] -- Symlinking: /home/hrlsh/scrub_nurse_ws/install/gripper_interfaces/include/gripper_interfaces/gripper_interfaces/srv/detail/driver_enable__struct.hpp
[11.523s] -- Symlinking: /home/hrlsh/scrub_nurse_ws/install/gripper_interfaces/include/gripper_interfaces/gripper_interfaces/srv/detail/driver_enable__traits.hpp
[11.543s] -- Symlinking: /home/hrlsh/scrub_nurse_ws/install/gripper_interfaces/include/gripper_interfaces/gripper_interfaces/srv/detail/driver_enable__type_support.hpp
[11.569s] -- Symlinking: /home/hrlsh/scrub_nurse_ws/install/gripper_interfaces/include/gripper_interfaces/gripper_interfaces/srv/detail/gripper_command__builder.hpp
[11.594s] -- Symlinking: /home/hrlsh/scrub_nurse_ws/install/gripper_interfaces/include/gripper_interfaces/gripper_interfaces/srv/detail/gripper_command__struct.hpp
[11.622s] -- Symlinking: /home/hrlsh/scrub_nurse_ws/install/gripper_interfaces/include/gripper_interfaces/gripper_interfaces/srv/detail/gripper_command__traits.hpp
[11.646s] -- Symlinking: /home/hrlsh/scrub_nurse_ws/install/gripper_interfaces/include/gripper_interfaces/gripper_interfaces/srv/detail/gripper_command__type_support.hpp
[11.669s] -- Symlinking: /home/hrlsh/scrub_nurse_ws/install/gripper_interfaces/include/gripper_interfaces/gripper_interfaces/srv/detail/gripper_control__builder.hpp
[11.692s] -- Symlinking: /home/hrlsh/scrub_nurse_ws/install/gripper_interfaces/include/gripper_interfaces/gripper_interfaces/srv/detail/gripper_control__struct.hpp
[11.717s] -- Symlinking: /home/hrlsh/scrub_nurse_ws/install/gripper_interfaces/include/gripper_interfaces/gripper_interfaces/srv/detail/gripper_control__traits.hpp
[11.741s] -- Symlinking: /home/hrlsh/scrub_nurse_ws/install/gripper_interfaces/include/gripper_interfaces/gripper_interfaces/srv/detail/gripper_control__type_support.hpp
[11.765s] -- Symlinking: /home/hrlsh/scrub_nurse_ws/install/gripper_interfaces/include/gripper_interfaces/gripper_interfaces/srv/detail/modbus__builder.hpp
[11.788s] -- Symlinking: /home/hrlsh/scrub_nurse_ws/install/gripper_interfaces/include/gripper_interfaces/gripper_interfaces/srv/detail/modbus__struct.hpp
[11.810s] -- Symlinking: /home/hrlsh/scrub_nurse_ws/install/gripper_interfaces/include/gripper_interfaces/gripper_interfaces/srv/detail/modbus__traits.hpp
[11.841s] -- Symlinking: /home/hrlsh/scrub_nurse_ws/install/gripper_interfaces/include/gripper_interfaces/gripper_interfaces/srv/detail/modbus__type_support.hpp
[11.864s] -- Symlinking: /home/hrlsh/scrub_nurse_ws/install/gripper_interfaces/include/gripper_interfaces/gripper_interfaces/srv/detail/pos_vel_cur_ctrl__builder.hpp
[11.886s] -- Symlinking: /home/hrlsh/scrub_nurse_ws/install/gripper_interfaces/include/gripper_interfaces/gripper_interfaces/srv/detail/pos_vel_cur_ctrl__struct.hpp
[11.910s] -- Symlinking: /home/hrlsh/scrub_nurse_ws/install/gripper_interfaces/include/gripper_interfaces/gripper_interfaces/srv/detail/pos_vel_cur_ctrl__traits.hpp
[11.933s] -- Symlinking: /home/hrlsh/scrub_nurse_ws/install/gripper_interfaces/include/gripper_interfaces/gripper_interfaces/srv/detail/pos_vel_cur_ctrl__type_support.hpp
[11.956s] -- Symlinking: /home/hrlsh/scrub_nurse_ws/install/gripper_interfaces/include/gripper_interfaces/gripper_interfaces/srv/detail/set_parameter__builder.hpp
[11.979s] -- Symlinking: /home/hrlsh/scrub_nurse_ws/install/gripper_interfaces/include/gripper_interfaces/gripper_interfaces/srv/detail/set_parameter__struct.hpp
[12.001s] -- Symlinking: /home/hrlsh/scrub_nurse_ws/install/gripper_interfaces/include/gripper_interfaces/gripper_interfaces/srv/detail/set_parameter__traits.hpp
[12.024s] -- Symlinking: /home/hrlsh/scrub_nurse_ws/install/gripper_interfaces/include/gripper_interfaces/gripper_interfaces/srv/detail/set_parameter__type_support.hpp
[12.046s] -- Symlinking: /home/hrlsh/scrub_nurse_ws/install/gripper_interfaces/include/gripper_interfaces/gripper_interfaces/srv/detail/slave_change__builder.hpp
[12.072s] -- Symlinking: /home/hrlsh/scrub_nurse_ws/install/gripper_interfaces/include/gripper_interfaces/gripper_interfaces/srv/detail/slave_change__struct.hpp
[12.097s] -- Symlinking: /home/hrlsh/scrub_nurse_ws/install/gripper_interfaces/include/gripper_interfaces/gripper_interfaces/srv/detail/slave_change__traits.hpp
[12.121s] -- Symlinking: /home/hrlsh/scrub_nurse_ws/install/gripper_interfaces/include/gripper_interfaces/gripper_interfaces/srv/detail/slave_change__type_support.hpp
[12.145s] -- Symlinking: /home/hrlsh/scrub_nurse_ws/install/gripper_interfaces/include/gripper_interfaces/gripper_interfaces/srv/detail/stop_motor__builder.hpp
[12.168s] -- Symlinking: /home/hrlsh/scrub_nurse_ws/install/gripper_interfaces/include/gripper_interfaces/gripper_interfaces/srv/detail/stop_motor__struct.hpp
[12.191s] -- Symlinking: /home/hrlsh/scrub_nurse_ws/install/gripper_interfaces/include/gripper_interfaces/gripper_interfaces/srv/detail/stop_motor__traits.hpp
[12.215s] -- Symlinking: /home/hrlsh/scrub_nurse_ws/install/gripper_interfaces/include/gripper_interfaces/gripper_interfaces/srv/detail/stop_motor__type_support.hpp
[12.239s] -- Symlinking: /home/hrlsh/scrub_nurse_ws/install/gripper_interfaces/include/gripper_interfaces/gripper_interfaces/srv/driver_enable.hpp
[12.263s] -- Symlinking: /home/hrlsh/scrub_nurse_ws/install/gripper_interfaces/include/gripper_interfaces/gripper_interfaces/srv/gripper_command.hpp
[12.286s] -- Symlinking: /home/hrlsh/scrub_nurse_ws/install/gripper_interfaces/include/gripper_interfaces/gripper_interfaces/srv/gripper_control.hpp
[12.309s] -- Symlinking: /home/hrlsh/scrub_nurse_ws/install/gripper_interfaces/include/gripper_interfaces/gripper_interfaces/srv/modbus.hpp
[12.333s] -- Symlinking: /home/hrlsh/scrub_nurse_ws/install/gripper_interfaces/include/gripper_interfaces/gripper_interfaces/srv/pos_vel_cur_ctrl.hpp
[12.357s] -- Symlinking: /home/hrlsh/scrub_nurse_ws/install/gripper_interfaces/include/gripper_interfaces/gripper_interfaces/srv/set_parameter.hpp
[12.380s] -- Symlinking: /home/hrlsh/scrub_nurse_ws/install/gripper_interfaces/include/gripper_interfaces/gripper_interfaces/srv/slave_change.hpp
[12.403s] -- Symlinking: /home/hrlsh/scrub_nurse_ws/install/gripper_interfaces/include/gripper_interfaces/gripper_interfaces/srv/stop_motor.hpp
[12.430s] -- Symlinking: /home/hrlsh/scrub_nurse_ws/install/gripper_interfaces/include/gripper_interfaces/gripper_interfaces/action/detail/gripper__rosidl_typesupport_fastrtps_cpp.hpp
[12.454s] -- Symlinking: /home/hrlsh/scrub_nurse_ws/install/gripper_interfaces/include/gripper_interfaces/gripper_interfaces/msg/detail/gripper_msg__rosidl_typesupport_fastrtps_cpp.hpp
[12.478s] -- Symlinking: /home/hrlsh/scrub_nurse_ws/install/gripper_interfaces/include/gripper_interfaces/gripper_interfaces/msg/rosidl_typesupport_fastrtps_cpp__visibility_control.h
[12.501s] -- Symlinking: /home/hrlsh/scrub_nurse_ws/install/gripper_interfaces/include/gripper_interfaces/gripper_interfaces/srv/detail/arduino_control__rosidl_typesupport_fastrtps_cpp.hpp
[12.522s] -- Symlinking: /home/hrlsh/scrub_nurse_ws/install/gripper_interfaces/include/gripper_interfaces/gripper_interfaces/srv/detail/driver_enable__rosidl_typesupport_fastrtps_cpp.hpp
[12.539s] -- Symlinking: /home/hrlsh/scrub_nurse_ws/install/gripper_interfaces/include/gripper_interfaces/gripper_interfaces/srv/detail/gripper_command__rosidl_typesupport_fastrtps_cpp.hpp
[12.560s] -- Symlinking: /home/hrlsh/scrub_nurse_ws/install/gripper_interfaces/include/gripper_interfaces/gripper_interfaces/srv/detail/gripper_control__rosidl_typesupport_fastrtps_cpp.hpp
[12.584s] -- Symlinking: /home/hrlsh/scrub_nurse_ws/install/gripper_interfaces/include/gripper_interfaces/gripper_interfaces/srv/detail/modbus__rosidl_typesupport_fastrtps_cpp.hpp
[12.608s] -- Symlinking: /home/hrlsh/scrub_nurse_ws/install/gripper_interfaces/include/gripper_interfaces/gripper_interfaces/srv/detail/pos_vel_cur_ctrl__rosidl_typesupport_fastrtps_cpp.hpp
[12.633s] -- Symlinking: /home/hrlsh/scrub_nurse_ws/install/gripper_interfaces/include/gripper_interfaces/gripper_interfaces/srv/detail/set_parameter__rosidl_typesupport_fastrtps_cpp.hpp
[12.659s] -- Symlinking: /home/hrlsh/scrub_nurse_ws/install/gripper_interfaces/include/gripper_interfaces/gripper_interfaces/srv/detail/slave_change__rosidl_typesupport_fastrtps_cpp.hpp
[12.682s] -- Symlinking: /home/hrlsh/scrub_nurse_ws/install/gripper_interfaces/include/gripper_interfaces/gripper_interfaces/srv/detail/stop_motor__rosidl_typesupport_fastrtps_cpp.hpp
[12.707s] -- Symlinking: /home/hrlsh/scrub_nurse_ws/install/gripper_interfaces/include/gripper_interfaces/gripper_interfaces/action/detail/gripper__rosidl_typesupport_introspection_cpp.hpp
[12.730s] -- Symlinking: /home/hrlsh/scrub_nurse_ws/install/gripper_interfaces/include/gripper_interfaces/gripper_interfaces/msg/detail/gripper_msg__rosidl_typesupport_introspection_cpp.hpp
[12.752s] -- Symlinking: /home/hrlsh/scrub_nurse_ws/install/gripper_interfaces/include/gripper_interfaces/gripper_interfaces/srv/detail/arduino_control__rosidl_typesupport_introspection_cpp.hpp
[12.778s] -- Symlinking: /home/hrlsh/scrub_nurse_ws/install/gripper_interfaces/include/gripper_interfaces/gripper_interfaces/srv/detail/driver_enable__rosidl_typesupport_introspection_cpp.hpp
[12.801s] -- Symlinking: /home/hrlsh/scrub_nurse_ws/install/gripper_interfaces/include/gripper_interfaces/gripper_interfaces/srv/detail/gripper_command__rosidl_typesupport_introspection_cpp.hpp
[12.824s] -- Symlinking: /home/hrlsh/scrub_nurse_ws/install/gripper_interfaces/include/gripper_interfaces/gripper_interfaces/srv/detail/gripper_control__rosidl_typesupport_introspection_cpp.hpp
[12.847s] -- Symlinking: /home/hrlsh/scrub_nurse_ws/install/gripper_interfaces/include/gripper_interfaces/gripper_interfaces/srv/detail/modbus__rosidl_typesupport_introspection_cpp.hpp
[12.869s] -- Symlinking: /home/hrlsh/scrub_nurse_ws/install/gripper_interfaces/include/gripper_interfaces/gripper_interfaces/srv/detail/pos_vel_cur_ctrl__rosidl_typesupport_introspection_cpp.hpp
[12.892s] -- Symlinking: /home/hrlsh/scrub_nurse_ws/install/gripper_interfaces/include/gripper_interfaces/gripper_interfaces/srv/detail/set_parameter__rosidl_typesupport_introspection_cpp.hpp
[12.915s] -- Symlinking: /home/hrlsh/scrub_nurse_ws/install/gripper_interfaces/include/gripper_interfaces/gripper_interfaces/srv/detail/slave_change__rosidl_typesupport_introspection_cpp.hpp
[12.939s] -- Symlinking: /home/hrlsh/scrub_nurse_ws/install/gripper_interfaces/include/gripper_interfaces/gripper_interfaces/srv/detail/stop_motor__rosidl_typesupport_introspection_cpp.hpp
[12.963s] -- Symlinking: /home/hrlsh/scrub_nurse_ws/install/gripper_interfaces/share/gripper_interfaces/environment/pythonpath.sh
[12.987s] -- Symlinking: /home/hrlsh/scrub_nurse_ws/install/gripper_interfaces/share/gripper_interfaces/environment/pythonpath.dsv
[13.011s] -- Symlinking: /home/hrlsh/scrub_nurse_ws/install/gripper_interfaces/local/lib/python3.10/dist-packages/gripper_interfaces-0.1.0-py3.10.egg-info/PKG-INFO
[13.035s] -- Symlinking: /home/hrlsh/scrub_nurse_ws/install/gripper_interfaces/local/lib/python3.10/dist-packages/gripper_interfaces-0.1.0-py3.10.egg-info/SOURCES.txt
[13.058s] -- Symlinking: /home/hrlsh/scrub_nurse_ws/install/gripper_interfaces/local/lib/python3.10/dist-packages/gripper_interfaces-0.1.0-py3.10.egg-info/dependency_links.txt
[13.082s] -- Symlinking: /home/hrlsh/scrub_nurse_ws/install/gripper_interfaces/local/lib/python3.10/dist-packages/gripper_interfaces-0.1.0-py3.10.egg-info/top_level.txt
[13.109s] -- Symlinking: /home/hrlsh/scrub_nurse_ws/install/gripper_interfaces/local/lib/python3.10/dist-packages/gripper_interfaces/__init__.py
[13.132s] -- Symlinking: /home/hrlsh/scrub_nurse_ws/install/gripper_interfaces/local/lib/python3.10/dist-packages/gripper_interfaces/_gripper_interfaces_s.ep.rosidl_typesupport_c.c
[13.156s] -- Symlinking: /home/hrlsh/scrub_nurse_ws/install/gripper_interfaces/local/lib/python3.10/dist-packages/gripper_interfaces/_gripper_interfaces_s.ep.rosidl_typesupport_fastrtps_c.c
[13.179s] -- Symlinking: /home/hrlsh/scrub_nurse_ws/install/gripper_interfaces/local/lib/python3.10/dist-packages/gripper_interfaces/_gripper_interfaces_s.ep.rosidl_typesupport_introspection_c.c
[13.203s] -- Symlinking: /home/hrlsh/scrub_nurse_ws/install/gripper_interfaces/local/lib/python3.10/dist-packages/gripper_interfaces/action/__init__.py
[13.226s] -- Symlinking: /home/hrlsh/scrub_nurse_ws/install/gripper_interfaces/local/lib/python3.10/dist-packages/gripper_interfaces/action/_gripper.py
[13.248s] -- Symlinking: /home/hrlsh/scrub_nurse_ws/install/gripper_interfaces/local/lib/python3.10/dist-packages/gripper_interfaces/action/_gripper_s.c
[13.271s] -- Symlinking: /home/hrlsh/scrub_nurse_ws/install/gripper_interfaces/local/lib/python3.10/dist-packages/gripper_interfaces/gripper_interfaces_s__rosidl_typesupport_c.cpython-310-x86_64-linux-gnu.so
[13.293s] -- Symlinking: /home/hrlsh/scrub_nurse_ws/install/gripper_interfaces/local/lib/python3.10/dist-packages/gripper_interfaces/gripper_interfaces_s__rosidl_typesupport_fastrtps_c.cpython-310-x86_64-linux-gnu.so
[13.316s] -- Symlinking: /home/hrlsh/scrub_nurse_ws/install/gripper_interfaces/local/lib/python3.10/dist-packages/gripper_interfaces/gripper_interfaces_s__rosidl_typesupport_introspection_c.cpython-310-x86_64-linux-gnu.so
[13.341s] -- Symlinking: /home/hrlsh/scrub_nurse_ws/install/gripper_interfaces/local/lib/python3.10/dist-packages/gripper_interfaces/libgripper_interfaces__rosidl_generator_py.so
[13.364s] -- Symlinking: /home/hrlsh/scrub_nurse_ws/install/gripper_interfaces/local/lib/python3.10/dist-packages/gripper_interfaces/msg/__init__.py
[13.388s] -- Symlinking: /home/hrlsh/scrub_nurse_ws/install/gripper_interfaces/local/lib/python3.10/dist-packages/gripper_interfaces/msg/_gripper_msg.py
[13.412s] -- Symlinking: /home/hrlsh/scrub_nurse_ws/install/gripper_interfaces/local/lib/python3.10/dist-packages/gripper_interfaces/msg/_gripper_msg_s.c
[13.435s] -- Symlinking: /home/hrlsh/scrub_nurse_ws/install/gripper_interfaces/local/lib/python3.10/dist-packages/gripper_interfaces/srv/__init__.py
[13.459s] -- Symlinking: /home/hrlsh/scrub_nurse_ws/install/gripper_interfaces/local/lib/python3.10/dist-packages/gripper_interfaces/srv/_arduino_control.py
[13.482s] -- Symlinking: /home/hrlsh/scrub_nurse_ws/install/gripper_interfaces/local/lib/python3.10/dist-packages/gripper_interfaces/srv/_arduino_control_s.c
[13.506s] -- Symlinking: /home/hrlsh/scrub_nurse_ws/install/gripper_interfaces/local/lib/python3.10/dist-packages/gripper_interfaces/srv/_driver_enable.py
[13.530s] -- Symlinking: /home/hrlsh/scrub_nurse_ws/install/gripper_interfaces/local/lib/python3.10/dist-packages/gripper_interfaces/srv/_driver_enable_s.c
[13.552s] -- Symlinking: /home/hrlsh/scrub_nurse_ws/install/gripper_interfaces/local/lib/python3.10/dist-packages/gripper_interfaces/srv/_gripper_command.py
[13.575s] -- Symlinking: /home/hrlsh/scrub_nurse_ws/install/gripper_interfaces/local/lib/python3.10/dist-packages/gripper_interfaces/srv/_gripper_command_s.c
[13.598s] -- Symlinking: /home/hrlsh/scrub_nurse_ws/install/gripper_interfaces/local/lib/python3.10/dist-packages/gripper_interfaces/srv/_gripper_control.py
[13.620s] -- Symlinking: /home/hrlsh/scrub_nurse_ws/install/gripper_interfaces/local/lib/python3.10/dist-packages/gripper_interfaces/srv/_gripper_control_s.c
[13.643s] -- Symlinking: /home/hrlsh/scrub_nurse_ws/install/gripper_interfaces/local/lib/python3.10/dist-packages/gripper_interfaces/srv/_modbus.py
[13.667s] -- Symlinking: /home/hrlsh/scrub_nurse_ws/install/gripper_interfaces/local/lib/python3.10/dist-packages/gripper_interfaces/srv/_modbus_s.c
[13.689s] -- Symlinking: /home/hrlsh/scrub_nurse_ws/install/gripper_interfaces/local/lib/python3.10/dist-packages/gripper_interfaces/srv/_pos_vel_cur_ctrl.py
[13.711s] -- Symlinking: /home/hrlsh/scrub_nurse_ws/install/gripper_interfaces/local/lib/python3.10/dist-packages/gripper_interfaces/srv/_pos_vel_cur_ctrl_s.c
[13.733s] -- Symlinking: /home/hrlsh/scrub_nurse_ws/install/gripper_interfaces/local/lib/python3.10/dist-packages/gripper_interfaces/srv/_set_parameter.py
[13.755s] -- Symlinking: /home/hrlsh/scrub_nurse_ws/install/gripper_interfaces/local/lib/python3.10/dist-packages/gripper_interfaces/srv/_set_parameter_s.c
[13.778s] -- Symlinking: /home/hrlsh/scrub_nurse_ws/install/gripper_interfaces/local/lib/python3.10/dist-packages/gripper_interfaces/srv/_slave_change.py
[13.800s] -- Symlinking: /home/hrlsh/scrub_nurse_ws/install/gripper_interfaces/local/lib/python3.10/dist-packages/gripper_interfaces/srv/_slave_change_s.c
[13.822s] -- Symlinking: /home/hrlsh/scrub_nurse_ws/install/gripper_interfaces/local/lib/python3.10/dist-packages/gripper_interfaces/srv/_stop_motor.py
[13.848s] -- Symlinking: /home/hrlsh/scrub_nurse_ws/install/gripper_interfaces/local/lib/python3.10/dist-packages/gripper_interfaces/srv/_stop_motor_s.c
[13.872s] -- Up-to-date symlink: /home/hrlsh/scrub_nurse_ws/install/gripper_interfaces/local/lib/python3.10/dist-packages/gripper_interfaces/gripper_interfaces_s__rosidl_typesupport_fastrtps_c.cpython-310-x86_64-linux-gnu.so
[13.873s] -- Up-to-date symlink: /home/hrlsh/scrub_nurse_ws/install/gripper_interfaces/local/lib/python3.10/dist-packages/gripper_interfaces/gripper_interfaces_s__rosidl_typesupport_introspection_c.cpython-310-x86_64-linux-gnu.so
[13.874s] -- Up-to-date symlink: /home/hrlsh/scrub_nurse_ws/install/gripper_interfaces/local/lib/python3.10/dist-packages/gripper_interfaces/gripper_interfaces_s__rosidl_typesupport_c.cpython-310-x86_64-linux-gnu.so
[13.875s] -- Symlinking: /home/hrlsh/scrub_nurse_ws/install/gripper_interfaces/share/ament_index/resource_index/rust_packages/gripper_interfaces
[13.899s] -- Symlinking: /home/hrlsh/scrub_nurse_ws/install/gripper_interfaces/share/gripper_interfaces/rust/Cargo.toml
[13.922s] -- Symlinking: /home/hrlsh/scrub_nurse_ws/install/gripper_interfaces/share/gripper_interfaces/rust/build.rs
[13.945s] -- Symlinking: /home/hrlsh/scrub_nurse_ws/install/gripper_interfaces/share/gripper_interfaces/rust/src/action.rs
[13.968s] -- Symlinking: /home/hrlsh/scrub_nurse_ws/install/gripper_interfaces/share/gripper_interfaces/rust/src/action/rmw.rs
[13.991s] -- Symlinking: /home/hrlsh/scrub_nurse_ws/install/gripper_interfaces/share/gripper_interfaces/rust/src/lib.rs
[14.013s] -- Symlinking: /home/hrlsh/scrub_nurse_ws/install/gripper_interfaces/share/gripper_interfaces/rust/src/msg.rs
[14.035s] -- Symlinking: /home/hrlsh/scrub_nurse_ws/install/gripper_interfaces/share/gripper_interfaces/rust/src/msg/rmw.rs
[14.057s] -- Symlinking: /home/hrlsh/scrub_nurse_ws/install/gripper_interfaces/share/gripper_interfaces/rust/src/srv.rs
[14.080s] -- Symlinking: /home/hrlsh/scrub_nurse_ws/install/gripper_interfaces/share/gripper_interfaces/rust/src/srv/rmw.rs
[14.107s] -- Symlinking: /home/hrlsh/scrub_nurse_ws/install/gripper_interfaces/share/gripper_interfaces/msg/GripperMsg.idl
[14.130s] -- Symlinking: /home/hrlsh/scrub_nurse_ws/install/gripper_interfaces/share/gripper_interfaces/srv/SlaveChange.idl
[14.154s] -- Symlinking: /home/hrlsh/scrub_nurse_ws/install/gripper_interfaces/share/gripper_interfaces/srv/PosVelCurCtrl.idl
[14.178s] -- Symlinking: /home/hrlsh/scrub_nurse_ws/install/gripper_interfaces/share/gripper_interfaces/srv/DriverEnable.idl
[14.201s] -- Symlinking: /home/hrlsh/scrub_nurse_ws/install/gripper_interfaces/share/gripper_interfaces/srv/SetParameter.idl
[14.224s] -- Symlinking: /home/hrlsh/scrub_nurse_ws/install/gripper_interfaces/share/gripper_interfaces/srv/GripperControl.idl
[14.247s] -- Symlinking: /home/hrlsh/scrub_nurse_ws/install/gripper_interfaces/share/gripper_interfaces/srv/ArduinoControl.idl
[14.270s] -- Symlinking: /home/hrlsh/scrub_nurse_ws/install/gripper_interfaces/share/gripper_interfaces/srv/Modbus.idl
[14.293s] -- Symlinking: /home/hrlsh/scrub_nurse_ws/install/gripper_interfaces/share/gripper_interfaces/srv/GripperCommand.idl
[14.315s] -- Symlinking: /home/hrlsh/scrub_nurse_ws/install/gripper_interfaces/share/gripper_interfaces/srv/StopMotor.idl
[14.338s] -- Symlinking: /home/hrlsh/scrub_nurse_ws/install/gripper_interfaces/share/gripper_interfaces/action/Gripper.idl
[14.362s] -- Symlinking: /home/hrlsh/scrub_nurse_ws/install/gripper_interfaces/share/gripper_interfaces/msg/GripperMsg.msg
[14.385s] -- Symlinking: /home/hrlsh/scrub_nurse_ws/install/gripper_interfaces/share/gripper_interfaces/srv/SlaveChange.srv
[14.408s] -- Symlinking: /home/hrlsh/scrub_nurse_ws/install/gripper_interfaces/share/gripper_interfaces/srv/SlaveChange_Request.msg
[14.430s] -- Symlinking: /home/hrlsh/scrub_nurse_ws/install/gripper_interfaces/share/gripper_interfaces/srv/SlaveChange_Response.msg
[14.453s] -- Symlinking: /home/hrlsh/scrub_nurse_ws/install/gripper_interfaces/share/gripper_interfaces/srv/PosVelCurCtrl.srv
[14.477s] -- Symlinking: /home/hrlsh/scrub_nurse_ws/install/gripper_interfaces/share/gripper_interfaces/srv/PosVelCurCtrl_Request.msg
[14.500s] -- Symlinking: /home/hrlsh/scrub_nurse_ws/install/gripper_interfaces/share/gripper_interfaces/srv/PosVelCurCtrl_Response.msg
[14.523s] -- Symlinking: /home/hrlsh/scrub_nurse_ws/install/gripper_interfaces/share/gripper_interfaces/srv/DriverEnable.srv
[14.542s] -- Symlinking: /home/hrlsh/scrub_nurse_ws/install/gripper_interfaces/share/gripper_interfaces/srv/DriverEnable_Request.msg
[14.553s] -- Symlinking: /home/hrlsh/scrub_nurse_ws/install/gripper_interfaces/share/gripper_interfaces/srv/DriverEnable_Response.msg
[14.563s] -- Symlinking: /home/hrlsh/scrub_nurse_ws/install/gripper_interfaces/share/gripper_interfaces/srv/SetParameter.srv
[14.570s] -- Symlinking: /home/hrlsh/scrub_nurse_ws/install/gripper_interfaces/share/gripper_interfaces/srv/SetParameter_Request.msg
[14.577s] -- Symlinking: /home/hrlsh/scrub_nurse_ws/install/gripper_interfaces/share/gripper_interfaces/srv/SetParameter_Response.msg
[14.584s] -- Symlinking: /home/hrlsh/scrub_nurse_ws/install/gripper_interfaces/share/gripper_interfaces/srv/GripperControl.srv
[14.589s] -- Symlinking: /home/hrlsh/scrub_nurse_ws/install/gripper_interfaces/share/gripper_interfaces/srv/GripperControl_Request.msg
[14.595s] -- Symlinking: /home/hrlsh/scrub_nurse_ws/install/gripper_interfaces/share/gripper_interfaces/srv/GripperControl_Response.msg
[14.599s] -- Symlinking: /home/hrlsh/scrub_nurse_ws/install/gripper_interfaces/share/gripper_interfaces/srv/ArduinoControl.srv
[14.605s] -- Symlinking: /home/hrlsh/scrub_nurse_ws/install/gripper_interfaces/share/gripper_interfaces/srv/ArduinoControl_Request.msg
[14.609s] -- Symlinking: /home/hrlsh/scrub_nurse_ws/install/gripper_interfaces/share/gripper_interfaces/srv/ArduinoControl_Response.msg
[14.614s] -- Symlinking: /home/hrlsh/scrub_nurse_ws/install/gripper_interfaces/share/gripper_interfaces/srv/Modbus.srv
[14.619s] -- Symlinking: /home/hrlsh/scrub_nurse_ws/install/gripper_interfaces/share/gripper_interfaces/srv/Modbus_Request.msg
[14.623s] -- Symlinking: /home/hrlsh/scrub_nurse_ws/install/gripper_interfaces/share/gripper_interfaces/srv/Modbus_Response.msg
[14.627s] -- Symlinking: /home/hrlsh/scrub_nurse_ws/install/gripper_interfaces/share/gripper_interfaces/srv/GripperCommand.srv
[14.631s] -- Symlinking: /home/hrlsh/scrub_nurse_ws/install/gripper_interfaces/share/gripper_interfaces/srv/GripperCommand_Request.msg
[14.635s] -- Symlinking: /home/hrlsh/scrub_nurse_ws/install/gripper_interfaces/share/gripper_interfaces/srv/GripperCommand_Response.msg
[14.639s] -- Symlinking: /home/hrlsh/scrub_nurse_ws/install/gripper_interfaces/share/gripper_interfaces/srv/StopMotor.srv
[14.644s] -- Symlinking: /home/hrlsh/scrub_nurse_ws/install/gripper_interfaces/share/gripper_interfaces/srv/StopMotor_Request.msg
[14.648s] -- Symlinking: /home/hrlsh/scrub_nurse_ws/install/gripper_interfaces/share/gripper_interfaces/srv/StopMotor_Response.msg
[14.652s] -- Symlinking: /home/hrlsh/scrub_nurse_ws/install/gripper_interfaces/share/gripper_interfaces/action/Gripper.action
[14.657s] -- Symlinking: /home/hrlsh/scrub_nurse_ws/install/gripper_interfaces/share/ament_index/resource_index/package_run_dependencies/gripper_interfaces
[14.661s] -- Symlinking: /home/hrlsh/scrub_nurse_ws/install/gripper_interfaces/share/ament_index/resource_index/parent_prefix_path/gripper_interfaces
[14.665s] -- Symlinking: /home/hrlsh/scrub_nurse_ws/install/gripper_interfaces/share/gripper_interfaces/environment/ament_prefix_path.sh
[14.670s] -- Symlinking: /home/hrlsh/scrub_nurse_ws/install/gripper_interfaces/share/gripper_interfaces/environment/ament_prefix_path.dsv
[14.674s] -- Symlinking: /home/hrlsh/scrub_nurse_ws/install/gripper_interfaces/share/gripper_interfaces/environment/path.sh
[14.679s] -- Symlinking: /home/hrlsh/scrub_nurse_ws/install/gripper_interfaces/share/gripper_interfaces/environment/path.dsv
[14.683s] -- Symlinking: /home/hrlsh/scrub_nurse_ws/install/gripper_interfaces/share/gripper_interfaces/local_setup.bash
[14.688s] -- Symlinking: /home/hrlsh/scrub_nurse_ws/install/gripper_interfaces/share/gripper_interfaces/local_setup.sh
[14.692s] -- Symlinking: /home/hrlsh/scrub_nurse_ws/install/gripper_interfaces/share/gripper_interfaces/local_setup.zsh
[14.696s] -- Symlinking: /home/hrlsh/scrub_nurse_ws/install/gripper_interfaces/share/gripper_interfaces/local_setup.dsv
[14.701s] -- Symlinking: /home/hrlsh/scrub_nurse_ws/install/gripper_interfaces/share/gripper_interfaces/package.dsv
[14.706s] -- Symlinking: /home/hrlsh/scrub_nurse_ws/install/gripper_interfaces/share/ament_index/resource_index/packages/gripper_interfaces
[14.710s] -- Symlinking: /home/hrlsh/scrub_nurse_ws/install/gripper_interfaces/share/gripper_interfaces/cmake/rosidl_cmake-extras.cmake
[14.714s] -- Symlinking: /home/hrlsh/scrub_nurse_ws/install/gripper_interfaces/share/gripper_interfaces/cmake/ament_cmake_export_dependencies-extras.cmake
[14.719s] -- Symlinking: /home/hrlsh/scrub_nurse_ws/install/gripper_interfaces/share/gripper_interfaces/cmake/ament_cmake_export_include_directories-extras.cmake
[14.723s] -- Symlinking: /home/hrlsh/scrub_nurse_ws/install/gripper_interfaces/share/gripper_interfaces/cmake/ament_cmake_export_libraries-extras.cmake
[14.727s] -- Symlinking: /home/hrlsh/scrub_nurse_ws/install/gripper_interfaces/share/gripper_interfaces/cmake/ament_cmake_export_targets-extras.cmake
[14.731s] -- Symlinking: /home/hrlsh/scrub_nurse_ws/install/gripper_interfaces/share/gripper_interfaces/cmake/rosidl_cmake_export_typesupport_targets-extras.cmake
[14.736s] -- Symlinking: /home/hrlsh/scrub_nurse_ws/install/gripper_interfaces/share/gripper_interfaces/cmake/rosidl_cmake_export_typesupport_libraries-extras.cmake
[14.740s] -- Symlinking: /home/hrlsh/scrub_nurse_ws/install/gripper_interfaces/share/gripper_interfaces/cmake/gripper_interfacesConfig.cmake
[14.744s] -- Symlinking: /home/hrlsh/scrub_nurse_ws/install/gripper_interfaces/share/gripper_interfaces/cmake/gripper_interfacesConfig-version.cmake
[14.748s] -- Symlinking: /home/hrlsh/scrub_nurse_ws/install/gripper_interfaces/share/gripper_interfaces/package.xml
[14.753s] -- Installing: /home/hrlsh/scrub_nurse_ws/install/gripper_interfaces/lib/libgripper_interfaces__rosidl_generator_c.so
[14.753s] -- Set runtime path of "/home/hrlsh/scrub_nurse_ws/install/gripper_interfaces/lib/libgripper_interfaces__rosidl_generator_c.so" to ""
[14.753s] -- Installing: /home/hrlsh/scrub_nurse_ws/install/gripper_interfaces/lib/libgripper_interfaces__rosidl_typesupport_fastrtps_c.so
[14.753s] -- Set runtime path of "/home/hrlsh/scrub_nurse_ws/install/gripper_interfaces/lib/libgripper_interfaces__rosidl_typesupport_fastrtps_c.so" to ""
[14.753s] -- Installing: /home/hrlsh/scrub_nurse_ws/install/gripper_interfaces/lib/libgripper_interfaces__rosidl_typesupport_introspection_c.so
[14.753s] -- Set runtime path of "/home/hrlsh/scrub_nurse_ws/install/gripper_interfaces/lib/libgripper_interfaces__rosidl_typesupport_introspection_c.so" to ""
[14.754s] -- Installing: /home/hrlsh/scrub_nurse_ws/install/gripper_interfaces/lib/libgripper_interfaces__rosidl_typesupport_c.so
[14.754s] -- Set runtime path of "/home/hrlsh/scrub_nurse_ws/install/gripper_interfaces/lib/libgripper_interfaces__rosidl_typesupport_c.so" to ""
[14.754s] -- Installing: /home/hrlsh/scrub_nurse_ws/install/gripper_interfaces/lib/libgripper_interfaces__rosidl_typesupport_fastrtps_cpp.so
[14.754s] -- Set runtime path of "/home/hrlsh/scrub_nurse_ws/install/gripper_interfaces/lib/libgripper_interfaces__rosidl_typesupport_fastrtps_cpp.so" to ""
[14.754s] -- Installing: /home/hrlsh/scrub_nurse_ws/install/gripper_interfaces/lib/libgripper_interfaces__rosidl_typesupport_introspection_cpp.so
[14.754s] -- Set runtime path of "/home/hrlsh/scrub_nurse_ws/install/gripper_interfaces/lib/libgripper_interfaces__rosidl_typesupport_introspection_cpp.so" to ""
[14.755s] -- Installing: /home/hrlsh/scrub_nurse_ws/install/gripper_interfaces/lib/libgripper_interfaces__rosidl_typesupport_cpp.so
[14.755s] -- Set runtime path of "/home/hrlsh/scrub_nurse_ws/install/gripper_interfaces/lib/libgripper_interfaces__rosidl_typesupport_cpp.so" to ""
[14.794s] Listing '/home/hrlsh/scrub_nurse_ws/install/gripper_interfaces/local/lib/python3.10/dist-packages/gripper_interfaces'...
[14.794s] Compiling '/home/hrlsh/scrub_nurse_ws/install/gripper_interfaces/local/lib/python3.10/dist-packages/gripper_interfaces/__init__.py'...
[14.794s] Listing '/home/hrlsh/scrub_nurse_ws/install/gripper_interfaces/local/lib/python3.10/dist-packages/gripper_interfaces/action'...
[14.794s] Compiling '/home/hrlsh/scrub_nurse_ws/install/gripper_interfaces/local/lib/python3.10/dist-packages/gripper_interfaces/action/__init__.py'...
[14.794s] Compiling '/home/hrlsh/scrub_nurse_ws/install/gripper_interfaces/local/lib/python3.10/dist-packages/gripper_interfaces/action/_gripper.py'...
[14.794s] Listing '/home/hrlsh/scrub_nurse_ws/install/gripper_interfaces/local/lib/python3.10/dist-packages/gripper_interfaces/msg'...
[14.794s] Compiling '/home/hrlsh/scrub_nurse_ws/install/gripper_interfaces/local/lib/python3.10/dist-packages/gripper_interfaces/msg/__init__.py'...
[14.794s] Compiling '/home/hrlsh/scrub_nurse_ws/install/gripper_interfaces/local/lib/python3.10/dist-packages/gripper_interfaces/msg/_gripper_msg.py'...
[14.794s] Listing '/home/hrlsh/scrub_nurse_ws/install/gripper_interfaces/local/lib/python3.10/dist-packages/gripper_interfaces/srv'...
[14.794s] Compiling '/home/hrlsh/scrub_nurse_ws/install/gripper_interfaces/local/lib/python3.10/dist-packages/gripper_interfaces/srv/__init__.py'...
[14.794s] Compiling '/home/hrlsh/scrub_nurse_ws/install/gripper_interfaces/local/lib/python3.10/dist-packages/gripper_interfaces/srv/_arduino_control.py'...
[14.794s] Compiling '/home/hrlsh/scrub_nurse_ws/install/gripper_interfaces/local/lib/python3.10/dist-packages/gripper_interfaces/srv/_driver_enable.py'...
[14.794s] Compiling '/home/hrlsh/scrub_nurse_ws/install/gripper_interfaces/local/lib/python3.10/dist-packages/gripper_interfaces/srv/_gripper_command.py'...
[14.795s] Compiling '/home/hrlsh/scrub_nurse_ws/install/gripper_interfaces/local/lib/python3.10/dist-packages/gripper_interfaces/srv/_gripper_control.py'...
[14.795s] Compiling '/home/hrlsh/scrub_nurse_ws/install/gripper_interfaces/local/lib/python3.10/dist-packages/gripper_interfaces/srv/_modbus.py'...
[14.795s] Compiling '/home/hrlsh/scrub_nurse_ws/install/gripper_interfaces/local/lib/python3.10/dist-packages/gripper_interfaces/srv/_pos_vel_cur_ctrl.py'...
[14.795s] Compiling '/home/hrlsh/scrub_nurse_ws/install/gripper_interfaces/local/lib/python3.10/dist-packages/gripper_interfaces/srv/_set_parameter.py'...
[14.795s] Compiling '/home/hrlsh/scrub_nurse_ws/install/gripper_interfaces/local/lib/python3.10/dist-packages/gripper_interfaces/srv/_slave_change.py'...
[14.795s] Compiling '/home/hrlsh/scrub_nurse_ws/install/gripper_interfaces/local/lib/python3.10/dist-packages/gripper_interfaces/srv/_stop_motor.py'...
[14.797s] -- Installing: /home/hrlsh/scrub_nurse_ws/install/gripper_interfaces/lib/libgripper_interfaces__rosidl_generator_py.so
[14.798s] -- Set runtime path of "/home/hrlsh/scrub_nurse_ws/install/gripper_interfaces/lib/libgripper_interfaces__rosidl_generator_py.so" to ""
[14.798s] -- Installing: /home/hrlsh/scrub_nurse_ws/install/gripper_interfaces/share/gripper_interfaces/cmake/export_gripper_interfaces__rosidl_generator_cExport.cmake
[14.798s] -- Installing: /home/hrlsh/scrub_nurse_ws/install/gripper_interfaces/share/gripper_interfaces/cmake/export_gripper_interfaces__rosidl_generator_cExport-noconfig.cmake
[14.798s] -- Installing: /home/hrlsh/scrub_nurse_ws/install/gripper_interfaces/share/gripper_interfaces/cmake/export_gripper_interfaces__rosidl_typesupport_fastrtps_cExport.cmake
[14.798s] -- Installing: /home/hrlsh/scrub_nurse_ws/install/gripper_interfaces/share/gripper_interfaces/cmake/export_gripper_interfaces__rosidl_typesupport_fastrtps_cExport-noconfig.cmake
[14.798s] -- Installing: /home/hrlsh/scrub_nurse_ws/install/gripper_interfaces/share/gripper_interfaces/cmake/gripper_interfaces__rosidl_typesupport_introspection_cExport.cmake
[14.798s] -- Installing: /home/hrlsh/scrub_nurse_ws/install/gripper_interfaces/share/gripper_interfaces/cmake/gripper_interfaces__rosidl_typesupport_introspection_cExport-noconfig.cmake
[14.798s] -- Installing: /home/hrlsh/scrub_nurse_ws/install/gripper_interfaces/share/gripper_interfaces/cmake/gripper_interfaces__rosidl_typesupport_cExport.cmake
[14.798s] -- Installing: /home/hrlsh/scrub_nurse_ws/install/gripper_interfaces/share/gripper_interfaces/cmake/gripper_interfaces__rosidl_typesupport_cExport-noconfig.cmake
[14.798s] -- Installing: /home/hrlsh/scrub_nurse_ws/install/gripper_interfaces/share/gripper_interfaces/cmake/export_gripper_interfaces__rosidl_generator_cppExport.cmake
[14.798s] -- Installing: /home/hrlsh/scrub_nurse_ws/install/gripper_interfaces/share/gripper_interfaces/cmake/export_gripper_interfaces__rosidl_typesupport_fastrtps_cppExport.cmake
[14.798s] -- Installing: /home/hrlsh/scrub_nurse_ws/install/gripper_interfaces/share/gripper_interfaces/cmake/export_gripper_interfaces__rosidl_typesupport_fastrtps_cppExport-noconfig.cmake
[14.798s] -- Installing: /home/hrlsh/scrub_nurse_ws/install/gripper_interfaces/share/gripper_interfaces/cmake/gripper_interfaces__rosidl_typesupport_introspection_cppExport.cmake
[14.799s] -- Installing: /home/hrlsh/scrub_nurse_ws/install/gripper_interfaces/share/gripper_interfaces/cmake/gripper_interfaces__rosidl_typesupport_introspection_cppExport-noconfig.cmake
[14.799s] -- Installing: /home/hrlsh/scrub_nurse_ws/install/gripper_interfaces/share/gripper_interfaces/cmake/gripper_interfaces__rosidl_typesupport_cppExport.cmake
[14.799s] -- Installing: /home/hrlsh/scrub_nurse_ws/install/gripper_interfaces/share/gripper_interfaces/cmake/gripper_interfaces__rosidl_typesupport_cppExport-noconfig.cmake
[14.799s] -- Installing: /home/hrlsh/scrub_nurse_ws/install/gripper_interfaces/share/gripper_interfaces/cmake/export_gripper_interfaces__rosidl_generator_pyExport.cmake
[14.799s] -- Installing: /home/hrlsh/scrub_nurse_ws/install/gripper_interfaces/share/gripper_interfaces/cmake/export_gripper_interfaces__rosidl_generator_pyExport-noconfig.cmake
[14.801s] Invoked command in '/home/hrlsh/scrub_nurse_ws/build/gripper_interfaces' returned '0': CMAKE_PREFIX_PATH=/opt/ros/humble /usr/bin/cmake --install /home/hrlsh/scrub_nurse_ws/build/gripper_interfaces
