[0.007s] Invoking command in '/home/hrlsh/scrub_nurse_ws/build/ur_robot_manager': AMENT_PREFIX_PATH=/home/hrlsh/scrub_nurse_ws/install/ur_robot_manager_interfaces:/home/hrlsh/scrub_nurse_ws/install/gripper_interfaces:${AMENT_PREFIX_PATH} CMAKE_PREFIX_PATH=/home/hrlsh/scrub_nurse_ws/install/ur_robot_manager_interfaces:/home/hrlsh/scrub_nurse_ws/install/gripper_interfaces:/opt/ros/humble LD_LIBRARY_PATH=/home/hrlsh/scrub_nurse_ws/install/ur_robot_manager_interfaces/lib:/home/hrlsh/scrub_nurse_ws/install/gripper_interfaces/lib:${LD_LIBRARY_PATH} PYTHONPATH=/home/hrlsh/scrub_nurse_ws/install/ur_robot_manager_interfaces/local/lib/python3.10/dist-packages:/home/hrlsh/scrub_nurse_ws/install/gripper_interfaces/local/lib/python3.10/dist-packages:${PYTHONPATH} /usr/bin/cmake /home/hrlsh/scrub_nurse_ws/src/ur_robot_manager -DCMAKE_INSTALL_PREFIX=/home/hrlsh/scrub_nurse_ws/install/ur_robot_manager
[0.015s] -- Found ament_cmake: 1.3.14 (/opt/ros/humble/share/ament_cmake/cmake)
[0.207s] -- Override CMake install command with custom implementation using symlinks instead of copying resources
[0.235s] -- Found rclcpp: 16.0.19 (/opt/ros/humble/share/rclcpp/cmake)
[0.362s] -- Found rosidl_generator_c: 3.1.8 (/opt/ros/humble/share/rosidl_generator_c/cmake)
[0.372s] -- Found rosidl_adapter: 3.1.8 (/opt/ros/humble/share/rosidl_adapter/cmake)
[0.398s] -- Found rosidl_generator_cpp: 3.1.8 (/opt/ros/humble/share/rosidl_generator_cpp/cmake)
[0.442s] -- Using all available rosidl_typesupport_c: rosidl_typesupport_fastrtps_c;rosidl_typesupport_introspection_c
[0.481s] -- Using all available rosidl_typesupport_cpp: rosidl_typesupport_fastrtps_cpp;rosidl_typesupport_introspection_cpp
[0.521s] -- Found rmw_implementation_cmake: 6.1.2 (/opt/ros/humble/share/rmw_implementation_cmake/cmake)
[0.522s] -- Found rmw_cyclonedds_cpp: 1.3.4 (/opt/ros/humble/share/rmw_cyclonedds_cpp/cmake)
[0.537s] -- Using RMW implementation 'rmw_cyclonedds_cpp' as default
[0.573s] -- Found rclcpp_action: 16.0.19 (/opt/ros/humble/share/rclcpp_action/cmake)
[0.595s] -- Found std_srvs: 4.9.1 (/opt/ros/humble/share/std_srvs/cmake)
[0.602s] -- Found sensor_msgs: 4.9.1 (/opt/ros/humble/share/sensor_msgs/cmake)
[0.623s] -- Found tf2_ros: 0.25.20 (/opt/ros/humble/share/tf2_ros/cmake)
[0.661s] -- Found ur_robot_manager_interfaces: 0.1.0 (/home/hrlsh/scrub_nurse_ws/install/ur_robot_manager_interfaces/share/ur_robot_manager_interfaces/cmake)
[0.672s] -- Found gripper_interfaces: 0.1.0 (/home/hrlsh/scrub_nurse_ws/install/gripper_interfaces/share/gripper_interfaces/cmake)
[0.747s] -- Configuring done
[0.775s] -- Generating done
[0.787s] -- Build files have been written to: /home/hrlsh/scrub_nurse_ws/build/ur_robot_manager
[0.798s] Invoked command in '/home/hrlsh/scrub_nurse_ws/build/ur_robot_manager' returned '0': AMENT_PREFIX_PATH=/home/hrlsh/scrub_nurse_ws/install/ur_robot_manager_interfaces:/home/hrlsh/scrub_nurse_ws/install/gripper_interfaces:${AMENT_PREFIX_PATH} CMAKE_PREFIX_PATH=/home/hrlsh/scrub_nurse_ws/install/ur_robot_manager_interfaces:/home/hrlsh/scrub_nurse_ws/install/gripper_interfaces:/opt/ros/humble LD_LIBRARY_PATH=/home/hrlsh/scrub_nurse_ws/install/ur_robot_manager_interfaces/lib:/home/hrlsh/scrub_nurse_ws/install/gripper_interfaces/lib:${LD_LIBRARY_PATH} PYTHONPATH=/home/hrlsh/scrub_nurse_ws/install/ur_robot_manager_interfaces/local/lib/python3.10/dist-packages:/home/hrlsh/scrub_nurse_ws/install/gripper_interfaces/local/lib/python3.10/dist-packages:${PYTHONPATH} /usr/bin/cmake /home/hrlsh/scrub_nurse_ws/src/ur_robot_manager -DCMAKE_INSTALL_PREFIX=/home/hrlsh/scrub_nurse_ws/install/ur_robot_manager
[0.801s] Invoking command in '/home/hrlsh/scrub_nurse_ws/build/ur_robot_manager': AMENT_PREFIX_PATH=/home/hrlsh/scrub_nurse_ws/install/ur_robot_manager_interfaces:/home/hrlsh/scrub_nurse_ws/install/gripper_interfaces:${AMENT_PREFIX_PATH} CMAKE_PREFIX_PATH=/home/hrlsh/scrub_nurse_ws/install/ur_robot_manager_interfaces:/home/hrlsh/scrub_nurse_ws/install/gripper_interfaces:/opt/ros/humble LD_LIBRARY_PATH=/home/hrlsh/scrub_nurse_ws/install/ur_robot_manager_interfaces/lib:/home/hrlsh/scrub_nurse_ws/install/gripper_interfaces/lib:${LD_LIBRARY_PATH} PYTHONPATH=/home/hrlsh/scrub_nurse_ws/install/ur_robot_manager_interfaces/local/lib/python3.10/dist-packages:/home/hrlsh/scrub_nurse_ws/install/gripper_interfaces/local/lib/python3.10/dist-packages:${PYTHONPATH} /usr/bin/cmake --build /home/hrlsh/scrub_nurse_ws/build/ur_robot_manager -- -j20 -l20
[0.910s] Consolidate compiler generated dependencies of target ur_robot_manager_utils
[0.947s] [ 12%] Building CXX object CMakeFiles/ur_robot_manager_utils.dir/src/utils/ur_kinematics.cpp.o
[6.902s] [ 25%] Linking CXX shared library libur_robot_manager_utils.so
[7.415s] [ 37%] Built target ur_robot_manager_utils
[7.425s] [ 62%] Building CXX object CMakeFiles/ur_robot_manager_core.dir/src/core/ur_robot_action_server.cpp.o
[7.425s] [ 62%] Building CXX object CMakeFiles/ur_robot_manager_core.dir/src/core/ur_robot_manager.cpp.o
[9.823s] /home/hrlsh/scrub_nurse_ws/src/ur_robot_manager/src/core/ur_robot_manager.cpp: In member function ‘bool urRobotManager::URRobotManager::moveJ(const std::vector<double, std::allocator<double> >&, double, double, bool)’:
[9.823s] /home/hrlsh/scrub_nurse_ws/src/ur_robot_manager/src/core/ur_robot_manager.cpp:224:12: warning: unused variable ‘a’ [-Wunused-variable]
[9.823s]   224 |     double a = std::min(acceleration, max_joint_accel_);
[9.823s]       |            ^
[9.824s] /home/hrlsh/scrub_nurse_ws/src/ur_robot_manager/src/core/ur_robot_manager.cpp: In member function ‘bool urRobotManager::URRobotManager::moveL(const std::vector<double, std::allocator<double> >&, double, double, bool)’:
[9.824s] /home/hrlsh/scrub_nurse_ws/src/ur_robot_manager/src/core/ur_robot_manager.cpp:271:12: warning: unused variable ‘a’ [-Wunused-variable]
[9.824s]   271 |     double a = std::min(acceleration, max_linear_accel_);
[9.824s]       |            ^
[9.825s] /home/hrlsh/scrub_nurse_ws/src/ur_robot_manager/src/core/ur_robot_manager.cpp: In member function ‘bool urRobotManager::URRobotManager::speedJ(const std::vector<double, std::allocator<double> >&, double, double)’:
[9.825s] /home/hrlsh/scrub_nurse_ws/src/ur_robot_manager/src/core/ur_robot_manager.cpp:306:37: warning: unused parameter ‘acceleration’ [-Wunused-parameter]
[9.825s]   306 |                              double acceleration, double time)
[9.825s]       |                              ~~~~~~~^~~~~~~~~~~~
[9.825s] /home/hrlsh/scrub_nurse_ws/src/ur_robot_manager/src/core/ur_robot_manager.cpp:306:58: warning: unused parameter ‘time’ [-Wunused-parameter]
[9.825s]   306 |                              double acceleration, double time)
[9.825s]       |                                                   ~~~~~~~^~~~
[9.825s] /home/hrlsh/scrub_nurse_ws/src/ur_robot_manager/src/core/ur_robot_manager.cpp: In member function ‘bool urRobotManager::URRobotManager::speedL(const std::vector<double, std::allocator<double> >&, double, double)’:
[9.825s] /home/hrlsh/scrub_nurse_ws/src/ur_robot_manager/src/core/ur_robot_manager.cpp:329:37: warning: unused parameter ‘acceleration’ [-Wunused-parameter]
[9.826s]   329 |                              double acceleration, double time)
[9.826s]       |                              ~~~~~~~^~~~~~~~~~~~
[9.826s] /home/hrlsh/scrub_nurse_ws/src/ur_robot_manager/src/core/ur_robot_manager.cpp:329:58: warning: unused parameter ‘time’ [-Wunused-parameter]
[9.826s]   329 |                              double acceleration, double time)
[9.826s]       |                                                   ~~~~~~~^~~~
[9.826s] /home/hrlsh/scrub_nurse_ws/src/ur_robot_manager/src/core/ur_robot_manager.cpp: In member function ‘bool urRobotManager::URRobotManager::customMoveL(const std::vector<double, std::allocator<double> >&, double, double, double)’:
[9.826s] /home/hrlsh/scrub_nurse_ws/src/ur_robot_manager/src/core/ur_robot_manager.cpp:362:12: warning: unused variable ‘s’ [-Wunused-variable]
[9.826s]   362 |     double s = std::min(speed * speed_scale_, max_linear_speed_);
[9.826s]       |            ^
[9.826s] /home/hrlsh/scrub_nurse_ws/src/ur_robot_manager/src/core/ur_robot_manager.cpp:363:12: warning: unused variable ‘a’ [-Wunused-variable]
[9.826s]   363 |     double a = std::min(acceleration, max_linear_accel_);
[9.826s]       |            ^
[9.829s] /home/hrlsh/scrub_nurse_ws/src/ur_robot_manager/src/core/ur_robot_manager.cpp: In member function ‘bool urRobotManager::URRobotManager::movePath(const std::vector<std::vector<double, std::allocator<double> > >&, double, double, double)’:
[9.829s] /home/hrlsh/scrub_nurse_ws/src/ur_robot_manager/src/core/ur_robot_manager.cpp:415:39: warning: unused parameter ‘speed’ [-Wunused-parameter]
[9.829s]   415 |                                double speed, double acceleration,
[9.829s]       |                                ~~~~~~~^~~~~
[9.829s] /home/hrlsh/scrub_nurse_ws/src/ur_robot_manager/src/core/ur_robot_manager.cpp:415:53: warning: unused parameter ‘acceleration’ [-Wunused-parameter]
[9.829s]   415 |                                double speed, double acceleration,
[9.829s]       |                                              ~~~~~~~^~~~~~~~~~~~
[9.839s] /home/hrlsh/scrub_nurse_ws/src/ur_robot_manager/src/core/ur_robot_manager.cpp: In member function ‘bool urRobotManager::URRobotManager::servoSpeedL(const std::vector<double, std::allocator<double> >&, double, double)’:
[9.839s] /home/hrlsh/scrub_nurse_ws/src/ur_robot_manager/src/core/ur_robot_manager.cpp:504:48: error: cannot convert ‘std::vector<double, std::allocator<double> >’ to ‘const Eigen::Matrix<double, 6, 6>&’
[9.839s]   504 |     double manip = kinematics_->manipulability(q);
[9.839s]       |                                                ^
[9.839s]       |                                                |
[9.839s]       |                                                std::vector<double, std::allocator<double> >
[9.839s] In file included from /home/hrlsh/scrub_nurse_ws/src/ur_robot_manager/include/ur_robot_manager/core/ur_robot_manager.h:23,
[9.839s]                  from /home/hrlsh/scrub_nurse_ws/src/ur_robot_manager/src/core/ur_robot_manager.cpp:10:
[9.839s] /home/hrlsh/scrub_nurse_ws/src/ur_robot_manager/include/ur_robot_manager/utils/ur_kinematics.h:74:65: note:   initializing argument 1 of ‘static double URKinematics::manipulability(const Eigen::Matrix<double, 6, 6>&)’
[9.839s]    74 |   static double manipulability(const Eigen::Matrix<double,6,6>& J);
[9.839s]       |                                ~~~~~~~~~~~~~~~~~~~~~~~~~~~~~~~~~^
[9.839s] In file included from /opt/ros/humble/include/rclcpp/rclcpp/logging.hpp:24,
[9.840s]                  from /opt/ros/humble/include/rclcpp/rclcpp/client.hpp:40,
[9.840s]                  from /opt/ros/humble/include/rclcpp/rclcpp/callback_group.hpp:24,
[9.840s]                  from /opt/ros/humble/include/rclcpp/rclcpp/any_executable.hpp:20,
[9.840s]                  from /opt/ros/humble/include/rclcpp/rclcpp/memory_strategy.hpp:25,
[9.840s]                  from /opt/ros/humble/include/rclcpp/rclcpp/memory_strategies.hpp:18,
[9.840s]                  from /opt/ros/humble/include/rclcpp/rclcpp/executor_options.hpp:20,
[9.840s]                  from /opt/ros/humble/include/rclcpp/rclcpp/executor.hpp:37,
[9.840s]                  from /opt/ros/humble/include/rclcpp/rclcpp/executors/multi_threaded_executor.hpp:25,
[9.840s]                  from /opt/ros/humble/include/rclcpp/rclcpp/executors.hpp:21,
[9.840s]                  from /opt/ros/humble/include/rclcpp/rclcpp/rclcpp.hpp:155,
[9.840s]                  from /home/hrlsh/scrub_nurse_ws/src/ur_robot_manager/include/ur_robot_manager/core/ur_robot_action_server.h:14,
[9.840s]                  from /home/hrlsh/scrub_nurse_ws/src/ur_robot_manager/src/core/ur_robot_action_server.cpp:13:
[9.840s] /home/hrlsh/scrub_nurse_ws/src/ur_robot_manager/src/core/ur_robot_action_server.cpp: In member function ‘rclcpp_action::GoalResponse urRobotManager::URRobotActionServer::handleGoal(const GoalUUID&, std::shared_ptr<const ur_robot_manager_interfaces::action::RobotTask_Goal_<std::allocator<void> > >)’:
[9.840s] /home/hrlsh/scrub_nurse_ws/src/ur_robot_manager/src/core/ur_robot_action_server.cpp:61:23: error: ‘using element_type = const struct ur_robot_manager_interfaces::action::RobotTask_Goal_<std::allocator<void> >’ {aka ‘const struct ur_robot_manager_interfaces::action::RobotTask_Goal_<std::allocator<void> >’} has no member named ‘task_type’; did you mean ‘tool_type’?
[9.840s]    61 |                 goal->task_type, goal->task_id.c_str());
[9.840s]       |                       ^~~~~~~~~
[9.841s] /home/hrlsh/scrub_nurse_ws/src/ur_robot_manager/src/core/ur_robot_action_server.cpp:61:48: error: request for member ‘c_str’ in ‘((std::__shared_ptr_access<const ur_robot_manager_interfaces::action::RobotTask_Goal_<std::allocator<void> >, __gnu_cxx::_S_atomic, false, false>*)(& goal))->std::__shared_ptr_access<const ur_robot_manager_interfaces::action::RobotTask_Goal_<std::allocator<void> >, __gnu_cxx::_S_atomic, false, false>::operator->()->ur_robot_manager_interfaces::action::RobotTask_Goal_<std::allocator<void> >::task_id’, which is of non-class type ‘const _task_id_type’ {aka ‘const int’}
[9.841s]    61 |                 goal->task_type, goal->task_id.c_str());
[9.841s]       |                                                ^~~~~
[9.841s] /home/hrlsh/scrub_nurse_ws/src/ur_robot_manager/src/core/ur_robot_manager.cpp: In member function ‘bool urRobotManager::URRobotManager::servoJ6Only(const std::vector<double, std::allocator<double> >&, double, double, double)’:
[9.841s] /home/hrlsh/scrub_nurse_ws/src/ur_robot_manager/src/core/ur_robot_manager.cpp:518:42: warning: unused parameter ‘time’ [-Wunused-parameter]
[9.841s]   518 |                                   double time, double lookahead, double gain)
[9.841s]       |                                   ~~~~~~~^~~~
[9.841s] /home/hrlsh/scrub_nurse_ws/src/ur_robot_manager/src/core/ur_robot_manager.cpp:518:55: warning: unused parameter ‘lookahead’ [-Wunused-parameter]
[9.841s]   518 |                                   double time, double lookahead, double gain)
[9.841s]       |                                                ~~~~~~~^~~~~~~~~
[9.841s] /home/hrlsh/scrub_nurse_ws/src/ur_robot_manager/src/core/ur_robot_manager.cpp:518:73: warning: unused parameter ‘gain’ [-Wunused-parameter]
[9.841s]   518 |                                   double time, double lookahead, double gain)
[9.841s]       |                                                                  ~~~~~~~^~~~
[9.841s] /home/hrlsh/scrub_nurse_ws/src/ur_robot_manager/src/core/ur_robot_action_server.cpp:71:15: error: ‘using element_type = const struct ur_robot_manager_interfaces::action::RobotTask_Goal_<std::allocator<void> >’ {aka ‘const struct ur_robot_manager_interfaces::action::RobotTask_Goal_<std::allocator<void> >’} has no member named ‘task_type’; did you mean ‘tool_type’?
[9.841s]    71 |     if (goal->task_type < 0 || goal->task_type > 4) {
[9.841s]       |               ^~~~~~~~~
[9.841s]       |               tool_type
[9.841s] /home/hrlsh/scrub_nurse_ws/src/ur_robot_manager/src/core/ur_robot_action_server.cpp:71:38: error: ‘using element_type = const struct ur_robot_manager_interfaces::action::RobotTask_Goal_<std::allocator<void> >’ {aka ‘const struct ur_robot_manager_interfaces::action::RobotTask_Goal_<std::allocator<void> >’} has no member named ‘task_type’; did you mean ‘tool_type’?
[9.841s]    71 |     if (goal->task_type < 0 || goal->task_type > 4) {
[9.842s]       |                                      ^~~~~~~~~
[9.842s]       |                                      tool_type
[9.842s] In file included from /opt/ros/humble/include/rclcpp/rclcpp/logging.hpp:24,
[9.842s]                  from /opt/ros/humble/include/rclcpp/rclcpp/client.hpp:40,
[9.842s]                  from /opt/ros/humble/include/rclcpp/rclcpp/callback_group.hpp:24,
[9.842s]                  from /opt/ros/humble/include/rclcpp/rclcpp/any_executable.hpp:20,
[9.842s]                  from /opt/ros/humble/include/rclcpp/rclcpp/memory_strategy.hpp:25,
[9.842s]                  from /opt/ros/humble/include/rclcpp/rclcpp/memory_strategies.hpp:18,
[9.842s]                  from /opt/ros/humble/include/rclcpp/rclcpp/executor_options.hpp:20,
[9.842s]                  from /opt/ros/humble/include/rclcpp/rclcpp/executor.hpp:37,
[9.842s]                  from /opt/ros/humble/include/rclcpp/rclcpp/executors/multi_threaded_executor.hpp:25,
[9.842s]                  from /opt/ros/humble/include/rclcpp/rclcpp/executors.hpp:21,
[9.842s]                  from /opt/ros/humble/include/rclcpp/rclcpp/rclcpp.hpp:155,
[9.842s]                  from /home/hrlsh/scrub_nurse_ws/src/ur_robot_manager/include/ur_robot_manager/core/ur_robot_action_server.h:14,
[9.842s]                  from /home/hrlsh/scrub_nurse_ws/src/ur_robot_manager/src/core/ur_robot_action_server.cpp:13:
[9.842s] /home/hrlsh/scrub_nurse_ws/src/ur_robot_manager/src/core/ur_robot_action_server.cpp:73:62: error: ‘using element_type = const struct ur_robot_manager_interfaces::action::RobotTask_Goal_<std::allocator<void> >’ {aka ‘const struct ur_robot_manager_interfaces::action::RobotTask_Goal_<std::allocator<void> >’} has no member named ‘task_type’; did you mean ‘tool_type’?
[9.842s]    73 |                     "Rejecting: invalid task_type %d", goal->task_type);
[9.842s]       |                                                              ^~~~~~~~~
[9.846s] /home/hrlsh/scrub_nurse_ws/src/ur_robot_manager/src/core/ur_robot_action_server.cpp: In member function ‘void urRobotManager::URRobotActionServer::executeTask(std::shared_ptr<rclcpp_action::ServerGoalHandle<ur_robot_manager_interfaces::action::RobotTask> >)’:
[9.846s] /home/hrlsh/scrub_nurse_ws/src/ur_robot_manager/src/core/ur_robot_action_server.cpp:106:23: error: ‘using element_type = const struct ur_robot_manager_interfaces::action::RobotTask_Goal_<std::allocator<void> >’ {aka ‘const struct ur_robot_manager_interfaces::action::RobotTask_Goal_<std::allocator<void> >’} has no member named ‘task_type’; did you mean ‘tool_type’?
[9.846s]   106 |                 goal->task_type, goal->task_id.c_str());
[9.846s]       |                       ^~~~~~~~~
[9.846s] /home/hrlsh/scrub_nurse_ws/src/ur_robot_manager/src/core/ur_robot_action_server.cpp:106:48: error: request for member ‘c_str’ in ‘((std::__shared_ptr_access<const ur_robot_manager_interfaces::action::RobotTask_Goal_<std::allocator<void> >, __gnu_cxx::_S_atomic, false, false>*)(& goal))->std::__shared_ptr_access<const ur_robot_manager_interfaces::action::RobotTask_Goal_<std::allocator<void> >, __gnu_cxx::_S_atomic, false, false>::operator->()->ur_robot_manager_interfaces::action::RobotTask_Goal_<std::allocator<void> >::task_id’, which is of non-class type ‘const _task_id_type’ {aka ‘const int’}
[9.846s]   106 |                 goal->task_type, goal->task_id.c_str());
[9.846s]       |                                                ^~~~~
[9.846s] /home/hrlsh/scrub_nurse_ws/src/ur_robot_manager/src/core/ur_robot_action_server.cpp:112:23: error: ‘using element_type = const struct ur_robot_manager_interfaces::action::RobotTask_Goal_<std::allocator<void> >’ {aka ‘const struct ur_robot_manager_interfaces::action::RobotTask_Goal_<std::allocator<void> >’} has no member named ‘task_type’; did you mean ‘tool_type’?
[9.846s]   112 |         switch (goal->task_type) {
[9.846s]       |                       ^~~~~~~~~
[9.846s]       |                       tool_type
[9.846s] /home/hrlsh/scrub_nurse_ws/src/ur_robot_manager/src/core/ur_robot_action_server.cpp:116:27: error: ‘using element_type = struct ur_robot_manager_interfaces::action::RobotTask_Feedback_<std::allocator<void> >’ {aka ‘struct ur_robot_manager_interfaces::action::RobotTask_Feedback_<std::allocator<void> >’} has no member named ‘progress’
[9.846s]   116 |                 feedback->progress = 0.1f;
[9.846s]       |                           ^~~~~~~~
[9.847s] /home/hrlsh/scrub_nurse_ws/src/ur_robot_manager/src/core/ur_robot_action_server.cpp:121:27: error: ‘using element_type = const struct ur_robot_manager_interfaces::action::RobotTask_Goal_<std::allocator<void> >’ {aka ‘const struct ur_robot_manager_interfaces::action::RobotTask_Goal_<std::allocator<void> >’} has no member named ‘target_joints’
[9.847s]   121 |                 if (goal->target_joints.size() == 6) {
[9.847s]       |                           ^~~~~~~~~~~~~
[9.847s] /home/hrlsh/scrub_nurse_ws/src/ur_robot_manager/src/core/ur_robot_action_server.cpp:122:34: error: ‘using element_type = const struct ur_robot_manager_interfaces::action::RobotTask_Goal_<std::allocator<void> >’ {aka ‘const struct ur_robot_manager_interfaces::action::RobotTask_Goal_<std::allocator<void> >’} has no member named ‘target_joints’
[9.847s]   122 |                     home = goal->target_joints;
[9.847s]       |                                  ^~~~~~~~~~~~~
[9.847s] /home/hrlsh/scrub_nurse_ws/src/ur_robot_manager/src/core/ur_robot_action_server.cpp:126:27: error: ‘using element_type = struct ur_robot_manager_interfaces::action::RobotTask_Feedback_<std::allocator<void> >’ {aka ‘struct ur_robot_manager_interfaces::action::RobotTask_Feedback_<std::allocator<void> >’} has no member named ‘progress’
[9.847s]   126 |                 feedback->progress = 1.0f;
[9.847s]       |                           ^~~~~~~~
[9.848s] /home/hrlsh/scrub_nurse_ws/src/ur_robot_manager/src/core/ur_robot_action_server.cpp:133:27: error: ‘using element_type = const struct ur_robot_manager_interfaces::action::RobotTask_Goal_<std::allocator<void> >’ {aka ‘const struct ur_robot_manager_interfaces::action::RobotTask_Goal_<std::allocator<void> >’} has no member named ‘target_pose’
[9.848s]   133 |                 if (goal->target_pose.size() != 6) {
[9.848s]       |                           ^~~~~~~~~~~
[9.848s] /home/hrlsh/scrub_nurse_ws/src/ur_robot_manager/src/core/ur_robot_action_server.cpp:138:27: error: ‘using element_type = struct ur_robot_manager_interfaces::action::RobotTask_Feedback_<std::allocator<void> >’ {aka ‘struct ur_robot_manager_interfaces::action::RobotTask_Feedback_<std::allocator<void> >’} has no member named ‘progress’
[9.848s]   138 |                 feedback->progress = 0.1f;
[9.848s]       |                           ^~~~~~~~
[9.848s] /home/hrlsh/scrub_nurse_ws/src/ur_robot_manager/src/core/ur_robot_action_server.cpp:142:54: error: ‘using element_type = const struct ur_robot_manager_interfaces::action::RobotTask_Goal_<std::allocator<void> >’ {aka ‘const struct ur_robot_manager_interfaces::action::RobotTask_Goal_<std::allocator<void> >’} has no member named ‘target_pose’
[9.848s]   142 |                 success = robot_manager_.moveL(goal->target_pose, 0.1, 0.5);
[9.848s]       |                                                      ^~~~~~~~~~~
[9.848s] /home/hrlsh/scrub_nurse_ws/src/ur_robot_manager/src/core/ur_robot_action_server.cpp:144:27: error: ‘using element_type = struct ur_robot_manager_interfaces::action::RobotTask_Feedback_<std::allocator<void> >’ {aka ‘struct ur_robot_manager_interfaces::action::RobotTask_Feedback_<std::allocator<void> >’} has no member named ‘progress’
[9.848s]   144 |                 feedback->progress = 1.0f;
[9.848s]       |                           ^~~~~~~~
[9.848s] /home/hrlsh/scrub_nurse_ws/src/ur_robot_manager/src/core/ur_robot_action_server.cpp:151:27: error: ‘using element_type = const struct ur_robot_manager_interfaces::action::RobotTask_Goal_<std::allocator<void> >’ {aka ‘const struct ur_robot_manager_interfaces::action::RobotTask_Goal_<std::allocator<void> >’} has no member named ‘target_joints’
[9.848s]   151 |                 if (goal->target_joints.size() != 6) {
[9.848s]       |                           ^~~~~~~~~~~~~
[9.848s] /home/hrlsh/scrub_nurse_ws/src/ur_robot_manager/src/core/ur_robot_action_server.cpp:156:27: error: ‘using element_type = struct ur_robot_manager_interfaces::action::RobotTask_Feedback_<std::allocator<void> >’ {aka ‘struct ur_robot_manager_interfaces::action::RobotTask_Feedback_<std::allocator<void> >’} has no member named ‘progress’
[9.848s]   156 |                 feedback->progress = 0.1f;
[9.848s]       |                           ^~~~~~~~
[9.849s] /home/hrlsh/scrub_nurse_ws/src/ur_robot_manager/src/core/ur_robot_action_server.cpp:160:54: error: ‘using element_type = const struct ur_robot_manager_interfaces::action::RobotTask_Goal_<std::allocator<void> >’ {aka ‘const struct ur_robot_manager_interfaces::action::RobotTask_Goal_<std::allocator<void> >’} has no member named ‘target_joints’
[9.849s]   160 |                 success = robot_manager_.moveJ(goal->target_joints, 0.5, 0.5);
[9.849s]       |                                                      ^~~~~~~~~~~~~
[9.849s] /home/hrlsh/scrub_nurse_ws/src/ur_robot_manager/src/core/ur_robot_action_server.cpp:162:27: error: ‘using element_type = struct ur_robot_manager_interfaces::action::RobotTask_Feedback_<std::allocator<void> >’ {aka ‘struct ur_robot_manager_interfaces::action::RobotTask_Feedback_<std::allocator<void> >’} has no member named ‘progress’
[9.849s]   162 |                 feedback->progress = 1.0f;
[9.849s]       |                           ^~~~~~~~
[9.849s] /home/hrlsh/scrub_nurse_ws/src/ur_robot_manager/src/core/ur_robot_action_server.cpp:170:27: error: ‘using element_type = struct ur_robot_manager_interfaces::action::RobotTask_Feedback_<std::allocator<void> >’ {aka ‘struct ur_robot_manager_interfaces::action::RobotTask_Feedback_<std::allocator<void> >’} has no member named ‘progress’
[9.849s]   170 |                 feedback->progress = 0.1f;
[9.849s]       |                           ^~~~~~~~
[9.849s] /home/hrlsh/scrub_nurse_ws/src/ur_robot_manager/src/core/ur_robot_action_server.cpp:176:27: error: ‘using element_type = const struct ur_robot_manager_interfaces::action::RobotTask_Goal_<std::allocator<void> >’ {aka ‘const struct ur_robot_manager_interfaces::action::RobotTask_Goal_<std::allocator<void> >’} has no member named ‘target_pose’
[9.849s]   176 |                 if (goal->target_pose.size() == 6) {
[9.849s]       |                           ^~~~~~~~~~~
[9.849s] /home/hrlsh/scrub_nurse_ws/src/ur_robot_manager/src/core/ur_robot_action_server.cpp:178:31: error: ‘using element_type = struct ur_robot_manager_interfaces::action::RobotTask_Feedback_<std::allocator<void> >’ {aka ‘struct ur_robot_manager_interfaces::action::RobotTask_Feedback_<std::allocator<void> >’} has no member named ‘progress’
[9.849s]   178 |                     feedback->progress = 0.4f;
[9.849s]       |                               ^~~~~~~~
[9.849s] /home/hrlsh/scrub_nurse_ws/src/ur_robot_manager/src/core/ur_robot_action_server.cpp:180:48: error: ‘using element_type = const struct ur_robot_manager_interfaces::action::RobotTask_Goal_<std::allocator<void> >’ {aka ‘const struct ur_robot_manager_interfaces::action::RobotTask_Goal_<std::allocator<void> >’} has no member named ‘target_pose’
[9.849s]   180 |                     robot_manager_.moveL(goal->target_pose, 0.05, 0.3);
[9.849s]       |                                                ^~~~~~~~~~~
[9.849s] /home/hrlsh/scrub_nurse_ws/src/ur_robot_manager/src/core/ur_robot_action_server.cpp:186:27: error: ‘using element_type = struct ur_robot_manager_interfaces::action::RobotTask_Feedback_<std::allocator<void> >’ {aka ‘struct ur_robot_manager_interfaces::action::RobotTask_Feedback_<std::allocator<void> >’} has no member named ‘progress’
[9.850s]   186 |                 feedback->progress = 0.8f;
[9.850s]       |                           ^~~~~~~~
[9.850s] /home/hrlsh/scrub_nurse_ws/src/ur_robot_manager/src/core/ur_robot_action_server.cpp:190:27: error: ‘using element_type = struct ur_robot_manager_interfaces::action::RobotTask_Feedback_<std::allocator<void> >’ {aka ‘struct ur_robot_manager_interfaces::action::RobotTask_Feedback_<std::allocator<void> >’} has no member named ‘progress’
[9.850s]   190 |                 feedback->progress = 1.0f;
[9.850s]       |                           ^~~~~~~~
[9.850s] /home/hrlsh/scrub_nurse_ws/src/ur_robot_manager/src/core/ur_robot_action_server.cpp:198:27: error: ‘using element_type = const struct ur_robot_manager_interfaces::action::RobotTask_Goal_<std::allocator<void> >’ {aka ‘const struct ur_robot_manager_interfaces::action::RobotTask_Goal_<std::allocator<void> >’} has no member named ‘waypoints’
[9.850s]   198 |                 if (goal->waypoints.empty()) {
[9.850s]       |                           ^~~~~~~~~
[9.850s] /home/hrlsh/scrub_nurse_ws/src/ur_robot_manager/src/core/ur_robot_manager.cpp: In member function ‘std::vector<double, std::allocator<double> > urRobotManager::URRobotManager::computeStandardDLS(const std::vector<double, std::allocator<double> >&, const std::vector<double, std::allocator<double> >&, double)’:
[9.850s] /home/hrlsh/scrub_nurse_ws/src/ur_robot_manager/src/core/ur_robot_manager.cpp:565:42: error: no matching function for call to ‘URKinematics::velocityServoStep(const std::vector<double, std::allocator<double> >&, Eigen::Matrix<double, 6, 1>&, double&)’
[9.850s]   565 |     return kinematics_->velocityServoStep(q, tw, damping);
[9.850s]       |            ~~~~~~~~~~~~~~~~~~~~~~~~~~~~~~^~~~~~~~~~~~~~~~
[9.851s] In file included from /home/hrlsh/scrub_nurse_ws/src/ur_robot_manager/include/ur_robot_manager/core/ur_robot_manager.h:23,
[9.851s]                  from /home/hrlsh/scrub_nurse_ws/src/ur_robot_manager/src/core/ur_robot_manager.cpp:10:
[9.851s] /home/hrlsh/scrub_nurse_ws/src/ur_robot_manager/include/ur_robot_manager/utils/ur_kinematics.h:52:8: note: candidate: ‘void URKinematics::velocityServoStep(const Eigen::Matrix<double, 6, 1>&, const Matrix4d&, double, double, double, double, double, const string&, Eigen::Matrix<double, 6, 1>&, Eigen::Matrix<double, 6, 1>&, URKinematics::ServoStats*) const’
[9.851s]    52 |   void velocityServoStep(const Eigen::Matrix<double,6,1>& q,
[9.851s]       |        ^~~~~~~~~~~~~~~~~
[9.851s] /home/hrlsh/scrub_nurse_ws/src/ur_robot_manager/include/ur_robot_manager/utils/ur_kinematics.h:52:8: note:   candidate expects 11 arguments, 3 provided
[9.851s] /home/hrlsh/scrub_nurse_ws/src/ur_robot_manager/src/core/ur_robot_manager.cpp: In member function ‘std::vector<double, std::allocator<double> > urRobotManager::URRobotManager::computeSingularityRobustVelocity(const std::vector<double, std::allocator<double> >&, const std::vector<double, std::allocator<double> >&)’:
[9.851s] /home/hrlsh/scrub_nurse_ws/src/ur_robot_manager/src/core/ur_robot_manager.cpp:572:48: error: cannot convert ‘const std::vector<double, std::allocator<double> >’ to ‘const Eigen::Matrix<double, 6, 6>&’
[9.851s]   572 |     double manip = kinematics_->manipulability(q);
[9.851s]       |                                                ^
[9.851s]       |                                                |
[9.851s]       |                                                const std::vector<double, std::allocator<double> >
[9.851s] In file included from /home/hrlsh/scrub_nurse_ws/src/ur_robot_manager/include/ur_robot_manager/core/ur_robot_manager.h:23,
[9.851s]                  from /home/hrlsh/scrub_nurse_ws/src/ur_robot_manager/src/core/ur_robot_manager.cpp:10:
[9.851s] /home/hrlsh/scrub_nurse_ws/src/ur_robot_manager/include/ur_robot_manager/utils/ur_kinematics.h:74:65: note:   initializing argument 1 of ‘static double URKinematics::manipulability(const Eigen::Matrix<double, 6, 6>&)’
[9.851s]    74 |   static double manipulability(const Eigen::Matrix<double,6,6>& J);
[9.851s]       |                                ~~~~~~~~~~~~~~~~~~~~~~~~~~~~~~~~~^
[9.851s] /home/hrlsh/scrub_nurse_ws/src/ur_robot_manager/src/core/ur_robot_action_server.cpp:204:50: error: ‘using element_type = const struct ur_robot_manager_interfaces::action::RobotTask_Goal_<std::allocator<void> >’ {aka ‘const struct ur_robot_manager_interfaces::action::RobotTask_Goal_<std::allocator<void> >’} has no member named ‘waypoints’
[9.851s]   204 |                 for (size_t i = 0; i + 5 < goal->waypoints.size(); i += 6) {
[9.851s]       |                                                  ^~~~~~~~~
[9.852s] /home/hrlsh/scrub_nurse_ws/src/ur_robot_manager/src/core/ur_robot_action_server.cpp:206:31: error: ‘using element_type = const struct ur_robot_manager_interfaces::action::RobotTask_Goal_<std::allocator<void> >’ {aka ‘const struct ur_robot_manager_interfaces::action::RobotTask_Goal_<std::allocator<void> >’} has no member named ‘waypoints’
[9.852s]   206 |                         goal->waypoints[i],   goal->waypoints[i+1],
[9.852s]       |                               ^~~~~~~~~
[9.852s] /home/hrlsh/scrub_nurse_ws/src/ur_robot_manager/src/core/ur_robot_action_server.cpp:206:53: error: ‘using element_type = const struct ur_robot_manager_interfaces::action::RobotTask_Goal_<std::allocator<void> >’ {aka ‘const struct ur_robot_manager_interfaces::action::RobotTask_Goal_<std::allocator<void> >’} has no member named ‘waypoints’
[9.852s]   206 |                         goal->waypoints[i],   goal->waypoints[i+1],
[9.852s]       |                                                     ^~~~~~~~~
[9.852s] /home/hrlsh/scrub_nurse_ws/src/ur_robot_manager/src/core/ur_robot_action_server.cpp:207:31: error: ‘using element_type = const struct ur_robot_manager_interfaces::action::RobotTask_Goal_<std::allocator<void> >’ {aka ‘const struct ur_robot_manager_interfaces::action::RobotTask_Goal_<std::allocator<void> >’} has no member named ‘waypoints’
[9.852s]   207 |                         goal->waypoints[i+2], goal->waypoints[i+3],
[9.852s]       |                               ^~~~~~~~~
[9.852s] /home/hrlsh/scrub_nurse_ws/src/ur_robot_manager/src/core/ur_robot_action_server.cpp:207:53: error: ‘using element_type = const struct ur_robot_manager_interfaces::action::RobotTask_Goal_<std::allocator<void> >’ {aka ‘const struct ur_robot_manager_interfaces::action::RobotTask_Goal_<std::allocator<void> >’} has no member named ‘waypoints’
[9.852s]   207 |                         goal->waypoints[i+2], goal->waypoints[i+3],
[9.852s]       |                                                     ^~~~~~~~~
[9.852s] /home/hrlsh/scrub_nurse_ws/src/ur_robot_manager/src/core/ur_robot_action_server.cpp:208:31: error: ‘using element_type = const struct ur_robot_manager_interfaces::action::RobotTask_Goal_<std::allocator<void> >’ {aka ‘const struct ur_robot_manager_interfaces::action::RobotTask_Goal_<std::allocator<void> >’} has no member named ‘waypoints’
[9.852s]   208 |                         goal->waypoints[i+4], goal->waypoints[i+5]
[9.852s]       |                               ^~~~~~~~~
[9.852s] /home/hrlsh/scrub_nurse_ws/src/ur_robot_manager/src/core/ur_robot_action_server.cpp:208:53: error: ‘using element_type = const struct ur_robot_manager_interfaces::action::RobotTask_Goal_<std::allocator<void> >’ {aka ‘const struct ur_robot_manager_interfaces::action::RobotTask_Goal_<std::allocator<void> >’} has no member named ‘waypoints’
[9.852s]   208 |                         goal->waypoints[i+4], goal->waypoints[i+5]
[9.852s]       |                                                     ^~~~~~~~~
[9.852s] /home/hrlsh/scrub_nurse_ws/src/ur_robot_manager/src/core/ur_robot_action_server.cpp:205:40: error: no matching function for call to ‘std::vector<std::vector<double, std::allocator<double> > >::push_back(<brace-enclosed initializer list>)’
[9.852s]   205 |                     waypoints.push_back({
[9.852s]       |                     ~~~~~~~~~~~~~~~~~~~^~
[9.852s]   206 |                         goal->waypoints[i],   goal->waypoints[i+1],
[9.853s]       |                         ~~~~~~~~~~~~~~~~~~~~~~~~~~~~~~~~~~~~~~~~~~~
[9.853s]   207 |                         goal->waypoints[i+2], goal->waypoints[i+3],
[9.853s]       |                         ~~~~~~~~~~~~~~~~~~~~~~~~~~~~~~~~~~~~~~~~~~~
[9.853s]   208 |                         goal->waypoints[i+4], goal->waypoints[i+5]
[9.853s]       |                         ~~~~~~~~~~~~~~~~~~~~~~~~~~~~~~~~~~~~~~~~~~
[9.853s]   209 |                     });
[9.853s]       |                     ~~                  
[9.853s] In file included from /usr/include/c++/11/vector:67,
[9.853s]                  from /usr/include/c++/11/functional:62,
[9.853s]                  from /usr/include/c++/11/pstl/glue_algorithm_defs.h:13,
[9.853s]                  from /usr/include/c++/11/algorithm:74,
[9.853s]                  from /opt/ros/humble/include/rclcpp/rclcpp/executor.hpp:18,
[9.853s]                  from /opt/ros/humble/include/rclcpp/rclcpp/executors/multi_threaded_executor.hpp:25,
[9.853s]                  from /opt/ros/humble/include/rclcpp/rclcpp/executors.hpp:21,
[9.853s]                  from /opt/ros/humble/include/rclcpp/rclcpp/rclcpp.hpp:155,
[9.853s]                  from /home/hrlsh/scrub_nurse_ws/src/ur_robot_manager/include/ur_robot_manager/core/ur_robot_action_server.h:14,
[9.853s]                  from /home/hrlsh/scrub_nurse_ws/src/ur_robot_manager/src/core/ur_robot_action_server.cpp:13:
[9.853s] /usr/include/c++/11/bits/stl_vector.h:1187:7: note: candidate: ‘void std::vector<_Tp, _Alloc>::push_back(const value_type&) [with _Tp = std::vector<double, std::allocator<double> >; _Alloc = std::allocator<std::vector<double, std::allocator<double> > >; std::vector<_Tp, _Alloc>::value_type = std::vector<double, std::allocator<double> >]’
[9.853s]  1187 |       push_back(const value_type& __x)
[9.853s]       |       ^~~~~~~~~
[9.853s] /usr/include/c++/11/bits/stl_vector.h:1187:35: note:   no known conversion for argument 1 from ‘<brace-enclosed initializer list>’ to ‘const value_type&’ {aka ‘const std::vector<double, std::allocator<double> >&’}
[9.853s]  1187 |       push_back(const value_type& __x)
[9.854s]       |                 ~~~~~~~~~~~~~~~~~~^~~
[9.854s] /usr/include/c++/11/bits/stl_vector.h:1203:7: note: candidate: ‘void std::vector<_Tp, _Alloc>::push_back(std::vector<_Tp, _Alloc>::value_type&&) [with _Tp = std::vector<double, std::allocator<double> >; _Alloc = std::allocator<std::vector<double, std::allocator<double> > >; std::vector<_Tp, _Alloc>::value_type = std::vector<double, std::allocator<double> >]’
[9.854s]  1203 |       push_back(value_type&& __x)
[9.854s]       |       ^~~~~~~~~
[9.854s] /usr/include/c++/11/bits/stl_vector.h:1203:30: note:   no known conversion for argument 1 from ‘<brace-enclosed initializer list>’ to ‘std::vector<std::vector<double, std::allocator<double> > >::value_type&&’ {aka ‘std::vector<double, std::allocator<double> >&&’}
[9.854s]  1203 |       push_back(value_type&& __x)
[9.854s]       |                 ~~~~~~~~~~~~~^~~
[9.854s] /home/hrlsh/scrub_nurse_ws/src/ur_robot_manager/src/core/ur_robot_action_server.cpp:217:31: error: ‘using element_type = struct ur_robot_manager_interfaces::action::RobotTask_Feedback_<std::allocator<void> >’ {aka ‘struct ur_robot_manager_interfaces::action::RobotTask_Feedback_<std::allocator<void> >’} has no member named ‘progress’
[9.854s]   217 |                     feedback->progress = static_cast<float>(i) /
[9.854s]       |                               ^~~~~~~~
[9.854s] /home/hrlsh/scrub_nurse_ws/src/ur_robot_manager/src/core/ur_robot_action_server.cpp:225:27: error: ‘using element_type = struct ur_robot_manager_interfaces::action::RobotTask_Feedback_<std::allocator<void> >’ {aka ‘struct ur_robot_manager_interfaces::action::RobotTask_Feedback_<std::allocator<void> >’} has no member named ‘progress’
[9.854s]   225 |                 feedback->progress = 1.0f;
[9.854s]       |                           ^~~~~~~~
[9.854s] /home/hrlsh/scrub_nurse_ws/src/ur_robot_manager/src/core/ur_robot_manager.cpp: In member function ‘void urRobotManager::URRobotManager::setToolTCP(const std::vector<double, std::allocator<double> >&)’:
[9.854s] /home/hrlsh/scrub_nurse_ws/src/ur_robot_manager/src/core/ur_robot_manager.cpp:624:28: error: no matching function for call to ‘URKinematics::setToolTCP(const std::vector<double, std::allocator<double> >&)’
[9.854s]   624 |     kinematics_->setToolTCP(tcp_pose);
[9.854s]       |     ~~~~~~~~~~~~~~~~~~~~~~~^~~~~~~~~~
[9.854s] In file included from /home/hrlsh/scrub_nurse_ws/src/ur_robot_manager/include/ur_robot_manager/core/ur_robot_manager.h:23,
[9.854s]                  from /home/hrlsh/scrub_nurse_ws/src/ur_robot_manager/src/core/ur_robot_manager.cpp:10:
[9.854s] /home/hrlsh/scrub_nurse_ws/src/ur_robot_manager/include/ur_robot_manager/utils/ur_kinematics.h:24:8: note: candidate: ‘void URKinematics::setToolTCP(const Vector3d&, const Vector3d&)’
[9.854s]    24 |   void setToolTCP(const Eigen::Vector3d& t_tcp, const Eigen::Vector3d& rvec_tcp);
[9.854s]       |        ^~~~~~~~~~
[9.855s] /home/hrlsh/scrub_nurse_ws/src/ur_robot_manager/include/ur_robot_manager/utils/ur_kinematics.h:24:8: note:   candidate expects 2 arguments, 1 provided
[10.953s] gmake[2]: *** [CMakeFiles/ur_robot_manager_core.dir/build.make:90: CMakeFiles/ur_robot_manager_core.dir/src/core/ur_robot_action_server.cpp.o] Error 1
[10.953s] gmake[2]: *** Waiting for unfinished jobs....
[12.072s] gmake[2]: *** [CMakeFiles/ur_robot_manager_core.dir/build.make:76: CMakeFiles/ur_robot_manager_core.dir/src/core/ur_robot_manager.cpp.o] Error 1
[12.073s] gmake[1]: *** [CMakeFiles/Makefile2:167: CMakeFiles/ur_robot_manager_core.dir/all] Error 2
[12.073s] gmake: *** [Makefile:146: all] Error 2
[12.074s] Invoked command in '/home/hrlsh/scrub_nurse_ws/build/ur_robot_manager' returned '2': AMENT_PREFIX_PATH=/home/hrlsh/scrub_nurse_ws/install/ur_robot_manager_interfaces:/home/hrlsh/scrub_nurse_ws/install/gripper_interfaces:${AMENT_PREFIX_PATH} CMAKE_PREFIX_PATH=/home/hrlsh/scrub_nurse_ws/install/ur_robot_manager_interfaces:/home/hrlsh/scrub_nurse_ws/install/gripper_interfaces:/opt/ros/humble LD_LIBRARY_PATH=/home/hrlsh/scrub_nurse_ws/install/ur_robot_manager_interfaces/lib:/home/hrlsh/scrub_nurse_ws/install/gripper_interfaces/lib:${LD_LIBRARY_PATH} PYTHONPATH=/home/hrlsh/scrub_nurse_ws/install/ur_robot_manager_interfaces/local/lib/python3.10/dist-packages:/home/hrlsh/scrub_nurse_ws/install/gripper_interfaces/local/lib/python3.10/dist-packages:${PYTHONPATH} /usr/bin/cmake --build /home/hrlsh/scrub_nurse_ws/build/ur_robot_manager -- -j20 -l20
