[0.027s] Invoking command in '/home/hrlsh/scrub_nurse_ws/build/ur_robot_manager': AMENT_PREFIX_PATH=/home/hrlsh/scrub_nurse_ws/install/ur_robot_manager_interfaces:/home/hrlsh/scrub_nurse_ws/install/gripper_interfaces:${AMENT_PREFIX_PATH} CMAKE_PREFIX_PATH=/home/hrlsh/scrub_nurse_ws/install/ur_robot_manager_interfaces:/home/hrlsh/scrub_nurse_ws/install/gripper_interfaces:/opt/ros/humble LD_LIBRARY_PATH=/home/hrlsh/scrub_nurse_ws/install/ur_robot_manager_interfaces/lib:/home/hrlsh/scrub_nurse_ws/install/gripper_interfaces/lib:${LD_LIBRARY_PATH} PYTHONPATH=/home/hrlsh/scrub_nurse_ws/install/ur_robot_manager_interfaces/local/lib/python3.10/dist-packages:/home/hrlsh/scrub_nurse_ws/install/gripper_interfaces/local/lib/python3.10/dist-packages:${PYTHONPATH} /usr/bin/cmake /home/hrlsh/scrub_nurse_ws/src/ur_robot_manager -DAMENT_CMAKE_SYMLINK_INSTALL=1 -DCMAKE_INSTALL_PREFIX=/home/hrlsh/scrub_nurse_ws/install/ur_robot_manager
[0.036s] -- Found ament_cmake: 1.3.14 (/opt/ros/humble/share/ament_cmake/cmake)
[0.166s] -- Override CMake install command with custom implementation using symlinks instead of copying resources
[0.176s] -- Found rclcpp: 16.0.19 (/opt/ros/humble/share/rclcpp/cmake)
[0.216s] -- Found rosidl_generator_c: 3.1.8 (/opt/ros/humble/share/rosidl_generator_c/cmake)
[0.219s] -- Found rosidl_adapter: 3.1.8 (/opt/ros/humble/share/rosidl_adapter/cmake)
[0.228s] -- Found rosidl_generator_cpp: 3.1.8 (/opt/ros/humble/share/rosidl_generator_cpp/cmake)
[0.241s] -- Using all available rosidl_typesupport_c: rosidl_typesupport_fastrtps_c;rosidl_typesupport_introspection_c
[0.260s] -- Using all available rosidl_typesupport_cpp: rosidl_typesupport_fastrtps_cpp;rosidl_typesupport_introspection_cpp
[0.306s] -- Found rmw_implementation_cmake: 6.1.2 (/opt/ros/humble/share/rmw_implementation_cmake/cmake)
[0.307s] -- Found rmw_cyclonedds_cpp: 1.3.4 (/opt/ros/humble/share/rmw_cyclonedds_cpp/cmake)
[0.330s] -- Using RMW implementation 'rmw_cyclonedds_cpp' as default
[0.372s] -- Found rclcpp_action: 16.0.19 (/opt/ros/humble/share/rclcpp_action/cmake)
[0.394s] -- Found std_srvs: 4.9.1 (/opt/ros/humble/share/std_srvs/cmake)
[0.403s] -- Found sensor_msgs: 4.9.1 (/opt/ros/humble/share/sensor_msgs/cmake)
[0.424s] -- Found tf2_ros: 0.25.20 (/opt/ros/humble/share/tf2_ros/cmake)
[0.463s] -- Found ur_robot_manager_interfaces: 0.1.0 (/home/hrlsh/scrub_nurse_ws/install/ur_robot_manager_interfaces/share/ur_robot_manager_interfaces/cmake)
[0.474s] -- Found gripper_interfaces: 0.1.0 (/home/hrlsh/scrub_nurse_ws/install/gripper_interfaces/share/gripper_interfaces/cmake)
[0.544s] -- Configuring done
[0.562s] -- Generating done
[0.568s] -- Build files have been written to: /home/hrlsh/scrub_nurse_ws/build/ur_robot_manager
[0.862s] Invoked command in '/home/hrlsh/scrub_nurse_ws/build/ur_robot_manager' returned '0': AMENT_PREFIX_PATH=/home/hrlsh/scrub_nurse_ws/install/ur_robot_manager_interfaces:/home/hrlsh/scrub_nurse_ws/install/gripper_interfaces:${AMENT_PREFIX_PATH} CMAKE_PREFIX_PATH=/home/hrlsh/scrub_nurse_ws/install/ur_robot_manager_interfaces:/home/hrlsh/scrub_nurse_ws/install/gripper_interfaces:/opt/ros/humble LD_LIBRARY_PATH=/home/hrlsh/scrub_nurse_ws/install/ur_robot_manager_interfaces/lib:/home/hrlsh/scrub_nurse_ws/install/gripper_interfaces/lib:${LD_LIBRARY_PATH} PYTHONPATH=/home/hrlsh/scrub_nurse_ws/install/ur_robot_manager_interfaces/local/lib/python3.10/dist-packages:/home/hrlsh/scrub_nurse_ws/install/gripper_interfaces/local/lib/python3.10/dist-packages:${PYTHONPATH} /usr/bin/cmake /home/hrlsh/scrub_nurse_ws/src/ur_robot_manager -DAMENT_CMAKE_SYMLINK_INSTALL=1 -DCMAKE_INSTALL_PREFIX=/home/hrlsh/scrub_nurse_ws/install/ur_robot_manager
[0.863s] Invoking command in '/home/hrlsh/scrub_nurse_ws/build/ur_robot_manager': AMENT_PREFIX_PATH=/home/hrlsh/scrub_nurse_ws/install/ur_robot_manager_interfaces:/home/hrlsh/scrub_nurse_ws/install/gripper_interfaces:${AMENT_PREFIX_PATH} CMAKE_PREFIX_PATH=/home/hrlsh/scrub_nurse_ws/install/ur_robot_manager_interfaces:/home/hrlsh/scrub_nurse_ws/install/gripper_interfaces:/opt/ros/humble LD_LIBRARY_PATH=/home/hrlsh/scrub_nurse_ws/install/ur_robot_manager_interfaces/lib:/home/hrlsh/scrub_nurse_ws/install/gripper_interfaces/lib:${LD_LIBRARY_PATH} PYTHONPATH=/home/hrlsh/scrub_nurse_ws/install/ur_robot_manager_interfaces/local/lib/python3.10/dist-packages:/home/hrlsh/scrub_nurse_ws/install/gripper_interfaces/local/lib/python3.10/dist-packages:${PYTHONPATH} /usr/bin/cmake --build /home/hrlsh/scrub_nurse_ws/build/ur_robot_manager -- -j20 -l20
[0.888s] [35m[1mConsolidate compiler generated dependencies of target ur_robot_manager_utils[0m
[0.899s] [ 37%] Built target ur_robot_manager_utils
[0.906s] [35m[1mConsolidate compiler generated dependencies of target ur_robot_manager_core[0m
[0.921s] [ 75%] Built target ur_robot_manager_core
[0.928s] [35m[1mConsolidate compiler generated dependencies of target ur_robot_manager_node[0m
[0.943s] [100%] Built target ur_robot_manager_node
[0.949s] Invoked command in '/home/hrlsh/scrub_nurse_ws/build/ur_robot_manager' returned '0': AMENT_PREFIX_PATH=/home/hrlsh/scrub_nurse_ws/install/ur_robot_manager_interfaces:/home/hrlsh/scrub_nurse_ws/install/gripper_interfaces:${AMENT_PREFIX_PATH} CMAKE_PREFIX_PATH=/home/hrlsh/scrub_nurse_ws/install/ur_robot_manager_interfaces:/home/hrlsh/scrub_nurse_ws/install/gripper_interfaces:/opt/ros/humble LD_LIBRARY_PATH=/home/hrlsh/scrub_nurse_ws/install/ur_robot_manager_interfaces/lib:/home/hrlsh/scrub_nurse_ws/install/gripper_interfaces/lib:${LD_LIBRARY_PATH} PYTHONPATH=/home/hrlsh/scrub_nurse_ws/install/ur_robot_manager_interfaces/local/lib/python3.10/dist-packages:/home/hrlsh/scrub_nurse_ws/install/gripper_interfaces/local/lib/python3.10/dist-packages:${PYTHONPATH} /usr/bin/cmake --build /home/hrlsh/scrub_nurse_ws/build/ur_robot_manager -- -j20 -l20
[0.950s] Invoking command in '/home/hrlsh/scrub_nurse_ws/build/ur_robot_manager': AMENT_PREFIX_PATH=/home/hrlsh/scrub_nurse_ws/install/ur_robot_manager_interfaces:/home/hrlsh/scrub_nurse_ws/install/gripper_interfaces:${AMENT_PREFIX_PATH} CMAKE_PREFIX_PATH=/home/hrlsh/scrub_nurse_ws/install/ur_robot_manager_interfaces:/home/hrlsh/scrub_nurse_ws/install/gripper_interfaces:/opt/ros/humble LD_LIBRARY_PATH=/home/hrlsh/scrub_nurse_ws/install/ur_robot_manager_interfaces/lib:/home/hrlsh/scrub_nurse_ws/install/gripper_interfaces/lib:${LD_LIBRARY_PATH} PYTHONPATH=/home/hrlsh/scrub_nurse_ws/install/ur_robot_manager_interfaces/local/lib/python3.10/dist-packages:/home/hrlsh/scrub_nurse_ws/install/gripper_interfaces/local/lib/python3.10/dist-packages:${PYTHONPATH} /usr/bin/cmake --install /home/hrlsh/scrub_nurse_ws/build/ur_robot_manager
[0.954s] -- Install configuration: ""
[0.954s] -- Execute custom install script
[0.954s] -- Up-to-date symlink: /home/hrlsh/scrub_nurse_ws/install/ur_robot_manager/lib/libur_robot_manager_utils.so
[0.954s] -- Up-to-date symlink: /home/hrlsh/scrub_nurse_ws/install/ur_robot_manager/lib/libur_robot_manager_core.so
[0.955s] -- Up-to-date symlink: /home/hrlsh/scrub_nurse_ws/install/ur_robot_manager/lib/ur_robot_manager/ur_robot_manager_node
[0.955s] -- Up-to-date symlink: /home/hrlsh/scrub_nurse_ws/install/ur_robot_manager/include/ur_robot_manager/core/ur_robot_action_server.h
[0.955s] -- Up-to-date symlink: /home/hrlsh/scrub_nurse_ws/install/ur_robot_manager/include/ur_robot_manager/core/ur_robot_manager.h
[0.955s] -- Up-to-date symlink: /home/hrlsh/scrub_nurse_ws/install/ur_robot_manager/include/ur_robot_manager/robot_types.h
[0.955s] -- Up-to-date symlink: /home/hrlsh/scrub_nurse_ws/install/ur_robot_manager/include/ur_robot_manager/utils/robot_trajectory.h
[0.955s] -- Up-to-date symlink: /home/hrlsh/scrub_nurse_ws/install/ur_robot_manager/include/ur_robot_manager/utils/ur_kinematics.h
[0.955s] -- Up-to-date symlink: /home/hrlsh/scrub_nurse_ws/install/ur_robot_manager/share/ur_robot_manager/config/calibration/ur5e_dh_params.yaml
[0.956s] -- Up-to-date symlink: /home/hrlsh/scrub_nurse_ws/install/ur_robot_manager/share/ament_index/resource_index/package_run_dependencies/ur_robot_manager
[0.956s] -- Up-to-date symlink: /home/hrlsh/scrub_nurse_ws/install/ur_robot_manager/share/ament_index/resource_index/parent_prefix_path/ur_robot_manager
[0.956s] -- Up-to-date symlink: /home/hrlsh/scrub_nurse_ws/install/ur_robot_manager/share/ur_robot_manager/environment/ament_prefix_path.sh
[0.956s] -- Up-to-date symlink: /home/hrlsh/scrub_nurse_ws/install/ur_robot_manager/share/ur_robot_manager/environment/ament_prefix_path.dsv
[0.956s] -- Up-to-date symlink: /home/hrlsh/scrub_nurse_ws/install/ur_robot_manager/share/ur_robot_manager/environment/path.sh
[0.956s] -- Up-to-date symlink: /home/hrlsh/scrub_nurse_ws/install/ur_robot_manager/share/ur_robot_manager/environment/path.dsv
[0.956s] -- Up-to-date symlink: /home/hrlsh/scrub_nurse_ws/install/ur_robot_manager/share/ur_robot_manager/local_setup.bash
[0.956s] -- Up-to-date symlink: /home/hrlsh/scrub_nurse_ws/install/ur_robot_manager/share/ur_robot_manager/local_setup.sh
[0.956s] -- Up-to-date symlink: /home/hrlsh/scrub_nurse_ws/install/ur_robot_manager/share/ur_robot_manager/local_setup.zsh
[0.956s] -- Up-to-date symlink: /home/hrlsh/scrub_nurse_ws/install/ur_robot_manager/share/ur_robot_manager/local_setup.dsv
[0.956s] -- Symlinking: /home/hrlsh/scrub_nurse_ws/install/ur_robot_manager/share/ur_robot_manager/package.dsv
[0.962s] -- Up-to-date symlink: /home/hrlsh/scrub_nurse_ws/install/ur_robot_manager/share/ament_index/resource_index/packages/ur_robot_manager
[0.962s] -- Up-to-date symlink: /home/hrlsh/scrub_nurse_ws/install/ur_robot_manager/share/ur_robot_manager/cmake/ur_robot_managerConfig.cmake
[0.962s] -- Up-to-date symlink: /home/hrlsh/scrub_nurse_ws/install/ur_robot_manager/share/ur_robot_manager/cmake/ur_robot_managerConfig-version.cmake
[0.962s] -- Up-to-date symlink: /home/hrlsh/scrub_nurse_ws/install/ur_robot_manager/share/ur_robot_manager/package.xml
[0.964s] Invoked command in '/home/hrlsh/scrub_nurse_ws/build/ur_robot_manager' returned '0': AMENT_PREFIX_PATH=/home/hrlsh/scrub_nurse_ws/install/ur_robot_manager_interfaces:/home/hrlsh/scrub_nurse_ws/install/gripper_interfaces:${AMENT_PREFIX_PATH} CMAKE_PREFIX_PATH=/home/hrlsh/scrub_nurse_ws/install/ur_robot_manager_interfaces:/home/hrlsh/scrub_nurse_ws/install/gripper_interfaces:/opt/ros/humble LD_LIBRARY_PATH=/home/hrlsh/scrub_nurse_ws/install/ur_robot_manager_interfaces/lib:/home/hrlsh/scrub_nurse_ws/install/gripper_interfaces/lib:${LD_LIBRARY_PATH} PYTHONPATH=/home/hrlsh/scrub_nurse_ws/install/ur_robot_manager_interfaces/local/lib/python3.10/dist-packages:/home/hrlsh/scrub_nurse_ws/install/gripper_interfaces/local/lib/python3.10/dist-packages:${PYTHONPATH} /usr/bin/cmake --install /home/hrlsh/scrub_nurse_ws/build/ur_robot_manager
