-- The C compiler identification is GNU 11.4.0
-- The CXX compiler identification is GNU 11.4.0
-- Detecting C compiler ABI info
-- Detecting C compiler ABI info - done
-- Check for working C compiler: /usr/bin/cc - skipped
-- Detecting C compile features
-- Detecting C compile features - done
-- Detecting CXX compiler ABI info
-- Detecting CXX compiler ABI info - done
-- Check for working CXX compiler: /usr/bin/c++ - skipped
-- Detecting CXX compile features
-- Detecting CXX compile features - done
-- Found ament_cmake: 1.3.14 (/opt/ros/humble/share/ament_cmake/cmake)
-- Found Python3: /home/hrlsh/ai_env/vla_venv/bin/python3 (found version "3.10.12") found components: Interpreter
-- Override CMake install command with custom implementation using symlinks instead of copying resources
-- Configuring done (2.5s)
-- Generating done (0.0s)
-- Build files have been written to: /home/hrlsh/scrub_nurse_ws/build/nurse_bringup
-- Install configuration: ""
-- Execute custom install script
-- Symlinking: /home/hrlsh/scrub_nurse_ws/install/nurse_bringup/share/nurse_bringup/launch/cameras_only_launch.py
-- Symlinking: /home/hrlsh/scrub_nurse_ws/install/nurse_bringup/share/nurse_bringup/launch/full_system_launch.py
-- Symlinking: /home/hrlsh/scrub_nurse_ws/install/nurse_bringup/share/nurse_bringup/launch/robot_only_launch.py
-- Symlinking: /home/hrlsh/scrub_nurse_ws/install/nurse_bringup/share/nurse_bringup/config/camera_params.yaml
-- Symlinking: /home/hrlsh/scrub_nurse_ws/install/nurse_bringup/share/nurse_bringup/config/robot_params.yaml
-- Symlinking: /home/hrlsh/scrub_nurse_ws/install/nurse_bringup/share/nurse_bringup/config/vla_params.yaml
-- Symlinking: /home/hrlsh/scrub_nurse_ws/install/nurse_bringup/share/ament_index/resource_index/package_run_dependencies/nurse_bringup
-- Symlinking: /home/hrlsh/scrub_nurse_ws/install/nurse_bringup/share/ament_index/resource_index/parent_prefix_path/nurse_bringup
-- Symlinking: /home/hrlsh/scrub_nurse_ws/install/nurse_bringup/share/nurse_bringup/environment/ament_prefix_path.sh
-- Symlinking: /home/hrlsh/scrub_nurse_ws/install/nurse_bringup/share/nurse_bringup/environment/ament_prefix_path.dsv
-- Symlinking: /home/hrlsh/scrub_nurse_ws/install/nurse_bringup/share/nurse_bringup/environment/path.sh
-- Symlinking: /home/hrlsh/scrub_nurse_ws/install/nurse_bringup/share/nurse_bringup/environment/path.dsv
-- Symlinking: /home/hrlsh/scrub_nurse_ws/install/nurse_bringup/share/nurse_bringup/local_setup.bash
-- Symlinking: /home/hrlsh/scrub_nurse_ws/install/nurse_bringup/share/nurse_bringup/local_setup.sh
-- Symlinking: /home/hrlsh/scrub_nurse_ws/install/nurse_bringup/share/nurse_bringup/local_setup.zsh
-- Symlinking: /home/hrlsh/scrub_nurse_ws/install/nurse_bringup/share/nurse_bringup/local_setup.dsv
-- Symlinking: /home/hrlsh/scrub_nurse_ws/install/nurse_bringup/share/nurse_bringup/package.dsv
-- Symlinking: /home/hrlsh/scrub_nurse_ws/install/nurse_bringup/share/ament_index/resource_index/packages/nurse_bringup
-- Symlinking: /home/hrlsh/scrub_nurse_ws/install/nurse_bringup/share/nurse_bringup/cmake/nurse_bringupConfig.cmake
-- Symlinking: /home/hrlsh/scrub_nurse_ws/install/nurse_bringup/share/nurse_bringup/cmake/nurse_bringupConfig-version.cmake
-- Symlinking: /home/hrlsh/scrub_nurse_ws/install/nurse_bringup/share/nurse_bringup/package.xml
