[0.011s] Invoking command in '/home/hrlsh/scrub_nurse_ws/build/nurse_bringup': AMENT_PREFIX_PATH=/home/hrlsh/scrub_nurse_ws/install/ur_robot_manager:/home/hrlsh/scrub_nurse_ws/install/nurse_planning:/home/hrlsh/scrub_nurse_ws/install/nurse_perception:/home/hrlsh/scrub_nurse_ws/install/nurse_control:/home/hrlsh/scrub_nurse_ws/install/gripper_test:/home/hrlsh/scrub_nurse_ws/install/ur_robot_manager_interfaces:/home/hrlsh/scrub_nurse_ws/install/nurse_interfaces:/home/hrlsh/scrub_nurse_ws/install/gripper_interfaces:${AMENT_PREFIX_PATH} CMAKE_PREFIX_PATH=/home/hrlsh/scrub_nurse_ws/install/ur_robot_manager:/home/hrlsh/scrub_nurse_ws/install/gripper_test:/home/hrlsh/scrub_nurse_ws/install/ur_robot_manager_interfaces:/home/hrlsh/scrub_nurse_ws/install/nurse_interfaces:/home/hrlsh/scrub_nurse_ws/install/gripper_interfaces:/opt/ros/humble LD_LIBRARY_PATH=/home/hrlsh/scrub_nurse_ws/install/ur_robot_manager/lib:/home/hrlsh/scrub_nurse_ws/install/ur_robot_manager_interfaces/lib:/home/hrlsh/scrub_nurse_ws/install/nurse_interfaces/lib:/home/hrlsh/scrub_nurse_ws/install/gripper_interfaces/lib:${LD_LIBRARY_PATH} PS1=(vla_venv) PYTHONPATH=/home/hrlsh/scrub_nurse_ws/build/nurse_planning:/home/hrlsh/scrub_nurse_ws/install/nurse_planning/lib/python3.10/site-packages:/home/hrlsh/scrub_nurse_ws/build/nurse_perception:/home/hrlsh/scrub_nurse_ws/install/nurse_perception/lib/python3.10/site-packages:/home/hrlsh/scrub_nurse_ws/build/nurse_control:/home/hrlsh/scrub_nurse_ws/install/nurse_control/lib/python3.10/site-packages:/home/hrlsh/scrub_nurse_ws/install/ur_robot_manager_interfaces/local/lib/python3.10/dist-packages:/home/hrlsh/scrub_nurse_ws/install/nurse_interfaces/local/lib/python3.10/dist-packages:/home/hrlsh/scrub_nurse_ws/install/gripper_interfaces/local/lib/python3.10/dist-packages:${PYTHONPATH} VIRTUAL_ENV_PROMPT=(vla_venv) /home/hrlsh/ai_env/vla_venv/bin/cmake /home/hrlsh/scrub_nurse_ws/src/nurse_bringup -DPython3_EXECUTABLE=/home/hrlsh/ai_env/vla_venv/bin/python3 -DAMENT_CMAKE_SYMLINK_INSTALL=1 -DCMAKE_INSTALL_PREFIX=/home/hrlsh/scrub_nurse_ws/install/nurse_bringup
[0.111s] CMake Deprecation Warning at CMakeLists.txt:1 (cmake_minimum_required):
[0.111s]   Compatibility with CMake < 3.10 will be removed from a future version of
[0.111s]   CMake.
[0.111s] 
[0.112s]   Update the VERSION argument <min> value.  Or, use the <min>...<max> syntax
[0.112s]   to tell CMake that the project requires at least <min> but has been updated
[0.112s]   to work with policies introduced by <max> or earlier.
[0.112s] 
[0.112s] 
[0.263s] -- The C compiler identification is GNU 11.4.0
[0.516s] -- The CXX compiler identification is GNU 11.4.0
[0.552s] -- Detecting C compiler ABI info
[0.738s] -- Detecting C compiler ABI info - done
[0.828s] -- Check for working C compiler: /usr/bin/cc - skipped
[0.829s] -- Detecting C compile features
[0.831s] -- Detecting C compile features - done
[0.876s] -- Detecting CXX compiler ABI info
[1.110s] -- Detecting CXX compiler ABI info - done
[1.185s] -- Check for working CXX compiler: /usr/bin/c++ - skipped
[1.186s] -- Detecting CXX compile features
[1.189s] -- Detecting CXX compile features - done
[1.215s] -- Found ament_cmake: 1.3.14 (/opt/ros/humble/share/ament_cmake/cmake)
[2.028s] -- Found Python3: /home/hrlsh/ai_env/vla_venv/bin/python3 (found version "3.10.12") found components: Interpreter
[2.249s] -- Override CMake install command with custom implementation using symlinks instead of copying resources
[2.560s] -- Configuring done (2.5s)
[2.568s] -- Generating done (0.0s)
[2.570s] -- Build files have been written to: /home/hrlsh/scrub_nurse_ws/build/nurse_bringup
[2.584s] Invoked command in '/home/hrlsh/scrub_nurse_ws/build/nurse_bringup' returned '0': AMENT_PREFIX_PATH=/home/hrlsh/scrub_nurse_ws/install/ur_robot_manager:/home/hrlsh/scrub_nurse_ws/install/nurse_planning:/home/hrlsh/scrub_nurse_ws/install/nurse_perception:/home/hrlsh/scrub_nurse_ws/install/nurse_control:/home/hrlsh/scrub_nurse_ws/install/gripper_test:/home/hrlsh/scrub_nurse_ws/install/ur_robot_manager_interfaces:/home/hrlsh/scrub_nurse_ws/install/nurse_interfaces:/home/hrlsh/scrub_nurse_ws/install/gripper_interfaces:${AMENT_PREFIX_PATH} CMAKE_PREFIX_PATH=/home/hrlsh/scrub_nurse_ws/install/ur_robot_manager:/home/hrlsh/scrub_nurse_ws/install/gripper_test:/home/hrlsh/scrub_nurse_ws/install/ur_robot_manager_interfaces:/home/hrlsh/scrub_nurse_ws/install/nurse_interfaces:/home/hrlsh/scrub_nurse_ws/install/gripper_interfaces:/opt/ros/humble LD_LIBRARY_PATH=/home/hrlsh/scrub_nurse_ws/install/ur_robot_manager/lib:/home/hrlsh/scrub_nurse_ws/install/ur_robot_manager_interfaces/lib:/home/hrlsh/scrub_nurse_ws/install/nurse_interfaces/lib:/home/hrlsh/scrub_nurse_ws/install/gripper_interfaces/lib:${LD_LIBRARY_PATH} PS1=(vla_venv) PYTHONPATH=/home/hrlsh/scrub_nurse_ws/build/nurse_planning:/home/hrlsh/scrub_nurse_ws/install/nurse_planning/lib/python3.10/site-packages:/home/hrlsh/scrub_nurse_ws/build/nurse_perception:/home/hrlsh/scrub_nurse_ws/install/nurse_perception/lib/python3.10/site-packages:/home/hrlsh/scrub_nurse_ws/build/nurse_control:/home/hrlsh/scrub_nurse_ws/install/nurse_control/lib/python3.10/site-packages:/home/hrlsh/scrub_nurse_ws/install/ur_robot_manager_interfaces/local/lib/python3.10/dist-packages:/home/hrlsh/scrub_nurse_ws/install/nurse_interfaces/local/lib/python3.10/dist-packages:/home/hrlsh/scrub_nurse_ws/install/gripper_interfaces/local/lib/python3.10/dist-packages:${PYTHONPATH} VIRTUAL_ENV_PROMPT=(vla_venv) /home/hrlsh/ai_env/vla_venv/bin/cmake /home/hrlsh/scrub_nurse_ws/src/nurse_bringup -DPython3_EXECUTABLE=/home/hrlsh/ai_env/vla_venv/bin/python3 -DAMENT_CMAKE_SYMLINK_INSTALL=1 -DCMAKE_INSTALL_PREFIX=/home/hrlsh/scrub_nurse_ws/install/nurse_bringup
[2.591s] Invoking command in '/home/hrlsh/scrub_nurse_ws/build/nurse_bringup': AMENT_PREFIX_PATH=/home/hrlsh/scrub_nurse_ws/install/ur_robot_manager:/home/hrlsh/scrub_nurse_ws/install/nurse_planning:/home/hrlsh/scrub_nurse_ws/install/nurse_perception:/home/hrlsh/scrub_nurse_ws/install/nurse_control:/home/hrlsh/scrub_nurse_ws/install/gripper_test:/home/hrlsh/scrub_nurse_ws/install/ur_robot_manager_interfaces:/home/hrlsh/scrub_nurse_ws/install/nurse_interfaces:/home/hrlsh/scrub_nurse_ws/install/gripper_interfaces:${AMENT_PREFIX_PATH} CMAKE_PREFIX_PATH=/home/hrlsh/scrub_nurse_ws/install/ur_robot_manager:/home/hrlsh/scrub_nurse_ws/install/gripper_test:/home/hrlsh/scrub_nurse_ws/install/ur_robot_manager_interfaces:/home/hrlsh/scrub_nurse_ws/install/nurse_interfaces:/home/hrlsh/scrub_nurse_ws/install/gripper_interfaces:/opt/ros/humble LD_LIBRARY_PATH=/home/hrlsh/scrub_nurse_ws/install/ur_robot_manager/lib:/home/hrlsh/scrub_nurse_ws/install/ur_robot_manager_interfaces/lib:/home/hrlsh/scrub_nurse_ws/install/nurse_interfaces/lib:/home/hrlsh/scrub_nurse_ws/install/gripper_interfaces/lib:${LD_LIBRARY_PATH} PS1=(vla_venv) PYTHONPATH=/home/hrlsh/scrub_nurse_ws/build/nurse_planning:/home/hrlsh/scrub_nurse_ws/install/nurse_planning/lib/python3.10/site-packages:/home/hrlsh/scrub_nurse_ws/build/nurse_perception:/home/hrlsh/scrub_nurse_ws/install/nurse_perception/lib/python3.10/site-packages:/home/hrlsh/scrub_nurse_ws/build/nurse_control:/home/hrlsh/scrub_nurse_ws/install/nurse_control/lib/python3.10/site-packages:/home/hrlsh/scrub_nurse_ws/install/ur_robot_manager_interfaces/local/lib/python3.10/dist-packages:/home/hrlsh/scrub_nurse_ws/install/nurse_interfaces/local/lib/python3.10/dist-packages:/home/hrlsh/scrub_nurse_ws/install/gripper_interfaces/local/lib/python3.10/dist-packages:${PYTHONPATH} VIRTUAL_ENV_PROMPT=(vla_venv) /home/hrlsh/ai_env/vla_venv/bin/cmake --build /home/hrlsh/scrub_nurse_ws/build/nurse_bringup -- -j20 -l20
[2.988s] Invoked command in '/home/hrlsh/scrub_nurse_ws/build/nurse_bringup' returned '0': AMENT_PREFIX_PATH=/home/hrlsh/scrub_nurse_ws/install/ur_robot_manager:/home/hrlsh/scrub_nurse_ws/install/nurse_planning:/home/hrlsh/scrub_nurse_ws/install/nurse_perception:/home/hrlsh/scrub_nurse_ws/install/nurse_control:/home/hrlsh/scrub_nurse_ws/install/gripper_test:/home/hrlsh/scrub_nurse_ws/install/ur_robot_manager_interfaces:/home/hrlsh/scrub_nurse_ws/install/nurse_interfaces:/home/hrlsh/scrub_nurse_ws/install/gripper_interfaces:${AMENT_PREFIX_PATH} CMAKE_PREFIX_PATH=/home/hrlsh/scrub_nurse_ws/install/ur_robot_manager:/home/hrlsh/scrub_nurse_ws/install/gripper_test:/home/hrlsh/scrub_nurse_ws/install/ur_robot_manager_interfaces:/home/hrlsh/scrub_nurse_ws/install/nurse_interfaces:/home/hrlsh/scrub_nurse_ws/install/gripper_interfaces:/opt/ros/humble LD_LIBRARY_PATH=/home/hrlsh/scrub_nurse_ws/install/ur_robot_manager/lib:/home/hrlsh/scrub_nurse_ws/install/ur_robot_manager_interfaces/lib:/home/hrlsh/scrub_nurse_ws/install/nurse_interfaces/lib:/home/hrlsh/scrub_nurse_ws/install/gripper_interfaces/lib:${LD_LIBRARY_PATH} PS1=(vla_venv) PYTHONPATH=/home/hrlsh/scrub_nurse_ws/build/nurse_planning:/home/hrlsh/scrub_nurse_ws/install/nurse_planning/lib/python3.10/site-packages:/home/hrlsh/scrub_nurse_ws/build/nurse_perception:/home/hrlsh/scrub_nurse_ws/install/nurse_perception/lib/python3.10/site-packages:/home/hrlsh/scrub_nurse_ws/build/nurse_control:/home/hrlsh/scrub_nurse_ws/install/nurse_control/lib/python3.10/site-packages:/home/hrlsh/scrub_nurse_ws/install/ur_robot_manager_interfaces/local/lib/python3.10/dist-packages:/home/hrlsh/scrub_nurse_ws/install/nurse_interfaces/local/lib/python3.10/dist-packages:/home/hrlsh/scrub_nurse_ws/install/gripper_interfaces/local/lib/python3.10/dist-packages:${PYTHONPATH} VIRTUAL_ENV_PROMPT=(vla_venv) /home/hrlsh/ai_env/vla_venv/bin/cmake --build /home/hrlsh/scrub_nurse_ws/build/nurse_bringup -- -j20 -l20
[3.256s] Invoking command in '/home/hrlsh/scrub_nurse_ws/build/nurse_bringup': AMENT_PREFIX_PATH=/home/hrlsh/scrub_nurse_ws/install/ur_robot_manager:/home/hrlsh/scrub_nurse_ws/install/nurse_planning:/home/hrlsh/scrub_nurse_ws/install/nurse_perception:/home/hrlsh/scrub_nurse_ws/install/nurse_control:/home/hrlsh/scrub_nurse_ws/install/gripper_test:/home/hrlsh/scrub_nurse_ws/install/ur_robot_manager_interfaces:/home/hrlsh/scrub_nurse_ws/install/nurse_interfaces:/home/hrlsh/scrub_nurse_ws/install/gripper_interfaces:${AMENT_PREFIX_PATH} CMAKE_PREFIX_PATH=/home/hrlsh/scrub_nurse_ws/install/ur_robot_manager:/home/hrlsh/scrub_nurse_ws/install/gripper_test:/home/hrlsh/scrub_nurse_ws/install/ur_robot_manager_interfaces:/home/hrlsh/scrub_nurse_ws/install/nurse_interfaces:/home/hrlsh/scrub_nurse_ws/install/gripper_interfaces:/opt/ros/humble LD_LIBRARY_PATH=/home/hrlsh/scrub_nurse_ws/install/ur_robot_manager/lib:/home/hrlsh/scrub_nurse_ws/install/ur_robot_manager_interfaces/lib:/home/hrlsh/scrub_nurse_ws/install/nurse_interfaces/lib:/home/hrlsh/scrub_nurse_ws/install/gripper_interfaces/lib:${LD_LIBRARY_PATH} PS1=(vla_venv) PYTHONPATH=/home/hrlsh/scrub_nurse_ws/build/nurse_planning:/home/hrlsh/scrub_nurse_ws/install/nurse_planning/lib/python3.10/site-packages:/home/hrlsh/scrub_nurse_ws/build/nurse_perception:/home/hrlsh/scrub_nurse_ws/install/nurse_perception/lib/python3.10/site-packages:/home/hrlsh/scrub_nurse_ws/build/nurse_control:/home/hrlsh/scrub_nurse_ws/install/nurse_control/lib/python3.10/site-packages:/home/hrlsh/scrub_nurse_ws/install/ur_robot_manager_interfaces/local/lib/python3.10/dist-packages:/home/hrlsh/scrub_nurse_ws/install/nurse_interfaces/local/lib/python3.10/dist-packages:/home/hrlsh/scrub_nurse_ws/install/gripper_interfaces/local/lib/python3.10/dist-packages:${PYTHONPATH} VIRTUAL_ENV_PROMPT=(vla_venv) /home/hrlsh/ai_env/vla_venv/bin/cmake --install /home/hrlsh/scrub_nurse_ws/build/nurse_bringup
[3.495s] -- Install configuration: ""
[3.496s] -- Execute custom install script
[3.498s] -- Symlinking: /home/hrlsh/scrub_nurse_ws/install/nurse_bringup/share/nurse_bringup/launch/cameras_only_launch.py
[3.506s] -- Symlinking: /home/hrlsh/scrub_nurse_ws/install/nurse_bringup/share/nurse_bringup/launch/full_system_launch.py
[3.514s] -- Symlinking: /home/hrlsh/scrub_nurse_ws/install/nurse_bringup/share/nurse_bringup/launch/robot_only_launch.py
[3.523s] -- Symlinking: /home/hrlsh/scrub_nurse_ws/install/nurse_bringup/share/nurse_bringup/config/camera_params.yaml
[3.532s] -- Symlinking: /home/hrlsh/scrub_nurse_ws/install/nurse_bringup/share/nurse_bringup/config/robot_params.yaml
[3.540s] -- Symlinking: /home/hrlsh/scrub_nurse_ws/install/nurse_bringup/share/nurse_bringup/config/vla_params.yaml
[3.549s] -- Symlinking: /home/hrlsh/scrub_nurse_ws/install/nurse_bringup/share/ament_index/resource_index/package_run_dependencies/nurse_bringup
[3.558s] -- Symlinking: /home/hrlsh/scrub_nurse_ws/install/nurse_bringup/share/ament_index/resource_index/parent_prefix_path/nurse_bringup
[3.567s] -- Symlinking: /home/hrlsh/scrub_nurse_ws/install/nurse_bringup/share/nurse_bringup/environment/ament_prefix_path.sh
[3.575s] -- Symlinking: /home/hrlsh/scrub_nurse_ws/install/nurse_bringup/share/nurse_bringup/environment/ament_prefix_path.dsv
[3.583s] -- Symlinking: /home/hrlsh/scrub_nurse_ws/install/nurse_bringup/share/nurse_bringup/environment/path.sh
[3.591s] -- Symlinking: /home/hrlsh/scrub_nurse_ws/install/nurse_bringup/share/nurse_bringup/environment/path.dsv
[3.600s] -- Symlinking: /home/hrlsh/scrub_nurse_ws/install/nurse_bringup/share/nurse_bringup/local_setup.bash
[3.608s] -- Symlinking: /home/hrlsh/scrub_nurse_ws/install/nurse_bringup/share/nurse_bringup/local_setup.sh
[3.616s] -- Symlinking: /home/hrlsh/scrub_nurse_ws/install/nurse_bringup/share/nurse_bringup/local_setup.zsh
[3.624s] -- Symlinking: /home/hrlsh/scrub_nurse_ws/install/nurse_bringup/share/nurse_bringup/local_setup.dsv
[3.633s] -- Symlinking: /home/hrlsh/scrub_nurse_ws/install/nurse_bringup/share/nurse_bringup/package.dsv
[3.641s] -- Symlinking: /home/hrlsh/scrub_nurse_ws/install/nurse_bringup/share/ament_index/resource_index/packages/nurse_bringup
[3.649s] -- Symlinking: /home/hrlsh/scrub_nurse_ws/install/nurse_bringup/share/nurse_bringup/cmake/nurse_bringupConfig.cmake
[3.658s] -- Symlinking: /home/hrlsh/scrub_nurse_ws/install/nurse_bringup/share/nurse_bringup/cmake/nurse_bringupConfig-version.cmake
[3.667s] -- Symlinking: /home/hrlsh/scrub_nurse_ws/install/nurse_bringup/share/nurse_bringup/package.xml
[3.679s] Invoked command in '/home/hrlsh/scrub_nurse_ws/build/nurse_bringup' returned '0': AMENT_PREFIX_PATH=/home/hrlsh/scrub_nurse_ws/install/ur_robot_manager:/home/hrlsh/scrub_nurse_ws/install/nurse_planning:/home/hrlsh/scrub_nurse_ws/install/nurse_perception:/home/hrlsh/scrub_nurse_ws/install/nurse_control:/home/hrlsh/scrub_nurse_ws/install/gripper_test:/home/hrlsh/scrub_nurse_ws/install/ur_robot_manager_interfaces:/home/hrlsh/scrub_nurse_ws/install/nurse_interfaces:/home/hrlsh/scrub_nurse_ws/install/gripper_interfaces:${AMENT_PREFIX_PATH} CMAKE_PREFIX_PATH=/home/hrlsh/scrub_nurse_ws/install/ur_robot_manager:/home/hrlsh/scrub_nurse_ws/install/gripper_test:/home/hrlsh/scrub_nurse_ws/install/ur_robot_manager_interfaces:/home/hrlsh/scrub_nurse_ws/install/nurse_interfaces:/home/hrlsh/scrub_nurse_ws/install/gripper_interfaces:/opt/ros/humble LD_LIBRARY_PATH=/home/hrlsh/scrub_nurse_ws/install/ur_robot_manager/lib:/home/hrlsh/scrub_nurse_ws/install/ur_robot_manager_interfaces/lib:/home/hrlsh/scrub_nurse_ws/install/nurse_interfaces/lib:/home/hrlsh/scrub_nurse_ws/install/gripper_interfaces/lib:${LD_LIBRARY_PATH} PS1=(vla_venv) PYTHONPATH=/home/hrlsh/scrub_nurse_ws/build/nurse_planning:/home/hrlsh/scrub_nurse_ws/install/nurse_planning/lib/python3.10/site-packages:/home/hrlsh/scrub_nurse_ws/build/nurse_perception:/home/hrlsh/scrub_nurse_ws/install/nurse_perception/lib/python3.10/site-packages:/home/hrlsh/scrub_nurse_ws/build/nurse_control:/home/hrlsh/scrub_nurse_ws/install/nurse_control/lib/python3.10/site-packages:/home/hrlsh/scrub_nurse_ws/install/ur_robot_manager_interfaces/local/lib/python3.10/dist-packages:/home/hrlsh/scrub_nurse_ws/install/nurse_interfaces/local/lib/python3.10/dist-packages:/home/hrlsh/scrub_nurse_ws/install/gripper_interfaces/local/lib/python3.10/dist-packages:${PYTHONPATH} VIRTUAL_ENV_PROMPT=(vla_venv) /home/hrlsh/ai_env/vla_venv/bin/cmake --install /home/hrlsh/scrub_nurse_ws/build/nurse_bringup
