[0.008s] Invoking command in '/home/hrlsh/scrub_nurse_ws/build/aruco_interfaces': CMAKE_PREFIX_PATH=/opt/ros/humble /usr/bin/cmake /home/hrlsh/scrub_nurse_ws/src/aruco_interfaces -DAMENT_CMAKE_SYMLINK_INSTALL=1 -DCMAKE_INSTALL_PREFIX=/home/hrlsh/scrub_nurse_ws/install/aruco_interfaces
[0.081s] -- The C compiler identification is GNU 11.4.0
[0.235s] -- The CXX compiler identification is GNU 11.4.0
[0.264s] -- Detecting C compiler ABI info
[0.474s] -- Detecting C compiler ABI info - done
[0.527s] -- Check for working C compiler: /usr/bin/cc - skipped
[0.529s] -- Detecting C compile features
[0.531s] -- Detecting C compile features - done
[0.550s] -- Detecting CXX compiler ABI info
[0.847s] -- Detecting CXX compiler ABI info - done
[0.888s] -- Check for working CXX compiler: /usr/bin/c++ - skipped
[0.889s] -- Detecting CXX compile features
[0.891s] -- Detecting CXX compile features - done
[0.898s] -- Found ament_cmake: 1.3.14 (/opt/ros/humble/share/ament_cmake/cmake)
[1.439s] -- Found Python3: /usr/bin/python3 (found version "3.10.12") found components: Interpreter 
[1.568s] -- Override CMake install command with custom implementation using symlinks instead of copying resources
[1.627s] -- Found rosidl_default_generators: 1.2.1 (/opt/ros/humble/share/rosidl_default_generators/cmake)
[1.638s] -- Using all available rosidl_typesupport_c: rosidl_typesupport_fastrtps_c;rosidl_typesupport_introspection_c
[1.662s] -- Found rosidl_adapter: 3.1.8 (/opt/ros/humble/share/rosidl_adapter/cmake)
[1.854s] -- Using all available rosidl_typesupport_cpp: rosidl_typesupport_fastrtps_cpp;rosidl_typesupport_introspection_cpp
[2.053s] -- Found std_msgs: 4.9.1 (/opt/ros/humble/share/std_msgs/cmake)
[2.174s] -- Found geometry_msgs: 4.9.1 (/opt/ros/humble/share/geometry_msgs/cmake)
[2.715s] -- Found ament_cmake_ros: 0.10.0 (/opt/ros/humble/share/ament_cmake_ros/cmake)
[3.060s] -- Using all available rosidl_typesupport_c: rosidl_typesupport_fastrtps_c;rosidl_typesupport_introspection_c
[4.081s] -- Using all available rosidl_typesupport_cpp: rosidl_typesupport_fastrtps_cpp;rosidl_typesupport_introspection_cpp
[4.191s] -- Found PythonInterp: /usr/bin/python3 (found suitable version "3.10.12", minimum required is "3.6") 
[4.196s] -- Found python_cmake_module: 0.10.0 (/opt/ros/humble/share/python_cmake_module/cmake)
[4.275s] -- Found PythonLibs: /usr/lib/x86_64-linux-gnu/libpython3.10.so (found suitable version "3.10.12", minimum required is "3.5") 
[4.275s] -- Using PYTHON_EXECUTABLE: /usr/bin/python3
[4.275s] -- Using PYTHON_INCLUDE_DIRS: /usr/include/python3.10
[4.275s] -- Using PYTHON_LIBRARIES: /usr/lib/x86_64-linux-gnu/libpython3.10.so
[4.304s] -- Found PythonExtra: .so  
[4.481s] -- Found ament_lint_auto: 0.12.15 (/opt/ros/humble/share/ament_lint_auto/cmake)
[4.517s] -- Added test 'copyright' to check source files copyright and LICENSE
[4.519s] -- Added test 'lint_cmake' to check CMake code style
[4.520s] -- Added test 'xmllint' to check XML markup files
[4.526s] -- Configuring done
[4.570s] -- Generating done
[4.585s] -- Build files have been written to: /home/hrlsh/scrub_nurse_ws/build/aruco_interfaces
[4.597s] Invoked command in '/home/hrlsh/scrub_nurse_ws/build/aruco_interfaces' returned '0': CMAKE_PREFIX_PATH=/opt/ros/humble /usr/bin/cmake /home/hrlsh/scrub_nurse_ws/src/aruco_interfaces -DAMENT_CMAKE_SYMLINK_INSTALL=1 -DCMAKE_INSTALL_PREFIX=/home/hrlsh/scrub_nurse_ws/install/aruco_interfaces
[4.599s] Invoking command in '/home/hrlsh/scrub_nurse_ws/build/aruco_interfaces': CMAKE_PREFIX_PATH=/opt/ros/humble /usr/bin/cmake --build /home/hrlsh/scrub_nurse_ws/build/aruco_interfaces -- -j20 -l20
[4.622s] [  2%] [34m[1mGenerating C code for ROS interfaces[0m
[4.628s] [  7%] [34m[1mGenerating C++ code for ROS interfaces[0m
[4.628s] [  7%] [34m[1mGenerating Rust code for ROS interfaces[0m
[4.636s] [  7%] Built target ament_cmake_python_symlink_aruco_interfaces
[4.951s] [  7%] Built target aruco_interfaces__rs
[4.970s] running egg_info
[4.970s] creating aruco_interfaces.egg-info
[4.970s] writing aruco_interfaces.egg-info/PKG-INFO
[4.971s] writing dependency_links to aruco_interfaces.egg-info/dependency_links.txt
[4.971s] writing top-level names to aruco_interfaces.egg-info/top_level.txt
[4.971s] writing manifest file 'aruco_interfaces.egg-info/SOURCES.txt'
[4.974s] reading manifest file 'aruco_interfaces.egg-info/SOURCES.txt'
[4.975s] writing manifest file 'aruco_interfaces.egg-info/SOURCES.txt'
[4.983s] [ 12%] [32mBuilding C object CMakeFiles/aruco_interfaces__rosidl_generator_c.dir/rosidl_generator_c/aruco_interfaces/msg/detail/marker__functions.c.o[0m
[4.983s] [ 12%] [32mBuilding C object CMakeFiles/aruco_interfaces__rosidl_generator_c.dir/rosidl_generator_c/aruco_interfaces/msg/detail/marker_array__functions.c.o[0m
[5.019s] [ 12%] Built target ament_cmake_python_build_aruco_interfaces_egg
[5.024s] [ 12%] Built target aruco_interfaces__cpp
[5.032s] [ 15%] [34m[1mGenerating C++ type support for eProsima Fast-RTPS[0m
[5.032s] [ 17%] [34m[1mGenerating C++ type support dispatch for ROS interfaces[0m
[5.033s] [ 20%] [34m[1mGenerating C++ introspection for ROS interfaces[0m
[5.045s] [ 22%] [32m[1mLinking C shared library libaruco_interfaces__rosidl_generator_c.so[0m
[5.076s] [ 22%] Built target aruco_interfaces__rosidl_generator_c
[5.092s] [ 25%] [34m[1mGenerating C type support for eProsima Fast-RTPS[0m
[5.125s] [ 27%] [34m[1mGenerating C type support dispatch for ROS interfaces[0m
[5.157s] [ 30%] [34m[1mGenerating C introspection for ROS interfaces[0m
[5.385s] [ 32%] [32mBuilding CXX object CMakeFiles/aruco_interfaces__rosidl_typesupport_introspection_cpp.dir/rosidl_typesupport_introspection_cpp/aruco_interfaces/msg/detail/marker_array__type_support.cpp.o[0m
[5.392s] [ 35%] [32mBuilding CXX object CMakeFiles/aruco_interfaces__rosidl_typesupport_introspection_cpp.dir/rosidl_typesupport_introspection_cpp/aruco_interfaces/msg/detail/marker__type_support.cpp.o[0m
[5.422s] [ 37%] [32mBuilding CXX object CMakeFiles/aruco_interfaces__rosidl_typesupport_cpp.dir/rosidl_typesupport_cpp/aruco_interfaces/msg/marker_array__type_support.cpp.o[0m
[5.431s] [ 40%] [32mBuilding CXX object CMakeFiles/aruco_interfaces__rosidl_typesupport_cpp.dir/rosidl_typesupport_cpp/aruco_interfaces/msg/marker__type_support.cpp.o[0m
[5.463s] [ 42%] [32mBuilding CXX object CMakeFiles/aruco_interfaces__rosidl_typesupport_fastrtps_cpp.dir/rosidl_typesupport_fastrtps_cpp/aruco_interfaces/msg/detail/dds_fastrtps/marker_array__type_support.cpp.o[0m
[5.464s] [ 45%] [32mBuilding CXX object CMakeFiles/aruco_interfaces__rosidl_typesupport_fastrtps_cpp.dir/rosidl_typesupport_fastrtps_cpp/aruco_interfaces/msg/detail/dds_fastrtps/marker__type_support.cpp.o[0m
[5.485s] [ 47%] [32mBuilding CXX object CMakeFiles/aruco_interfaces__rosidl_typesupport_c.dir/rosidl_typesupport_c/aruco_interfaces/msg/marker__type_support.cpp.o[0m
[5.488s] [ 50%] [32mBuilding CXX object CMakeFiles/aruco_interfaces__rosidl_typesupport_c.dir/rosidl_typesupport_c/aruco_interfaces/msg/marker_array__type_support.cpp.o[0m
[5.507s] [ 52%] [32mBuilding CXX object CMakeFiles/aruco_interfaces__rosidl_typesupport_fastrtps_c.dir/rosidl_typesupport_fastrtps_c/aruco_interfaces/msg/detail/marker__type_support_c.cpp.o[0m
[5.516s] [ 55%] [32mBuilding CXX object CMakeFiles/aruco_interfaces__rosidl_typesupport_fastrtps_c.dir/rosidl_typesupport_fastrtps_c/aruco_interfaces/msg/detail/marker_array__type_support_c.cpp.o[0m
[5.537s] [ 57%] [32m[1mLinking CXX shared library libaruco_interfaces__rosidl_typesupport_c.so[0m
[5.584s] [ 60%] [32mBuilding C object CMakeFiles/aruco_interfaces__rosidl_typesupport_introspection_c.dir/rosidl_typesupport_introspection_c/aruco_interfaces/msg/detail/marker_array__type_support.c.o[0m
[5.596s] [ 60%] Built target aruco_interfaces__rosidl_typesupport_c
[5.621s] [ 62%] [32mBuilding C object CMakeFiles/aruco_interfaces__rosidl_typesupport_introspection_c.dir/rosidl_typesupport_introspection_c/aruco_interfaces/msg/detail/marker__type_support.c.o[0m
[5.739s] [ 65%] [32m[1mLinking C shared library libaruco_interfaces__rosidl_typesupport_introspection_c.so[0m
[5.784s] [ 67%] [32m[1mLinking CXX shared library libaruco_interfaces__rosidl_typesupport_cpp.so[0m
[5.831s] [ 67%] Built target aruco_interfaces__rosidl_typesupport_introspection_c
[5.858s] [ 67%] Built target aruco_interfaces__rosidl_typesupport_cpp
[5.921s] [ 70%] [32m[1mLinking CXX shared library libaruco_interfaces__rosidl_typesupport_introspection_cpp.so[0m
[5.985s] [ 72%] [32m[1mLinking CXX shared library libaruco_interfaces__rosidl_typesupport_fastrtps_c.so[0m
[6.001s] [ 72%] Built target aruco_interfaces__rosidl_typesupport_introspection_cpp
[6.099s] [ 72%] Built target aruco_interfaces__rosidl_typesupport_fastrtps_c
[6.105s] [ 75%] [32m[1mLinking CXX shared library libaruco_interfaces__rosidl_typesupport_fastrtps_cpp.so[0m
[6.209s] [ 75%] Built target aruco_interfaces__rosidl_typesupport_fastrtps_cpp
[6.223s] [ 75%] Built target aruco_interfaces
[6.244s] [ 77%] [34m[1mGenerating Python code for ROS interfaces[0m
[6.859s] [ 77%] Built target aruco_interfaces__py
[6.887s] [ 80%] [32mBuilding C object CMakeFiles/aruco_interfaces__rosidl_generator_py.dir/rosidl_generator_py/aruco_interfaces/msg/_marker_array_s.c.o[0m
[6.900s] [ 82%] [32mBuilding C object CMakeFiles/aruco_interfaces__rosidl_generator_py.dir/rosidl_generator_py/aruco_interfaces/msg/_marker_s.c.o[0m
[7.232s] [ 85%] [32m[1mLinking C shared library rosidl_generator_py/aruco_interfaces/libaruco_interfaces__rosidl_generator_py.so[0m
[7.346s] [ 85%] Built target aruco_interfaces__rosidl_generator_py
[7.380s] [ 87%] [32mBuilding C object CMakeFiles/aruco_interfaces__rosidl_typesupport_introspection_c__pyext.dir/rosidl_generator_py/aruco_interfaces/_aruco_interfaces_s.ep.rosidl_typesupport_introspection_c.c.o[0m
[7.433s] [ 90%] [32mBuilding C object CMakeFiles/aruco_interfaces__rosidl_typesupport_fastrtps_c__pyext.dir/rosidl_generator_py/aruco_interfaces/_aruco_interfaces_s.ep.rosidl_typesupport_fastrtps_c.c.o[0m
[7.450s] [ 92%] [32mBuilding C object CMakeFiles/aruco_interfaces__rosidl_typesupport_c__pyext.dir/rosidl_generator_py/aruco_interfaces/_aruco_interfaces_s.ep.rosidl_typesupport_c.c.o[0m
[7.608s] [ 95%] [32m[1mLinking C shared library rosidl_generator_py/aruco_interfaces/aruco_interfaces_s__rosidl_typesupport_introspection_c.cpython-310-x86_64-linux-gnu.so[0m
[7.616s] [ 97%] [32m[1mLinking C shared library rosidl_generator_py/aruco_interfaces/aruco_interfaces_s__rosidl_typesupport_c.cpython-310-x86_64-linux-gnu.so[0m
[7.660s] [ 97%] Built target aruco_interfaces__rosidl_typesupport_c__pyext
[7.681s] [100%] [32m[1mLinking C shared library rosidl_generator_py/aruco_interfaces/aruco_interfaces_s__rosidl_typesupport_fastrtps_c.cpython-310-x86_64-linux-gnu.so[0m
[7.692s] [100%] Built target aruco_interfaces__rosidl_typesupport_introspection_c__pyext
[7.734s] [100%] Built target aruco_interfaces__rosidl_typesupport_fastrtps_c__pyext
[7.746s] Invoked command in '/home/hrlsh/scrub_nurse_ws/build/aruco_interfaces' returned '0': CMAKE_PREFIX_PATH=/opt/ros/humble /usr/bin/cmake --build /home/hrlsh/scrub_nurse_ws/build/aruco_interfaces -- -j20 -l20
[7.755s] Invoking command in '/home/hrlsh/scrub_nurse_ws/build/aruco_interfaces': CMAKE_PREFIX_PATH=/opt/ros/humble /usr/bin/cmake --install /home/hrlsh/scrub_nurse_ws/build/aruco_interfaces
[7.763s] -- Install configuration: ""
[7.763s] -- Execute custom install script
[7.763s] -- Symlinking: /home/hrlsh/scrub_nurse_ws/install/aruco_interfaces/share/ament_index/resource_index/rosidl_interfaces/aruco_interfaces
[7.790s] -- Symlinking: /home/hrlsh/scrub_nurse_ws/install/aruco_interfaces/include/aruco_interfaces/aruco_interfaces/msg/detail/marker__functions.h
[7.817s] -- Symlinking: /home/hrlsh/scrub_nurse_ws/install/aruco_interfaces/include/aruco_interfaces/aruco_interfaces/msg/detail/marker__struct.h
[7.830s] -- Symlinking: /home/hrlsh/scrub_nurse_ws/install/aruco_interfaces/include/aruco_interfaces/aruco_interfaces/msg/detail/marker__type_support.h
[7.838s] -- Symlinking: /home/hrlsh/scrub_nurse_ws/install/aruco_interfaces/include/aruco_interfaces/aruco_interfaces/msg/detail/marker_array__functions.h
[7.846s] -- Symlinking: /home/hrlsh/scrub_nurse_ws/install/aruco_interfaces/include/aruco_interfaces/aruco_interfaces/msg/detail/marker_array__struct.h
[7.855s] -- Symlinking: /home/hrlsh/scrub_nurse_ws/install/aruco_interfaces/include/aruco_interfaces/aruco_interfaces/msg/detail/marker_array__type_support.h
[7.863s] -- Symlinking: /home/hrlsh/scrub_nurse_ws/install/aruco_interfaces/include/aruco_interfaces/aruco_interfaces/msg/marker.h
[7.872s] -- Symlinking: /home/hrlsh/scrub_nurse_ws/install/aruco_interfaces/include/aruco_interfaces/aruco_interfaces/msg/marker_array.h
[7.880s] -- Symlinking: /home/hrlsh/scrub_nurse_ws/install/aruco_interfaces/include/aruco_interfaces/aruco_interfaces/msg/rosidl_generator_c__visibility_control.h
[7.889s] -- Symlinking: /home/hrlsh/scrub_nurse_ws/install/aruco_interfaces/share/aruco_interfaces/environment/library_path.sh
[7.897s] -- Symlinking: /home/hrlsh/scrub_nurse_ws/install/aruco_interfaces/share/aruco_interfaces/environment/library_path.dsv
[7.912s] -- Symlinking: /home/hrlsh/scrub_nurse_ws/install/aruco_interfaces/include/aruco_interfaces/aruco_interfaces/msg/detail/marker__rosidl_typesupport_fastrtps_c.h
[7.921s] -- Symlinking: /home/hrlsh/scrub_nurse_ws/install/aruco_interfaces/include/aruco_interfaces/aruco_interfaces/msg/detail/marker_array__rosidl_typesupport_fastrtps_c.h
[7.930s] -- Symlinking: /home/hrlsh/scrub_nurse_ws/install/aruco_interfaces/include/aruco_interfaces/aruco_interfaces/msg/rosidl_typesupport_fastrtps_c__visibility_control.h
[7.938s] -- Symlinking: /home/hrlsh/scrub_nurse_ws/install/aruco_interfaces/include/aruco_interfaces/aruco_interfaces/msg/detail/marker__rosidl_typesupport_introspection_c.h
[7.949s] -- Symlinking: /home/hrlsh/scrub_nurse_ws/install/aruco_interfaces/include/aruco_interfaces/aruco_interfaces/msg/detail/marker_array__rosidl_typesupport_introspection_c.h
[7.957s] -- Symlinking: /home/hrlsh/scrub_nurse_ws/install/aruco_interfaces/include/aruco_interfaces/aruco_interfaces/msg/rosidl_typesupport_introspection_c__visibility_control.h
[7.965s] -- Symlinking: /home/hrlsh/scrub_nurse_ws/install/aruco_interfaces/include/aruco_interfaces/aruco_interfaces/msg/detail/marker__builder.hpp
[7.973s] -- Symlinking: /home/hrlsh/scrub_nurse_ws/install/aruco_interfaces/include/aruco_interfaces/aruco_interfaces/msg/detail/marker__struct.hpp
[8.002s] -- Symlinking: /home/hrlsh/scrub_nurse_ws/install/aruco_interfaces/include/aruco_interfaces/aruco_interfaces/msg/detail/marker__traits.hpp
[8.035s] -- Symlinking: /home/hrlsh/scrub_nurse_ws/install/aruco_interfaces/include/aruco_interfaces/aruco_interfaces/msg/detail/marker__type_support.hpp
[8.044s] -- Symlinking: /home/hrlsh/scrub_nurse_ws/install/aruco_interfaces/include/aruco_interfaces/aruco_interfaces/msg/detail/marker_array__builder.hpp
[8.062s] -- Symlinking: /home/hrlsh/scrub_nurse_ws/install/aruco_interfaces/include/aruco_interfaces/aruco_interfaces/msg/detail/marker_array__struct.hpp
[8.073s] -- Symlinking: /home/hrlsh/scrub_nurse_ws/install/aruco_interfaces/include/aruco_interfaces/aruco_interfaces/msg/detail/marker_array__traits.hpp
[8.082s] -- Symlinking: /home/hrlsh/scrub_nurse_ws/install/aruco_interfaces/include/aruco_interfaces/aruco_interfaces/msg/detail/marker_array__type_support.hpp
[8.090s] -- Symlinking: /home/hrlsh/scrub_nurse_ws/install/aruco_interfaces/include/aruco_interfaces/aruco_interfaces/msg/marker.hpp
[8.112s] -- Symlinking: /home/hrlsh/scrub_nurse_ws/install/aruco_interfaces/include/aruco_interfaces/aruco_interfaces/msg/marker_array.hpp
[8.125s] -- Symlinking: /home/hrlsh/scrub_nurse_ws/install/aruco_interfaces/include/aruco_interfaces/aruco_interfaces/msg/rosidl_generator_cpp__visibility_control.hpp
[8.163s] -- Symlinking: /home/hrlsh/scrub_nurse_ws/install/aruco_interfaces/include/aruco_interfaces/aruco_interfaces/msg/detail/marker__rosidl_typesupport_fastrtps_cpp.hpp
[8.195s] -- Symlinking: /home/hrlsh/scrub_nurse_ws/install/aruco_interfaces/include/aruco_interfaces/aruco_interfaces/msg/detail/marker_array__rosidl_typesupport_fastrtps_cpp.hpp
[8.205s] -- Symlinking: /home/hrlsh/scrub_nurse_ws/install/aruco_interfaces/include/aruco_interfaces/aruco_interfaces/msg/rosidl_typesupport_fastrtps_cpp__visibility_control.h
[8.219s] -- Symlinking: /home/hrlsh/scrub_nurse_ws/install/aruco_interfaces/include/aruco_interfaces/aruco_interfaces/msg/detail/marker__rosidl_typesupport_introspection_cpp.hpp
[8.227s] -- Symlinking: /home/hrlsh/scrub_nurse_ws/install/aruco_interfaces/include/aruco_interfaces/aruco_interfaces/msg/detail/marker_array__rosidl_typesupport_introspection_cpp.hpp
[8.235s] -- Symlinking: /home/hrlsh/scrub_nurse_ws/install/aruco_interfaces/share/aruco_interfaces/environment/pythonpath.sh
[8.262s] -- Symlinking: /home/hrlsh/scrub_nurse_ws/install/aruco_interfaces/share/aruco_interfaces/environment/pythonpath.dsv
[8.271s] -- Symlinking: /home/hrlsh/scrub_nurse_ws/install/aruco_interfaces/local/lib/python3.10/dist-packages/aruco_interfaces-0.1.0-py3.10.egg-info/PKG-INFO
[8.280s] -- Symlinking: /home/hrlsh/scrub_nurse_ws/install/aruco_interfaces/local/lib/python3.10/dist-packages/aruco_interfaces-0.1.0-py3.10.egg-info/SOURCES.txt
[8.289s] -- Symlinking: /home/hrlsh/scrub_nurse_ws/install/aruco_interfaces/local/lib/python3.10/dist-packages/aruco_interfaces-0.1.0-py3.10.egg-info/dependency_links.txt
[8.297s] -- Symlinking: /home/hrlsh/scrub_nurse_ws/install/aruco_interfaces/local/lib/python3.10/dist-packages/aruco_interfaces-0.1.0-py3.10.egg-info/top_level.txt
[8.306s] -- Symlinking: /home/hrlsh/scrub_nurse_ws/install/aruco_interfaces/local/lib/python3.10/dist-packages/aruco_interfaces/__init__.py
[8.316s] -- Symlinking: /home/hrlsh/scrub_nurse_ws/install/aruco_interfaces/local/lib/python3.10/dist-packages/aruco_interfaces/_aruco_interfaces_s.ep.rosidl_typesupport_c.c
[8.325s] -- Symlinking: /home/hrlsh/scrub_nurse_ws/install/aruco_interfaces/local/lib/python3.10/dist-packages/aruco_interfaces/_aruco_interfaces_s.ep.rosidl_typesupport_fastrtps_c.c
[8.343s] -- Symlinking: /home/hrlsh/scrub_nurse_ws/install/aruco_interfaces/local/lib/python3.10/dist-packages/aruco_interfaces/_aruco_interfaces_s.ep.rosidl_typesupport_introspection_c.c
[8.355s] -- Symlinking: /home/hrlsh/scrub_nurse_ws/install/aruco_interfaces/local/lib/python3.10/dist-packages/aruco_interfaces/aruco_interfaces_s__rosidl_typesupport_c.cpython-310-x86_64-linux-gnu.so
[8.395s] -- Symlinking: /home/hrlsh/scrub_nurse_ws/install/aruco_interfaces/local/lib/python3.10/dist-packages/aruco_interfaces/aruco_interfaces_s__rosidl_typesupport_fastrtps_c.cpython-310-x86_64-linux-gnu.so
[8.416s] -- Symlinking: /home/hrlsh/scrub_nurse_ws/install/aruco_interfaces/local/lib/python3.10/dist-packages/aruco_interfaces/aruco_interfaces_s__rosidl_typesupport_introspection_c.cpython-310-x86_64-linux-gnu.so
[8.430s] -- Symlinking: /home/hrlsh/scrub_nurse_ws/install/aruco_interfaces/local/lib/python3.10/dist-packages/aruco_interfaces/libaruco_interfaces__rosidl_generator_py.so
[8.448s] -- Symlinking: /home/hrlsh/scrub_nurse_ws/install/aruco_interfaces/local/lib/python3.10/dist-packages/aruco_interfaces/msg/__init__.py
[8.461s] -- Symlinking: /home/hrlsh/scrub_nurse_ws/install/aruco_interfaces/local/lib/python3.10/dist-packages/aruco_interfaces/msg/_marker.py
[8.472s] -- Symlinking: /home/hrlsh/scrub_nurse_ws/install/aruco_interfaces/local/lib/python3.10/dist-packages/aruco_interfaces/msg/_marker_array.py
[8.489s] -- Symlinking: /home/hrlsh/scrub_nurse_ws/install/aruco_interfaces/local/lib/python3.10/dist-packages/aruco_interfaces/msg/_marker_array_s.c
[8.503s] -- Symlinking: /home/hrlsh/scrub_nurse_ws/install/aruco_interfaces/local/lib/python3.10/dist-packages/aruco_interfaces/msg/_marker_s.c
[8.511s] -- Up-to-date symlink: /home/hrlsh/scrub_nurse_ws/install/aruco_interfaces/local/lib/python3.10/dist-packages/aruco_interfaces/aruco_interfaces_s__rosidl_typesupport_fastrtps_c.cpython-310-x86_64-linux-gnu.so
[8.512s] -- Up-to-date symlink: /home/hrlsh/scrub_nurse_ws/install/aruco_interfaces/local/lib/python3.10/dist-packages/aruco_interfaces/aruco_interfaces_s__rosidl_typesupport_introspection_c.cpython-310-x86_64-linux-gnu.so
[8.512s] -- Up-to-date symlink: /home/hrlsh/scrub_nurse_ws/install/aruco_interfaces/local/lib/python3.10/dist-packages/aruco_interfaces/aruco_interfaces_s__rosidl_typesupport_c.cpython-310-x86_64-linux-gnu.so
[8.512s] -- Symlinking: /home/hrlsh/scrub_nurse_ws/install/aruco_interfaces/share/ament_index/resource_index/rust_packages/aruco_interfaces
[8.527s] -- Symlinking: /home/hrlsh/scrub_nurse_ws/install/aruco_interfaces/share/aruco_interfaces/rust/Cargo.toml
[8.544s] -- Symlinking: /home/hrlsh/scrub_nurse_ws/install/aruco_interfaces/share/aruco_interfaces/rust/build.rs
[8.554s] -- Symlinking: /home/hrlsh/scrub_nurse_ws/install/aruco_interfaces/share/aruco_interfaces/rust/src/lib.rs
[8.563s] -- Symlinking: /home/hrlsh/scrub_nurse_ws/install/aruco_interfaces/share/aruco_interfaces/rust/src/msg.rs
[8.572s] -- Symlinking: /home/hrlsh/scrub_nurse_ws/install/aruco_interfaces/share/aruco_interfaces/rust/src/msg/rmw.rs
[8.582s] -- Symlinking: /home/hrlsh/scrub_nurse_ws/install/aruco_interfaces/share/aruco_interfaces/msg/Marker.idl
[8.591s] -- Symlinking: /home/hrlsh/scrub_nurse_ws/install/aruco_interfaces/share/aruco_interfaces/msg/MarkerArray.idl
[8.600s] -- Symlinking: /home/hrlsh/scrub_nurse_ws/install/aruco_interfaces/share/aruco_interfaces/msg/Marker.msg
[8.608s] -- Symlinking: /home/hrlsh/scrub_nurse_ws/install/aruco_interfaces/share/aruco_interfaces/msg/MarkerArray.msg
[8.617s] -- Symlinking: /home/hrlsh/scrub_nurse_ws/install/aruco_interfaces/share/ament_index/resource_index/package_run_dependencies/aruco_interfaces
[8.626s] -- Symlinking: /home/hrlsh/scrub_nurse_ws/install/aruco_interfaces/share/ament_index/resource_index/parent_prefix_path/aruco_interfaces
[8.636s] -- Symlinking: /home/hrlsh/scrub_nurse_ws/install/aruco_interfaces/share/aruco_interfaces/environment/ament_prefix_path.sh
[8.645s] -- Symlinking: /home/hrlsh/scrub_nurse_ws/install/aruco_interfaces/share/aruco_interfaces/environment/ament_prefix_path.dsv
[8.654s] -- Symlinking: /home/hrlsh/scrub_nurse_ws/install/aruco_interfaces/share/aruco_interfaces/environment/path.sh
[8.667s] -- Symlinking: /home/hrlsh/scrub_nurse_ws/install/aruco_interfaces/share/aruco_interfaces/environment/path.dsv
[8.676s] -- Symlinking: /home/hrlsh/scrub_nurse_ws/install/aruco_interfaces/share/aruco_interfaces/local_setup.bash
[8.685s] -- Symlinking: /home/hrlsh/scrub_nurse_ws/install/aruco_interfaces/share/aruco_interfaces/local_setup.sh
[8.694s] -- Symlinking: /home/hrlsh/scrub_nurse_ws/install/aruco_interfaces/share/aruco_interfaces/local_setup.zsh
[8.703s] -- Symlinking: /home/hrlsh/scrub_nurse_ws/install/aruco_interfaces/share/aruco_interfaces/local_setup.dsv
[8.711s] -- Symlinking: /home/hrlsh/scrub_nurse_ws/install/aruco_interfaces/share/aruco_interfaces/package.dsv
[8.720s] -- Symlinking: /home/hrlsh/scrub_nurse_ws/install/aruco_interfaces/share/ament_index/resource_index/packages/aruco_interfaces
[8.729s] -- Symlinking: /home/hrlsh/scrub_nurse_ws/install/aruco_interfaces/share/aruco_interfaces/cmake/rosidl_cmake-extras.cmake
[8.738s] -- Symlinking: /home/hrlsh/scrub_nurse_ws/install/aruco_interfaces/share/aruco_interfaces/cmake/ament_cmake_export_dependencies-extras.cmake
[8.747s] -- Symlinking: /home/hrlsh/scrub_nurse_ws/install/aruco_interfaces/share/aruco_interfaces/cmake/ament_cmake_export_include_directories-extras.cmake
[8.753s] -- Symlinking: /home/hrlsh/scrub_nurse_ws/install/aruco_interfaces/share/aruco_interfaces/cmake/ament_cmake_export_libraries-extras.cmake
[8.760s] -- Symlinking: /home/hrlsh/scrub_nurse_ws/install/aruco_interfaces/share/aruco_interfaces/cmake/ament_cmake_export_targets-extras.cmake
[8.768s] -- Symlinking: /home/hrlsh/scrub_nurse_ws/install/aruco_interfaces/share/aruco_interfaces/cmake/rosidl_cmake_export_typesupport_targets-extras.cmake
[8.773s] -- Symlinking: /home/hrlsh/scrub_nurse_ws/install/aruco_interfaces/share/aruco_interfaces/cmake/rosidl_cmake_export_typesupport_libraries-extras.cmake
[8.778s] -- Symlinking: /home/hrlsh/scrub_nurse_ws/install/aruco_interfaces/share/aruco_interfaces/cmake/aruco_interfacesConfig.cmake
[8.786s] -- Symlinking: /home/hrlsh/scrub_nurse_ws/install/aruco_interfaces/share/aruco_interfaces/cmake/aruco_interfacesConfig-version.cmake
[8.791s] -- Symlinking: /home/hrlsh/scrub_nurse_ws/install/aruco_interfaces/share/aruco_interfaces/package.xml
[8.796s] -- Installing: /home/hrlsh/scrub_nurse_ws/install/aruco_interfaces/lib/libaruco_interfaces__rosidl_generator_c.so
[8.797s] -- Set runtime path of "/home/hrlsh/scrub_nurse_ws/install/aruco_interfaces/lib/libaruco_interfaces__rosidl_generator_c.so" to ""
[8.797s] -- Installing: /home/hrlsh/scrub_nurse_ws/install/aruco_interfaces/lib/libaruco_interfaces__rosidl_typesupport_fastrtps_c.so
[8.797s] -- Set runtime path of "/home/hrlsh/scrub_nurse_ws/install/aruco_interfaces/lib/libaruco_interfaces__rosidl_typesupport_fastrtps_c.so" to ""
[8.797s] -- Installing: /home/hrlsh/scrub_nurse_ws/install/aruco_interfaces/lib/libaruco_interfaces__rosidl_typesupport_introspection_c.so
[8.798s] -- Set runtime path of "/home/hrlsh/scrub_nurse_ws/install/aruco_interfaces/lib/libaruco_interfaces__rosidl_typesupport_introspection_c.so" to ""
[8.798s] -- Installing: /home/hrlsh/scrub_nurse_ws/install/aruco_interfaces/lib/libaruco_interfaces__rosidl_typesupport_c.so
[8.798s] -- Set runtime path of "/home/hrlsh/scrub_nurse_ws/install/aruco_interfaces/lib/libaruco_interfaces__rosidl_typesupport_c.so" to ""
[8.798s] -- Installing: /home/hrlsh/scrub_nurse_ws/install/aruco_interfaces/lib/libaruco_interfaces__rosidl_typesupport_fastrtps_cpp.so
[8.799s] -- Set runtime path of "/home/hrlsh/scrub_nurse_ws/install/aruco_interfaces/lib/libaruco_interfaces__rosidl_typesupport_fastrtps_cpp.so" to ""
[8.799s] -- Installing: /home/hrlsh/scrub_nurse_ws/install/aruco_interfaces/lib/libaruco_interfaces__rosidl_typesupport_introspection_cpp.so
[8.799s] -- Set runtime path of "/home/hrlsh/scrub_nurse_ws/install/aruco_interfaces/lib/libaruco_interfaces__rosidl_typesupport_introspection_cpp.so" to ""
[8.799s] -- Installing: /home/hrlsh/scrub_nurse_ws/install/aruco_interfaces/lib/libaruco_interfaces__rosidl_typesupport_cpp.so
[8.800s] -- Set runtime path of "/home/hrlsh/scrub_nurse_ws/install/aruco_interfaces/lib/libaruco_interfaces__rosidl_typesupport_cpp.so" to ""
[8.828s] Listing '/home/hrlsh/scrub_nurse_ws/install/aruco_interfaces/local/lib/python3.10/dist-packages/aruco_interfaces'...
[8.828s] Compiling '/home/hrlsh/scrub_nurse_ws/install/aruco_interfaces/local/lib/python3.10/dist-packages/aruco_interfaces/__init__.py'...
[8.828s] Listing '/home/hrlsh/scrub_nurse_ws/install/aruco_interfaces/local/lib/python3.10/dist-packages/aruco_interfaces/msg'...
[8.828s] Compiling '/home/hrlsh/scrub_nurse_ws/install/aruco_interfaces/local/lib/python3.10/dist-packages/aruco_interfaces/msg/__init__.py'...
[8.828s] Compiling '/home/hrlsh/scrub_nurse_ws/install/aruco_interfaces/local/lib/python3.10/dist-packages/aruco_interfaces/msg/_marker.py'...
[8.828s] Compiling '/home/hrlsh/scrub_nurse_ws/install/aruco_interfaces/local/lib/python3.10/dist-packages/aruco_interfaces/msg/_marker_array.py'...
[8.833s] -- Installing: /home/hrlsh/scrub_nurse_ws/install/aruco_interfaces/lib/libaruco_interfaces__rosidl_generator_py.so
[8.833s] -- Set runtime path of "/home/hrlsh/scrub_nurse_ws/install/aruco_interfaces/lib/libaruco_interfaces__rosidl_generator_py.so" to ""
[8.833s] -- Installing: /home/hrlsh/scrub_nurse_ws/install/aruco_interfaces/share/aruco_interfaces/cmake/export_aruco_interfaces__rosidl_generator_cExport.cmake
[8.833s] -- Installing: /home/hrlsh/scrub_nurse_ws/install/aruco_interfaces/share/aruco_interfaces/cmake/export_aruco_interfaces__rosidl_generator_cExport-noconfig.cmake
[8.833s] -- Installing: /home/hrlsh/scrub_nurse_ws/install/aruco_interfaces/share/aruco_interfaces/cmake/export_aruco_interfaces__rosidl_typesupport_fastrtps_cExport.cmake
[8.833s] -- Installing: /home/hrlsh/scrub_nurse_ws/install/aruco_interfaces/share/aruco_interfaces/cmake/export_aruco_interfaces__rosidl_typesupport_fastrtps_cExport-noconfig.cmake
[8.833s] -- Installing: /home/hrlsh/scrub_nurse_ws/install/aruco_interfaces/share/aruco_interfaces/cmake/aruco_interfaces__rosidl_typesupport_introspection_cExport.cmake
[8.834s] -- Installing: /home/hrlsh/scrub_nurse_ws/install/aruco_interfaces/share/aruco_interfaces/cmake/aruco_interfaces__rosidl_typesupport_introspection_cExport-noconfig.cmake
[8.834s] -- Installing: /home/hrlsh/scrub_nurse_ws/install/aruco_interfaces/share/aruco_interfaces/cmake/aruco_interfaces__rosidl_typesupport_cExport.cmake
[8.834s] -- Installing: /home/hrlsh/scrub_nurse_ws/install/aruco_interfaces/share/aruco_interfaces/cmake/aruco_interfaces__rosidl_typesupport_cExport-noconfig.cmake
[8.834s] -- Installing: /home/hrlsh/scrub_nurse_ws/install/aruco_interfaces/share/aruco_interfaces/cmake/export_aruco_interfaces__rosidl_generator_cppExport.cmake
[8.834s] -- Installing: /home/hrlsh/scrub_nurse_ws/install/aruco_interfaces/share/aruco_interfaces/cmake/export_aruco_interfaces__rosidl_typesupport_fastrtps_cppExport.cmake
[8.834s] -- Installing: /home/hrlsh/scrub_nurse_ws/install/aruco_interfaces/share/aruco_interfaces/cmake/export_aruco_interfaces__rosidl_typesupport_fastrtps_cppExport-noconfig.cmake
[8.834s] -- Installing: /home/hrlsh/scrub_nurse_ws/install/aruco_interfaces/share/aruco_interfaces/cmake/aruco_interfaces__rosidl_typesupport_introspection_cppExport.cmake
[8.834s] -- Installing: /home/hrlsh/scrub_nurse_ws/install/aruco_interfaces/share/aruco_interfaces/cmake/aruco_interfaces__rosidl_typesupport_introspection_cppExport-noconfig.cmake
[8.834s] -- Installing: /home/hrlsh/scrub_nurse_ws/install/aruco_interfaces/share/aruco_interfaces/cmake/aruco_interfaces__rosidl_typesupport_cppExport.cmake
[8.835s] -- Installing: /home/hrlsh/scrub_nurse_ws/install/aruco_interfaces/share/aruco_interfaces/cmake/aruco_interfaces__rosidl_typesupport_cppExport-noconfig.cmake
[8.835s] -- Installing: /home/hrlsh/scrub_nurse_ws/install/aruco_interfaces/share/aruco_interfaces/cmake/export_aruco_interfaces__rosidl_generator_pyExport.cmake
[8.835s] -- Installing: /home/hrlsh/scrub_nurse_ws/install/aruco_interfaces/share/aruco_interfaces/cmake/export_aruco_interfaces__rosidl_generator_pyExport-noconfig.cmake
[8.836s] Invoked command in '/home/hrlsh/scrub_nurse_ws/build/aruco_interfaces' returned '0': CMAKE_PREFIX_PATH=/opt/ros/humble /usr/bin/cmake --install /home/hrlsh/scrub_nurse_ws/build/aruco_interfaces
