-- The C compiler identification is GNU 11.4.0
-- The CXX compiler identification is GNU 11.4.0
-- Detecting C compiler ABI info
-- Detecting C compiler ABI info - done
-- Check for working C compiler: /usr/bin/cc - skipped
-- Detecting C compile features
-- Detecting C compile features - done
-- Detecting CXX compiler ABI info
-- Detecting CXX compiler ABI info - done
-- Check for working CXX compiler: /usr/bin/c++ - skipped
-- Detecting CXX compile features
-- Detecting CXX compile features - done
-- Found ament_cmake: 1.3.14 (/opt/ros/humble/share/ament_cmake/cmake)
-- Found Python3: /home/hrlsh/ai_env/vla_venv/bin/python3 (found version "3.10.12") found components: Interpreter
-- Override CMake install command with custom implementation using symlinks instead of copying resources
-- Found rosidl_default_generators: 1.2.1 (/opt/ros/humble/share/rosidl_default_generators/cmake)
-- Using all available rosidl_typesupport_c: rosidl_typesupport_fastrtps_c;rosidl_typesupport_introspection_c
-- Found rosidl_adapter: 3.1.8 (/opt/ros/humble/share/rosidl_adapter/cmake)
-- Using all available rosidl_typesupport_cpp: rosidl_typesupport_fastrtps_cpp;rosidl_typesupport_introspection_cpp
-- Found action_msgs: 1.2.2 (/opt/ros/humble/share/action_msgs/cmake)
-- Found ament_cmake_ros: 0.10.0 (/opt/ros/humble/share/ament_cmake_ros/cmake)
-- Using all available rosidl_typesupport_c: rosidl_typesupport_fastrtps_c;rosidl_typesupport_introspection_c
-- Using all available rosidl_typesupport_cpp: rosidl_typesupport_fastrtps_cpp;rosidl_typesupport_introspection_cpp
-- Found python_cmake_module: 0.10.0 (/opt/ros/humble/share/python_cmake_module/cmake)
-- Using PYTHON_EXECUTABLE: /usr/bin/python3
-- Using PYTHON_INCLUDE_DIRS: /usr/include/python3.10
-- Using PYTHON_LIBRARIES: /usr/lib/x86_64-linux-gnu/libpython3.10.so
-- Found ament_lint_auto: 0.12.15 (/opt/ros/humble/share/ament_lint_auto/cmake)
-- Added test 'copyright' to check source files copyright and LICENSE
-- Added test 'lint_cmake' to check CMake code style
-- Added test 'xmllint' to check XML markup files
-- Configuring done (7.3s)
-- Generating done (0.1s)
-- Build files have been written to: /home/hrlsh/scrub_nurse_ws/build/gripper_interfaces
[  1%] Generating C code for ROS interfaces
[  2%] Generating Rust code for ROS interfaces
[  2%] Generating C++ code for ROS interfaces
[  2%] Built target ament_cmake_python_symlink_gripper_interfaces
running egg_info
writing gripper_interfaces.egg-info/PKG-INFO
writing dependency_links to gripper_interfaces.egg-info/dependency_links.txt
writing top-level names to gripper_interfaces.egg-info/top_level.txt
reading manifest file 'gripper_interfaces.egg-info/SOURCES.txt'
writing manifest file 'gripper_interfaces.egg-info/SOURCES.txt'
[  2%] Built target ament_cmake_python_build_gripper_interfaces_egg
[  2%] Built target gripper_interfaces__rs
[  5%] Building C object CMakeFiles/gripper_interfaces__rosidl_generator_c.dir/rosidl_generator_c/gripper_interfaces/srv/detail/pos_vel_cur_ctrl__functions.c.o
[  5%] Building C object CMakeFiles/gripper_interfaces__rosidl_generator_c.dir/rosidl_generator_c/gripper_interfaces/msg/detail/gripper_msg__functions.c.o
[  6%] Building C object CMakeFiles/gripper_interfaces__rosidl_generator_c.dir/rosidl_generator_c/gripper_interfaces/srv/detail/driver_enable__functions.c.o
[  6%] Building C object CMakeFiles/gripper_interfaces__rosidl_generator_c.dir/rosidl_generator_c/gripper_interfaces/srv/detail/slave_change__functions.c.o
[  7%] Building C object CMakeFiles/gripper_interfaces__rosidl_generator_c.dir/rosidl_generator_c/gripper_interfaces/srv/detail/set_parameter__functions.c.o
[  8%] Building C object CMakeFiles/gripper_interfaces__rosidl_generator_c.dir/rosidl_generator_c/gripper_interfaces/srv/detail/gripper_control__functions.c.o
[  8%] Building C object CMakeFiles/gripper_interfaces__rosidl_generator_c.dir/rosidl_generator_c/gripper_interfaces/srv/detail/arduino_control__functions.c.o
[  9%] Building C object CMakeFiles/gripper_interfaces__rosidl_generator_c.dir/rosidl_generator_c/gripper_interfaces/srv/detail/modbus__functions.c.o
[ 10%] Building C object CMakeFiles/gripper_interfaces__rosidl_generator_c.dir/rosidl_generator_c/gripper_interfaces/srv/detail/gripper_command__functions.c.o
[ 11%] Building C object CMakeFiles/gripper_interfaces__rosidl_generator_c.dir/rosidl_generator_c/gripper_interfaces/action/detail/gripper__functions.c.o
[ 12%] Building C object CMakeFiles/gripper_interfaces__rosidl_generator_c.dir/rosidl_generator_c/gripper_interfaces/srv/detail/stop_motor__functions.c.o
[ 13%] Linking C shared library libgripper_interfaces__rosidl_generator_c.so
[ 13%] Built target gripper_interfaces__cpp
[ 14%] Generating C++ type support for eProsima Fast-RTPS
[ 15%] Generating C++ type support dispatch for ROS interfaces
[ 16%] Generating C++ introspection for ROS interfaces
[ 16%] Built target gripper_interfaces__rosidl_generator_c
[ 17%] Generating C type support for eProsima Fast-RTPS
[ 19%] Generating C introspection for ROS interfaces
[ 19%] Generating C type support dispatch for ROS interfaces
[ 20%] Building CXX object CMakeFiles/gripper_interfaces__rosidl_typesupport_cpp.dir/rosidl_typesupport_cpp/gripper_interfaces/msg/gripper_msg__type_support.cpp.o
[ 21%] Building CXX object CMakeFiles/gripper_interfaces__rosidl_typesupport_cpp.dir/rosidl_typesupport_cpp/gripper_interfaces/srv/driver_enable__type_support.cpp.o
[ 21%] Building CXX object CMakeFiles/gripper_interfaces__rosidl_typesupport_cpp.dir/rosidl_typesupport_cpp/gripper_interfaces/srv/pos_vel_cur_ctrl__type_support.cpp.o
[ 22%] Building CXX object CMakeFiles/gripper_interfaces__rosidl_typesupport_cpp.dir/rosidl_typesupport_cpp/gripper_interfaces/srv/slave_change__type_support.cpp.o
[ 22%] Building CXX object CMakeFiles/gripper_interfaces__rosidl_typesupport_c.dir/rosidl_typesupport_c/gripper_interfaces/msg/gripper_msg__type_support.cpp.o
[ 23%] Building CXX object CMakeFiles/gripper_interfaces__rosidl_typesupport_c.dir/rosidl_typesupport_c/gripper_interfaces/srv/pos_vel_cur_ctrl__type_support.cpp.o
[ 24%] Building CXX object CMakeFiles/gripper_interfaces__rosidl_typesupport_c.dir/rosidl_typesupport_c/gripper_interfaces/srv/slave_change__type_support.cpp.o
[ 25%] Building CXX object CMakeFiles/gripper_interfaces__rosidl_typesupport_c.dir/rosidl_typesupport_c/gripper_interfaces/srv/driver_enable__type_support.cpp.o
[ 26%] Building CXX object CMakeFiles/gripper_interfaces__rosidl_typesupport_c.dir/rosidl_typesupport_c/gripper_interfaces/srv/set_parameter__type_support.cpp.o
[ 27%] Building CXX object CMakeFiles/gripper_interfaces__rosidl_typesupport_cpp.dir/rosidl_typesupport_cpp/gripper_interfaces/srv/set_parameter__type_support.cpp.o
[ 28%] Building CXX object CMakeFiles/gripper_interfaces__rosidl_typesupport_cpp.dir/rosidl_typesupport_cpp/gripper_interfaces/srv/gripper_control__type_support.cpp.o
[ 29%] Building CXX object CMakeFiles/gripper_interfaces__rosidl_typesupport_cpp.dir/rosidl_typesupport_cpp/gripper_interfaces/srv/arduino_control__type_support.cpp.o
[ 30%] Building CXX object CMakeFiles/gripper_interfaces__rosidl_typesupport_cpp.dir/rosidl_typesupport_cpp/gripper_interfaces/srv/modbus__type_support.cpp.o
[ 31%] Building CXX object CMakeFiles/gripper_interfaces__rosidl_typesupport_c.dir/rosidl_typesupport_c/gripper_interfaces/srv/arduino_control__type_support.cpp.o
[ 32%] Building CXX object CMakeFiles/gripper_interfaces__rosidl_typesupport_c.dir/rosidl_typesupport_c/gripper_interfaces/srv/gripper_control__type_support.cpp.o
[ 33%] Building CXX object CMakeFiles/gripper_interfaces__rosidl_typesupport_c.dir/rosidl_typesupport_c/gripper_interfaces/srv/modbus__type_support.cpp.o
[ 34%] Building CXX object CMakeFiles/gripper_interfaces__rosidl_typesupport_cpp.dir/rosidl_typesupport_cpp/gripper_interfaces/srv/stop_motor__type_support.cpp.o
[ 35%] Building CXX object CMakeFiles/gripper_interfaces__rosidl_typesupport_cpp.dir/rosidl_typesupport_cpp/gripper_interfaces/srv/gripper_command__type_support.cpp.o
[ 36%] Building CXX object CMakeFiles/gripper_interfaces__rosidl_typesupport_c.dir/rosidl_typesupport_c/gripper_interfaces/srv/gripper_command__type_support.cpp.o
[ 36%] Building CXX object CMakeFiles/gripper_interfaces__rosidl_typesupport_c.dir/rosidl_typesupport_c/gripper_interfaces/srv/stop_motor__type_support.cpp.o
[ 37%] Building CXX object CMakeFiles/gripper_interfaces__rosidl_typesupport_cpp.dir/rosidl_typesupport_cpp/gripper_interfaces/action/gripper__type_support.cpp.o
[ 38%] Building CXX object CMakeFiles/gripper_interfaces__rosidl_typesupport_c.dir/rosidl_typesupport_c/gripper_interfaces/action/gripper__type_support.cpp.o
[ 39%] Linking CXX shared library libgripper_interfaces__rosidl_typesupport_c.so
[ 39%] Built target gripper_interfaces__rosidl_typesupport_c
[ 41%] Building CXX object CMakeFiles/gripper_interfaces__rosidl_typesupport_introspection_cpp.dir/rosidl_typesupport_introspection_cpp/gripper_interfaces/msg/detail/gripper_msg__type_support.cpp.o
[ 41%] Building CXX object CMakeFiles/gripper_interfaces__rosidl_typesupport_introspection_cpp.dir/rosidl_typesupport_introspection_cpp/gripper_interfaces/srv/detail/driver_enable__type_support.cpp.o
[ 41%] Building CXX object CMakeFiles/gripper_interfaces__rosidl_typesupport_introspection_cpp.dir/rosidl_typesupport_introspection_cpp/gripper_interfaces/srv/detail/slave_change__type_support.cpp.o
[ 42%] Building CXX object CMakeFiles/gripper_interfaces__rosidl_typesupport_introspection_cpp.dir/rosidl_typesupport_introspection_cpp/gripper_interfaces/srv/detail/set_parameter__type_support.cpp.o
[ 44%] Building CXX object CMakeFiles/gripper_interfaces__rosidl_typesupport_introspection_cpp.dir/rosidl_typesupport_introspection_cpp/gripper_interfaces/srv/detail/pos_vel_cur_ctrl__type_support.cpp.o
[ 44%] Building CXX object CMakeFiles/gripper_interfaces__rosidl_typesupport_introspection_cpp.dir/rosidl_typesupport_introspection_cpp/gripper_interfaces/srv/detail/gripper_control__type_support.cpp.o
[ 45%] Building CXX object CMakeFiles/gripper_interfaces__rosidl_typesupport_introspection_cpp.dir/rosidl_typesupport_introspection_cpp/gripper_interfaces/srv/detail/arduino_control__type_support.cpp.o
[ 46%] Building CXX object CMakeFiles/gripper_interfaces__rosidl_typesupport_introspection_cpp.dir/rosidl_typesupport_introspection_cpp/gripper_interfaces/srv/detail/gripper_command__type_support.cpp.o
[ 47%] Building CXX object CMakeFiles/gripper_interfaces__rosidl_typesupport_introspection_cpp.dir/rosidl_typesupport_introspection_cpp/gripper_interfaces/srv/detail/stop_motor__type_support.cpp.o
[ 48%] Building CXX object CMakeFiles/gripper_interfaces__rosidl_typesupport_introspection_cpp.dir/rosidl_typesupport_introspection_cpp/gripper_interfaces/srv/detail/modbus__type_support.cpp.o
[ 49%] Building CXX object CMakeFiles/gripper_interfaces__rosidl_typesupport_introspection_cpp.dir/rosidl_typesupport_introspection_cpp/gripper_interfaces/action/detail/gripper__type_support.cpp.o
[ 51%] Building C object CMakeFiles/gripper_interfaces__rosidl_typesupport_introspection_c.dir/rosidl_typesupport_introspection_c/gripper_interfaces/srv/detail/driver_enable__type_support.c.o
[ 51%] Building C object CMakeFiles/gripper_interfaces__rosidl_typesupport_introspection_c.dir/rosidl_typesupport_introspection_c/gripper_interfaces/srv/detail/pos_vel_cur_ctrl__type_support.c.o
[ 52%] Building C object CMakeFiles/gripper_interfaces__rosidl_typesupport_introspection_c.dir/rosidl_typesupport_introspection_c/gripper_interfaces/srv/detail/slave_change__type_support.c.o
[ 52%] Building C object CMakeFiles/gripper_interfaces__rosidl_typesupport_introspection_c.dir/rosidl_typesupport_introspection_c/gripper_interfaces/msg/detail/gripper_msg__type_support.c.o
[ 53%] Building C object CMakeFiles/gripper_interfaces__rosidl_typesupport_introspection_c.dir/rosidl_typesupport_introspection_c/gripper_interfaces/srv/detail/set_parameter__type_support.c.o
[ 54%] Building C object CMakeFiles/gripper_interfaces__rosidl_typesupport_introspection_c.dir/rosidl_typesupport_introspection_c/gripper_interfaces/srv/detail/arduino_control__type_support.c.o
[ 55%] Building C object CMakeFiles/gripper_interfaces__rosidl_typesupport_introspection_c.dir/rosidl_typesupport_introspection_c/gripper_interfaces/srv/detail/modbus__type_support.c.o
[ 56%] Building C object CMakeFiles/gripper_interfaces__rosidl_typesupport_introspection_c.dir/rosidl_typesupport_introspection_c/gripper_interfaces/srv/detail/gripper_command__type_support.c.o
[ 57%] Building C object CMakeFiles/gripper_interfaces__rosidl_typesupport_introspection_c.dir/rosidl_typesupport_introspection_c/gripper_interfaces/srv/detail/gripper_control__type_support.c.o
[ 57%] Building C object CMakeFiles/gripper_interfaces__rosidl_typesupport_introspection_c.dir/rosidl_typesupport_introspection_c/gripper_interfaces/srv/detail/stop_motor__type_support.c.o
[ 58%] Building C object CMakeFiles/gripper_interfaces__rosidl_typesupport_introspection_c.dir/rosidl_typesupport_introspection_c/gripper_interfaces/action/detail/gripper__type_support.c.o
[ 59%] Linking C shared library libgripper_interfaces__rosidl_typesupport_introspection_c.so
[ 60%] Building CXX object CMakeFiles/gripper_interfaces__rosidl_typesupport_fastrtps_c.dir/rosidl_typesupport_fastrtps_c/gripper_interfaces/srv/detail/slave_change__type_support_c.cpp.o
[ 60%] Building CXX object CMakeFiles/gripper_interfaces__rosidl_typesupport_fastrtps_c.dir/rosidl_typesupport_fastrtps_c/gripper_interfaces/msg/detail/gripper_msg__type_support_c.cpp.o
[ 61%] Building CXX object CMakeFiles/gripper_interfaces__rosidl_typesupport_fastrtps_c.dir/rosidl_typesupport_fastrtps_c/gripper_interfaces/srv/detail/pos_vel_cur_ctrl__type_support_c.cpp.o
[ 62%] Building CXX object CMakeFiles/gripper_interfaces__rosidl_typesupport_fastrtps_c.dir/rosidl_typesupport_fastrtps_c/gripper_interfaces/srv/detail/driver_enable__type_support_c.cpp.o
[ 63%] Building CXX object CMakeFiles/gripper_interfaces__rosidl_typesupport_fastrtps_c.dir/rosidl_typesupport_fastrtps_c/gripper_interfaces/srv/detail/set_parameter__type_support_c.cpp.o
[ 63%] Built target gripper_interfaces__rosidl_typesupport_introspection_c
[ 64%] Building CXX object CMakeFiles/gripper_interfaces__rosidl_typesupport_fastrtps_c.dir/rosidl_typesupport_fastrtps_c/gripper_interfaces/srv/detail/gripper_control__type_support_c.cpp.o
[ 65%] Building CXX object CMakeFiles/gripper_interfaces__rosidl_typesupport_fastrtps_c.dir/rosidl_typesupport_fastrtps_c/gripper_interfaces/srv/detail/arduino_control__type_support_c.cpp.o
[ 66%] Linking CXX shared library libgripper_interfaces__rosidl_typesupport_cpp.so
[ 67%] Building CXX object CMakeFiles/gripper_interfaces__rosidl_typesupport_fastrtps_c.dir/rosidl_typesupport_fastrtps_c/gripper_interfaces/srv/detail/modbus__type_support_c.cpp.o
[ 67%] Built target gripper_interfaces__rosidl_typesupport_cpp
[ 67%] Building CXX object CMakeFiles/gripper_interfaces__rosidl_typesupport_fastrtps_c.dir/rosidl_typesupport_fastrtps_c/gripper_interfaces/srv/detail/stop_motor__type_support_c.cpp.o
[ 68%] Building CXX object CMakeFiles/gripper_interfaces__rosidl_typesupport_fastrtps_c.dir/rosidl_typesupport_fastrtps_c/gripper_interfaces/srv/detail/gripper_command__type_support_c.cpp.o
[ 69%] Building CXX object CMakeFiles/gripper_interfaces__rosidl_typesupport_fastrtps_c.dir/rosidl_typesupport_fastrtps_c/gripper_interfaces/action/detail/gripper__type_support_c.cpp.o
[ 70%] Building CXX object CMakeFiles/gripper_interfaces__rosidl_typesupport_fastrtps_cpp.dir/rosidl_typesupport_fastrtps_cpp/gripper_interfaces/srv/detail/dds_fastrtps/pos_vel_cur_ctrl__type_support.cpp.o
[ 70%] Building CXX object CMakeFiles/gripper_interfaces__rosidl_typesupport_fastrtps_cpp.dir/rosidl_typesupport_fastrtps_cpp/gripper_interfaces/srv/detail/dds_fastrtps/driver_enable__type_support.cpp.o
[ 71%] Building CXX object CMakeFiles/gripper_interfaces__rosidl_typesupport_fastrtps_cpp.dir/rosidl_typesupport_fastrtps_cpp/gripper_interfaces/srv/detail/dds_fastrtps/slave_change__type_support.cpp.o
[ 72%] Building CXX object CMakeFiles/gripper_interfaces__rosidl_typesupport_fastrtps_cpp.dir/rosidl_typesupport_fastrtps_cpp/gripper_interfaces/msg/detail/dds_fastrtps/gripper_msg__type_support.cpp.o
[ 73%] Building CXX object CMakeFiles/gripper_interfaces__rosidl_typesupport_fastrtps_cpp.dir/rosidl_typesupport_fastrtps_cpp/gripper_interfaces/srv/detail/dds_fastrtps/set_parameter__type_support.cpp.o
[ 74%] Building CXX object CMakeFiles/gripper_interfaces__rosidl_typesupport_fastrtps_cpp.dir/rosidl_typesupport_fastrtps_cpp/gripper_interfaces/srv/detail/dds_fastrtps/gripper_control__type_support.cpp.o
[ 75%] Building CXX object CMakeFiles/gripper_interfaces__rosidl_typesupport_fastrtps_cpp.dir/rosidl_typesupport_fastrtps_cpp/gripper_interfaces/srv/detail/dds_fastrtps/arduino_control__type_support.cpp.o
[ 76%] Building CXX object CMakeFiles/gripper_interfaces__rosidl_typesupport_fastrtps_cpp.dir/rosidl_typesupport_fastrtps_cpp/gripper_interfaces/srv/detail/dds_fastrtps/modbus__type_support.cpp.o
[ 77%] Building CXX object CMakeFiles/gripper_interfaces__rosidl_typesupport_fastrtps_cpp.dir/rosidl_typesupport_fastrtps_cpp/gripper_interfaces/srv/detail/dds_fastrtps/gripper_command__type_support.cpp.o
[ 78%] Building CXX object CMakeFiles/gripper_interfaces__rosidl_typesupport_fastrtps_cpp.dir/rosidl_typesupport_fastrtps_cpp/gripper_interfaces/srv/detail/dds_fastrtps/stop_motor__type_support.cpp.o
[ 79%] Building CXX object CMakeFiles/gripper_interfaces__rosidl_typesupport_fastrtps_cpp.dir/rosidl_typesupport_fastrtps_cpp/gripper_interfaces/action/detail/dds_fastrtps/gripper__type_support.cpp.o
[ 80%] Linking CXX shared library libgripper_interfaces__rosidl_typesupport_introspection_cpp.so
[ 81%] Linking CXX shared library libgripper_interfaces__rosidl_typesupport_fastrtps_c.so
[ 81%] Built target gripper_interfaces__rosidl_typesupport_introspection_cpp
[ 81%] Built target gripper_interfaces__rosidl_typesupport_fastrtps_c
[ 82%] Linking CXX shared library libgripper_interfaces__rosidl_typesupport_fastrtps_cpp.so
[ 82%] Built target gripper_interfaces__rosidl_typesupport_fastrtps_cpp
[ 82%] Built target gripper_interfaces
[ 83%] Built target gripper_interfaces__py
[ 84%] Building C object CMakeFiles/gripper_interfaces__rosidl_generator_py.dir/rosidl_generator_py/gripper_interfaces/msg/_gripper_msg_s.c.o
[ 85%] Building C object CMakeFiles/gripper_interfaces__rosidl_generator_py.dir/rosidl_generator_py/gripper_interfaces/srv/_slave_change_s.c.o
[ 86%] Building C object CMakeFiles/gripper_interfaces__rosidl_generator_py.dir/rosidl_generator_py/gripper_interfaces/srv/_pos_vel_cur_ctrl_s.c.o
[ 86%] Building C object CMakeFiles/gripper_interfaces__rosidl_generator_py.dir/rosidl_generator_py/gripper_interfaces/srv/_driver_enable_s.c.o
[ 87%] Building C object CMakeFiles/gripper_interfaces__rosidl_generator_py.dir/rosidl_generator_py/gripper_interfaces/srv/_set_parameter_s.c.o
[ 88%] Building C object CMakeFiles/gripper_interfaces__rosidl_generator_py.dir/rosidl_generator_py/gripper_interfaces/srv/_gripper_control_s.c.o
[ 89%] Building C object CMakeFiles/gripper_interfaces__rosidl_generator_py.dir/rosidl_generator_py/gripper_interfaces/srv/_arduino_control_s.c.o
[ 90%] Building C object CMakeFiles/gripper_interfaces__rosidl_generator_py.dir/rosidl_generator_py/gripper_interfaces/srv/_modbus_s.c.o
[ 91%] Building C object CMakeFiles/gripper_interfaces__rosidl_generator_py.dir/rosidl_generator_py/gripper_interfaces/srv/_gripper_command_s.c.o
[ 92%] Building C object CMakeFiles/gripper_interfaces__rosidl_generator_py.dir/rosidl_generator_py/gripper_interfaces/srv/_stop_motor_s.c.o
[ 93%] Building C object CMakeFiles/gripper_interfaces__rosidl_generator_py.dir/rosidl_generator_py/gripper_interfaces/action/_gripper_s.c.o
[ 94%] Linking C shared library rosidl_generator_py/gripper_interfaces/libgripper_interfaces__rosidl_generator_py.so
[ 94%] Built target gripper_interfaces__rosidl_generator_py
[ 97%] Building C object CMakeFiles/gripper_interfaces__rosidl_typesupport_fastrtps_c__pyext.dir/rosidl_generator_py/gripper_interfaces/_gripper_interfaces_s.ep.rosidl_typesupport_fastrtps_c.c.o
[ 97%] Building C object CMakeFiles/gripper_interfaces__rosidl_typesupport_introspection_c__pyext.dir/rosidl_generator_py/gripper_interfaces/_gripper_interfaces_s.ep.rosidl_typesupport_introspection_c.c.o
[ 97%] Building C object CMakeFiles/gripper_interfaces__rosidl_typesupport_c__pyext.dir/rosidl_generator_py/gripper_interfaces/_gripper_interfaces_s.ep.rosidl_typesupport_c.c.o
[ 99%] Linking C shared library rosidl_generator_py/gripper_interfaces/gripper_interfaces_s__rosidl_typesupport_introspection_c.cpython-310-x86_64-linux-gnu.so
[ 99%] Linking C shared library rosidl_generator_py/gripper_interfaces/gripper_interfaces_s__rosidl_typesupport_fastrtps_c.cpython-310-x86_64-linux-gnu.so
[100%] Linking C shared library rosidl_generator_py/gripper_interfaces/gripper_interfaces_s__rosidl_typesupport_c.cpython-310-x86_64-linux-gnu.so
[100%] Built target gripper_interfaces__rosidl_typesupport_introspection_c__pyext
[100%] Built target gripper_interfaces__rosidl_typesupport_c__pyext
[100%] Built target gripper_interfaces__rosidl_typesupport_fastrtps_c__pyext
-- Install configuration: ""
-- Execute custom install script
-- Up-to-date symlink: /home/hrlsh/scrub_nurse_ws/install/gripper_interfaces/share/ament_index/resource_index/rosidl_interfaces/gripper_interfaces
-- Up-to-date symlink: /home/hrlsh/scrub_nurse_ws/install/gripper_interfaces/include/gripper_interfaces/gripper_interfaces/action/detail/gripper__functions.h
-- Up-to-date symlink: /home/hrlsh/scrub_nurse_ws/install/gripper_interfaces/include/gripper_interfaces/gripper_interfaces/action/detail/gripper__struct.h
-- Up-to-date symlink: /home/hrlsh/scrub_nurse_ws/install/gripper_interfaces/include/gripper_interfaces/gripper_interfaces/action/detail/gripper__type_support.h
-- Up-to-date symlink: /home/hrlsh/scrub_nurse_ws/install/gripper_interfaces/include/gripper_interfaces/gripper_interfaces/action/gripper.h
-- Up-to-date symlink: /home/hrlsh/scrub_nurse_ws/install/gripper_interfaces/include/gripper_interfaces/gripper_interfaces/msg/detail/gripper_msg__functions.h
-- Up-to-date symlink: /home/hrlsh/scrub_nurse_ws/install/gripper_interfaces/include/gripper_interfaces/gripper_interfaces/msg/detail/gripper_msg__struct.h
-- Up-to-date symlink: /home/hrlsh/scrub_nurse_ws/install/gripper_interfaces/include/gripper_interfaces/gripper_interfaces/msg/detail/gripper_msg__type_support.h
-- Up-to-date symlink: /home/hrlsh/scrub_nurse_ws/install/gripper_interfaces/include/gripper_interfaces/gripper_interfaces/msg/gripper_msg.h
-- Up-to-date symlink: /home/hrlsh/scrub_nurse_ws/install/gripper_interfaces/include/gripper_interfaces/gripper_interfaces/msg/rosidl_generator_c__visibility_control.h
-- Up-to-date symlink: /home/hrlsh/scrub_nurse_ws/install/gripper_interfaces/include/gripper_interfaces/gripper_interfaces/srv/arduino_control.h
-- Up-to-date symlink: /home/hrlsh/scrub_nurse_ws/install/gripper_interfaces/include/gripper_interfaces/gripper_interfaces/srv/detail/arduino_control__functions.h
-- Up-to-date symlink: /home/hrlsh/scrub_nurse_ws/install/gripper_interfaces/include/gripper_interfaces/gripper_interfaces/srv/detail/arduino_control__struct.h
-- Up-to-date symlink: /home/hrlsh/scrub_nurse_ws/install/gripper_interfaces/include/gripper_interfaces/gripper_interfaces/srv/detail/arduino_control__type_support.h
-- Up-to-date symlink: /home/hrlsh/scrub_nurse_ws/install/gripper_interfaces/include/gripper_interfaces/gripper_interfaces/srv/detail/driver_enable__functions.h
-- Up-to-date symlink: /home/hrlsh/scrub_nurse_ws/install/gripper_interfaces/include/gripper_interfaces/gripper_interfaces/srv/detail/driver_enable__struct.h
-- Up-to-date symlink: /home/hrlsh/scrub_nurse_ws/install/gripper_interfaces/include/gripper_interfaces/gripper_interfaces/srv/detail/driver_enable__type_support.h
-- Up-to-date symlink: /home/hrlsh/scrub_nurse_ws/install/gripper_interfaces/include/gripper_interfaces/gripper_interfaces/srv/detail/gripper_command__functions.h
-- Up-to-date symlink: /home/hrlsh/scrub_nurse_ws/install/gripper_interfaces/include/gripper_interfaces/gripper_interfaces/srv/detail/gripper_command__struct.h
-- Up-to-date symlink: /home/hrlsh/scrub_nurse_ws/install/gripper_interfaces/include/gripper_interfaces/gripper_interfaces/srv/detail/gripper_command__type_support.h
-- Up-to-date symlink: /home/hrlsh/scrub_nurse_ws/install/gripper_interfaces/include/gripper_interfaces/gripper_interfaces/srv/detail/gripper_control__functions.h
-- Up-to-date symlink: /home/hrlsh/scrub_nurse_ws/install/gripper_interfaces/include/gripper_interfaces/gripper_interfaces/srv/detail/gripper_control__struct.h
-- Up-to-date symlink: /home/hrlsh/scrub_nurse_ws/install/gripper_interfaces/include/gripper_interfaces/gripper_interfaces/srv/detail/gripper_control__type_support.h
-- Up-to-date symlink: /home/hrlsh/scrub_nurse_ws/install/gripper_interfaces/include/gripper_interfaces/gripper_interfaces/srv/detail/modbus__functions.h
-- Up-to-date symlink: /home/hrlsh/scrub_nurse_ws/install/gripper_interfaces/include/gripper_interfaces/gripper_interfaces/srv/detail/modbus__struct.h
-- Up-to-date symlink: /home/hrlsh/scrub_nurse_ws/install/gripper_interfaces/include/gripper_interfaces/gripper_interfaces/srv/detail/modbus__type_support.h
-- Up-to-date symlink: /home/hrlsh/scrub_nurse_ws/install/gripper_interfaces/include/gripper_interfaces/gripper_interfaces/srv/detail/pos_vel_cur_ctrl__functions.h
-- Up-to-date symlink: /home/hrlsh/scrub_nurse_ws/install/gripper_interfaces/include/gripper_interfaces/gripper_interfaces/srv/detail/pos_vel_cur_ctrl__struct.h
-- Up-to-date symlink: /home/hrlsh/scrub_nurse_ws/install/gripper_interfaces/include/gripper_interfaces/gripper_interfaces/srv/detail/pos_vel_cur_ctrl__type_support.h
-- Up-to-date symlink: /home/hrlsh/scrub_nurse_ws/install/gripper_interfaces/include/gripper_interfaces/gripper_interfaces/srv/detail/set_parameter__functions.h
-- Up-to-date symlink: /home/hrlsh/scrub_nurse_ws/install/gripper_interfaces/include/gripper_interfaces/gripper_interfaces/srv/detail/set_parameter__struct.h
-- Up-to-date symlink: /home/hrlsh/scrub_nurse_ws/install/gripper_interfaces/include/gripper_interfaces/gripper_interfaces/srv/detail/set_parameter__type_support.h
-- Up-to-date symlink: /home/hrlsh/scrub_nurse_ws/install/gripper_interfaces/include/gripper_interfaces/gripper_interfaces/srv/detail/slave_change__functions.h
-- Up-to-date symlink: /home/hrlsh/scrub_nurse_ws/install/gripper_interfaces/include/gripper_interfaces/gripper_interfaces/srv/detail/slave_change__struct.h
-- Up-to-date symlink: /home/hrlsh/scrub_nurse_ws/install/gripper_interfaces/include/gripper_interfaces/gripper_interfaces/srv/detail/slave_change__type_support.h
-- Up-to-date symlink: /home/hrlsh/scrub_nurse_ws/install/gripper_interfaces/include/gripper_interfaces/gripper_interfaces/srv/detail/stop_motor__functions.h
-- Up-to-date symlink: /home/hrlsh/scrub_nurse_ws/install/gripper_interfaces/include/gripper_interfaces/gripper_interfaces/srv/detail/stop_motor__struct.h
-- Up-to-date symlink: /home/hrlsh/scrub_nurse_ws/install/gripper_interfaces/include/gripper_interfaces/gripper_interfaces/srv/detail/stop_motor__type_support.h
-- Up-to-date symlink: /home/hrlsh/scrub_nurse_ws/install/gripper_interfaces/include/gripper_interfaces/gripper_interfaces/srv/driver_enable.h
-- Up-to-date symlink: /home/hrlsh/scrub_nurse_ws/install/gripper_interfaces/include/gripper_interfaces/gripper_interfaces/srv/gripper_command.h
-- Up-to-date symlink: /home/hrlsh/scrub_nurse_ws/install/gripper_interfaces/include/gripper_interfaces/gripper_interfaces/srv/gripper_control.h
-- Up-to-date symlink: /home/hrlsh/scrub_nurse_ws/install/gripper_interfaces/include/gripper_interfaces/gripper_interfaces/srv/modbus.h
-- Up-to-date symlink: /home/hrlsh/scrub_nurse_ws/install/gripper_interfaces/include/gripper_interfaces/gripper_interfaces/srv/pos_vel_cur_ctrl.h
-- Up-to-date symlink: /home/hrlsh/scrub_nurse_ws/install/gripper_interfaces/include/gripper_interfaces/gripper_interfaces/srv/set_parameter.h
-- Up-to-date symlink: /home/hrlsh/scrub_nurse_ws/install/gripper_interfaces/include/gripper_interfaces/gripper_interfaces/srv/slave_change.h
-- Up-to-date symlink: /home/hrlsh/scrub_nurse_ws/install/gripper_interfaces/include/gripper_interfaces/gripper_interfaces/srv/stop_motor.h
-- Up-to-date symlink: /home/hrlsh/scrub_nurse_ws/install/gripper_interfaces/share/gripper_interfaces/environment/library_path.sh
-- Up-to-date symlink: /home/hrlsh/scrub_nurse_ws/install/gripper_interfaces/share/gripper_interfaces/environment/library_path.dsv
-- Up-to-date symlink: /home/hrlsh/scrub_nurse_ws/install/gripper_interfaces/include/gripper_interfaces/gripper_interfaces/action/detail/gripper__rosidl_typesupport_fastrtps_c.h
-- Up-to-date symlink: /home/hrlsh/scrub_nurse_ws/install/gripper_interfaces/include/gripper_interfaces/gripper_interfaces/msg/detail/gripper_msg__rosidl_typesupport_fastrtps_c.h
-- Up-to-date symlink: /home/hrlsh/scrub_nurse_ws/install/gripper_interfaces/include/gripper_interfaces/gripper_interfaces/msg/rosidl_typesupport_fastrtps_c__visibility_control.h
-- Up-to-date symlink: /home/hrlsh/scrub_nurse_ws/install/gripper_interfaces/include/gripper_interfaces/gripper_interfaces/srv/detail/arduino_control__rosidl_typesupport_fastrtps_c.h
-- Up-to-date symlink: /home/hrlsh/scrub_nurse_ws/install/gripper_interfaces/include/gripper_interfaces/gripper_interfaces/srv/detail/driver_enable__rosidl_typesupport_fastrtps_c.h
-- Up-to-date symlink: /home/hrlsh/scrub_nurse_ws/install/gripper_interfaces/include/gripper_interfaces/gripper_interfaces/srv/detail/gripper_command__rosidl_typesupport_fastrtps_c.h
-- Up-to-date symlink: /home/hrlsh/scrub_nurse_ws/install/gripper_interfaces/include/gripper_interfaces/gripper_interfaces/srv/detail/gripper_control__rosidl_typesupport_fastrtps_c.h
-- Up-to-date symlink: /home/hrlsh/scrub_nurse_ws/install/gripper_interfaces/include/gripper_interfaces/gripper_interfaces/srv/detail/modbus__rosidl_typesupport_fastrtps_c.h
-- Up-to-date symlink: /home/hrlsh/scrub_nurse_ws/install/gripper_interfaces/include/gripper_interfaces/gripper_interfaces/srv/detail/pos_vel_cur_ctrl__rosidl_typesupport_fastrtps_c.h
-- Up-to-date symlink: /home/hrlsh/scrub_nurse_ws/install/gripper_interfaces/include/gripper_interfaces/gripper_interfaces/srv/detail/set_parameter__rosidl_typesupport_fastrtps_c.h
-- Up-to-date symlink: /home/hrlsh/scrub_nurse_ws/install/gripper_interfaces/include/gripper_interfaces/gripper_interfaces/srv/detail/slave_change__rosidl_typesupport_fastrtps_c.h
-- Up-to-date symlink: /home/hrlsh/scrub_nurse_ws/install/gripper_interfaces/include/gripper_interfaces/gripper_interfaces/srv/detail/stop_motor__rosidl_typesupport_fastrtps_c.h
-- Up-to-date symlink: /home/hrlsh/scrub_nurse_ws/install/gripper_interfaces/include/gripper_interfaces/gripper_interfaces/action/detail/gripper__rosidl_typesupport_introspection_c.h
-- Up-to-date symlink: /home/hrlsh/scrub_nurse_ws/install/gripper_interfaces/include/gripper_interfaces/gripper_interfaces/msg/detail/gripper_msg__rosidl_typesupport_introspection_c.h
-- Up-to-date symlink: /home/hrlsh/scrub_nurse_ws/install/gripper_interfaces/include/gripper_interfaces/gripper_interfaces/msg/rosidl_typesupport_introspection_c__visibility_control.h
-- Up-to-date symlink: /home/hrlsh/scrub_nurse_ws/install/gripper_interfaces/include/gripper_interfaces/gripper_interfaces/srv/detail/arduino_control__rosidl_typesupport_introspection_c.h
-- Up-to-date symlink: /home/hrlsh/scrub_nurse_ws/install/gripper_interfaces/include/gripper_interfaces/gripper_interfaces/srv/detail/driver_enable__rosidl_typesupport_introspection_c.h
-- Up-to-date symlink: /home/hrlsh/scrub_nurse_ws/install/gripper_interfaces/include/gripper_interfaces/gripper_interfaces/srv/detail/gripper_command__rosidl_typesupport_introspection_c.h
-- Up-to-date symlink: /home/hrlsh/scrub_nurse_ws/install/gripper_interfaces/include/gripper_interfaces/gripper_interfaces/srv/detail/gripper_control__rosidl_typesupport_introspection_c.h
-- Up-to-date symlink: /home/hrlsh/scrub_nurse_ws/install/gripper_interfaces/include/gripper_interfaces/gripper_interfaces/srv/detail/modbus__rosidl_typesupport_introspection_c.h
-- Up-to-date symlink: /home/hrlsh/scrub_nurse_ws/install/gripper_interfaces/include/gripper_interfaces/gripper_interfaces/srv/detail/pos_vel_cur_ctrl__rosidl_typesupport_introspection_c.h
-- Up-to-date symlink: /home/hrlsh/scrub_nurse_ws/install/gripper_interfaces/include/gripper_interfaces/gripper_interfaces/srv/detail/set_parameter__rosidl_typesupport_introspection_c.h
-- Up-to-date symlink: /home/hrlsh/scrub_nurse_ws/install/gripper_interfaces/include/gripper_interfaces/gripper_interfaces/srv/detail/slave_change__rosidl_typesupport_introspection_c.h
-- Up-to-date symlink: /home/hrlsh/scrub_nurse_ws/install/gripper_interfaces/include/gripper_interfaces/gripper_interfaces/srv/detail/stop_motor__rosidl_typesupport_introspection_c.h
-- Up-to-date symlink: /home/hrlsh/scrub_nurse_ws/install/gripper_interfaces/include/gripper_interfaces/gripper_interfaces/action/detail/gripper__builder.hpp
-- Up-to-date symlink: /home/hrlsh/scrub_nurse_ws/install/gripper_interfaces/include/gripper_interfaces/gripper_interfaces/action/detail/gripper__struct.hpp
-- Up-to-date symlink: /home/hrlsh/scrub_nurse_ws/install/gripper_interfaces/include/gripper_interfaces/gripper_interfaces/action/detail/gripper__traits.hpp
-- Up-to-date symlink: /home/hrlsh/scrub_nurse_ws/install/gripper_interfaces/include/gripper_interfaces/gripper_interfaces/action/detail/gripper__type_support.hpp
-- Up-to-date symlink: /home/hrlsh/scrub_nurse_ws/install/gripper_interfaces/include/gripper_interfaces/gripper_interfaces/action/gripper.hpp
-- Up-to-date symlink: /home/hrlsh/scrub_nurse_ws/install/gripper_interfaces/include/gripper_interfaces/gripper_interfaces/msg/detail/gripper_msg__builder.hpp
-- Up-to-date symlink: /home/hrlsh/scrub_nurse_ws/install/gripper_interfaces/include/gripper_interfaces/gripper_interfaces/msg/detail/gripper_msg__struct.hpp
-- Up-to-date symlink: /home/hrlsh/scrub_nurse_ws/install/gripper_interfaces/include/gripper_interfaces/gripper_interfaces/msg/detail/gripper_msg__traits.hpp
-- Up-to-date symlink: /home/hrlsh/scrub_nurse_ws/install/gripper_interfaces/include/gripper_interfaces/gripper_interfaces/msg/detail/gripper_msg__type_support.hpp
-- Up-to-date symlink: /home/hrlsh/scrub_nurse_ws/install/gripper_interfaces/include/gripper_interfaces/gripper_interfaces/msg/gripper_msg.hpp
-- Up-to-date symlink: /home/hrlsh/scrub_nurse_ws/install/gripper_interfaces/include/gripper_interfaces/gripper_interfaces/msg/rosidl_generator_cpp__visibility_control.hpp
-- Up-to-date symlink: /home/hrlsh/scrub_nurse_ws/install/gripper_interfaces/include/gripper_interfaces/gripper_interfaces/srv/arduino_control.hpp
-- Up-to-date symlink: /home/hrlsh/scrub_nurse_ws/install/gripper_interfaces/include/gripper_interfaces/gripper_interfaces/srv/detail/arduino_control__builder.hpp
-- Up-to-date symlink: /home/hrlsh/scrub_nurse_ws/install/gripper_interfaces/include/gripper_interfaces/gripper_interfaces/srv/detail/arduino_control__struct.hpp
-- Up-to-date symlink: /home/hrlsh/scrub_nurse_ws/install/gripper_interfaces/include/gripper_interfaces/gripper_interfaces/srv/detail/arduino_control__traits.hpp
-- Up-to-date symlink: /home/hrlsh/scrub_nurse_ws/install/gripper_interfaces/include/gripper_interfaces/gripper_interfaces/srv/detail/arduino_control__type_support.hpp
-- Up-to-date symlink: /home/hrlsh/scrub_nurse_ws/install/gripper_interfaces/include/gripper_interfaces/gripper_interfaces/srv/detail/driver_enable__builder.hpp
-- Up-to-date symlink: /home/hrlsh/scrub_nurse_ws/install/gripper_interfaces/include/gripper_interfaces/gripper_interfaces/srv/detail/driver_enable__struct.hpp
-- Up-to-date symlink: /home/hrlsh/scrub_nurse_ws/install/gripper_interfaces/include/gripper_interfaces/gripper_interfaces/srv/detail/driver_enable__traits.hpp
-- Up-to-date symlink: /home/hrlsh/scrub_nurse_ws/install/gripper_interfaces/include/gripper_interfaces/gripper_interfaces/srv/detail/driver_enable__type_support.hpp
-- Up-to-date symlink: /home/hrlsh/scrub_nurse_ws/install/gripper_interfaces/include/gripper_interfaces/gripper_interfaces/srv/detail/gripper_command__builder.hpp
-- Up-to-date symlink: /home/hrlsh/scrub_nurse_ws/install/gripper_interfaces/include/gripper_interfaces/gripper_interfaces/srv/detail/gripper_command__struct.hpp
-- Up-to-date symlink: /home/hrlsh/scrub_nurse_ws/install/gripper_interfaces/include/gripper_interfaces/gripper_interfaces/srv/detail/gripper_command__traits.hpp
-- Up-to-date symlink: /home/hrlsh/scrub_nurse_ws/install/gripper_interfaces/include/gripper_interfaces/gripper_interfaces/srv/detail/gripper_command__type_support.hpp
-- Up-to-date symlink: /home/hrlsh/scrub_nurse_ws/install/gripper_interfaces/include/gripper_interfaces/gripper_interfaces/srv/detail/gripper_control__builder.hpp
-- Up-to-date symlink: /home/hrlsh/scrub_nurse_ws/install/gripper_interfaces/include/gripper_interfaces/gripper_interfaces/srv/detail/gripper_control__struct.hpp
-- Up-to-date symlink: /home/hrlsh/scrub_nurse_ws/install/gripper_interfaces/include/gripper_interfaces/gripper_interfaces/srv/detail/gripper_control__traits.hpp
-- Up-to-date symlink: /home/hrlsh/scrub_nurse_ws/install/gripper_interfaces/include/gripper_interfaces/gripper_interfaces/srv/detail/gripper_control__type_support.hpp
-- Up-to-date symlink: /home/hrlsh/scrub_nurse_ws/install/gripper_interfaces/include/gripper_interfaces/gripper_interfaces/srv/detail/modbus__builder.hpp
-- Up-to-date symlink: /home/hrlsh/scrub_nurse_ws/install/gripper_interfaces/include/gripper_interfaces/gripper_interfaces/srv/detail/modbus__struct.hpp
-- Up-to-date symlink: /home/hrlsh/scrub_nurse_ws/install/gripper_interfaces/include/gripper_interfaces/gripper_interfaces/srv/detail/modbus__traits.hpp
-- Up-to-date symlink: /home/hrlsh/scrub_nurse_ws/install/gripper_interfaces/include/gripper_interfaces/gripper_interfaces/srv/detail/modbus__type_support.hpp
-- Up-to-date symlink: /home/hrlsh/scrub_nurse_ws/install/gripper_interfaces/include/gripper_interfaces/gripper_interfaces/srv/detail/pos_vel_cur_ctrl__builder.hpp
-- Up-to-date symlink: /home/hrlsh/scrub_nurse_ws/install/gripper_interfaces/include/gripper_interfaces/gripper_interfaces/srv/detail/pos_vel_cur_ctrl__struct.hpp
-- Up-to-date symlink: /home/hrlsh/scrub_nurse_ws/install/gripper_interfaces/include/gripper_interfaces/gripper_interfaces/srv/detail/pos_vel_cur_ctrl__traits.hpp
-- Up-to-date symlink: /home/hrlsh/scrub_nurse_ws/install/gripper_interfaces/include/gripper_interfaces/gripper_interfaces/srv/detail/pos_vel_cur_ctrl__type_support.hpp
-- Up-to-date symlink: /home/hrlsh/scrub_nurse_ws/install/gripper_interfaces/include/gripper_interfaces/gripper_interfaces/srv/detail/set_parameter__builder.hpp
-- Up-to-date symlink: /home/hrlsh/scrub_nurse_ws/install/gripper_interfaces/include/gripper_interfaces/gripper_interfaces/srv/detail/set_parameter__struct.hpp
-- Up-to-date symlink: /home/hrlsh/scrub_nurse_ws/install/gripper_interfaces/include/gripper_interfaces/gripper_interfaces/srv/detail/set_parameter__traits.hpp
-- Up-to-date symlink: /home/hrlsh/scrub_nurse_ws/install/gripper_interfaces/include/gripper_interfaces/gripper_interfaces/srv/detail/set_parameter__type_support.hpp
-- Up-to-date symlink: /home/hrlsh/scrub_nurse_ws/install/gripper_interfaces/include/gripper_interfaces/gripper_interfaces/srv/detail/slave_change__builder.hpp
-- Up-to-date symlink: /home/hrlsh/scrub_nurse_ws/install/gripper_interfaces/include/gripper_interfaces/gripper_interfaces/srv/detail/slave_change__struct.hpp
-- Up-to-date symlink: /home/hrlsh/scrub_nurse_ws/install/gripper_interfaces/include/gripper_interfaces/gripper_interfaces/srv/detail/slave_change__traits.hpp
-- Up-to-date symlink: /home/hrlsh/scrub_nurse_ws/install/gripper_interfaces/include/gripper_interfaces/gripper_interfaces/srv/detail/slave_change__type_support.hpp
-- Up-to-date symlink: /home/hrlsh/scrub_nurse_ws/install/gripper_interfaces/include/gripper_interfaces/gripper_interfaces/srv/detail/stop_motor__builder.hpp
-- Up-to-date symlink: /home/hrlsh/scrub_nurse_ws/install/gripper_interfaces/include/gripper_interfaces/gripper_interfaces/srv/detail/stop_motor__struct.hpp
-- Up-to-date symlink: /home/hrlsh/scrub_nurse_ws/install/gripper_interfaces/include/gripper_interfaces/gripper_interfaces/srv/detail/stop_motor__traits.hpp
-- Up-to-date symlink: /home/hrlsh/scrub_nurse_ws/install/gripper_interfaces/include/gripper_interfaces/gripper_interfaces/srv/detail/stop_motor__type_support.hpp
-- Up-to-date symlink: /home/hrlsh/scrub_nurse_ws/install/gripper_interfaces/include/gripper_interfaces/gripper_interfaces/srv/driver_enable.hpp
-- Up-to-date symlink: /home/hrlsh/scrub_nurse_ws/install/gripper_interfaces/include/gripper_interfaces/gripper_interfaces/srv/gripper_command.hpp
-- Up-to-date symlink: /home/hrlsh/scrub_nurse_ws/install/gripper_interfaces/include/gripper_interfaces/gripper_interfaces/srv/gripper_control.hpp
-- Up-to-date symlink: /home/hrlsh/scrub_nurse_ws/install/gripper_interfaces/include/gripper_interfaces/gripper_interfaces/srv/modbus.hpp
-- Up-to-date symlink: /home/hrlsh/scrub_nurse_ws/install/gripper_interfaces/include/gripper_interfaces/gripper_interfaces/srv/pos_vel_cur_ctrl.hpp
-- Up-to-date symlink: /home/hrlsh/scrub_nurse_ws/install/gripper_interfaces/include/gripper_interfaces/gripper_interfaces/srv/set_parameter.hpp
-- Up-to-date symlink: /home/hrlsh/scrub_nurse_ws/install/gripper_interfaces/include/gripper_interfaces/gripper_interfaces/srv/slave_change.hpp
-- Up-to-date symlink: /home/hrlsh/scrub_nurse_ws/install/gripper_interfaces/include/gripper_interfaces/gripper_interfaces/srv/stop_motor.hpp
-- Up-to-date symlink: /home/hrlsh/scrub_nurse_ws/install/gripper_interfaces/include/gripper_interfaces/gripper_interfaces/action/detail/gripper__rosidl_typesupport_fastrtps_cpp.hpp
-- Up-to-date symlink: /home/hrlsh/scrub_nurse_ws/install/gripper_interfaces/include/gripper_interfaces/gripper_interfaces/msg/detail/gripper_msg__rosidl_typesupport_fastrtps_cpp.hpp
-- Up-to-date symlink: /home/hrlsh/scrub_nurse_ws/install/gripper_interfaces/include/gripper_interfaces/gripper_interfaces/msg/rosidl_typesupport_fastrtps_cpp__visibility_control.h
-- Up-to-date symlink: /home/hrlsh/scrub_nurse_ws/install/gripper_interfaces/include/gripper_interfaces/gripper_interfaces/srv/detail/arduino_control__rosidl_typesupport_fastrtps_cpp.hpp
-- Up-to-date symlink: /home/hrlsh/scrub_nurse_ws/install/gripper_interfaces/include/gripper_interfaces/gripper_interfaces/srv/detail/driver_enable__rosidl_typesupport_fastrtps_cpp.hpp
-- Up-to-date symlink: /home/hrlsh/scrub_nurse_ws/install/gripper_interfaces/include/gripper_interfaces/gripper_interfaces/srv/detail/gripper_command__rosidl_typesupport_fastrtps_cpp.hpp
-- Up-to-date symlink: /home/hrlsh/scrub_nurse_ws/install/gripper_interfaces/include/gripper_interfaces/gripper_interfaces/srv/detail/gripper_control__rosidl_typesupport_fastrtps_cpp.hpp
-- Up-to-date symlink: /home/hrlsh/scrub_nurse_ws/install/gripper_interfaces/include/gripper_interfaces/gripper_interfaces/srv/detail/modbus__rosidl_typesupport_fastrtps_cpp.hpp
-- Up-to-date symlink: /home/hrlsh/scrub_nurse_ws/install/gripper_interfaces/include/gripper_interfaces/gripper_interfaces/srv/detail/pos_vel_cur_ctrl__rosidl_typesupport_fastrtps_cpp.hpp
-- Up-to-date symlink: /home/hrlsh/scrub_nurse_ws/install/gripper_interfaces/include/gripper_interfaces/gripper_interfaces/srv/detail/set_parameter__rosidl_typesupport_fastrtps_cpp.hpp
-- Up-to-date symlink: /home/hrlsh/scrub_nurse_ws/install/gripper_interfaces/include/gripper_interfaces/gripper_interfaces/srv/detail/slave_change__rosidl_typesupport_fastrtps_cpp.hpp
-- Up-to-date symlink: /home/hrlsh/scrub_nurse_ws/install/gripper_interfaces/include/gripper_interfaces/gripper_interfaces/srv/detail/stop_motor__rosidl_typesupport_fastrtps_cpp.hpp
-- Up-to-date symlink: /home/hrlsh/scrub_nurse_ws/install/gripper_interfaces/include/gripper_interfaces/gripper_interfaces/action/detail/gripper__rosidl_typesupport_introspection_cpp.hpp
-- Up-to-date symlink: /home/hrlsh/scrub_nurse_ws/install/gripper_interfaces/include/gripper_interfaces/gripper_interfaces/msg/detail/gripper_msg__rosidl_typesupport_introspection_cpp.hpp
-- Up-to-date symlink: /home/hrlsh/scrub_nurse_ws/install/gripper_interfaces/include/gripper_interfaces/gripper_interfaces/srv/detail/arduino_control__rosidl_typesupport_introspection_cpp.hpp
-- Up-to-date symlink: /home/hrlsh/scrub_nurse_ws/install/gripper_interfaces/include/gripper_interfaces/gripper_interfaces/srv/detail/driver_enable__rosidl_typesupport_introspection_cpp.hpp
-- Up-to-date symlink: /home/hrlsh/scrub_nurse_ws/install/gripper_interfaces/include/gripper_interfaces/gripper_interfaces/srv/detail/gripper_command__rosidl_typesupport_introspection_cpp.hpp
-- Up-to-date symlink: /home/hrlsh/scrub_nurse_ws/install/gripper_interfaces/include/gripper_interfaces/gripper_interfaces/srv/detail/gripper_control__rosidl_typesupport_introspection_cpp.hpp
-- Up-to-date symlink: /home/hrlsh/scrub_nurse_ws/install/gripper_interfaces/include/gripper_interfaces/gripper_interfaces/srv/detail/modbus__rosidl_typesupport_introspection_cpp.hpp
-- Up-to-date symlink: /home/hrlsh/scrub_nurse_ws/install/gripper_interfaces/include/gripper_interfaces/gripper_interfaces/srv/detail/pos_vel_cur_ctrl__rosidl_typesupport_introspection_cpp.hpp
-- Up-to-date symlink: /home/hrlsh/scrub_nurse_ws/install/gripper_interfaces/include/gripper_interfaces/gripper_interfaces/srv/detail/set_parameter__rosidl_typesupport_introspection_cpp.hpp
-- Up-to-date symlink: /home/hrlsh/scrub_nurse_ws/install/gripper_interfaces/include/gripper_interfaces/gripper_interfaces/srv/detail/slave_change__rosidl_typesupport_introspection_cpp.hpp
-- Up-to-date symlink: /home/hrlsh/scrub_nurse_ws/install/gripper_interfaces/include/gripper_interfaces/gripper_interfaces/srv/detail/stop_motor__rosidl_typesupport_introspection_cpp.hpp
-- Up-to-date symlink: /home/hrlsh/scrub_nurse_ws/install/gripper_interfaces/share/gripper_interfaces/environment/pythonpath.sh
-- Up-to-date symlink: /home/hrlsh/scrub_nurse_ws/install/gripper_interfaces/share/gripper_interfaces/environment/pythonpath.dsv
-- Up-to-date symlink: /home/hrlsh/scrub_nurse_ws/install/gripper_interfaces/local/lib/python3.10/dist-packages/gripper_interfaces-0.1.0-py3.10.egg-info/PKG-INFO
-- Up-to-date symlink: /home/hrlsh/scrub_nurse_ws/install/gripper_interfaces/local/lib/python3.10/dist-packages/gripper_interfaces-0.1.0-py3.10.egg-info/SOURCES.txt
-- Up-to-date symlink: /home/hrlsh/scrub_nurse_ws/install/gripper_interfaces/local/lib/python3.10/dist-packages/gripper_interfaces-0.1.0-py3.10.egg-info/dependency_links.txt
-- Up-to-date symlink: /home/hrlsh/scrub_nurse_ws/install/gripper_interfaces/local/lib/python3.10/dist-packages/gripper_interfaces-0.1.0-py3.10.egg-info/top_level.txt
-- Up-to-date symlink: /home/hrlsh/scrub_nurse_ws/install/gripper_interfaces/local/lib/python3.10/dist-packages/gripper_interfaces/__init__.py
-- Up-to-date symlink: /home/hrlsh/scrub_nurse_ws/install/gripper_interfaces/local/lib/python3.10/dist-packages/gripper_interfaces/_gripper_interfaces_s.ep.rosidl_typesupport_c.c
-- Up-to-date symlink: /home/hrlsh/scrub_nurse_ws/install/gripper_interfaces/local/lib/python3.10/dist-packages/gripper_interfaces/_gripper_interfaces_s.ep.rosidl_typesupport_fastrtps_c.c
-- Up-to-date symlink: /home/hrlsh/scrub_nurse_ws/install/gripper_interfaces/local/lib/python3.10/dist-packages/gripper_interfaces/_gripper_interfaces_s.ep.rosidl_typesupport_introspection_c.c
-- Up-to-date symlink: /home/hrlsh/scrub_nurse_ws/install/gripper_interfaces/local/lib/python3.10/dist-packages/gripper_interfaces/action/__init__.py
-- Up-to-date symlink: /home/hrlsh/scrub_nurse_ws/install/gripper_interfaces/local/lib/python3.10/dist-packages/gripper_interfaces/action/_gripper.py
-- Up-to-date symlink: /home/hrlsh/scrub_nurse_ws/install/gripper_interfaces/local/lib/python3.10/dist-packages/gripper_interfaces/action/_gripper_s.c
-- Up-to-date symlink: /home/hrlsh/scrub_nurse_ws/install/gripper_interfaces/local/lib/python3.10/dist-packages/gripper_interfaces/gripper_interfaces_s__rosidl_typesupport_c.cpython-310-x86_64-linux-gnu.so
-- Up-to-date symlink: /home/hrlsh/scrub_nurse_ws/install/gripper_interfaces/local/lib/python3.10/dist-packages/gripper_interfaces/gripper_interfaces_s__rosidl_typesupport_fastrtps_c.cpython-310-x86_64-linux-gnu.so
-- Up-to-date symlink: /home/hrlsh/scrub_nurse_ws/install/gripper_interfaces/local/lib/python3.10/dist-packages/gripper_interfaces/gripper_interfaces_s__rosidl_typesupport_introspection_c.cpython-310-x86_64-linux-gnu.so
-- Up-to-date symlink: /home/hrlsh/scrub_nurse_ws/install/gripper_interfaces/local/lib/python3.10/dist-packages/gripper_interfaces/libgripper_interfaces__rosidl_generator_py.so
-- Up-to-date symlink: /home/hrlsh/scrub_nurse_ws/install/gripper_interfaces/local/lib/python3.10/dist-packages/gripper_interfaces/msg/__init__.py
-- Up-to-date symlink: /home/hrlsh/scrub_nurse_ws/install/gripper_interfaces/local/lib/python3.10/dist-packages/gripper_interfaces/msg/_gripper_msg.py
-- Up-to-date symlink: /home/hrlsh/scrub_nurse_ws/install/gripper_interfaces/local/lib/python3.10/dist-packages/gripper_interfaces/msg/_gripper_msg_s.c
-- Up-to-date symlink: /home/hrlsh/scrub_nurse_ws/install/gripper_interfaces/local/lib/python3.10/dist-packages/gripper_interfaces/srv/__init__.py
-- Up-to-date symlink: /home/hrlsh/scrub_nurse_ws/install/gripper_interfaces/local/lib/python3.10/dist-packages/gripper_interfaces/srv/_arduino_control.py
-- Up-to-date symlink: /home/hrlsh/scrub_nurse_ws/install/gripper_interfaces/local/lib/python3.10/dist-packages/gripper_interfaces/srv/_arduino_control_s.c
-- Up-to-date symlink: /home/hrlsh/scrub_nurse_ws/install/gripper_interfaces/local/lib/python3.10/dist-packages/gripper_interfaces/srv/_driver_enable.py
-- Up-to-date symlink: /home/hrlsh/scrub_nurse_ws/install/gripper_interfaces/local/lib/python3.10/dist-packages/gripper_interfaces/srv/_driver_enable_s.c
-- Up-to-date symlink: /home/hrlsh/scrub_nurse_ws/install/gripper_interfaces/local/lib/python3.10/dist-packages/gripper_interfaces/srv/_gripper_command.py
-- Up-to-date symlink: /home/hrlsh/scrub_nurse_ws/install/gripper_interfaces/local/lib/python3.10/dist-packages/gripper_interfaces/srv/_gripper_command_s.c
-- Up-to-date symlink: /home/hrlsh/scrub_nurse_ws/install/gripper_interfaces/local/lib/python3.10/dist-packages/gripper_interfaces/srv/_gripper_control.py
-- Up-to-date symlink: /home/hrlsh/scrub_nurse_ws/install/gripper_interfaces/local/lib/python3.10/dist-packages/gripper_interfaces/srv/_gripper_control_s.c
-- Up-to-date symlink: /home/hrlsh/scrub_nurse_ws/install/gripper_interfaces/local/lib/python3.10/dist-packages/gripper_interfaces/srv/_modbus.py
-- Up-to-date symlink: /home/hrlsh/scrub_nurse_ws/install/gripper_interfaces/local/lib/python3.10/dist-packages/gripper_interfaces/srv/_modbus_s.c
-- Up-to-date symlink: /home/hrlsh/scrub_nurse_ws/install/gripper_interfaces/local/lib/python3.10/dist-packages/gripper_interfaces/srv/_pos_vel_cur_ctrl.py
-- Up-to-date symlink: /home/hrlsh/scrub_nurse_ws/install/gripper_interfaces/local/lib/python3.10/dist-packages/gripper_interfaces/srv/_pos_vel_cur_ctrl_s.c
-- Up-to-date symlink: /home/hrlsh/scrub_nurse_ws/install/gripper_interfaces/local/lib/python3.10/dist-packages/gripper_interfaces/srv/_set_parameter.py
-- Up-to-date symlink: /home/hrlsh/scrub_nurse_ws/install/gripper_interfaces/local/lib/python3.10/dist-packages/gripper_interfaces/srv/_set_parameter_s.c
-- Up-to-date symlink: /home/hrlsh/scrub_nurse_ws/install/gripper_interfaces/local/lib/python3.10/dist-packages/gripper_interfaces/srv/_slave_change.py
-- Up-to-date symlink: /home/hrlsh/scrub_nurse_ws/install/gripper_interfaces/local/lib/python3.10/dist-packages/gripper_interfaces/srv/_slave_change_s.c
-- Up-to-date symlink: /home/hrlsh/scrub_nurse_ws/install/gripper_interfaces/local/lib/python3.10/dist-packages/gripper_interfaces/srv/_stop_motor.py
-- Up-to-date symlink: /home/hrlsh/scrub_nurse_ws/install/gripper_interfaces/local/lib/python3.10/dist-packages/gripper_interfaces/srv/_stop_motor_s.c
-- Up-to-date symlink: /home/hrlsh/scrub_nurse_ws/install/gripper_interfaces/local/lib/python3.10/dist-packages/gripper_interfaces/gripper_interfaces_s__rosidl_typesupport_fastrtps_c.cpython-310-x86_64-linux-gnu.so
-- Up-to-date symlink: /home/hrlsh/scrub_nurse_ws/install/gripper_interfaces/local/lib/python3.10/dist-packages/gripper_interfaces/gripper_interfaces_s__rosidl_typesupport_introspection_c.cpython-310-x86_64-linux-gnu.so
-- Up-to-date symlink: /home/hrlsh/scrub_nurse_ws/install/gripper_interfaces/local/lib/python3.10/dist-packages/gripper_interfaces/gripper_interfaces_s__rosidl_typesupport_c.cpython-310-x86_64-linux-gnu.so
-- Up-to-date symlink: /home/hrlsh/scrub_nurse_ws/install/gripper_interfaces/share/ament_index/resource_index/rust_packages/gripper_interfaces
-- Up-to-date symlink: /home/hrlsh/scrub_nurse_ws/install/gripper_interfaces/share/gripper_interfaces/rust/Cargo.toml
-- Up-to-date symlink: /home/hrlsh/scrub_nurse_ws/install/gripper_interfaces/share/gripper_interfaces/rust/build.rs
-- Up-to-date symlink: /home/hrlsh/scrub_nurse_ws/install/gripper_interfaces/share/gripper_interfaces/rust/src/action.rs
-- Up-to-date symlink: /home/hrlsh/scrub_nurse_ws/install/gripper_interfaces/share/gripper_interfaces/rust/src/action/rmw.rs
-- Up-to-date symlink: /home/hrlsh/scrub_nurse_ws/install/gripper_interfaces/share/gripper_interfaces/rust/src/lib.rs
-- Up-to-date symlink: /home/hrlsh/scrub_nurse_ws/install/gripper_interfaces/share/gripper_interfaces/rust/src/msg.rs
-- Up-to-date symlink: /home/hrlsh/scrub_nurse_ws/install/gripper_interfaces/share/gripper_interfaces/rust/src/msg/rmw.rs
-- Up-to-date symlink: /home/hrlsh/scrub_nurse_ws/install/gripper_interfaces/share/gripper_interfaces/rust/src/srv.rs
-- Up-to-date symlink: /home/hrlsh/scrub_nurse_ws/install/gripper_interfaces/share/gripper_interfaces/rust/src/srv/rmw.rs
-- Up-to-date symlink: /home/hrlsh/scrub_nurse_ws/install/gripper_interfaces/share/gripper_interfaces/msg/GripperMsg.idl
-- Up-to-date symlink: /home/hrlsh/scrub_nurse_ws/install/gripper_interfaces/share/gripper_interfaces/srv/SlaveChange.idl
-- Up-to-date symlink: /home/hrlsh/scrub_nurse_ws/install/gripper_interfaces/share/gripper_interfaces/srv/PosVelCurCtrl.idl
-- Up-to-date symlink: /home/hrlsh/scrub_nurse_ws/install/gripper_interfaces/share/gripper_interfaces/srv/DriverEnable.idl
-- Up-to-date symlink: /home/hrlsh/scrub_nurse_ws/install/gripper_interfaces/share/gripper_interfaces/srv/SetParameter.idl
-- Up-to-date symlink: /home/hrlsh/scrub_nurse_ws/install/gripper_interfaces/share/gripper_interfaces/srv/GripperControl.idl
-- Up-to-date symlink: /home/hrlsh/scrub_nurse_ws/install/gripper_interfaces/share/gripper_interfaces/srv/ArduinoControl.idl
-- Up-to-date symlink: /home/hrlsh/scrub_nurse_ws/install/gripper_interfaces/share/gripper_interfaces/srv/Modbus.idl
-- Up-to-date symlink: /home/hrlsh/scrub_nurse_ws/install/gripper_interfaces/share/gripper_interfaces/srv/GripperCommand.idl
-- Up-to-date symlink: /home/hrlsh/scrub_nurse_ws/install/gripper_interfaces/share/gripper_interfaces/srv/StopMotor.idl
-- Up-to-date symlink: /home/hrlsh/scrub_nurse_ws/install/gripper_interfaces/share/gripper_interfaces/action/Gripper.idl
-- Up-to-date symlink: /home/hrlsh/scrub_nurse_ws/install/gripper_interfaces/share/gripper_interfaces/msg/GripperMsg.msg
-- Up-to-date symlink: /home/hrlsh/scrub_nurse_ws/install/gripper_interfaces/share/gripper_interfaces/srv/SlaveChange.srv
-- Up-to-date symlink: /home/hrlsh/scrub_nurse_ws/install/gripper_interfaces/share/gripper_interfaces/srv/SlaveChange_Request.msg
-- Up-to-date symlink: /home/hrlsh/scrub_nurse_ws/install/gripper_interfaces/share/gripper_interfaces/srv/SlaveChange_Response.msg
-- Up-to-date symlink: /home/hrlsh/scrub_nurse_ws/install/gripper_interfaces/share/gripper_interfaces/srv/PosVelCurCtrl.srv
-- Up-to-date symlink: /home/hrlsh/scrub_nurse_ws/install/gripper_interfaces/share/gripper_interfaces/srv/PosVelCurCtrl_Request.msg
-- Up-to-date symlink: /home/hrlsh/scrub_nurse_ws/install/gripper_interfaces/share/gripper_interfaces/srv/PosVelCurCtrl_Response.msg
-- Up-to-date symlink: /home/hrlsh/scrub_nurse_ws/install/gripper_interfaces/share/gripper_interfaces/srv/DriverEnable.srv
-- Up-to-date symlink: /home/hrlsh/scrub_nurse_ws/install/gripper_interfaces/share/gripper_interfaces/srv/DriverEnable_Request.msg
-- Up-to-date symlink: /home/hrlsh/scrub_nurse_ws/install/gripper_interfaces/share/gripper_interfaces/srv/DriverEnable_Response.msg
-- Up-to-date symlink: /home/hrlsh/scrub_nurse_ws/install/gripper_interfaces/share/gripper_interfaces/srv/SetParameter.srv
-- Up-to-date symlink: /home/hrlsh/scrub_nurse_ws/install/gripper_interfaces/share/gripper_interfaces/srv/SetParameter_Request.msg
-- Up-to-date symlink: /home/hrlsh/scrub_nurse_ws/install/gripper_interfaces/share/gripper_interfaces/srv/SetParameter_Response.msg
-- Up-to-date symlink: /home/hrlsh/scrub_nurse_ws/install/gripper_interfaces/share/gripper_interfaces/srv/GripperControl.srv
-- Up-to-date symlink: /home/hrlsh/scrub_nurse_ws/install/gripper_interfaces/share/gripper_interfaces/srv/GripperControl_Request.msg
-- Up-to-date symlink: /home/hrlsh/scrub_nurse_ws/install/gripper_interfaces/share/gripper_interfaces/srv/GripperControl_Response.msg
-- Up-to-date symlink: /home/hrlsh/scrub_nurse_ws/install/gripper_interfaces/share/gripper_interfaces/srv/ArduinoControl.srv
-- Up-to-date symlink: /home/hrlsh/scrub_nurse_ws/install/gripper_interfaces/share/gripper_interfaces/srv/ArduinoControl_Request.msg
-- Up-to-date symlink: /home/hrlsh/scrub_nurse_ws/install/gripper_interfaces/share/gripper_interfaces/srv/ArduinoControl_Response.msg
-- Up-to-date symlink: /home/hrlsh/scrub_nurse_ws/install/gripper_interfaces/share/gripper_interfaces/srv/Modbus.srv
-- Up-to-date symlink: /home/hrlsh/scrub_nurse_ws/install/gripper_interfaces/share/gripper_interfaces/srv/Modbus_Request.msg
-- Up-to-date symlink: /home/hrlsh/scrub_nurse_ws/install/gripper_interfaces/share/gripper_interfaces/srv/Modbus_Response.msg
-- Up-to-date symlink: /home/hrlsh/scrub_nurse_ws/install/gripper_interfaces/share/gripper_interfaces/srv/GripperCommand.srv
-- Up-to-date symlink: /home/hrlsh/scrub_nurse_ws/install/gripper_interfaces/share/gripper_interfaces/srv/GripperCommand_Request.msg
-- Up-to-date symlink: /home/hrlsh/scrub_nurse_ws/install/gripper_interfaces/share/gripper_interfaces/srv/GripperCommand_Response.msg
-- Up-to-date symlink: /home/hrlsh/scrub_nurse_ws/install/gripper_interfaces/share/gripper_interfaces/srv/StopMotor.srv
-- Up-to-date symlink: /home/hrlsh/scrub_nurse_ws/install/gripper_interfaces/share/gripper_interfaces/srv/StopMotor_Request.msg
-- Up-to-date symlink: /home/hrlsh/scrub_nurse_ws/install/gripper_interfaces/share/gripper_interfaces/srv/StopMotor_Response.msg
-- Up-to-date symlink: /home/hrlsh/scrub_nurse_ws/install/gripper_interfaces/share/gripper_interfaces/action/Gripper.action
-- Up-to-date symlink: /home/hrlsh/scrub_nurse_ws/install/gripper_interfaces/share/ament_index/resource_index/package_run_dependencies/gripper_interfaces
-- Up-to-date symlink: /home/hrlsh/scrub_nurse_ws/install/gripper_interfaces/share/ament_index/resource_index/parent_prefix_path/gripper_interfaces
-- Up-to-date symlink: /home/hrlsh/scrub_nurse_ws/install/gripper_interfaces/share/gripper_interfaces/environment/ament_prefix_path.sh
-- Up-to-date symlink: /home/hrlsh/scrub_nurse_ws/install/gripper_interfaces/share/gripper_interfaces/environment/ament_prefix_path.dsv
-- Up-to-date symlink: /home/hrlsh/scrub_nurse_ws/install/gripper_interfaces/share/gripper_interfaces/environment/path.sh
-- Up-to-date symlink: /home/hrlsh/scrub_nurse_ws/install/gripper_interfaces/share/gripper_interfaces/environment/path.dsv
-- Up-to-date symlink: /home/hrlsh/scrub_nurse_ws/install/gripper_interfaces/share/gripper_interfaces/local_setup.bash
-- Up-to-date symlink: /home/hrlsh/scrub_nurse_ws/install/gripper_interfaces/share/gripper_interfaces/local_setup.sh
-- Up-to-date symlink: /home/hrlsh/scrub_nurse_ws/install/gripper_interfaces/share/gripper_interfaces/local_setup.zsh
-- Up-to-date symlink: /home/hrlsh/scrub_nurse_ws/install/gripper_interfaces/share/gripper_interfaces/local_setup.dsv
-- Symlinking: /home/hrlsh/scrub_nurse_ws/install/gripper_interfaces/share/gripper_interfaces/package.dsv
-- Up-to-date symlink: /home/hrlsh/scrub_nurse_ws/install/gripper_interfaces/share/ament_index/resource_index/packages/gripper_interfaces
-- Up-to-date symlink: /home/hrlsh/scrub_nurse_ws/install/gripper_interfaces/share/gripper_interfaces/cmake/rosidl_cmake-extras.cmake
-- Up-to-date symlink: /home/hrlsh/scrub_nurse_ws/install/gripper_interfaces/share/gripper_interfaces/cmake/ament_cmake_export_dependencies-extras.cmake
-- Up-to-date symlink: /home/hrlsh/scrub_nurse_ws/install/gripper_interfaces/share/gripper_interfaces/cmake/ament_cmake_export_include_directories-extras.cmake
-- Up-to-date symlink: /home/hrlsh/scrub_nurse_ws/install/gripper_interfaces/share/gripper_interfaces/cmake/ament_cmake_export_libraries-extras.cmake
-- Up-to-date symlink: /home/hrlsh/scrub_nurse_ws/install/gripper_interfaces/share/gripper_interfaces/cmake/ament_cmake_export_targets-extras.cmake
-- Up-to-date symlink: /home/hrlsh/scrub_nurse_ws/install/gripper_interfaces/share/gripper_interfaces/cmake/rosidl_cmake_export_typesupport_targets-extras.cmake
-- Up-to-date symlink: /home/hrlsh/scrub_nurse_ws/install/gripper_interfaces/share/gripper_interfaces/cmake/rosidl_cmake_export_typesupport_libraries-extras.cmake
-- Up-to-date symlink: /home/hrlsh/scrub_nurse_ws/install/gripper_interfaces/share/gripper_interfaces/cmake/gripper_interfacesConfig.cmake
-- Up-to-date symlink: /home/hrlsh/scrub_nurse_ws/install/gripper_interfaces/share/gripper_interfaces/cmake/gripper_interfacesConfig-version.cmake
-- Up-to-date symlink: /home/hrlsh/scrub_nurse_ws/install/gripper_interfaces/share/gripper_interfaces/package.xml
-- Installing: /home/hrlsh/scrub_nurse_ws/install/gripper_interfaces/lib/libgripper_interfaces__rosidl_generator_c.so
-- Set non-toolchain portion of runtime path of "/home/hrlsh/scrub_nurse_ws/install/gripper_interfaces/lib/libgripper_interfaces__rosidl_generator_c.so" to ""
-- Installing: /home/hrlsh/scrub_nurse_ws/install/gripper_interfaces/lib/libgripper_interfaces__rosidl_typesupport_fastrtps_c.so
-- Set non-toolchain portion of runtime path of "/home/hrlsh/scrub_nurse_ws/install/gripper_interfaces/lib/libgripper_interfaces__rosidl_typesupport_fastrtps_c.so" to ""
-- Installing: /home/hrlsh/scrub_nurse_ws/install/gripper_interfaces/lib/libgripper_interfaces__rosidl_typesupport_introspection_c.so
-- Set non-toolchain portion of runtime path of "/home/hrlsh/scrub_nurse_ws/install/gripper_interfaces/lib/libgripper_interfaces__rosidl_typesupport_introspection_c.so" to ""
-- Installing: /home/hrlsh/scrub_nurse_ws/install/gripper_interfaces/lib/libgripper_interfaces__rosidl_typesupport_c.so
-- Set non-toolchain portion of runtime path of "/home/hrlsh/scrub_nurse_ws/install/gripper_interfaces/lib/libgripper_interfaces__rosidl_typesupport_c.so" to ""
-- Installing: /home/hrlsh/scrub_nurse_ws/install/gripper_interfaces/lib/libgripper_interfaces__rosidl_typesupport_fastrtps_cpp.so
-- Set non-toolchain portion of runtime path of "/home/hrlsh/scrub_nurse_ws/install/gripper_interfaces/lib/libgripper_interfaces__rosidl_typesupport_fastrtps_cpp.so" to ""
-- Installing: /home/hrlsh/scrub_nurse_ws/install/gripper_interfaces/lib/libgripper_interfaces__rosidl_typesupport_introspection_cpp.so
-- Set non-toolchain portion of runtime path of "/home/hrlsh/scrub_nurse_ws/install/gripper_interfaces/lib/libgripper_interfaces__rosidl_typesupport_introspection_cpp.so" to ""
-- Installing: /home/hrlsh/scrub_nurse_ws/install/gripper_interfaces/lib/libgripper_interfaces__rosidl_typesupport_cpp.so
-- Set non-toolchain portion of runtime path of "/home/hrlsh/scrub_nurse_ws/install/gripper_interfaces/lib/libgripper_interfaces__rosidl_typesupport_cpp.so" to ""
Listing '/home/hrlsh/scrub_nurse_ws/install/gripper_interfaces/local/lib/python3.10/dist-packages/gripper_interfaces'...
Compiling '/home/hrlsh/scrub_nurse_ws/install/gripper_interfaces/local/lib/python3.10/dist-packages/gripper_interfaces/__init__.py'...
Listing '/home/hrlsh/scrub_nurse_ws/install/gripper_interfaces/local/lib/python3.10/dist-packages/gripper_interfaces/action'...
Listing '/home/hrlsh/scrub_nurse_ws/install/gripper_interfaces/local/lib/python3.10/dist-packages/gripper_interfaces/msg'...
Listing '/home/hrlsh/scrub_nurse_ws/install/gripper_interfaces/local/lib/python3.10/dist-packages/gripper_interfaces/srv'...
-- Installing: /home/hrlsh/scrub_nurse_ws/install/gripper_interfaces/lib/libgripper_interfaces__rosidl_generator_py.so
-- Set non-toolchain portion of runtime path of "/home/hrlsh/scrub_nurse_ws/install/gripper_interfaces/lib/libgripper_interfaces__rosidl_generator_py.so" to ""
-- Old export file "/home/hrlsh/scrub_nurse_ws/install/gripper_interfaces/share/gripper_interfaces/cmake/export_gripper_interfaces__rosidl_generator_cExport.cmake" will be replaced.  Removing files [/home/hrlsh/scrub_nurse_ws/install/gripper_interfaces/share/gripper_interfaces/cmake/export_gripper_interfaces__rosidl_generator_cExport-noconfig.cmake].
-- Installing: /home/hrlsh/scrub_nurse_ws/install/gripper_interfaces/share/gripper_interfaces/cmake/export_gripper_interfaces__rosidl_generator_cExport.cmake
-- Installing: /home/hrlsh/scrub_nurse_ws/install/gripper_interfaces/share/gripper_interfaces/cmake/export_gripper_interfaces__rosidl_generator_cExport-noconfig.cmake
-- Old export file "/home/hrlsh/scrub_nurse_ws/install/gripper_interfaces/share/gripper_interfaces/cmake/export_gripper_interfaces__rosidl_typesupport_fastrtps_cExport.cmake" will be replaced.  Removing files [/home/hrlsh/scrub_nurse_ws/install/gripper_interfaces/share/gripper_interfaces/cmake/export_gripper_interfaces__rosidl_typesupport_fastrtps_cExport-noconfig.cmake].
-- Installing: /home/hrlsh/scrub_nurse_ws/install/gripper_interfaces/share/gripper_interfaces/cmake/export_gripper_interfaces__rosidl_typesupport_fastrtps_cExport.cmake
-- Installing: /home/hrlsh/scrub_nurse_ws/install/gripper_interfaces/share/gripper_interfaces/cmake/export_gripper_interfaces__rosidl_typesupport_fastrtps_cExport-noconfig.cmake
-- Old export file "/home/hrlsh/scrub_nurse_ws/install/gripper_interfaces/share/gripper_interfaces/cmake/gripper_interfaces__rosidl_typesupport_introspection_cExport.cmake" will be replaced.  Removing files [/home/hrlsh/scrub_nurse_ws/install/gripper_interfaces/share/gripper_interfaces/cmake/gripper_interfaces__rosidl_typesupport_introspection_cExport-noconfig.cmake].
-- Installing: /home/hrlsh/scrub_nurse_ws/install/gripper_interfaces/share/gripper_interfaces/cmake/gripper_interfaces__rosidl_typesupport_introspection_cExport.cmake
-- Installing: /home/hrlsh/scrub_nurse_ws/install/gripper_interfaces/share/gripper_interfaces/cmake/gripper_interfaces__rosidl_typesupport_introspection_cExport-noconfig.cmake
-- Old export file "/home/hrlsh/scrub_nurse_ws/install/gripper_interfaces/share/gripper_interfaces/cmake/gripper_interfaces__rosidl_typesupport_cExport.cmake" will be replaced.  Removing files [/home/hrlsh/scrub_nurse_ws/install/gripper_interfaces/share/gripper_interfaces/cmake/gripper_interfaces__rosidl_typesupport_cExport-noconfig.cmake].
-- Installing: /home/hrlsh/scrub_nurse_ws/install/gripper_interfaces/share/gripper_interfaces/cmake/gripper_interfaces__rosidl_typesupport_cExport.cmake
-- Installing: /home/hrlsh/scrub_nurse_ws/install/gripper_interfaces/share/gripper_interfaces/cmake/gripper_interfaces__rosidl_typesupport_cExport-noconfig.cmake
-- Installing: /home/hrlsh/scrub_nurse_ws/install/gripper_interfaces/share/gripper_interfaces/cmake/export_gripper_interfaces__rosidl_generator_cppExport.cmake
-- Old export file "/home/hrlsh/scrub_nurse_ws/install/gripper_interfaces/share/gripper_interfaces/cmake/export_gripper_interfaces__rosidl_typesupport_fastrtps_cppExport.cmake" will be replaced.  Removing files [/home/hrlsh/scrub_nurse_ws/install/gripper_interfaces/share/gripper_interfaces/cmake/export_gripper_interfaces__rosidl_typesupport_fastrtps_cppExport-noconfig.cmake].
-- Installing: /home/hrlsh/scrub_nurse_ws/install/gripper_interfaces/share/gripper_interfaces/cmake/export_gripper_interfaces__rosidl_typesupport_fastrtps_cppExport.cmake
-- Installing: /home/hrlsh/scrub_nurse_ws/install/gripper_interfaces/share/gripper_interfaces/cmake/export_gripper_interfaces__rosidl_typesupport_fastrtps_cppExport-noconfig.cmake
-- Old export file "/home/hrlsh/scrub_nurse_ws/install/gripper_interfaces/share/gripper_interfaces/cmake/gripper_interfaces__rosidl_typesupport_introspection_cppExport.cmake" will be replaced.  Removing files [/home/hrlsh/scrub_nurse_ws/install/gripper_interfaces/share/gripper_interfaces/cmake/gripper_interfaces__rosidl_typesupport_introspection_cppExport-noconfig.cmake].
-- Installing: /home/hrlsh/scrub_nurse_ws/install/gripper_interfaces/share/gripper_interfaces/cmake/gripper_interfaces__rosidl_typesupport_introspection_cppExport.cmake
-- Installing: /home/hrlsh/scrub_nurse_ws/install/gripper_interfaces/share/gripper_interfaces/cmake/gripper_interfaces__rosidl_typesupport_introspection_cppExport-noconfig.cmake
-- Old export file "/home/hrlsh/scrub_nurse_ws/install/gripper_interfaces/share/gripper_interfaces/cmake/gripper_interfaces__rosidl_typesupport_cppExport.cmake" will be replaced.  Removing files [/home/hrlsh/scrub_nurse_ws/install/gripper_interfaces/share/gripper_interfaces/cmake/gripper_interfaces__rosidl_typesupport_cppExport-noconfig.cmake].
-- Installing: /home/hrlsh/scrub_nurse_ws/install/gripper_interfaces/share/gripper_interfaces/cmake/gripper_interfaces__rosidl_typesupport_cppExport.cmake
-- Installing: /home/hrlsh/scrub_nurse_ws/install/gripper_interfaces/share/gripper_interfaces/cmake/gripper_interfaces__rosidl_typesupport_cppExport-noconfig.cmake
-- Old export file "/home/hrlsh/scrub_nurse_ws/install/gripper_interfaces/share/gripper_interfaces/cmake/export_gripper_interfaces__rosidl_generator_pyExport.cmake" will be replaced.  Removing files [/home/hrlsh/scrub_nurse_ws/install/gripper_interfaces/share/gripper_interfaces/cmake/export_gripper_interfaces__rosidl_generator_pyExport-noconfig.cmake].
-- Installing: /home/hrlsh/scrub_nurse_ws/install/gripper_interfaces/share/gripper_interfaces/cmake/export_gripper_interfaces__rosidl_generator_pyExport.cmake
-- Installing: /home/hrlsh/scrub_nurse_ws/install/gripper_interfaces/share/gripper_interfaces/cmake/export_gripper_interfaces__rosidl_generator_pyExport-noconfig.cmake
