[0.011s] Invoking command in '/home/hrlsh/scrub_nurse_ws/build/gripper_interfaces': CMAKE_PREFIX_PATH=/opt/ros/humble PS1=(vla_venv) VIRTUAL_ENV_PROMPT=(vla_venv) /home/hrlsh/ai_env/vla_venv/bin/cmake /home/hrlsh/scrub_nurse_ws/src/gripper_interfaces -DPython3_EXECUTABLE=/home/hrlsh/ai_env/vla_venv/bin/python3 -DAMENT_CMAKE_SYMLINK_INSTALL=1 -DCMAKE_INSTALL_PREFIX=/home/hrlsh/scrub_nurse_ws/install/gripper_interfaces
[0.093s] CMake Deprecation Warning at CMakeLists.txt:1 (cmake_minimum_required):
[0.093s]   Compatibility with CMake < 3.10 will be removed from a future version of
[0.093s]   CMake.
[0.094s] 
[0.094s]   Update the VERSION argument <min> value.  Or, use the <min>...<max> syntax
[0.094s]   to tell CMake that the project requires at least <min> but has been updated
[0.094s]   to work with policies introduced by <max> or earlier.
[0.094s] 
[0.094s] 
[0.203s] -- The C compiler identification is GNU 11.4.0
[0.436s] -- The CXX compiler identification is GNU 11.4.0
[0.468s] -- Detecting C compiler ABI info
[0.649s] -- Detecting C compiler ABI info - done
[0.736s] -- Check for working C compiler: /usr/bin/cc - skipped
[0.738s] -- Detecting C compile features
[0.741s] -- Detecting C compile features - done
[0.783s] -- Detecting CXX compiler ABI info
[1.010s] -- Detecting CXX compiler ABI info - done
[1.085s] -- Check for working CXX compiler: /usr/bin/c++ - skipped
[1.087s] -- Detecting CXX compile features
[1.089s] -- Detecting CXX compile features - done
[1.108s] -- Found ament_cmake: 1.3.14 (/opt/ros/humble/share/ament_cmake/cmake)
[1.712s] -- Found Python3: /home/hrlsh/ai_env/vla_venv/bin/python3 (found version "3.10.12") found components: Interpreter
[1.843s] -- Override CMake install command with custom implementation using symlinks instead of copying resources
[1.861s] -- Found rosidl_default_generators: 1.2.1 (/opt/ros/humble/share/rosidl_default_generators/cmake)
[1.865s] -- Using all available rosidl_typesupport_c: rosidl_typesupport_fastrtps_c;rosidl_typesupport_introspection_c
[1.872s] -- Found rosidl_adapter: 3.1.8 (/opt/ros/humble/share/rosidl_adapter/cmake)
[1.967s] -- Using all available rosidl_typesupport_cpp: rosidl_typesupport_fastrtps_cpp;rosidl_typesupport_introspection_cpp
[2.033s] -- Found action_msgs: 1.2.2 (/opt/ros/humble/share/action_msgs/cmake)
[2.937s] -- Found ament_cmake_ros: 0.10.0 (/opt/ros/humble/share/ament_cmake_ros/cmake)
[4.516s] -- Using all available rosidl_typesupport_c: rosidl_typesupport_fastrtps_c;rosidl_typesupport_introspection_c
[6.659s] -- Using all available rosidl_typesupport_cpp: rosidl_typesupport_fastrtps_cpp;rosidl_typesupport_introspection_cpp
[6.667s] CMake Warning (dev) at /opt/ros/humble/share/rosidl_generator_py/cmake/rosidl_generator_py_generate_interfaces.cmake:20 (find_package):
[6.667s]   Policy CMP0148 is not set: The FindPythonInterp and FindPythonLibs modules
[6.667s]   are removed.  Run "cmake --help-policy CMP0148" for policy details.  Use
[6.667s]   the cmake_policy command to set the policy and suppress this warning.
[6.667s] 
[6.668s] Call Stack (most recent call first):
[6.668s]   /opt/ros/humble/share/ament_cmake_core/cmake/core/ament_execute_extensions.cmake:48 (include)
[6.668s]   /opt/ros/humble/share/rosidl_cmake/cmake/rosidl_generate_interfaces.cmake:286 (ament_execute_extensions)
[6.669s]   CMakeLists.txt:12 (rosidl_generate_interfaces)
[6.669s] This warning is for project developers.  Use -Wno-dev to suppress it.
[6.669s] 
[6.722s] -- Found python_cmake_module: 0.10.0 (/opt/ros/humble/share/python_cmake_module/cmake)
[6.723s] CMake Warning (dev) at /opt/ros/humble/share/python_cmake_module/cmake/Modules/FindPythonExtra.cmake:52 (find_package):
[6.723s]   Policy CMP0148 is not set: The FindPythonInterp and FindPythonLibs modules
[6.723s]   are removed.  Run "cmake --help-policy CMP0148" for policy details.  Use
[6.724s]   the cmake_policy command to set the policy and suppress this warning.
[6.724s] 
[6.724s] Call Stack (most recent call first):
[6.724s]   /opt/ros/humble/share/rosidl_generator_py/cmake/rosidl_generator_py_generate_interfaces.cmake:23 (find_package)
[6.725s]   /opt/ros/humble/share/ament_cmake_core/cmake/core/ament_execute_extensions.cmake:48 (include)
[6.725s]   /opt/ros/humble/share/rosidl_cmake/cmake/rosidl_generate_interfaces.cmake:286 (ament_execute_extensions)
[6.725s]   CMakeLists.txt:12 (rosidl_generate_interfaces)
[6.725s] This warning is for project developers.  Use -Wno-dev to suppress it.
[6.726s] 
[6.778s] CMake Warning (dev) at /opt/ros/humble/share/python_cmake_module/cmake/Modules/FindPythonExtra.cmake:140 (find_package):
[6.778s]   Policy CMP0148 is not set: The FindPythonInterp and FindPythonLibs modules
[6.778s]   are removed.  Run "cmake --help-policy CMP0148" for policy details.  Use
[6.779s]   the cmake_policy command to set the policy and suppress this warning.
[6.779s] 
[6.779s] Call Stack (most recent call first):
[6.779s]   /opt/ros/humble/share/rosidl_generator_py/cmake/rosidl_generator_py_generate_interfaces.cmake:23 (find_package)
[6.779s]   /opt/ros/humble/share/ament_cmake_core/cmake/core/ament_execute_extensions.cmake:48 (include)
[6.780s]   /opt/ros/humble/share/rosidl_cmake/cmake/rosidl_generate_interfaces.cmake:286 (ament_execute_extensions)
[6.780s]   CMakeLists.txt:12 (rosidl_generate_interfaces)
[6.780s] This warning is for project developers.  Use -Wno-dev to suppress it.
[6.780s] 
[6.784s] -- Using PYTHON_EXECUTABLE: /usr/bin/python3
[6.784s] -- Using PYTHON_INCLUDE_DIRS: /usr/include/python3.10
[6.784s] -- Using PYTHON_LIBRARIES: /usr/lib/x86_64-linux-gnu/libpython3.10.so
[7.392s] -- Found ament_lint_auto: 0.12.15 (/opt/ros/humble/share/ament_lint_auto/cmake)
[7.409s] -- Added test 'copyright' to check source files copyright and LICENSE
[7.411s] -- Added test 'lint_cmake' to check CMake code style
[7.413s] -- Added test 'xmllint' to check XML markup files
[7.417s] -- Configuring done (7.3s)
[7.511s] -- Generating done (0.1s)
[7.527s] -- Build files have been written to: /home/hrlsh/scrub_nurse_ws/build/gripper_interfaces
[7.544s] Invoked command in '/home/hrlsh/scrub_nurse_ws/build/gripper_interfaces' returned '0': CMAKE_PREFIX_PATH=/opt/ros/humble PS1=(vla_venv) VIRTUAL_ENV_PROMPT=(vla_venv) /home/hrlsh/ai_env/vla_venv/bin/cmake /home/hrlsh/scrub_nurse_ws/src/gripper_interfaces -DPython3_EXECUTABLE=/home/hrlsh/ai_env/vla_venv/bin/python3 -DAMENT_CMAKE_SYMLINK_INSTALL=1 -DCMAKE_INSTALL_PREFIX=/home/hrlsh/scrub_nurse_ws/install/gripper_interfaces
[7.546s] Invoking command in '/home/hrlsh/scrub_nurse_ws/build/gripper_interfaces': CMAKE_PREFIX_PATH=/opt/ros/humble PS1=(vla_venv) VIRTUAL_ENV_PROMPT=(vla_venv) /home/hrlsh/ai_env/vla_venv/bin/cmake --build /home/hrlsh/scrub_nurse_ws/build/gripper_interfaces -- -j20 -l20
[7.657s] [  1%] Generating C code for ROS interfaces
[7.661s] [  2%] Generating Rust code for ROS interfaces
[7.662s] [  2%] Generating C++ code for ROS interfaces
[7.663s] [  2%] Built target ament_cmake_python_symlink_gripper_interfaces
[7.868s] running egg_info
[7.888s] writing gripper_interfaces.egg-info/PKG-INFO
[7.889s] writing dependency_links to gripper_interfaces.egg-info/dependency_links.txt
[7.889s] writing top-level names to gripper_interfaces.egg-info/top_level.txt
[7.948s] reading manifest file 'gripper_interfaces.egg-info/SOURCES.txt'
[7.949s] writing manifest file 'gripper_interfaces.egg-info/SOURCES.txt'
[7.974s] [  2%] Built target ament_cmake_python_build_gripper_interfaces_egg
[8.063s] [  2%] Built target gripper_interfaces__rs
[9.095s] [  5%] Building C object CMakeFiles/gripper_interfaces__rosidl_generator_c.dir/rosidl_generator_c/gripper_interfaces/srv/detail/pos_vel_cur_ctrl__functions.c.o
[9.096s] [  5%] Building C object CMakeFiles/gripper_interfaces__rosidl_generator_c.dir/rosidl_generator_c/gripper_interfaces/msg/detail/gripper_msg__functions.c.o
[9.096s] [  6%] Building C object CMakeFiles/gripper_interfaces__rosidl_generator_c.dir/rosidl_generator_c/gripper_interfaces/srv/detail/driver_enable__functions.c.o
[9.096s] [  6%] Building C object CMakeFiles/gripper_interfaces__rosidl_generator_c.dir/rosidl_generator_c/gripper_interfaces/srv/detail/slave_change__functions.c.o
[9.096s] [  7%] Building C object CMakeFiles/gripper_interfaces__rosidl_generator_c.dir/rosidl_generator_c/gripper_interfaces/srv/detail/set_parameter__functions.c.o
[9.096s] [  8%] Building C object CMakeFiles/gripper_interfaces__rosidl_generator_c.dir/rosidl_generator_c/gripper_interfaces/srv/detail/gripper_control__functions.c.o
[9.098s] [  8%] Building C object CMakeFiles/gripper_interfaces__rosidl_generator_c.dir/rosidl_generator_c/gripper_interfaces/srv/detail/arduino_control__functions.c.o
[9.108s] [  9%] Building C object CMakeFiles/gripper_interfaces__rosidl_generator_c.dir/rosidl_generator_c/gripper_interfaces/srv/detail/modbus__functions.c.o
[9.135s] [ 10%] Building C object CMakeFiles/gripper_interfaces__rosidl_generator_c.dir/rosidl_generator_c/gripper_interfaces/srv/detail/gripper_command__functions.c.o
[9.144s] [ 11%] Building C object CMakeFiles/gripper_interfaces__rosidl_generator_c.dir/rosidl_generator_c/gripper_interfaces/action/detail/gripper__functions.c.o
[9.149s] [ 12%] Building C object CMakeFiles/gripper_interfaces__rosidl_generator_c.dir/rosidl_generator_c/gripper_interfaces/srv/detail/stop_motor__functions.c.o
[9.264s] [ 13%] Linking C shared library libgripper_interfaces__rosidl_generator_c.so
[9.268s] [ 13%] Built target gripper_interfaces__cpp
[9.271s] [ 14%] Generating C++ type support for eProsima Fast-RTPS
[9.272s] [ 15%] Generating C++ type support dispatch for ROS interfaces
[9.272s] [ 16%] Generating C++ introspection for ROS interfaces
[9.284s] [ 16%] Built target gripper_interfaces__rosidl_generator_c
[9.288s] [ 17%] Generating C type support for eProsima Fast-RTPS
[9.288s] [ 19%] Generating C introspection for ROS interfaces
[9.288s] [ 19%] Generating C type support dispatch for ROS interfaces
[10.267s] [ 20%] Building CXX object CMakeFiles/gripper_interfaces__rosidl_typesupport_cpp.dir/rosidl_typesupport_cpp/gripper_interfaces/msg/gripper_msg__type_support.cpp.o
[10.268s] [ 21%] Building CXX object CMakeFiles/gripper_interfaces__rosidl_typesupport_cpp.dir/rosidl_typesupport_cpp/gripper_interfaces/srv/driver_enable__type_support.cpp.o
[10.268s] [ 21%] Building CXX object CMakeFiles/gripper_interfaces__rosidl_typesupport_cpp.dir/rosidl_typesupport_cpp/gripper_interfaces/srv/pos_vel_cur_ctrl__type_support.cpp.o
[10.269s] [ 22%] Building CXX object CMakeFiles/gripper_interfaces__rosidl_typesupport_cpp.dir/rosidl_typesupport_cpp/gripper_interfaces/srv/slave_change__type_support.cpp.o
[10.270s] [ 22%] Building CXX object CMakeFiles/gripper_interfaces__rosidl_typesupport_c.dir/rosidl_typesupport_c/gripper_interfaces/msg/gripper_msg__type_support.cpp.o
[10.271s] [ 23%] Building CXX object CMakeFiles/gripper_interfaces__rosidl_typesupport_c.dir/rosidl_typesupport_c/gripper_interfaces/srv/pos_vel_cur_ctrl__type_support.cpp.o
[10.271s] [ 24%] Building CXX object CMakeFiles/gripper_interfaces__rosidl_typesupport_c.dir/rosidl_typesupport_c/gripper_interfaces/srv/slave_change__type_support.cpp.o
[10.273s] [ 25%] Building CXX object CMakeFiles/gripper_interfaces__rosidl_typesupport_c.dir/rosidl_typesupport_c/gripper_interfaces/srv/driver_enable__type_support.cpp.o
[10.277s] [ 26%] Building CXX object CMakeFiles/gripper_interfaces__rosidl_typesupport_c.dir/rosidl_typesupport_c/gripper_interfaces/srv/set_parameter__type_support.cpp.o
[10.277s] [ 27%] Building CXX object CMakeFiles/gripper_interfaces__rosidl_typesupport_cpp.dir/rosidl_typesupport_cpp/gripper_interfaces/srv/set_parameter__type_support.cpp.o
[10.309s] [ 28%] Building CXX object CMakeFiles/gripper_interfaces__rosidl_typesupport_cpp.dir/rosidl_typesupport_cpp/gripper_interfaces/srv/gripper_control__type_support.cpp.o
[10.324s] [ 29%] Building CXX object CMakeFiles/gripper_interfaces__rosidl_typesupport_cpp.dir/rosidl_typesupport_cpp/gripper_interfaces/srv/arduino_control__type_support.cpp.o
[10.371s] [ 30%] Building CXX object CMakeFiles/gripper_interfaces__rosidl_typesupport_cpp.dir/rosidl_typesupport_cpp/gripper_interfaces/srv/modbus__type_support.cpp.o
[10.374s] [ 31%] Building CXX object CMakeFiles/gripper_interfaces__rosidl_typesupport_c.dir/rosidl_typesupport_c/gripper_interfaces/srv/arduino_control__type_support.cpp.o
[10.381s] [ 32%] Building CXX object CMakeFiles/gripper_interfaces__rosidl_typesupport_c.dir/rosidl_typesupport_c/gripper_interfaces/srv/gripper_control__type_support.cpp.o
[10.396s] [ 33%] Building CXX object CMakeFiles/gripper_interfaces__rosidl_typesupport_c.dir/rosidl_typesupport_c/gripper_interfaces/srv/modbus__type_support.cpp.o
[10.423s] [ 34%] Building CXX object CMakeFiles/gripper_interfaces__rosidl_typesupport_cpp.dir/rosidl_typesupport_cpp/gripper_interfaces/srv/stop_motor__type_support.cpp.o
[10.427s] [ 35%] Building CXX object CMakeFiles/gripper_interfaces__rosidl_typesupport_cpp.dir/rosidl_typesupport_cpp/gripper_interfaces/srv/gripper_command__type_support.cpp.o
[10.440s] [ 36%] Building CXX object CMakeFiles/gripper_interfaces__rosidl_typesupport_c.dir/rosidl_typesupport_c/gripper_interfaces/srv/gripper_command__type_support.cpp.o
[10.450s] [ 36%] Building CXX object CMakeFiles/gripper_interfaces__rosidl_typesupport_c.dir/rosidl_typesupport_c/gripper_interfaces/srv/stop_motor__type_support.cpp.o
[10.452s] [ 37%] Building CXX object CMakeFiles/gripper_interfaces__rosidl_typesupport_cpp.dir/rosidl_typesupport_cpp/gripper_interfaces/action/gripper__type_support.cpp.o
[10.472s] [ 38%] Building CXX object CMakeFiles/gripper_interfaces__rosidl_typesupport_c.dir/rosidl_typesupport_c/gripper_interfaces/action/gripper__type_support.cpp.o
[10.563s] [ 39%] Linking CXX shared library libgripper_interfaces__rosidl_typesupport_c.so
[10.599s] [ 39%] Built target gripper_interfaces__rosidl_typesupport_c
[10.646s] [ 41%] Building CXX object CMakeFiles/gripper_interfaces__rosidl_typesupport_introspection_cpp.dir/rosidl_typesupport_introspection_cpp/gripper_interfaces/msg/detail/gripper_msg__type_support.cpp.o
[10.646s] [ 41%] Building CXX object CMakeFiles/gripper_interfaces__rosidl_typesupport_introspection_cpp.dir/rosidl_typesupport_introspection_cpp/gripper_interfaces/srv/detail/driver_enable__type_support.cpp.o
[10.646s] [ 41%] Building CXX object CMakeFiles/gripper_interfaces__rosidl_typesupport_introspection_cpp.dir/rosidl_typesupport_introspection_cpp/gripper_interfaces/srv/detail/slave_change__type_support.cpp.o
[10.648s] [ 42%] Building CXX object CMakeFiles/gripper_interfaces__rosidl_typesupport_introspection_cpp.dir/rosidl_typesupport_introspection_cpp/gripper_interfaces/srv/detail/set_parameter__type_support.cpp.o
[10.649s] [ 44%] Building CXX object CMakeFiles/gripper_interfaces__rosidl_typesupport_introspection_cpp.dir/rosidl_typesupport_introspection_cpp/gripper_interfaces/srv/detail/pos_vel_cur_ctrl__type_support.cpp.o
[10.649s] [ 44%] Building CXX object CMakeFiles/gripper_interfaces__rosidl_typesupport_introspection_cpp.dir/rosidl_typesupport_introspection_cpp/gripper_interfaces/srv/detail/gripper_control__type_support.cpp.o
[10.676s] [ 45%] Building CXX object CMakeFiles/gripper_interfaces__rosidl_typesupport_introspection_cpp.dir/rosidl_typesupport_introspection_cpp/gripper_interfaces/srv/detail/arduino_control__type_support.cpp.o
[10.679s] [ 46%] Building CXX object CMakeFiles/gripper_interfaces__rosidl_typesupport_introspection_cpp.dir/rosidl_typesupport_introspection_cpp/gripper_interfaces/srv/detail/gripper_command__type_support.cpp.o
[10.682s] [ 47%] Building CXX object CMakeFiles/gripper_interfaces__rosidl_typesupport_introspection_cpp.dir/rosidl_typesupport_introspection_cpp/gripper_interfaces/srv/detail/stop_motor__type_support.cpp.o
[10.688s] [ 48%] Building CXX object CMakeFiles/gripper_interfaces__rosidl_typesupport_introspection_cpp.dir/rosidl_typesupport_introspection_cpp/gripper_interfaces/srv/detail/modbus__type_support.cpp.o
[10.745s] [ 49%] Building CXX object CMakeFiles/gripper_interfaces__rosidl_typesupport_introspection_cpp.dir/rosidl_typesupport_introspection_cpp/gripper_interfaces/action/detail/gripper__type_support.cpp.o
[10.813s] [ 51%] Building C object CMakeFiles/gripper_interfaces__rosidl_typesupport_introspection_c.dir/rosidl_typesupport_introspection_c/gripper_interfaces/srv/detail/driver_enable__type_support.c.o
[10.813s] [ 51%] Building C object CMakeFiles/gripper_interfaces__rosidl_typesupport_introspection_c.dir/rosidl_typesupport_introspection_c/gripper_interfaces/srv/detail/pos_vel_cur_ctrl__type_support.c.o
[10.815s] [ 52%] Building C object CMakeFiles/gripper_interfaces__rosidl_typesupport_introspection_c.dir/rosidl_typesupport_introspection_c/gripper_interfaces/srv/detail/slave_change__type_support.c.o
[10.815s] [ 52%] Building C object CMakeFiles/gripper_interfaces__rosidl_typesupport_introspection_c.dir/rosidl_typesupport_introspection_c/gripper_interfaces/msg/detail/gripper_msg__type_support.c.o
[10.819s] [ 53%] Building C object CMakeFiles/gripper_interfaces__rosidl_typesupport_introspection_c.dir/rosidl_typesupport_introspection_c/gripper_interfaces/srv/detail/set_parameter__type_support.c.o
[10.851s] [ 54%] Building C object CMakeFiles/gripper_interfaces__rosidl_typesupport_introspection_c.dir/rosidl_typesupport_introspection_c/gripper_interfaces/srv/detail/arduino_control__type_support.c.o
[10.851s] [ 55%] Building C object CMakeFiles/gripper_interfaces__rosidl_typesupport_introspection_c.dir/rosidl_typesupport_introspection_c/gripper_interfaces/srv/detail/modbus__type_support.c.o
[10.854s] [ 56%] Building C object CMakeFiles/gripper_interfaces__rosidl_typesupport_introspection_c.dir/rosidl_typesupport_introspection_c/gripper_interfaces/srv/detail/gripper_command__type_support.c.o
[10.860s] [ 57%] Building C object CMakeFiles/gripper_interfaces__rosidl_typesupport_introspection_c.dir/rosidl_typesupport_introspection_c/gripper_interfaces/srv/detail/gripper_control__type_support.c.o
[10.874s] [ 57%] Building C object CMakeFiles/gripper_interfaces__rosidl_typesupport_introspection_c.dir/rosidl_typesupport_introspection_c/gripper_interfaces/srv/detail/stop_motor__type_support.c.o
[10.875s] [ 58%] Building C object CMakeFiles/gripper_interfaces__rosidl_typesupport_introspection_c.dir/rosidl_typesupport_introspection_c/gripper_interfaces/action/detail/gripper__type_support.c.o
[10.921s] [ 59%] Linking C shared library libgripper_interfaces__rosidl_typesupport_introspection_c.so
[10.927s] [ 60%] Building CXX object CMakeFiles/gripper_interfaces__rosidl_typesupport_fastrtps_c.dir/rosidl_typesupport_fastrtps_c/gripper_interfaces/srv/detail/slave_change__type_support_c.cpp.o
[10.948s] [ 60%] Building CXX object CMakeFiles/gripper_interfaces__rosidl_typesupport_fastrtps_c.dir/rosidl_typesupport_fastrtps_c/gripper_interfaces/msg/detail/gripper_msg__type_support_c.cpp.o
[10.955s] [ 61%] Building CXX object CMakeFiles/gripper_interfaces__rosidl_typesupport_fastrtps_c.dir/rosidl_typesupport_fastrtps_c/gripper_interfaces/srv/detail/pos_vel_cur_ctrl__type_support_c.cpp.o
[10.957s] [ 62%] Building CXX object CMakeFiles/gripper_interfaces__rosidl_typesupport_fastrtps_c.dir/rosidl_typesupport_fastrtps_c/gripper_interfaces/srv/detail/driver_enable__type_support_c.cpp.o
[10.963s] [ 63%] Building CXX object CMakeFiles/gripper_interfaces__rosidl_typesupport_fastrtps_c.dir/rosidl_typesupport_fastrtps_c/gripper_interfaces/srv/detail/set_parameter__type_support_c.cpp.o
[10.981s] [ 63%] Built target gripper_interfaces__rosidl_typesupport_introspection_c
[11.020s] [ 64%] Building CXX object CMakeFiles/gripper_interfaces__rosidl_typesupport_fastrtps_c.dir/rosidl_typesupport_fastrtps_c/gripper_interfaces/srv/detail/gripper_control__type_support_c.cpp.o
[11.041s] [ 65%] Building CXX object CMakeFiles/gripper_interfaces__rosidl_typesupport_fastrtps_c.dir/rosidl_typesupport_fastrtps_c/gripper_interfaces/srv/detail/arduino_control__type_support_c.cpp.o
[11.043s] [ 66%] Linking CXX shared library libgripper_interfaces__rosidl_typesupport_cpp.so
[11.075s] [ 67%] Building CXX object CMakeFiles/gripper_interfaces__rosidl_typesupport_fastrtps_c.dir/rosidl_typesupport_fastrtps_c/gripper_interfaces/srv/detail/modbus__type_support_c.cpp.o
[11.096s] [ 67%] Built target gripper_interfaces__rosidl_typesupport_cpp
[11.120s] [ 67%] Building CXX object CMakeFiles/gripper_interfaces__rosidl_typesupport_fastrtps_c.dir/rosidl_typesupport_fastrtps_c/gripper_interfaces/srv/detail/stop_motor__type_support_c.cpp.o
[11.120s] [ 68%] Building CXX object CMakeFiles/gripper_interfaces__rosidl_typesupport_fastrtps_c.dir/rosidl_typesupport_fastrtps_c/gripper_interfaces/srv/detail/gripper_command__type_support_c.cpp.o
[11.130s] [ 69%] Building CXX object CMakeFiles/gripper_interfaces__rosidl_typesupport_fastrtps_c.dir/rosidl_typesupport_fastrtps_c/gripper_interfaces/action/detail/gripper__type_support_c.cpp.o
[11.170s] [ 70%] Building CXX object CMakeFiles/gripper_interfaces__rosidl_typesupport_fastrtps_cpp.dir/rosidl_typesupport_fastrtps_cpp/gripper_interfaces/srv/detail/dds_fastrtps/pos_vel_cur_ctrl__type_support.cpp.o
[11.170s] [ 70%] Building CXX object CMakeFiles/gripper_interfaces__rosidl_typesupport_fastrtps_cpp.dir/rosidl_typesupport_fastrtps_cpp/gripper_interfaces/srv/detail/dds_fastrtps/driver_enable__type_support.cpp.o
[11.174s] [ 71%] Building CXX object CMakeFiles/gripper_interfaces__rosidl_typesupport_fastrtps_cpp.dir/rosidl_typesupport_fastrtps_cpp/gripper_interfaces/srv/detail/dds_fastrtps/slave_change__type_support.cpp.o
[11.174s] [ 72%] Building CXX object CMakeFiles/gripper_interfaces__rosidl_typesupport_fastrtps_cpp.dir/rosidl_typesupport_fastrtps_cpp/gripper_interfaces/msg/detail/dds_fastrtps/gripper_msg__type_support.cpp.o
[11.176s] [ 73%] Building CXX object CMakeFiles/gripper_interfaces__rosidl_typesupport_fastrtps_cpp.dir/rosidl_typesupport_fastrtps_cpp/gripper_interfaces/srv/detail/dds_fastrtps/set_parameter__type_support.cpp.o
[11.196s] [ 74%] Building CXX object CMakeFiles/gripper_interfaces__rosidl_typesupport_fastrtps_cpp.dir/rosidl_typesupport_fastrtps_cpp/gripper_interfaces/srv/detail/dds_fastrtps/gripper_control__type_support.cpp.o
[11.213s] [ 75%] Building CXX object CMakeFiles/gripper_interfaces__rosidl_typesupport_fastrtps_cpp.dir/rosidl_typesupport_fastrtps_cpp/gripper_interfaces/srv/detail/dds_fastrtps/arduino_control__type_support.cpp.o
[11.225s] [ 76%] Building CXX object CMakeFiles/gripper_interfaces__rosidl_typesupport_fastrtps_cpp.dir/rosidl_typesupport_fastrtps_cpp/gripper_interfaces/srv/detail/dds_fastrtps/modbus__type_support.cpp.o
[11.405s] [ 77%] Building CXX object CMakeFiles/gripper_interfaces__rosidl_typesupport_fastrtps_cpp.dir/rosidl_typesupport_fastrtps_cpp/gripper_interfaces/srv/detail/dds_fastrtps/gripper_command__type_support.cpp.o
[11.414s] [ 78%] Building CXX object CMakeFiles/gripper_interfaces__rosidl_typesupport_fastrtps_cpp.dir/rosidl_typesupport_fastrtps_cpp/gripper_interfaces/srv/detail/dds_fastrtps/stop_motor__type_support.cpp.o
[11.418s] [ 79%] Building CXX object CMakeFiles/gripper_interfaces__rosidl_typesupport_fastrtps_cpp.dir/rosidl_typesupport_fastrtps_cpp/gripper_interfaces/action/detail/dds_fastrtps/gripper__type_support.cpp.o
[11.510s] [ 80%] Linking CXX shared library libgripper_interfaces__rosidl_typesupport_introspection_cpp.so
[11.575s] [ 81%] Linking CXX shared library libgripper_interfaces__rosidl_typesupport_fastrtps_c.so
[11.606s] [ 81%] Built target gripper_interfaces__rosidl_typesupport_introspection_cpp
[11.636s] [ 81%] Built target gripper_interfaces__rosidl_typesupport_fastrtps_c
[11.913s] [ 82%] Linking CXX shared library libgripper_interfaces__rosidl_typesupport_fastrtps_cpp.so
[12.151s] [ 82%] Built target gripper_interfaces__rosidl_typesupport_fastrtps_cpp
[12.151s] [ 82%] Built target gripper_interfaces
[12.151s] [ 83%] Built target gripper_interfaces__py
[12.152s] [ 84%] Building C object CMakeFiles/gripper_interfaces__rosidl_generator_py.dir/rosidl_generator_py/gripper_interfaces/msg/_gripper_msg_s.c.o
[12.152s] [ 85%] Building C object CMakeFiles/gripper_interfaces__rosidl_generator_py.dir/rosidl_generator_py/gripper_interfaces/srv/_slave_change_s.c.o
[12.153s] [ 86%] Building C object CMakeFiles/gripper_interfaces__rosidl_generator_py.dir/rosidl_generator_py/gripper_interfaces/srv/_pos_vel_cur_ctrl_s.c.o
[12.153s] [ 86%] Building C object CMakeFiles/gripper_interfaces__rosidl_generator_py.dir/rosidl_generator_py/gripper_interfaces/srv/_driver_enable_s.c.o
[12.153s] [ 87%] Building C object CMakeFiles/gripper_interfaces__rosidl_generator_py.dir/rosidl_generator_py/gripper_interfaces/srv/_set_parameter_s.c.o
[12.154s] [ 88%] Building C object CMakeFiles/gripper_interfaces__rosidl_generator_py.dir/rosidl_generator_py/gripper_interfaces/srv/_gripper_control_s.c.o
[12.154s] [ 89%] Building C object CMakeFiles/gripper_interfaces__rosidl_generator_py.dir/rosidl_generator_py/gripper_interfaces/srv/_arduino_control_s.c.o
[12.154s] [ 90%] Building C object CMakeFiles/gripper_interfaces__rosidl_generator_py.dir/rosidl_generator_py/gripper_interfaces/srv/_modbus_s.c.o
[12.154s] [ 91%] Building C object CMakeFiles/gripper_interfaces__rosidl_generator_py.dir/rosidl_generator_py/gripper_interfaces/srv/_gripper_command_s.c.o
[12.154s] [ 92%] Building C object CMakeFiles/gripper_interfaces__rosidl_generator_py.dir/rosidl_generator_py/gripper_interfaces/srv/_stop_motor_s.c.o
[12.154s] [ 93%] Building C object CMakeFiles/gripper_interfaces__rosidl_generator_py.dir/rosidl_generator_py/gripper_interfaces/action/_gripper_s.c.o
[12.154s] [ 94%] Linking C shared library rosidl_generator_py/gripper_interfaces/libgripper_interfaces__rosidl_generator_py.so
[12.154s] [ 94%] Built target gripper_interfaces__rosidl_generator_py
[12.154s] [ 97%] Building C object CMakeFiles/gripper_interfaces__rosidl_typesupport_fastrtps_c__pyext.dir/rosidl_generator_py/gripper_interfaces/_gripper_interfaces_s.ep.rosidl_typesupport_fastrtps_c.c.o
[12.155s] [ 97%] Building C object CMakeFiles/gripper_interfaces__rosidl_typesupport_introspection_c__pyext.dir/rosidl_generator_py/gripper_interfaces/_gripper_interfaces_s.ep.rosidl_typesupport_introspection_c.c.o
[12.155s] [ 97%] Building C object CMakeFiles/gripper_interfaces__rosidl_typesupport_c__pyext.dir/rosidl_generator_py/gripper_interfaces/_gripper_interfaces_s.ep.rosidl_typesupport_c.c.o
[12.252s] [ 99%] Linking C shared library rosidl_generator_py/gripper_interfaces/gripper_interfaces_s__rosidl_typesupport_introspection_c.cpython-310-x86_64-linux-gnu.so
[12.252s] [ 99%] Linking C shared library rosidl_generator_py/gripper_interfaces/gripper_interfaces_s__rosidl_typesupport_fastrtps_c.cpython-310-x86_64-linux-gnu.so
[12.252s] [100%] Linking C shared library rosidl_generator_py/gripper_interfaces/gripper_interfaces_s__rosidl_typesupport_c.cpython-310-x86_64-linux-gnu.so
[12.271s] [100%] Built target gripper_interfaces__rosidl_typesupport_introspection_c__pyext
[12.271s] [100%] Built target gripper_interfaces__rosidl_typesupport_c__pyext
[12.271s] [100%] Built target gripper_interfaces__rosidl_typesupport_fastrtps_c__pyext
[12.274s] Invoked command in '/home/hrlsh/scrub_nurse_ws/build/gripper_interfaces' returned '0': CMAKE_PREFIX_PATH=/opt/ros/humble PS1=(vla_venv) VIRTUAL_ENV_PROMPT=(vla_venv) /home/hrlsh/ai_env/vla_venv/bin/cmake --build /home/hrlsh/scrub_nurse_ws/build/gripper_interfaces -- -j20 -l20
[12.276s] Invoking command in '/home/hrlsh/scrub_nurse_ws/build/gripper_interfaces': CMAKE_PREFIX_PATH=/opt/ros/humble PS1=(vla_venv) VIRTUAL_ENV_PROMPT=(vla_venv) /home/hrlsh/ai_env/vla_venv/bin/cmake --install /home/hrlsh/scrub_nurse_ws/build/gripper_interfaces
[12.331s] -- Install configuration: ""
[12.332s] -- Execute custom install script
[12.332s] -- Up-to-date symlink: /home/hrlsh/scrub_nurse_ws/install/gripper_interfaces/share/ament_index/resource_index/rosidl_interfaces/gripper_interfaces
[12.332s] -- Up-to-date symlink: /home/hrlsh/scrub_nurse_ws/install/gripper_interfaces/include/gripper_interfaces/gripper_interfaces/action/detail/gripper__functions.h
[12.333s] -- Up-to-date symlink: /home/hrlsh/scrub_nurse_ws/install/gripper_interfaces/include/gripper_interfaces/gripper_interfaces/action/detail/gripper__struct.h
[12.333s] -- Up-to-date symlink: /home/hrlsh/scrub_nurse_ws/install/gripper_interfaces/include/gripper_interfaces/gripper_interfaces/action/detail/gripper__type_support.h
[12.333s] -- Up-to-date symlink: /home/hrlsh/scrub_nurse_ws/install/gripper_interfaces/include/gripper_interfaces/gripper_interfaces/action/gripper.h
[12.333s] -- Up-to-date symlink: /home/hrlsh/scrub_nurse_ws/install/gripper_interfaces/include/gripper_interfaces/gripper_interfaces/msg/detail/gripper_msg__functions.h
[12.333s] -- Up-to-date symlink: /home/hrlsh/scrub_nurse_ws/install/gripper_interfaces/include/gripper_interfaces/gripper_interfaces/msg/detail/gripper_msg__struct.h
[12.334s] -- Up-to-date symlink: /home/hrlsh/scrub_nurse_ws/install/gripper_interfaces/include/gripper_interfaces/gripper_interfaces/msg/detail/gripper_msg__type_support.h
[12.334s] -- Up-to-date symlink: /home/hrlsh/scrub_nurse_ws/install/gripper_interfaces/include/gripper_interfaces/gripper_interfaces/msg/gripper_msg.h
[12.334s] -- Up-to-date symlink: /home/hrlsh/scrub_nurse_ws/install/gripper_interfaces/include/gripper_interfaces/gripper_interfaces/msg/rosidl_generator_c__visibility_control.h
[12.334s] -- Up-to-date symlink: /home/hrlsh/scrub_nurse_ws/install/gripper_interfaces/include/gripper_interfaces/gripper_interfaces/srv/arduino_control.h
[12.334s] -- Up-to-date symlink: /home/hrlsh/scrub_nurse_ws/install/gripper_interfaces/include/gripper_interfaces/gripper_interfaces/srv/detail/arduino_control__functions.h
[12.335s] -- Up-to-date symlink: /home/hrlsh/scrub_nurse_ws/install/gripper_interfaces/include/gripper_interfaces/gripper_interfaces/srv/detail/arduino_control__struct.h
[12.335s] -- Up-to-date symlink: /home/hrlsh/scrub_nurse_ws/install/gripper_interfaces/include/gripper_interfaces/gripper_interfaces/srv/detail/arduino_control__type_support.h
[12.335s] -- Up-to-date symlink: /home/hrlsh/scrub_nurse_ws/install/gripper_interfaces/include/gripper_interfaces/gripper_interfaces/srv/detail/driver_enable__functions.h
[12.335s] -- Up-to-date symlink: /home/hrlsh/scrub_nurse_ws/install/gripper_interfaces/include/gripper_interfaces/gripper_interfaces/srv/detail/driver_enable__struct.h
[12.335s] -- Up-to-date symlink: /home/hrlsh/scrub_nurse_ws/install/gripper_interfaces/include/gripper_interfaces/gripper_interfaces/srv/detail/driver_enable__type_support.h
[12.335s] -- Up-to-date symlink: /home/hrlsh/scrub_nurse_ws/install/gripper_interfaces/include/gripper_interfaces/gripper_interfaces/srv/detail/gripper_command__functions.h
[12.335s] -- Up-to-date symlink: /home/hrlsh/scrub_nurse_ws/install/gripper_interfaces/include/gripper_interfaces/gripper_interfaces/srv/detail/gripper_command__struct.h
[12.335s] -- Up-to-date symlink: /home/hrlsh/scrub_nurse_ws/install/gripper_interfaces/include/gripper_interfaces/gripper_interfaces/srv/detail/gripper_command__type_support.h
[12.336s] -- Up-to-date symlink: /home/hrlsh/scrub_nurse_ws/install/gripper_interfaces/include/gripper_interfaces/gripper_interfaces/srv/detail/gripper_control__functions.h
[12.336s] -- Up-to-date symlink: /home/hrlsh/scrub_nurse_ws/install/gripper_interfaces/include/gripper_interfaces/gripper_interfaces/srv/detail/gripper_control__struct.h
[12.336s] -- Up-to-date symlink: /home/hrlsh/scrub_nurse_ws/install/gripper_interfaces/include/gripper_interfaces/gripper_interfaces/srv/detail/gripper_control__type_support.h
[12.336s] -- Up-to-date symlink: /home/hrlsh/scrub_nurse_ws/install/gripper_interfaces/include/gripper_interfaces/gripper_interfaces/srv/detail/modbus__functions.h
[12.336s] -- Up-to-date symlink: /home/hrlsh/scrub_nurse_ws/install/gripper_interfaces/include/gripper_interfaces/gripper_interfaces/srv/detail/modbus__struct.h
[12.336s] -- Up-to-date symlink: /home/hrlsh/scrub_nurse_ws/install/gripper_interfaces/include/gripper_interfaces/gripper_interfaces/srv/detail/modbus__type_support.h
[12.336s] -- Up-to-date symlink: /home/hrlsh/scrub_nurse_ws/install/gripper_interfaces/include/gripper_interfaces/gripper_interfaces/srv/detail/pos_vel_cur_ctrl__functions.h
[12.337s] -- Up-to-date symlink: /home/hrlsh/scrub_nurse_ws/install/gripper_interfaces/include/gripper_interfaces/gripper_interfaces/srv/detail/pos_vel_cur_ctrl__struct.h
[12.337s] -- Up-to-date symlink: /home/hrlsh/scrub_nurse_ws/install/gripper_interfaces/include/gripper_interfaces/gripper_interfaces/srv/detail/pos_vel_cur_ctrl__type_support.h
[12.337s] -- Up-to-date symlink: /home/hrlsh/scrub_nurse_ws/install/gripper_interfaces/include/gripper_interfaces/gripper_interfaces/srv/detail/set_parameter__functions.h
[12.337s] -- Up-to-date symlink: /home/hrlsh/scrub_nurse_ws/install/gripper_interfaces/include/gripper_interfaces/gripper_interfaces/srv/detail/set_parameter__struct.h
[12.337s] -- Up-to-date symlink: /home/hrlsh/scrub_nurse_ws/install/gripper_interfaces/include/gripper_interfaces/gripper_interfaces/srv/detail/set_parameter__type_support.h
[12.337s] -- Up-to-date symlink: /home/hrlsh/scrub_nurse_ws/install/gripper_interfaces/include/gripper_interfaces/gripper_interfaces/srv/detail/slave_change__functions.h
[12.337s] -- Up-to-date symlink: /home/hrlsh/scrub_nurse_ws/install/gripper_interfaces/include/gripper_interfaces/gripper_interfaces/srv/detail/slave_change__struct.h
[12.338s] -- Up-to-date symlink: /home/hrlsh/scrub_nurse_ws/install/gripper_interfaces/include/gripper_interfaces/gripper_interfaces/srv/detail/slave_change__type_support.h
[12.338s] -- Up-to-date symlink: /home/hrlsh/scrub_nurse_ws/install/gripper_interfaces/include/gripper_interfaces/gripper_interfaces/srv/detail/stop_motor__functions.h
[12.338s] -- Up-to-date symlink: /home/hrlsh/scrub_nurse_ws/install/gripper_interfaces/include/gripper_interfaces/gripper_interfaces/srv/detail/stop_motor__struct.h
[12.338s] -- Up-to-date symlink: /home/hrlsh/scrub_nurse_ws/install/gripper_interfaces/include/gripper_interfaces/gripper_interfaces/srv/detail/stop_motor__type_support.h
[12.338s] -- Up-to-date symlink: /home/hrlsh/scrub_nurse_ws/install/gripper_interfaces/include/gripper_interfaces/gripper_interfaces/srv/driver_enable.h
[12.338s] -- Up-to-date symlink: /home/hrlsh/scrub_nurse_ws/install/gripper_interfaces/include/gripper_interfaces/gripper_interfaces/srv/gripper_command.h
[12.338s] -- Up-to-date symlink: /home/hrlsh/scrub_nurse_ws/install/gripper_interfaces/include/gripper_interfaces/gripper_interfaces/srv/gripper_control.h
[12.339s] -- Up-to-date symlink: /home/hrlsh/scrub_nurse_ws/install/gripper_interfaces/include/gripper_interfaces/gripper_interfaces/srv/modbus.h
[12.339s] -- Up-to-date symlink: /home/hrlsh/scrub_nurse_ws/install/gripper_interfaces/include/gripper_interfaces/gripper_interfaces/srv/pos_vel_cur_ctrl.h
[12.339s] -- Up-to-date symlink: /home/hrlsh/scrub_nurse_ws/install/gripper_interfaces/include/gripper_interfaces/gripper_interfaces/srv/set_parameter.h
[12.339s] -- Up-to-date symlink: /home/hrlsh/scrub_nurse_ws/install/gripper_interfaces/include/gripper_interfaces/gripper_interfaces/srv/slave_change.h
[12.339s] -- Up-to-date symlink: /home/hrlsh/scrub_nurse_ws/install/gripper_interfaces/include/gripper_interfaces/gripper_interfaces/srv/stop_motor.h
[12.340s] -- Up-to-date symlink: /home/hrlsh/scrub_nurse_ws/install/gripper_interfaces/share/gripper_interfaces/environment/library_path.sh
[12.340s] -- Up-to-date symlink: /home/hrlsh/scrub_nurse_ws/install/gripper_interfaces/share/gripper_interfaces/environment/library_path.dsv
[12.340s] -- Up-to-date symlink: /home/hrlsh/scrub_nurse_ws/install/gripper_interfaces/include/gripper_interfaces/gripper_interfaces/action/detail/gripper__rosidl_typesupport_fastrtps_c.h
[12.340s] -- Up-to-date symlink: /home/hrlsh/scrub_nurse_ws/install/gripper_interfaces/include/gripper_interfaces/gripper_interfaces/msg/detail/gripper_msg__rosidl_typesupport_fastrtps_c.h
[12.340s] -- Up-to-date symlink: /home/hrlsh/scrub_nurse_ws/install/gripper_interfaces/include/gripper_interfaces/gripper_interfaces/msg/rosidl_typesupport_fastrtps_c__visibility_control.h
[12.340s] -- Up-to-date symlink: /home/hrlsh/scrub_nurse_ws/install/gripper_interfaces/include/gripper_interfaces/gripper_interfaces/srv/detail/arduino_control__rosidl_typesupport_fastrtps_c.h
[12.341s] -- Up-to-date symlink: /home/hrlsh/scrub_nurse_ws/install/gripper_interfaces/include/gripper_interfaces/gripper_interfaces/srv/detail/driver_enable__rosidl_typesupport_fastrtps_c.h
[12.341s] -- Up-to-date symlink: /home/hrlsh/scrub_nurse_ws/install/gripper_interfaces/include/gripper_interfaces/gripper_interfaces/srv/detail/gripper_command__rosidl_typesupport_fastrtps_c.h
[12.341s] -- Up-to-date symlink: /home/hrlsh/scrub_nurse_ws/install/gripper_interfaces/include/gripper_interfaces/gripper_interfaces/srv/detail/gripper_control__rosidl_typesupport_fastrtps_c.h
[12.341s] -- Up-to-date symlink: /home/hrlsh/scrub_nurse_ws/install/gripper_interfaces/include/gripper_interfaces/gripper_interfaces/srv/detail/modbus__rosidl_typesupport_fastrtps_c.h
[12.341s] -- Up-to-date symlink: /home/hrlsh/scrub_nurse_ws/install/gripper_interfaces/include/gripper_interfaces/gripper_interfaces/srv/detail/pos_vel_cur_ctrl__rosidl_typesupport_fastrtps_c.h
[12.341s] -- Up-to-date symlink: /home/hrlsh/scrub_nurse_ws/install/gripper_interfaces/include/gripper_interfaces/gripper_interfaces/srv/detail/set_parameter__rosidl_typesupport_fastrtps_c.h
[12.341s] -- Up-to-date symlink: /home/hrlsh/scrub_nurse_ws/install/gripper_interfaces/include/gripper_interfaces/gripper_interfaces/srv/detail/slave_change__rosidl_typesupport_fastrtps_c.h
[12.342s] -- Up-to-date symlink: /home/hrlsh/scrub_nurse_ws/install/gripper_interfaces/include/gripper_interfaces/gripper_interfaces/srv/detail/stop_motor__rosidl_typesupport_fastrtps_c.h
[12.342s] -- Up-to-date symlink: /home/hrlsh/scrub_nurse_ws/install/gripper_interfaces/include/gripper_interfaces/gripper_interfaces/action/detail/gripper__rosidl_typesupport_introspection_c.h
[12.342s] -- Up-to-date symlink: /home/hrlsh/scrub_nurse_ws/install/gripper_interfaces/include/gripper_interfaces/gripper_interfaces/msg/detail/gripper_msg__rosidl_typesupport_introspection_c.h
[12.342s] -- Up-to-date symlink: /home/hrlsh/scrub_nurse_ws/install/gripper_interfaces/include/gripper_interfaces/gripper_interfaces/msg/rosidl_typesupport_introspection_c__visibility_control.h
[12.342s] -- Up-to-date symlink: /home/hrlsh/scrub_nurse_ws/install/gripper_interfaces/include/gripper_interfaces/gripper_interfaces/srv/detail/arduino_control__rosidl_typesupport_introspection_c.h
[12.342s] -- Up-to-date symlink: /home/hrlsh/scrub_nurse_ws/install/gripper_interfaces/include/gripper_interfaces/gripper_interfaces/srv/detail/driver_enable__rosidl_typesupport_introspection_c.h
[12.342s] -- Up-to-date symlink: /home/hrlsh/scrub_nurse_ws/install/gripper_interfaces/include/gripper_interfaces/gripper_interfaces/srv/detail/gripper_command__rosidl_typesupport_introspection_c.h
[12.343s] -- Up-to-date symlink: /home/hrlsh/scrub_nurse_ws/install/gripper_interfaces/include/gripper_interfaces/gripper_interfaces/srv/detail/gripper_control__rosidl_typesupport_introspection_c.h
[12.343s] -- Up-to-date symlink: /home/hrlsh/scrub_nurse_ws/install/gripper_interfaces/include/gripper_interfaces/gripper_interfaces/srv/detail/modbus__rosidl_typesupport_introspection_c.h
[12.343s] -- Up-to-date symlink: /home/hrlsh/scrub_nurse_ws/install/gripper_interfaces/include/gripper_interfaces/gripper_interfaces/srv/detail/pos_vel_cur_ctrl__rosidl_typesupport_introspection_c.h
[12.343s] -- Up-to-date symlink: /home/hrlsh/scrub_nurse_ws/install/gripper_interfaces/include/gripper_interfaces/gripper_interfaces/srv/detail/set_parameter__rosidl_typesupport_introspection_c.h
[12.343s] -- Up-to-date symlink: /home/hrlsh/scrub_nurse_ws/install/gripper_interfaces/include/gripper_interfaces/gripper_interfaces/srv/detail/slave_change__rosidl_typesupport_introspection_c.h
[12.343s] -- Up-to-date symlink: /home/hrlsh/scrub_nurse_ws/install/gripper_interfaces/include/gripper_interfaces/gripper_interfaces/srv/detail/stop_motor__rosidl_typesupport_introspection_c.h
[12.343s] -- Up-to-date symlink: /home/hrlsh/scrub_nurse_ws/install/gripper_interfaces/include/gripper_interfaces/gripper_interfaces/action/detail/gripper__builder.hpp
[12.344s] -- Up-to-date symlink: /home/hrlsh/scrub_nurse_ws/install/gripper_interfaces/include/gripper_interfaces/gripper_interfaces/action/detail/gripper__struct.hpp
[12.344s] -- Up-to-date symlink: /home/hrlsh/scrub_nurse_ws/install/gripper_interfaces/include/gripper_interfaces/gripper_interfaces/action/detail/gripper__traits.hpp
[12.344s] -- Up-to-date symlink: /home/hrlsh/scrub_nurse_ws/install/gripper_interfaces/include/gripper_interfaces/gripper_interfaces/action/detail/gripper__type_support.hpp
[12.344s] -- Up-to-date symlink: /home/hrlsh/scrub_nurse_ws/install/gripper_interfaces/include/gripper_interfaces/gripper_interfaces/action/gripper.hpp
[12.344s] -- Up-to-date symlink: /home/hrlsh/scrub_nurse_ws/install/gripper_interfaces/include/gripper_interfaces/gripper_interfaces/msg/detail/gripper_msg__builder.hpp
[12.344s] -- Up-to-date symlink: /home/hrlsh/scrub_nurse_ws/install/gripper_interfaces/include/gripper_interfaces/gripper_interfaces/msg/detail/gripper_msg__struct.hpp
[12.344s] -- Up-to-date symlink: /home/hrlsh/scrub_nurse_ws/install/gripper_interfaces/include/gripper_interfaces/gripper_interfaces/msg/detail/gripper_msg__traits.hpp
[12.344s] -- Up-to-date symlink: /home/hrlsh/scrub_nurse_ws/install/gripper_interfaces/include/gripper_interfaces/gripper_interfaces/msg/detail/gripper_msg__type_support.hpp
[12.345s] -- Up-to-date symlink: /home/hrlsh/scrub_nurse_ws/install/gripper_interfaces/include/gripper_interfaces/gripper_interfaces/msg/gripper_msg.hpp
[12.345s] -- Up-to-date symlink: /home/hrlsh/scrub_nurse_ws/install/gripper_interfaces/include/gripper_interfaces/gripper_interfaces/msg/rosidl_generator_cpp__visibility_control.hpp
[12.345s] -- Up-to-date symlink: /home/hrlsh/scrub_nurse_ws/install/gripper_interfaces/include/gripper_interfaces/gripper_interfaces/srv/arduino_control.hpp
[12.345s] -- Up-to-date symlink: /home/hrlsh/scrub_nurse_ws/install/gripper_interfaces/include/gripper_interfaces/gripper_interfaces/srv/detail/arduino_control__builder.hpp
[12.345s] -- Up-to-date symlink: /home/hrlsh/scrub_nurse_ws/install/gripper_interfaces/include/gripper_interfaces/gripper_interfaces/srv/detail/arduino_control__struct.hpp
[12.346s] -- Up-to-date symlink: /home/hrlsh/scrub_nurse_ws/install/gripper_interfaces/include/gripper_interfaces/gripper_interfaces/srv/detail/arduino_control__traits.hpp
[12.346s] -- Up-to-date symlink: /home/hrlsh/scrub_nurse_ws/install/gripper_interfaces/include/gripper_interfaces/gripper_interfaces/srv/detail/arduino_control__type_support.hpp
[12.346s] -- Up-to-date symlink: /home/hrlsh/scrub_nurse_ws/install/gripper_interfaces/include/gripper_interfaces/gripper_interfaces/srv/detail/driver_enable__builder.hpp
[12.346s] -- Up-to-date symlink: /home/hrlsh/scrub_nurse_ws/install/gripper_interfaces/include/gripper_interfaces/gripper_interfaces/srv/detail/driver_enable__struct.hpp
[12.346s] -- Up-to-date symlink: /home/hrlsh/scrub_nurse_ws/install/gripper_interfaces/include/gripper_interfaces/gripper_interfaces/srv/detail/driver_enable__traits.hpp
[12.346s] -- Up-to-date symlink: /home/hrlsh/scrub_nurse_ws/install/gripper_interfaces/include/gripper_interfaces/gripper_interfaces/srv/detail/driver_enable__type_support.hpp
[12.347s] -- Up-to-date symlink: /home/hrlsh/scrub_nurse_ws/install/gripper_interfaces/include/gripper_interfaces/gripper_interfaces/srv/detail/gripper_command__builder.hpp
[12.347s] -- Up-to-date symlink: /home/hrlsh/scrub_nurse_ws/install/gripper_interfaces/include/gripper_interfaces/gripper_interfaces/srv/detail/gripper_command__struct.hpp
[12.347s] -- Up-to-date symlink: /home/hrlsh/scrub_nurse_ws/install/gripper_interfaces/include/gripper_interfaces/gripper_interfaces/srv/detail/gripper_command__traits.hpp
[12.347s] -- Up-to-date symlink: /home/hrlsh/scrub_nurse_ws/install/gripper_interfaces/include/gripper_interfaces/gripper_interfaces/srv/detail/gripper_command__type_support.hpp
[12.347s] -- Up-to-date symlink: /home/hrlsh/scrub_nurse_ws/install/gripper_interfaces/include/gripper_interfaces/gripper_interfaces/srv/detail/gripper_control__builder.hpp
[12.347s] -- Up-to-date symlink: /home/hrlsh/scrub_nurse_ws/install/gripper_interfaces/include/gripper_interfaces/gripper_interfaces/srv/detail/gripper_control__struct.hpp
[12.347s] -- Up-to-date symlink: /home/hrlsh/scrub_nurse_ws/install/gripper_interfaces/include/gripper_interfaces/gripper_interfaces/srv/detail/gripper_control__traits.hpp
[12.347s] -- Up-to-date symlink: /home/hrlsh/scrub_nurse_ws/install/gripper_interfaces/include/gripper_interfaces/gripper_interfaces/srv/detail/gripper_control__type_support.hpp
[12.348s] -- Up-to-date symlink: /home/hrlsh/scrub_nurse_ws/install/gripper_interfaces/include/gripper_interfaces/gripper_interfaces/srv/detail/modbus__builder.hpp
[12.348s] -- Up-to-date symlink: /home/hrlsh/scrub_nurse_ws/install/gripper_interfaces/include/gripper_interfaces/gripper_interfaces/srv/detail/modbus__struct.hpp
[12.348s] -- Up-to-date symlink: /home/hrlsh/scrub_nurse_ws/install/gripper_interfaces/include/gripper_interfaces/gripper_interfaces/srv/detail/modbus__traits.hpp
[12.348s] -- Up-to-date symlink: /home/hrlsh/scrub_nurse_ws/install/gripper_interfaces/include/gripper_interfaces/gripper_interfaces/srv/detail/modbus__type_support.hpp
[12.348s] -- Up-to-date symlink: /home/hrlsh/scrub_nurse_ws/install/gripper_interfaces/include/gripper_interfaces/gripper_interfaces/srv/detail/pos_vel_cur_ctrl__builder.hpp
[12.348s] -- Up-to-date symlink: /home/hrlsh/scrub_nurse_ws/install/gripper_interfaces/include/gripper_interfaces/gripper_interfaces/srv/detail/pos_vel_cur_ctrl__struct.hpp
[12.348s] -- Up-to-date symlink: /home/hrlsh/scrub_nurse_ws/install/gripper_interfaces/include/gripper_interfaces/gripper_interfaces/srv/detail/pos_vel_cur_ctrl__traits.hpp
[12.349s] -- Up-to-date symlink: /home/hrlsh/scrub_nurse_ws/install/gripper_interfaces/include/gripper_interfaces/gripper_interfaces/srv/detail/pos_vel_cur_ctrl__type_support.hpp
[12.349s] -- Up-to-date symlink: /home/hrlsh/scrub_nurse_ws/install/gripper_interfaces/include/gripper_interfaces/gripper_interfaces/srv/detail/set_parameter__builder.hpp
[12.349s] -- Up-to-date symlink: /home/hrlsh/scrub_nurse_ws/install/gripper_interfaces/include/gripper_interfaces/gripper_interfaces/srv/detail/set_parameter__struct.hpp
[12.349s] -- Up-to-date symlink: /home/hrlsh/scrub_nurse_ws/install/gripper_interfaces/include/gripper_interfaces/gripper_interfaces/srv/detail/set_parameter__traits.hpp
[12.349s] -- Up-to-date symlink: /home/hrlsh/scrub_nurse_ws/install/gripper_interfaces/include/gripper_interfaces/gripper_interfaces/srv/detail/set_parameter__type_support.hpp
[12.349s] -- Up-to-date symlink: /home/hrlsh/scrub_nurse_ws/install/gripper_interfaces/include/gripper_interfaces/gripper_interfaces/srv/detail/slave_change__builder.hpp
[12.349s] -- Up-to-date symlink: /home/hrlsh/scrub_nurse_ws/install/gripper_interfaces/include/gripper_interfaces/gripper_interfaces/srv/detail/slave_change__struct.hpp
[12.350s] -- Up-to-date symlink: /home/hrlsh/scrub_nurse_ws/install/gripper_interfaces/include/gripper_interfaces/gripper_interfaces/srv/detail/slave_change__traits.hpp
[12.350s] -- Up-to-date symlink: /home/hrlsh/scrub_nurse_ws/install/gripper_interfaces/include/gripper_interfaces/gripper_interfaces/srv/detail/slave_change__type_support.hpp
[12.350s] -- Up-to-date symlink: /home/hrlsh/scrub_nurse_ws/install/gripper_interfaces/include/gripper_interfaces/gripper_interfaces/srv/detail/stop_motor__builder.hpp
[12.350s] -- Up-to-date symlink: /home/hrlsh/scrub_nurse_ws/install/gripper_interfaces/include/gripper_interfaces/gripper_interfaces/srv/detail/stop_motor__struct.hpp
[12.350s] -- Up-to-date symlink: /home/hrlsh/scrub_nurse_ws/install/gripper_interfaces/include/gripper_interfaces/gripper_interfaces/srv/detail/stop_motor__traits.hpp
[12.350s] -- Up-to-date symlink: /home/hrlsh/scrub_nurse_ws/install/gripper_interfaces/include/gripper_interfaces/gripper_interfaces/srv/detail/stop_motor__type_support.hpp
[12.350s] -- Up-to-date symlink: /home/hrlsh/scrub_nurse_ws/install/gripper_interfaces/include/gripper_interfaces/gripper_interfaces/srv/driver_enable.hpp
[12.351s] -- Up-to-date symlink: /home/hrlsh/scrub_nurse_ws/install/gripper_interfaces/include/gripper_interfaces/gripper_interfaces/srv/gripper_command.hpp
[12.351s] -- Up-to-date symlink: /home/hrlsh/scrub_nurse_ws/install/gripper_interfaces/include/gripper_interfaces/gripper_interfaces/srv/gripper_control.hpp
[12.351s] -- Up-to-date symlink: /home/hrlsh/scrub_nurse_ws/install/gripper_interfaces/include/gripper_interfaces/gripper_interfaces/srv/modbus.hpp
[12.351s] -- Up-to-date symlink: /home/hrlsh/scrub_nurse_ws/install/gripper_interfaces/include/gripper_interfaces/gripper_interfaces/srv/pos_vel_cur_ctrl.hpp
[12.351s] -- Up-to-date symlink: /home/hrlsh/scrub_nurse_ws/install/gripper_interfaces/include/gripper_interfaces/gripper_interfaces/srv/set_parameter.hpp
[12.351s] -- Up-to-date symlink: /home/hrlsh/scrub_nurse_ws/install/gripper_interfaces/include/gripper_interfaces/gripper_interfaces/srv/slave_change.hpp
[12.351s] -- Up-to-date symlink: /home/hrlsh/scrub_nurse_ws/install/gripper_interfaces/include/gripper_interfaces/gripper_interfaces/srv/stop_motor.hpp
[12.351s] -- Up-to-date symlink: /home/hrlsh/scrub_nurse_ws/install/gripper_interfaces/include/gripper_interfaces/gripper_interfaces/action/detail/gripper__rosidl_typesupport_fastrtps_cpp.hpp
[12.352s] -- Up-to-date symlink: /home/hrlsh/scrub_nurse_ws/install/gripper_interfaces/include/gripper_interfaces/gripper_interfaces/msg/detail/gripper_msg__rosidl_typesupport_fastrtps_cpp.hpp
[12.352s] -- Up-to-date symlink: /home/hrlsh/scrub_nurse_ws/install/gripper_interfaces/include/gripper_interfaces/gripper_interfaces/msg/rosidl_typesupport_fastrtps_cpp__visibility_control.h
[12.352s] -- Up-to-date symlink: /home/hrlsh/scrub_nurse_ws/install/gripper_interfaces/include/gripper_interfaces/gripper_interfaces/srv/detail/arduino_control__rosidl_typesupport_fastrtps_cpp.hpp
[12.352s] -- Up-to-date symlink: /home/hrlsh/scrub_nurse_ws/install/gripper_interfaces/include/gripper_interfaces/gripper_interfaces/srv/detail/driver_enable__rosidl_typesupport_fastrtps_cpp.hpp
[12.352s] -- Up-to-date symlink: /home/hrlsh/scrub_nurse_ws/install/gripper_interfaces/include/gripper_interfaces/gripper_interfaces/srv/detail/gripper_command__rosidl_typesupport_fastrtps_cpp.hpp
[12.352s] -- Up-to-date symlink: /home/hrlsh/scrub_nurse_ws/install/gripper_interfaces/include/gripper_interfaces/gripper_interfaces/srv/detail/gripper_control__rosidl_typesupport_fastrtps_cpp.hpp
[12.352s] -- Up-to-date symlink: /home/hrlsh/scrub_nurse_ws/install/gripper_interfaces/include/gripper_interfaces/gripper_interfaces/srv/detail/modbus__rosidl_typesupport_fastrtps_cpp.hpp
[12.352s] -- Up-to-date symlink: /home/hrlsh/scrub_nurse_ws/install/gripper_interfaces/include/gripper_interfaces/gripper_interfaces/srv/detail/pos_vel_cur_ctrl__rosidl_typesupport_fastrtps_cpp.hpp
[12.352s] -- Up-to-date symlink: /home/hrlsh/scrub_nurse_ws/install/gripper_interfaces/include/gripper_interfaces/gripper_interfaces/srv/detail/set_parameter__rosidl_typesupport_fastrtps_cpp.hpp
[12.353s] -- Up-to-date symlink: /home/hrlsh/scrub_nurse_ws/install/gripper_interfaces/include/gripper_interfaces/gripper_interfaces/srv/detail/slave_change__rosidl_typesupport_fastrtps_cpp.hpp
[12.353s] -- Up-to-date symlink: /home/hrlsh/scrub_nurse_ws/install/gripper_interfaces/include/gripper_interfaces/gripper_interfaces/srv/detail/stop_motor__rosidl_typesupport_fastrtps_cpp.hpp
[12.353s] -- Up-to-date symlink: /home/hrlsh/scrub_nurse_ws/install/gripper_interfaces/include/gripper_interfaces/gripper_interfaces/action/detail/gripper__rosidl_typesupport_introspection_cpp.hpp
[12.353s] -- Up-to-date symlink: /home/hrlsh/scrub_nurse_ws/install/gripper_interfaces/include/gripper_interfaces/gripper_interfaces/msg/detail/gripper_msg__rosidl_typesupport_introspection_cpp.hpp
[12.353s] -- Up-to-date symlink: /home/hrlsh/scrub_nurse_ws/install/gripper_interfaces/include/gripper_interfaces/gripper_interfaces/srv/detail/arduino_control__rosidl_typesupport_introspection_cpp.hpp
[12.353s] -- Up-to-date symlink: /home/hrlsh/scrub_nurse_ws/install/gripper_interfaces/include/gripper_interfaces/gripper_interfaces/srv/detail/driver_enable__rosidl_typesupport_introspection_cpp.hpp
[12.353s] -- Up-to-date symlink: /home/hrlsh/scrub_nurse_ws/install/gripper_interfaces/include/gripper_interfaces/gripper_interfaces/srv/detail/gripper_command__rosidl_typesupport_introspection_cpp.hpp
[12.353s] -- Up-to-date symlink: /home/hrlsh/scrub_nurse_ws/install/gripper_interfaces/include/gripper_interfaces/gripper_interfaces/srv/detail/gripper_control__rosidl_typesupport_introspection_cpp.hpp
[12.353s] -- Up-to-date symlink: /home/hrlsh/scrub_nurse_ws/install/gripper_interfaces/include/gripper_interfaces/gripper_interfaces/srv/detail/modbus__rosidl_typesupport_introspection_cpp.hpp
[12.353s] -- Up-to-date symlink: /home/hrlsh/scrub_nurse_ws/install/gripper_interfaces/include/gripper_interfaces/gripper_interfaces/srv/detail/pos_vel_cur_ctrl__rosidl_typesupport_introspection_cpp.hpp
[12.353s] -- Up-to-date symlink: /home/hrlsh/scrub_nurse_ws/install/gripper_interfaces/include/gripper_interfaces/gripper_interfaces/srv/detail/set_parameter__rosidl_typesupport_introspection_cpp.hpp
[12.354s] -- Up-to-date symlink: /home/hrlsh/scrub_nurse_ws/install/gripper_interfaces/include/gripper_interfaces/gripper_interfaces/srv/detail/slave_change__rosidl_typesupport_introspection_cpp.hpp
[12.354s] -- Up-to-date symlink: /home/hrlsh/scrub_nurse_ws/install/gripper_interfaces/include/gripper_interfaces/gripper_interfaces/srv/detail/stop_motor__rosidl_typesupport_introspection_cpp.hpp
[12.354s] -- Up-to-date symlink: /home/hrlsh/scrub_nurse_ws/install/gripper_interfaces/share/gripper_interfaces/environment/pythonpath.sh
[12.354s] -- Up-to-date symlink: /home/hrlsh/scrub_nurse_ws/install/gripper_interfaces/share/gripper_interfaces/environment/pythonpath.dsv
[12.354s] -- Up-to-date symlink: /home/hrlsh/scrub_nurse_ws/install/gripper_interfaces/local/lib/python3.10/dist-packages/gripper_interfaces-0.1.0-py3.10.egg-info/PKG-INFO
[12.354s] -- Up-to-date symlink: /home/hrlsh/scrub_nurse_ws/install/gripper_interfaces/local/lib/python3.10/dist-packages/gripper_interfaces-0.1.0-py3.10.egg-info/SOURCES.txt
[12.354s] -- Up-to-date symlink: /home/hrlsh/scrub_nurse_ws/install/gripper_interfaces/local/lib/python3.10/dist-packages/gripper_interfaces-0.1.0-py3.10.egg-info/dependency_links.txt
[12.354s] -- Up-to-date symlink: /home/hrlsh/scrub_nurse_ws/install/gripper_interfaces/local/lib/python3.10/dist-packages/gripper_interfaces-0.1.0-py3.10.egg-info/top_level.txt
[12.354s] -- Up-to-date symlink: /home/hrlsh/scrub_nurse_ws/install/gripper_interfaces/local/lib/python3.10/dist-packages/gripper_interfaces/__init__.py
[12.355s] -- Up-to-date symlink: /home/hrlsh/scrub_nurse_ws/install/gripper_interfaces/local/lib/python3.10/dist-packages/gripper_interfaces/_gripper_interfaces_s.ep.rosidl_typesupport_c.c
[12.355s] -- Up-to-date symlink: /home/hrlsh/scrub_nurse_ws/install/gripper_interfaces/local/lib/python3.10/dist-packages/gripper_interfaces/_gripper_interfaces_s.ep.rosidl_typesupport_fastrtps_c.c
[12.355s] -- Up-to-date symlink: /home/hrlsh/scrub_nurse_ws/install/gripper_interfaces/local/lib/python3.10/dist-packages/gripper_interfaces/_gripper_interfaces_s.ep.rosidl_typesupport_introspection_c.c
[12.355s] -- Up-to-date symlink: /home/hrlsh/scrub_nurse_ws/install/gripper_interfaces/local/lib/python3.10/dist-packages/gripper_interfaces/action/__init__.py
[12.355s] -- Up-to-date symlink: /home/hrlsh/scrub_nurse_ws/install/gripper_interfaces/local/lib/python3.10/dist-packages/gripper_interfaces/action/_gripper.py
[12.355s] -- Up-to-date symlink: /home/hrlsh/scrub_nurse_ws/install/gripper_interfaces/local/lib/python3.10/dist-packages/gripper_interfaces/action/_gripper_s.c
[12.355s] -- Up-to-date symlink: /home/hrlsh/scrub_nurse_ws/install/gripper_interfaces/local/lib/python3.10/dist-packages/gripper_interfaces/gripper_interfaces_s__rosidl_typesupport_c.cpython-310-x86_64-linux-gnu.so
[12.355s] -- Up-to-date symlink: /home/hrlsh/scrub_nurse_ws/install/gripper_interfaces/local/lib/python3.10/dist-packages/gripper_interfaces/gripper_interfaces_s__rosidl_typesupport_fastrtps_c.cpython-310-x86_64-linux-gnu.so
[12.355s] -- Up-to-date symlink: /home/hrlsh/scrub_nurse_ws/install/gripper_interfaces/local/lib/python3.10/dist-packages/gripper_interfaces/gripper_interfaces_s__rosidl_typesupport_introspection_c.cpython-310-x86_64-linux-gnu.so
[12.356s] -- Up-to-date symlink: /home/hrlsh/scrub_nurse_ws/install/gripper_interfaces/local/lib/python3.10/dist-packages/gripper_interfaces/libgripper_interfaces__rosidl_generator_py.so
[12.356s] -- Up-to-date symlink: /home/hrlsh/scrub_nurse_ws/install/gripper_interfaces/local/lib/python3.10/dist-packages/gripper_interfaces/msg/__init__.py
[12.356s] -- Up-to-date symlink: /home/hrlsh/scrub_nurse_ws/install/gripper_interfaces/local/lib/python3.10/dist-packages/gripper_interfaces/msg/_gripper_msg.py
[12.356s] -- Up-to-date symlink: /home/hrlsh/scrub_nurse_ws/install/gripper_interfaces/local/lib/python3.10/dist-packages/gripper_interfaces/msg/_gripper_msg_s.c
[12.356s] -- Up-to-date symlink: /home/hrlsh/scrub_nurse_ws/install/gripper_interfaces/local/lib/python3.10/dist-packages/gripper_interfaces/srv/__init__.py
[12.356s] -- Up-to-date symlink: /home/hrlsh/scrub_nurse_ws/install/gripper_interfaces/local/lib/python3.10/dist-packages/gripper_interfaces/srv/_arduino_control.py
[12.356s] -- Up-to-date symlink: /home/hrlsh/scrub_nurse_ws/install/gripper_interfaces/local/lib/python3.10/dist-packages/gripper_interfaces/srv/_arduino_control_s.c
[12.356s] -- Up-to-date symlink: /home/hrlsh/scrub_nurse_ws/install/gripper_interfaces/local/lib/python3.10/dist-packages/gripper_interfaces/srv/_driver_enable.py
[12.356s] -- Up-to-date symlink: /home/hrlsh/scrub_nurse_ws/install/gripper_interfaces/local/lib/python3.10/dist-packages/gripper_interfaces/srv/_driver_enable_s.c
[12.357s] -- Up-to-date symlink: /home/hrlsh/scrub_nurse_ws/install/gripper_interfaces/local/lib/python3.10/dist-packages/gripper_interfaces/srv/_gripper_command.py
[12.357s] -- Up-to-date symlink: /home/hrlsh/scrub_nurse_ws/install/gripper_interfaces/local/lib/python3.10/dist-packages/gripper_interfaces/srv/_gripper_command_s.c
[12.357s] -- Up-to-date symlink: /home/hrlsh/scrub_nurse_ws/install/gripper_interfaces/local/lib/python3.10/dist-packages/gripper_interfaces/srv/_gripper_control.py
[12.357s] -- Up-to-date symlink: /home/hrlsh/scrub_nurse_ws/install/gripper_interfaces/local/lib/python3.10/dist-packages/gripper_interfaces/srv/_gripper_control_s.c
[12.357s] -- Up-to-date symlink: /home/hrlsh/scrub_nurse_ws/install/gripper_interfaces/local/lib/python3.10/dist-packages/gripper_interfaces/srv/_modbus.py
[12.357s] -- Up-to-date symlink: /home/hrlsh/scrub_nurse_ws/install/gripper_interfaces/local/lib/python3.10/dist-packages/gripper_interfaces/srv/_modbus_s.c
[12.357s] -- Up-to-date symlink: /home/hrlsh/scrub_nurse_ws/install/gripper_interfaces/local/lib/python3.10/dist-packages/gripper_interfaces/srv/_pos_vel_cur_ctrl.py
[12.357s] -- Up-to-date symlink: /home/hrlsh/scrub_nurse_ws/install/gripper_interfaces/local/lib/python3.10/dist-packages/gripper_interfaces/srv/_pos_vel_cur_ctrl_s.c
[12.357s] -- Up-to-date symlink: /home/hrlsh/scrub_nurse_ws/install/gripper_interfaces/local/lib/python3.10/dist-packages/gripper_interfaces/srv/_set_parameter.py
[12.358s] -- Up-to-date symlink: /home/hrlsh/scrub_nurse_ws/install/gripper_interfaces/local/lib/python3.10/dist-packages/gripper_interfaces/srv/_set_parameter_s.c
[12.358s] -- Up-to-date symlink: /home/hrlsh/scrub_nurse_ws/install/gripper_interfaces/local/lib/python3.10/dist-packages/gripper_interfaces/srv/_slave_change.py
[12.358s] -- Up-to-date symlink: /home/hrlsh/scrub_nurse_ws/install/gripper_interfaces/local/lib/python3.10/dist-packages/gripper_interfaces/srv/_slave_change_s.c
[12.358s] -- Up-to-date symlink: /home/hrlsh/scrub_nurse_ws/install/gripper_interfaces/local/lib/python3.10/dist-packages/gripper_interfaces/srv/_stop_motor.py
[12.358s] -- Up-to-date symlink: /home/hrlsh/scrub_nurse_ws/install/gripper_interfaces/local/lib/python3.10/dist-packages/gripper_interfaces/srv/_stop_motor_s.c
[12.358s] -- Up-to-date symlink: /home/hrlsh/scrub_nurse_ws/install/gripper_interfaces/local/lib/python3.10/dist-packages/gripper_interfaces/gripper_interfaces_s__rosidl_typesupport_fastrtps_c.cpython-310-x86_64-linux-gnu.so
[12.358s] -- Up-to-date symlink: /home/hrlsh/scrub_nurse_ws/install/gripper_interfaces/local/lib/python3.10/dist-packages/gripper_interfaces/gripper_interfaces_s__rosidl_typesupport_introspection_c.cpython-310-x86_64-linux-gnu.so
[12.358s] -- Up-to-date symlink: /home/hrlsh/scrub_nurse_ws/install/gripper_interfaces/local/lib/python3.10/dist-packages/gripper_interfaces/gripper_interfaces_s__rosidl_typesupport_c.cpython-310-x86_64-linux-gnu.so
[12.358s] -- Up-to-date symlink: /home/hrlsh/scrub_nurse_ws/install/gripper_interfaces/share/ament_index/resource_index/rust_packages/gripper_interfaces
[12.358s] -- Up-to-date symlink: /home/hrlsh/scrub_nurse_ws/install/gripper_interfaces/share/gripper_interfaces/rust/Cargo.toml
[12.358s] -- Up-to-date symlink: /home/hrlsh/scrub_nurse_ws/install/gripper_interfaces/share/gripper_interfaces/rust/build.rs
[12.359s] -- Up-to-date symlink: /home/hrlsh/scrub_nurse_ws/install/gripper_interfaces/share/gripper_interfaces/rust/src/action.rs
[12.359s] -- Up-to-date symlink: /home/hrlsh/scrub_nurse_ws/install/gripper_interfaces/share/gripper_interfaces/rust/src/action/rmw.rs
[12.359s] -- Up-to-date symlink: /home/hrlsh/scrub_nurse_ws/install/gripper_interfaces/share/gripper_interfaces/rust/src/lib.rs
[12.359s] -- Up-to-date symlink: /home/hrlsh/scrub_nurse_ws/install/gripper_interfaces/share/gripper_interfaces/rust/src/msg.rs
[12.359s] -- Up-to-date symlink: /home/hrlsh/scrub_nurse_ws/install/gripper_interfaces/share/gripper_interfaces/rust/src/msg/rmw.rs
[12.359s] -- Up-to-date symlink: /home/hrlsh/scrub_nurse_ws/install/gripper_interfaces/share/gripper_interfaces/rust/src/srv.rs
[12.359s] -- Up-to-date symlink: /home/hrlsh/scrub_nurse_ws/install/gripper_interfaces/share/gripper_interfaces/rust/src/srv/rmw.rs
[12.359s] -- Up-to-date symlink: /home/hrlsh/scrub_nurse_ws/install/gripper_interfaces/share/gripper_interfaces/msg/GripperMsg.idl
[12.359s] -- Up-to-date symlink: /home/hrlsh/scrub_nurse_ws/install/gripper_interfaces/share/gripper_interfaces/srv/SlaveChange.idl
[12.359s] -- Up-to-date symlink: /home/hrlsh/scrub_nurse_ws/install/gripper_interfaces/share/gripper_interfaces/srv/PosVelCurCtrl.idl
[12.359s] -- Up-to-date symlink: /home/hrlsh/scrub_nurse_ws/install/gripper_interfaces/share/gripper_interfaces/srv/DriverEnable.idl
[12.359s] -- Up-to-date symlink: /home/hrlsh/scrub_nurse_ws/install/gripper_interfaces/share/gripper_interfaces/srv/SetParameter.idl
[12.360s] -- Up-to-date symlink: /home/hrlsh/scrub_nurse_ws/install/gripper_interfaces/share/gripper_interfaces/srv/GripperControl.idl
[12.360s] -- Up-to-date symlink: /home/hrlsh/scrub_nurse_ws/install/gripper_interfaces/share/gripper_interfaces/srv/ArduinoControl.idl
[12.360s] -- Up-to-date symlink: /home/hrlsh/scrub_nurse_ws/install/gripper_interfaces/share/gripper_interfaces/srv/Modbus.idl
[12.360s] -- Up-to-date symlink: /home/hrlsh/scrub_nurse_ws/install/gripper_interfaces/share/gripper_interfaces/srv/GripperCommand.idl
[12.360s] -- Up-to-date symlink: /home/hrlsh/scrub_nurse_ws/install/gripper_interfaces/share/gripper_interfaces/srv/StopMotor.idl
[12.360s] -- Up-to-date symlink: /home/hrlsh/scrub_nurse_ws/install/gripper_interfaces/share/gripper_interfaces/action/Gripper.idl
[12.360s] -- Up-to-date symlink: /home/hrlsh/scrub_nurse_ws/install/gripper_interfaces/share/gripper_interfaces/msg/GripperMsg.msg
[12.360s] -- Up-to-date symlink: /home/hrlsh/scrub_nurse_ws/install/gripper_interfaces/share/gripper_interfaces/srv/SlaveChange.srv
[12.360s] -- Up-to-date symlink: /home/hrlsh/scrub_nurse_ws/install/gripper_interfaces/share/gripper_interfaces/srv/SlaveChange_Request.msg
[12.360s] -- Up-to-date symlink: /home/hrlsh/scrub_nurse_ws/install/gripper_interfaces/share/gripper_interfaces/srv/SlaveChange_Response.msg
[12.360s] -- Up-to-date symlink: /home/hrlsh/scrub_nurse_ws/install/gripper_interfaces/share/gripper_interfaces/srv/PosVelCurCtrl.srv
[12.361s] -- Up-to-date symlink: /home/hrlsh/scrub_nurse_ws/install/gripper_interfaces/share/gripper_interfaces/srv/PosVelCurCtrl_Request.msg
[12.361s] -- Up-to-date symlink: /home/hrlsh/scrub_nurse_ws/install/gripper_interfaces/share/gripper_interfaces/srv/PosVelCurCtrl_Response.msg
[12.361s] -- Up-to-date symlink: /home/hrlsh/scrub_nurse_ws/install/gripper_interfaces/share/gripper_interfaces/srv/DriverEnable.srv
[12.361s] -- Up-to-date symlink: /home/hrlsh/scrub_nurse_ws/install/gripper_interfaces/share/gripper_interfaces/srv/DriverEnable_Request.msg
[12.361s] -- Up-to-date symlink: /home/hrlsh/scrub_nurse_ws/install/gripper_interfaces/share/gripper_interfaces/srv/DriverEnable_Response.msg
[12.361s] -- Up-to-date symlink: /home/hrlsh/scrub_nurse_ws/install/gripper_interfaces/share/gripper_interfaces/srv/SetParameter.srv
[12.361s] -- Up-to-date symlink: /home/hrlsh/scrub_nurse_ws/install/gripper_interfaces/share/gripper_interfaces/srv/SetParameter_Request.msg
[12.361s] -- Up-to-date symlink: /home/hrlsh/scrub_nurse_ws/install/gripper_interfaces/share/gripper_interfaces/srv/SetParameter_Response.msg
[12.361s] -- Up-to-date symlink: /home/hrlsh/scrub_nurse_ws/install/gripper_interfaces/share/gripper_interfaces/srv/GripperControl.srv
[12.361s] -- Up-to-date symlink: /home/hrlsh/scrub_nurse_ws/install/gripper_interfaces/share/gripper_interfaces/srv/GripperControl_Request.msg
[12.362s] -- Up-to-date symlink: /home/hrlsh/scrub_nurse_ws/install/gripper_interfaces/share/gripper_interfaces/srv/GripperControl_Response.msg
[12.362s] -- Up-to-date symlink: /home/hrlsh/scrub_nurse_ws/install/gripper_interfaces/share/gripper_interfaces/srv/ArduinoControl.srv
[12.362s] -- Up-to-date symlink: /home/hrlsh/scrub_nurse_ws/install/gripper_interfaces/share/gripper_interfaces/srv/ArduinoControl_Request.msg
[12.362s] -- Up-to-date symlink: /home/hrlsh/scrub_nurse_ws/install/gripper_interfaces/share/gripper_interfaces/srv/ArduinoControl_Response.msg
[12.362s] -- Up-to-date symlink: /home/hrlsh/scrub_nurse_ws/install/gripper_interfaces/share/gripper_interfaces/srv/Modbus.srv
[12.362s] -- Up-to-date symlink: /home/hrlsh/scrub_nurse_ws/install/gripper_interfaces/share/gripper_interfaces/srv/Modbus_Request.msg
[12.362s] -- Up-to-date symlink: /home/hrlsh/scrub_nurse_ws/install/gripper_interfaces/share/gripper_interfaces/srv/Modbus_Response.msg
[12.362s] -- Up-to-date symlink: /home/hrlsh/scrub_nurse_ws/install/gripper_interfaces/share/gripper_interfaces/srv/GripperCommand.srv
[12.362s] -- Up-to-date symlink: /home/hrlsh/scrub_nurse_ws/install/gripper_interfaces/share/gripper_interfaces/srv/GripperCommand_Request.msg
[12.362s] -- Up-to-date symlink: /home/hrlsh/scrub_nurse_ws/install/gripper_interfaces/share/gripper_interfaces/srv/GripperCommand_Response.msg
[12.362s] -- Up-to-date symlink: /home/hrlsh/scrub_nurse_ws/install/gripper_interfaces/share/gripper_interfaces/srv/StopMotor.srv
[12.362s] -- Up-to-date symlink: /home/hrlsh/scrub_nurse_ws/install/gripper_interfaces/share/gripper_interfaces/srv/StopMotor_Request.msg
[12.363s] -- Up-to-date symlink: /home/hrlsh/scrub_nurse_ws/install/gripper_interfaces/share/gripper_interfaces/srv/StopMotor_Response.msg
[12.363s] -- Up-to-date symlink: /home/hrlsh/scrub_nurse_ws/install/gripper_interfaces/share/gripper_interfaces/action/Gripper.action
[12.363s] -- Up-to-date symlink: /home/hrlsh/scrub_nurse_ws/install/gripper_interfaces/share/ament_index/resource_index/package_run_dependencies/gripper_interfaces
[12.363s] -- Up-to-date symlink: /home/hrlsh/scrub_nurse_ws/install/gripper_interfaces/share/ament_index/resource_index/parent_prefix_path/gripper_interfaces
[12.363s] -- Up-to-date symlink: /home/hrlsh/scrub_nurse_ws/install/gripper_interfaces/share/gripper_interfaces/environment/ament_prefix_path.sh
[12.363s] -- Up-to-date symlink: /home/hrlsh/scrub_nurse_ws/install/gripper_interfaces/share/gripper_interfaces/environment/ament_prefix_path.dsv
[12.363s] -- Up-to-date symlink: /home/hrlsh/scrub_nurse_ws/install/gripper_interfaces/share/gripper_interfaces/environment/path.sh
[12.363s] -- Up-to-date symlink: /home/hrlsh/scrub_nurse_ws/install/gripper_interfaces/share/gripper_interfaces/environment/path.dsv
[12.363s] -- Up-to-date symlink: /home/hrlsh/scrub_nurse_ws/install/gripper_interfaces/share/gripper_interfaces/local_setup.bash
[12.363s] -- Up-to-date symlink: /home/hrlsh/scrub_nurse_ws/install/gripper_interfaces/share/gripper_interfaces/local_setup.sh
[12.363s] -- Up-to-date symlink: /home/hrlsh/scrub_nurse_ws/install/gripper_interfaces/share/gripper_interfaces/local_setup.zsh
[12.364s] -- Up-to-date symlink: /home/hrlsh/scrub_nurse_ws/install/gripper_interfaces/share/gripper_interfaces/local_setup.dsv
[12.364s] -- Symlinking: /home/hrlsh/scrub_nurse_ws/install/gripper_interfaces/share/gripper_interfaces/package.dsv
[12.364s] -- Up-to-date symlink: /home/hrlsh/scrub_nurse_ws/install/gripper_interfaces/share/ament_index/resource_index/packages/gripper_interfaces
[12.364s] -- Up-to-date symlink: /home/hrlsh/scrub_nurse_ws/install/gripper_interfaces/share/gripper_interfaces/cmake/rosidl_cmake-extras.cmake
[12.364s] -- Up-to-date symlink: /home/hrlsh/scrub_nurse_ws/install/gripper_interfaces/share/gripper_interfaces/cmake/ament_cmake_export_dependencies-extras.cmake
[12.364s] -- Up-to-date symlink: /home/hrlsh/scrub_nurse_ws/install/gripper_interfaces/share/gripper_interfaces/cmake/ament_cmake_export_include_directories-extras.cmake
[12.364s] -- Up-to-date symlink: /home/hrlsh/scrub_nurse_ws/install/gripper_interfaces/share/gripper_interfaces/cmake/ament_cmake_export_libraries-extras.cmake
[12.364s] -- Up-to-date symlink: /home/hrlsh/scrub_nurse_ws/install/gripper_interfaces/share/gripper_interfaces/cmake/ament_cmake_export_targets-extras.cmake
[12.364s] -- Up-to-date symlink: /home/hrlsh/scrub_nurse_ws/install/gripper_interfaces/share/gripper_interfaces/cmake/rosidl_cmake_export_typesupport_targets-extras.cmake
[12.364s] -- Up-to-date symlink: /home/hrlsh/scrub_nurse_ws/install/gripper_interfaces/share/gripper_interfaces/cmake/rosidl_cmake_export_typesupport_libraries-extras.cmake
[12.364s] -- Up-to-date symlink: /home/hrlsh/scrub_nurse_ws/install/gripper_interfaces/share/gripper_interfaces/cmake/gripper_interfacesConfig.cmake
[12.364s] -- Up-to-date symlink: /home/hrlsh/scrub_nurse_ws/install/gripper_interfaces/share/gripper_interfaces/cmake/gripper_interfacesConfig-version.cmake
[12.364s] -- Up-to-date symlink: /home/hrlsh/scrub_nurse_ws/install/gripper_interfaces/share/gripper_interfaces/package.xml
[12.365s] -- Installing: /home/hrlsh/scrub_nurse_ws/install/gripper_interfaces/lib/libgripper_interfaces__rosidl_generator_c.so
[12.365s] -- Set non-toolchain portion of runtime path of "/home/hrlsh/scrub_nurse_ws/install/gripper_interfaces/lib/libgripper_interfaces__rosidl_generator_c.so" to ""
[12.365s] -- Installing: /home/hrlsh/scrub_nurse_ws/install/gripper_interfaces/lib/libgripper_interfaces__rosidl_typesupport_fastrtps_c.so
[12.365s] -- Set non-toolchain portion of runtime path of "/home/hrlsh/scrub_nurse_ws/install/gripper_interfaces/lib/libgripper_interfaces__rosidl_typesupport_fastrtps_c.so" to ""
[12.365s] -- Installing: /home/hrlsh/scrub_nurse_ws/install/gripper_interfaces/lib/libgripper_interfaces__rosidl_typesupport_introspection_c.so
[12.365s] -- Set non-toolchain portion of runtime path of "/home/hrlsh/scrub_nurse_ws/install/gripper_interfaces/lib/libgripper_interfaces__rosidl_typesupport_introspection_c.so" to ""
[12.365s] -- Installing: /home/hrlsh/scrub_nurse_ws/install/gripper_interfaces/lib/libgripper_interfaces__rosidl_typesupport_c.so
[12.365s] -- Set non-toolchain portion of runtime path of "/home/hrlsh/scrub_nurse_ws/install/gripper_interfaces/lib/libgripper_interfaces__rosidl_typesupport_c.so" to ""
[12.365s] -- Installing: /home/hrlsh/scrub_nurse_ws/install/gripper_interfaces/lib/libgripper_interfaces__rosidl_typesupport_fastrtps_cpp.so
[12.365s] -- Set non-toolchain portion of runtime path of "/home/hrlsh/scrub_nurse_ws/install/gripper_interfaces/lib/libgripper_interfaces__rosidl_typesupport_fastrtps_cpp.so" to ""
[12.365s] -- Installing: /home/hrlsh/scrub_nurse_ws/install/gripper_interfaces/lib/libgripper_interfaces__rosidl_typesupport_introspection_cpp.so
[12.365s] -- Set non-toolchain portion of runtime path of "/home/hrlsh/scrub_nurse_ws/install/gripper_interfaces/lib/libgripper_interfaces__rosidl_typesupport_introspection_cpp.so" to ""
[12.366s] -- Installing: /home/hrlsh/scrub_nurse_ws/install/gripper_interfaces/lib/libgripper_interfaces__rosidl_typesupport_cpp.so
[12.366s] -- Set non-toolchain portion of runtime path of "/home/hrlsh/scrub_nurse_ws/install/gripper_interfaces/lib/libgripper_interfaces__rosidl_typesupport_cpp.so" to ""
[12.381s] Listing '/home/hrlsh/scrub_nurse_ws/install/gripper_interfaces/local/lib/python3.10/dist-packages/gripper_interfaces'...
[12.382s] Compiling '/home/hrlsh/scrub_nurse_ws/install/gripper_interfaces/local/lib/python3.10/dist-packages/gripper_interfaces/__init__.py'...
[12.382s] Listing '/home/hrlsh/scrub_nurse_ws/install/gripper_interfaces/local/lib/python3.10/dist-packages/gripper_interfaces/action'...
[12.382s] Listing '/home/hrlsh/scrub_nurse_ws/install/gripper_interfaces/local/lib/python3.10/dist-packages/gripper_interfaces/msg'...
[12.382s] Listing '/home/hrlsh/scrub_nurse_ws/install/gripper_interfaces/local/lib/python3.10/dist-packages/gripper_interfaces/srv'...
[12.385s] -- Installing: /home/hrlsh/scrub_nurse_ws/install/gripper_interfaces/lib/libgripper_interfaces__rosidl_generator_py.so
[12.385s] -- Set non-toolchain portion of runtime path of "/home/hrlsh/scrub_nurse_ws/install/gripper_interfaces/lib/libgripper_interfaces__rosidl_generator_py.so" to ""
[12.385s] -- Old export file "/home/hrlsh/scrub_nurse_ws/install/gripper_interfaces/share/gripper_interfaces/cmake/export_gripper_interfaces__rosidl_generator_cExport.cmake" will be replaced.  Removing files [/home/hrlsh/scrub_nurse_ws/install/gripper_interfaces/share/gripper_interfaces/cmake/export_gripper_interfaces__rosidl_generator_cExport-noconfig.cmake].
[12.385s] -- Installing: /home/hrlsh/scrub_nurse_ws/install/gripper_interfaces/share/gripper_interfaces/cmake/export_gripper_interfaces__rosidl_generator_cExport.cmake
[12.386s] -- Installing: /home/hrlsh/scrub_nurse_ws/install/gripper_interfaces/share/gripper_interfaces/cmake/export_gripper_interfaces__rosidl_generator_cExport-noconfig.cmake
[12.386s] -- Old export file "/home/hrlsh/scrub_nurse_ws/install/gripper_interfaces/share/gripper_interfaces/cmake/export_gripper_interfaces__rosidl_typesupport_fastrtps_cExport.cmake" will be replaced.  Removing files [/home/hrlsh/scrub_nurse_ws/install/gripper_interfaces/share/gripper_interfaces/cmake/export_gripper_interfaces__rosidl_typesupport_fastrtps_cExport-noconfig.cmake].
[12.386s] -- Installing: /home/hrlsh/scrub_nurse_ws/install/gripper_interfaces/share/gripper_interfaces/cmake/export_gripper_interfaces__rosidl_typesupport_fastrtps_cExport.cmake
[12.386s] -- Installing: /home/hrlsh/scrub_nurse_ws/install/gripper_interfaces/share/gripper_interfaces/cmake/export_gripper_interfaces__rosidl_typesupport_fastrtps_cExport-noconfig.cmake
[12.386s] -- Old export file "/home/hrlsh/scrub_nurse_ws/install/gripper_interfaces/share/gripper_interfaces/cmake/gripper_interfaces__rosidl_typesupport_introspection_cExport.cmake" will be replaced.  Removing files [/home/hrlsh/scrub_nurse_ws/install/gripper_interfaces/share/gripper_interfaces/cmake/gripper_interfaces__rosidl_typesupport_introspection_cExport-noconfig.cmake].
[12.386s] -- Installing: /home/hrlsh/scrub_nurse_ws/install/gripper_interfaces/share/gripper_interfaces/cmake/gripper_interfaces__rosidl_typesupport_introspection_cExport.cmake
[12.386s] -- Installing: /home/hrlsh/scrub_nurse_ws/install/gripper_interfaces/share/gripper_interfaces/cmake/gripper_interfaces__rosidl_typesupport_introspection_cExport-noconfig.cmake
[12.387s] -- Old export file "/home/hrlsh/scrub_nurse_ws/install/gripper_interfaces/share/gripper_interfaces/cmake/gripper_interfaces__rosidl_typesupport_cExport.cmake" will be replaced.  Removing files [/home/hrlsh/scrub_nurse_ws/install/gripper_interfaces/share/gripper_interfaces/cmake/gripper_interfaces__rosidl_typesupport_cExport-noconfig.cmake].
[12.387s] -- Installing: /home/hrlsh/scrub_nurse_ws/install/gripper_interfaces/share/gripper_interfaces/cmake/gripper_interfaces__rosidl_typesupport_cExport.cmake
[12.387s] -- Installing: /home/hrlsh/scrub_nurse_ws/install/gripper_interfaces/share/gripper_interfaces/cmake/gripper_interfaces__rosidl_typesupport_cExport-noconfig.cmake
[12.387s] -- Installing: /home/hrlsh/scrub_nurse_ws/install/gripper_interfaces/share/gripper_interfaces/cmake/export_gripper_interfaces__rosidl_generator_cppExport.cmake
[12.387s] -- Old export file "/home/hrlsh/scrub_nurse_ws/install/gripper_interfaces/share/gripper_interfaces/cmake/export_gripper_interfaces__rosidl_typesupport_fastrtps_cppExport.cmake" will be replaced.  Removing files [/home/hrlsh/scrub_nurse_ws/install/gripper_interfaces/share/gripper_interfaces/cmake/export_gripper_interfaces__rosidl_typesupport_fastrtps_cppExport-noconfig.cmake].
[12.387s] -- Installing: /home/hrlsh/scrub_nurse_ws/install/gripper_interfaces/share/gripper_interfaces/cmake/export_gripper_interfaces__rosidl_typesupport_fastrtps_cppExport.cmake
[12.387s] -- Installing: /home/hrlsh/scrub_nurse_ws/install/gripper_interfaces/share/gripper_interfaces/cmake/export_gripper_interfaces__rosidl_typesupport_fastrtps_cppExport-noconfig.cmake
[12.387s] -- Old export file "/home/hrlsh/scrub_nurse_ws/install/gripper_interfaces/share/gripper_interfaces/cmake/gripper_interfaces__rosidl_typesupport_introspection_cppExport.cmake" will be replaced.  Removing files [/home/hrlsh/scrub_nurse_ws/install/gripper_interfaces/share/gripper_interfaces/cmake/gripper_interfaces__rosidl_typesupport_introspection_cppExport-noconfig.cmake].
[12.388s] -- Installing: /home/hrlsh/scrub_nurse_ws/install/gripper_interfaces/share/gripper_interfaces/cmake/gripper_interfaces__rosidl_typesupport_introspection_cppExport.cmake
[12.388s] -- Installing: /home/hrlsh/scrub_nurse_ws/install/gripper_interfaces/share/gripper_interfaces/cmake/gripper_interfaces__rosidl_typesupport_introspection_cppExport-noconfig.cmake
[12.388s] -- Old export file "/home/hrlsh/scrub_nurse_ws/install/gripper_interfaces/share/gripper_interfaces/cmake/gripper_interfaces__rosidl_typesupport_cppExport.cmake" will be replaced.  Removing files [/home/hrlsh/scrub_nurse_ws/install/gripper_interfaces/share/gripper_interfaces/cmake/gripper_interfaces__rosidl_typesupport_cppExport-noconfig.cmake].
[12.388s] -- Installing: /home/hrlsh/scrub_nurse_ws/install/gripper_interfaces/share/gripper_interfaces/cmake/gripper_interfaces__rosidl_typesupport_cppExport.cmake
[12.388s] -- Installing: /home/hrlsh/scrub_nurse_ws/install/gripper_interfaces/share/gripper_interfaces/cmake/gripper_interfaces__rosidl_typesupport_cppExport-noconfig.cmake
[12.388s] -- Old export file "/home/hrlsh/scrub_nurse_ws/install/gripper_interfaces/share/gripper_interfaces/cmake/export_gripper_interfaces__rosidl_generator_pyExport.cmake" will be replaced.  Removing files [/home/hrlsh/scrub_nurse_ws/install/gripper_interfaces/share/gripper_interfaces/cmake/export_gripper_interfaces__rosidl_generator_pyExport-noconfig.cmake].
[12.389s] -- Installing: /home/hrlsh/scrub_nurse_ws/install/gripper_interfaces/share/gripper_interfaces/cmake/export_gripper_interfaces__rosidl_generator_pyExport.cmake
[12.389s] -- Installing: /home/hrlsh/scrub_nurse_ws/install/gripper_interfaces/share/gripper_interfaces/cmake/export_gripper_interfaces__rosidl_generator_pyExport-noconfig.cmake
[12.389s] Invoked command in '/home/hrlsh/scrub_nurse_ws/build/gripper_interfaces' returned '0': CMAKE_PREFIX_PATH=/opt/ros/humble PS1=(vla_venv) VIRTUAL_ENV_PROMPT=(vla_venv) /home/hrlsh/ai_env/vla_venv/bin/cmake --install /home/hrlsh/scrub_nurse_ws/build/gripper_interfaces
