[0.012s] Invoking command in '/home/hrlsh/scrub_nurse_ws/build/gripper_interfaces': CMAKE_PREFIX_PATH=/opt/ros/humble /usr/bin/cmake --build /home/hrlsh/scrub_nurse_ws/build/gripper_interfaces -- -j20 -l20
[0.043s] [  1%] Built target gripper_interfaces__rs
[0.043s] [  1%] Built target gripper_interfaces__cpp
[0.047s] [ 13%] Built target gripper_interfaces__rosidl_generator_c
[0.049s] [ 13%] Built target ament_cmake_python_symlink_gripper_interfaces
[0.073s] [ 37%] Built target gripper_interfaces__rosidl_typesupport_introspection_cpp
[0.073s] [ 37%] Built target gripper_interfaces__rosidl_typesupport_cpp
[0.075s] [ 58%] Built target gripper_interfaces__rosidl_typesupport_c
[0.075s] [ 59%] Built target gripper_interfaces__rosidl_typesupport_introspection_c
[0.076s] [ 70%] Built target gripper_interfaces__rosidl_typesupport_fastrtps_c
[0.077s] [ 82%] Built target gripper_interfaces__rosidl_typesupport_fastrtps_cpp
[0.088s] [ 82%] Built target gripper_interfaces
[0.099s] [ 83%] Built target gripper_interfaces__py
[0.115s] [ 94%] Built target gripper_interfaces__rosidl_generator_py
[0.128s] [ 96%] Built target gripper_interfaces__rosidl_typesupport_introspection_c__pyext
[0.129s] [ 98%] Built target gripper_interfaces__rosidl_typesupport_c__pyext
[0.130s] [100%] Built target gripper_interfaces__rosidl_typesupport_fastrtps_c__pyext
[0.293s] running egg_info
[0.293s] writing gripper_interfaces.egg-info/PKG-INFO
[0.293s] writing dependency_links to gripper_interfaces.egg-info/dependency_links.txt
[0.294s] writing top-level names to gripper_interfaces.egg-info/top_level.txt
[0.295s] reading manifest file 'gripper_interfaces.egg-info/SOURCES.txt'
[0.296s] writing manifest file 'gripper_interfaces.egg-info/SOURCES.txt'
[0.319s] [100%] Built target ament_cmake_python_build_gripper_interfaces_egg
[0.329s] Invoked command in '/home/hrlsh/scrub_nurse_ws/build/gripper_interfaces' returned '0': CMAKE_PREFIX_PATH=/opt/ros/humble /usr/bin/cmake --build /home/hrlsh/scrub_nurse_ws/build/gripper_interfaces -- -j20 -l20
[0.337s] Invoking command in '/home/hrlsh/scrub_nurse_ws/build/gripper_interfaces': CMAKE_PREFIX_PATH=/opt/ros/humble /usr/bin/cmake --install /home/hrlsh/scrub_nurse_ws/build/gripper_interfaces
[0.342s] -- Install configuration: ""
[0.342s] -- Execute custom install script
[0.343s] -- Up-to-date symlink: /home/hrlsh/scrub_nurse_ws/install/gripper_interfaces/share/ament_index/resource_index/rosidl_interfaces/gripper_interfaces
[0.343s] -- Up-to-date symlink: /home/hrlsh/scrub_nurse_ws/install/gripper_interfaces/include/gripper_interfaces/gripper_interfaces/action/detail/gripper__functions.h
[0.343s] -- Up-to-date symlink: /home/hrlsh/scrub_nurse_ws/install/gripper_interfaces/include/gripper_interfaces/gripper_interfaces/action/detail/gripper__struct.h
[0.343s] -- Up-to-date symlink: /home/hrlsh/scrub_nurse_ws/install/gripper_interfaces/include/gripper_interfaces/gripper_interfaces/action/detail/gripper__type_support.h
[0.343s] -- Up-to-date symlink: /home/hrlsh/scrub_nurse_ws/install/gripper_interfaces/include/gripper_interfaces/gripper_interfaces/action/gripper.h
[0.344s] -- Up-to-date symlink: /home/hrlsh/scrub_nurse_ws/install/gripper_interfaces/include/gripper_interfaces/gripper_interfaces/msg/detail/gripper_msg__functions.h
[0.344s] -- Up-to-date symlink: /home/hrlsh/scrub_nurse_ws/install/gripper_interfaces/include/gripper_interfaces/gripper_interfaces/msg/detail/gripper_msg__struct.h
[0.344s] -- Up-to-date symlink: /home/hrlsh/scrub_nurse_ws/install/gripper_interfaces/include/gripper_interfaces/gripper_interfaces/msg/detail/gripper_msg__type_support.h
[0.344s] -- Up-to-date symlink: /home/hrlsh/scrub_nurse_ws/install/gripper_interfaces/include/gripper_interfaces/gripper_interfaces/msg/gripper_msg.h
[0.344s] -- Up-to-date symlink: /home/hrlsh/scrub_nurse_ws/install/gripper_interfaces/include/gripper_interfaces/gripper_interfaces/msg/rosidl_generator_c__visibility_control.h
[0.344s] -- Up-to-date symlink: /home/hrlsh/scrub_nurse_ws/install/gripper_interfaces/include/gripper_interfaces/gripper_interfaces/srv/arduino_control.h
[0.345s] -- Up-to-date symlink: /home/hrlsh/scrub_nurse_ws/install/gripper_interfaces/include/gripper_interfaces/gripper_interfaces/srv/detail/arduino_control__functions.h
[0.345s] -- Up-to-date symlink: /home/hrlsh/scrub_nurse_ws/install/gripper_interfaces/include/gripper_interfaces/gripper_interfaces/srv/detail/arduino_control__struct.h
[0.345s] -- Up-to-date symlink: /home/hrlsh/scrub_nurse_ws/install/gripper_interfaces/include/gripper_interfaces/gripper_interfaces/srv/detail/arduino_control__type_support.h
[0.345s] -- Up-to-date symlink: /home/hrlsh/scrub_nurse_ws/install/gripper_interfaces/include/gripper_interfaces/gripper_interfaces/srv/detail/driver_enable__functions.h
[0.345s] -- Up-to-date symlink: /home/hrlsh/scrub_nurse_ws/install/gripper_interfaces/include/gripper_interfaces/gripper_interfaces/srv/detail/driver_enable__struct.h
[0.346s] -- Up-to-date symlink: /home/hrlsh/scrub_nurse_ws/install/gripper_interfaces/include/gripper_interfaces/gripper_interfaces/srv/detail/driver_enable__type_support.h
[0.346s] -- Up-to-date symlink: /home/hrlsh/scrub_nurse_ws/install/gripper_interfaces/include/gripper_interfaces/gripper_interfaces/srv/detail/gripper_command__functions.h
[0.346s] -- Up-to-date symlink: /home/hrlsh/scrub_nurse_ws/install/gripper_interfaces/include/gripper_interfaces/gripper_interfaces/srv/detail/gripper_command__struct.h
[0.347s] -- Up-to-date symlink: /home/hrlsh/scrub_nurse_ws/install/gripper_interfaces/include/gripper_interfaces/gripper_interfaces/srv/detail/gripper_command__type_support.h
[0.347s] -- Up-to-date symlink: /home/hrlsh/scrub_nurse_ws/install/gripper_interfaces/include/gripper_interfaces/gripper_interfaces/srv/detail/gripper_control__functions.h
[0.347s] -- Up-to-date symlink: /home/hrlsh/scrub_nurse_ws/install/gripper_interfaces/include/gripper_interfaces/gripper_interfaces/srv/detail/gripper_control__struct.h
[0.348s] -- Up-to-date symlink: /home/hrlsh/scrub_nurse_ws/install/gripper_interfaces/include/gripper_interfaces/gripper_interfaces/srv/detail/gripper_control__type_support.h
[0.348s] -- Up-to-date symlink: /home/hrlsh/scrub_nurse_ws/install/gripper_interfaces/include/gripper_interfaces/gripper_interfaces/srv/detail/modbus__functions.h
[0.348s] -- Up-to-date symlink: /home/hrlsh/scrub_nurse_ws/install/gripper_interfaces/include/gripper_interfaces/gripper_interfaces/srv/detail/modbus__struct.h
[0.348s] -- Up-to-date symlink: /home/hrlsh/scrub_nurse_ws/install/gripper_interfaces/include/gripper_interfaces/gripper_interfaces/srv/detail/modbus__type_support.h
[0.349s] -- Up-to-date symlink: /home/hrlsh/scrub_nurse_ws/install/gripper_interfaces/include/gripper_interfaces/gripper_interfaces/srv/detail/pos_vel_cur_ctrl__functions.h
[0.349s] -- Up-to-date symlink: /home/hrlsh/scrub_nurse_ws/install/gripper_interfaces/include/gripper_interfaces/gripper_interfaces/srv/detail/pos_vel_cur_ctrl__struct.h
[0.349s] -- Up-to-date symlink: /home/hrlsh/scrub_nurse_ws/install/gripper_interfaces/include/gripper_interfaces/gripper_interfaces/srv/detail/pos_vel_cur_ctrl__type_support.h
[0.349s] -- Up-to-date symlink: /home/hrlsh/scrub_nurse_ws/install/gripper_interfaces/include/gripper_interfaces/gripper_interfaces/srv/detail/set_parameter__functions.h
[0.349s] -- Up-to-date symlink: /home/hrlsh/scrub_nurse_ws/install/gripper_interfaces/include/gripper_interfaces/gripper_interfaces/srv/detail/set_parameter__struct.h
[0.349s] -- Up-to-date symlink: /home/hrlsh/scrub_nurse_ws/install/gripper_interfaces/include/gripper_interfaces/gripper_interfaces/srv/detail/set_parameter__type_support.h
[0.350s] -- Up-to-date symlink: /home/hrlsh/scrub_nurse_ws/install/gripper_interfaces/include/gripper_interfaces/gripper_interfaces/srv/detail/slave_change__functions.h
[0.350s] -- Up-to-date symlink: /home/hrlsh/scrub_nurse_ws/install/gripper_interfaces/include/gripper_interfaces/gripper_interfaces/srv/detail/slave_change__struct.h
[0.350s] -- Up-to-date symlink: /home/hrlsh/scrub_nurse_ws/install/gripper_interfaces/include/gripper_interfaces/gripper_interfaces/srv/detail/slave_change__type_support.h
[0.350s] -- Up-to-date symlink: /home/hrlsh/scrub_nurse_ws/install/gripper_interfaces/include/gripper_interfaces/gripper_interfaces/srv/detail/stop_motor__functions.h
[0.351s] -- Up-to-date symlink: /home/hrlsh/scrub_nurse_ws/install/gripper_interfaces/include/gripper_interfaces/gripper_interfaces/srv/detail/stop_motor__struct.h
[0.351s] -- Up-to-date symlink: /home/hrlsh/scrub_nurse_ws/install/gripper_interfaces/include/gripper_interfaces/gripper_interfaces/srv/detail/stop_motor__type_support.h
[0.351s] -- Up-to-date symlink: /home/hrlsh/scrub_nurse_ws/install/gripper_interfaces/include/gripper_interfaces/gripper_interfaces/srv/driver_enable.h
[0.351s] -- Up-to-date symlink: /home/hrlsh/scrub_nurse_ws/install/gripper_interfaces/include/gripper_interfaces/gripper_interfaces/srv/gripper_command.h
[0.352s] -- Up-to-date symlink: /home/hrlsh/scrub_nurse_ws/install/gripper_interfaces/include/gripper_interfaces/gripper_interfaces/srv/gripper_control.h
[0.352s] -- Up-to-date symlink: /home/hrlsh/scrub_nurse_ws/install/gripper_interfaces/include/gripper_interfaces/gripper_interfaces/srv/modbus.h
[0.352s] -- Up-to-date symlink: /home/hrlsh/scrub_nurse_ws/install/gripper_interfaces/include/gripper_interfaces/gripper_interfaces/srv/pos_vel_cur_ctrl.h
[0.353s] -- Up-to-date symlink: /home/hrlsh/scrub_nurse_ws/install/gripper_interfaces/include/gripper_interfaces/gripper_interfaces/srv/set_parameter.h
[0.353s] -- Up-to-date symlink: /home/hrlsh/scrub_nurse_ws/install/gripper_interfaces/include/gripper_interfaces/gripper_interfaces/srv/slave_change.h
[0.353s] -- Up-to-date symlink: /home/hrlsh/scrub_nurse_ws/install/gripper_interfaces/include/gripper_interfaces/gripper_interfaces/srv/stop_motor.h
[0.354s] -- Up-to-date symlink: /home/hrlsh/scrub_nurse_ws/install/gripper_interfaces/share/gripper_interfaces/environment/library_path.sh
[0.354s] -- Up-to-date symlink: /home/hrlsh/scrub_nurse_ws/install/gripper_interfaces/share/gripper_interfaces/environment/library_path.dsv
[0.356s] -- Up-to-date symlink: /home/hrlsh/scrub_nurse_ws/install/gripper_interfaces/include/gripper_interfaces/gripper_interfaces/action/detail/gripper__rosidl_typesupport_fastrtps_c.h
[0.356s] -- Up-to-date symlink: /home/hrlsh/scrub_nurse_ws/install/gripper_interfaces/include/gripper_interfaces/gripper_interfaces/msg/detail/gripper_msg__rosidl_typesupport_fastrtps_c.h
[0.356s] -- Up-to-date symlink: /home/hrlsh/scrub_nurse_ws/install/gripper_interfaces/include/gripper_interfaces/gripper_interfaces/msg/rosidl_typesupport_fastrtps_c__visibility_control.h
[0.357s] -- Up-to-date symlink: /home/hrlsh/scrub_nurse_ws/install/gripper_interfaces/include/gripper_interfaces/gripper_interfaces/srv/detail/arduino_control__rosidl_typesupport_fastrtps_c.h
[0.357s] -- Up-to-date symlink: /home/hrlsh/scrub_nurse_ws/install/gripper_interfaces/include/gripper_interfaces/gripper_interfaces/srv/detail/driver_enable__rosidl_typesupport_fastrtps_c.h
[0.357s] -- Up-to-date symlink: /home/hrlsh/scrub_nurse_ws/install/gripper_interfaces/include/gripper_interfaces/gripper_interfaces/srv/detail/gripper_command__rosidl_typesupport_fastrtps_c.h
[0.358s] -- Up-to-date symlink: /home/hrlsh/scrub_nurse_ws/install/gripper_interfaces/include/gripper_interfaces/gripper_interfaces/srv/detail/gripper_control__rosidl_typesupport_fastrtps_c.h
[0.358s] -- Up-to-date symlink: /home/hrlsh/scrub_nurse_ws/install/gripper_interfaces/include/gripper_interfaces/gripper_interfaces/srv/detail/modbus__rosidl_typesupport_fastrtps_c.h
[0.358s] -- Up-to-date symlink: /home/hrlsh/scrub_nurse_ws/install/gripper_interfaces/include/gripper_interfaces/gripper_interfaces/srv/detail/pos_vel_cur_ctrl__rosidl_typesupport_fastrtps_c.h
[0.358s] -- Up-to-date symlink: /home/hrlsh/scrub_nurse_ws/install/gripper_interfaces/include/gripper_interfaces/gripper_interfaces/srv/detail/set_parameter__rosidl_typesupport_fastrtps_c.h
[0.358s] -- Up-to-date symlink: /home/hrlsh/scrub_nurse_ws/install/gripper_interfaces/include/gripper_interfaces/gripper_interfaces/srv/detail/slave_change__rosidl_typesupport_fastrtps_c.h
[0.359s] -- Up-to-date symlink: /home/hrlsh/scrub_nurse_ws/install/gripper_interfaces/include/gripper_interfaces/gripper_interfaces/srv/detail/stop_motor__rosidl_typesupport_fastrtps_c.h
[0.359s] -- Up-to-date symlink: /home/hrlsh/scrub_nurse_ws/install/gripper_interfaces/include/gripper_interfaces/gripper_interfaces/action/detail/gripper__rosidl_typesupport_introspection_c.h
[0.359s] -- Up-to-date symlink: /home/hrlsh/scrub_nurse_ws/install/gripper_interfaces/include/gripper_interfaces/gripper_interfaces/msg/detail/gripper_msg__rosidl_typesupport_introspection_c.h
[0.360s] -- Up-to-date symlink: /home/hrlsh/scrub_nurse_ws/install/gripper_interfaces/include/gripper_interfaces/gripper_interfaces/msg/rosidl_typesupport_introspection_c__visibility_control.h
[0.360s] -- Up-to-date symlink: /home/hrlsh/scrub_nurse_ws/install/gripper_interfaces/include/gripper_interfaces/gripper_interfaces/srv/detail/arduino_control__rosidl_typesupport_introspection_c.h
[0.360s] -- Up-to-date symlink: /home/hrlsh/scrub_nurse_ws/install/gripper_interfaces/include/gripper_interfaces/gripper_interfaces/srv/detail/driver_enable__rosidl_typesupport_introspection_c.h
[0.360s] -- Up-to-date symlink: /home/hrlsh/scrub_nurse_ws/install/gripper_interfaces/include/gripper_interfaces/gripper_interfaces/srv/detail/gripper_command__rosidl_typesupport_introspection_c.h
[0.360s] -- Up-to-date symlink: /home/hrlsh/scrub_nurse_ws/install/gripper_interfaces/include/gripper_interfaces/gripper_interfaces/srv/detail/gripper_control__rosidl_typesupport_introspection_c.h
[0.361s] -- Up-to-date symlink: /home/hrlsh/scrub_nurse_ws/install/gripper_interfaces/include/gripper_interfaces/gripper_interfaces/srv/detail/modbus__rosidl_typesupport_introspection_c.h
[0.361s] -- Up-to-date symlink: /home/hrlsh/scrub_nurse_ws/install/gripper_interfaces/include/gripper_interfaces/gripper_interfaces/srv/detail/pos_vel_cur_ctrl__rosidl_typesupport_introspection_c.h
[0.361s] -- Up-to-date symlink: /home/hrlsh/scrub_nurse_ws/install/gripper_interfaces/include/gripper_interfaces/gripper_interfaces/srv/detail/set_parameter__rosidl_typesupport_introspection_c.h
[0.361s] -- Up-to-date symlink: /home/hrlsh/scrub_nurse_ws/install/gripper_interfaces/include/gripper_interfaces/gripper_interfaces/srv/detail/slave_change__rosidl_typesupport_introspection_c.h
[0.361s] -- Up-to-date symlink: /home/hrlsh/scrub_nurse_ws/install/gripper_interfaces/include/gripper_interfaces/gripper_interfaces/srv/detail/stop_motor__rosidl_typesupport_introspection_c.h
[0.362s] -- Up-to-date symlink: /home/hrlsh/scrub_nurse_ws/install/gripper_interfaces/include/gripper_interfaces/gripper_interfaces/action/detail/gripper__builder.hpp
[0.362s] -- Up-to-date symlink: /home/hrlsh/scrub_nurse_ws/install/gripper_interfaces/include/gripper_interfaces/gripper_interfaces/action/detail/gripper__struct.hpp
[0.362s] -- Up-to-date symlink: /home/hrlsh/scrub_nurse_ws/install/gripper_interfaces/include/gripper_interfaces/gripper_interfaces/action/detail/gripper__traits.hpp
[0.362s] -- Up-to-date symlink: /home/hrlsh/scrub_nurse_ws/install/gripper_interfaces/include/gripper_interfaces/gripper_interfaces/action/detail/gripper__type_support.hpp
[0.363s] -- Up-to-date symlink: /home/hrlsh/scrub_nurse_ws/install/gripper_interfaces/include/gripper_interfaces/gripper_interfaces/action/gripper.hpp
[0.363s] -- Up-to-date symlink: /home/hrlsh/scrub_nurse_ws/install/gripper_interfaces/include/gripper_interfaces/gripper_interfaces/msg/detail/gripper_msg__builder.hpp
[0.365s] -- Up-to-date symlink: /home/hrlsh/scrub_nurse_ws/install/gripper_interfaces/include/gripper_interfaces/gripper_interfaces/msg/detail/gripper_msg__struct.hpp
[0.365s] -- Up-to-date symlink: /home/hrlsh/scrub_nurse_ws/install/gripper_interfaces/include/gripper_interfaces/gripper_interfaces/msg/detail/gripper_msg__traits.hpp
[0.366s] -- Up-to-date symlink: /home/hrlsh/scrub_nurse_ws/install/gripper_interfaces/include/gripper_interfaces/gripper_interfaces/msg/detail/gripper_msg__type_support.hpp
[0.367s] -- Up-to-date symlink: /home/hrlsh/scrub_nurse_ws/install/gripper_interfaces/include/gripper_interfaces/gripper_interfaces/msg/gripper_msg.hpp
[0.367s] -- Up-to-date symlink: /home/hrlsh/scrub_nurse_ws/install/gripper_interfaces/include/gripper_interfaces/gripper_interfaces/msg/rosidl_generator_cpp__visibility_control.hpp
[0.367s] -- Up-to-date symlink: /home/hrlsh/scrub_nurse_ws/install/gripper_interfaces/include/gripper_interfaces/gripper_interfaces/srv/arduino_control.hpp
[0.367s] -- Up-to-date symlink: /home/hrlsh/scrub_nurse_ws/install/gripper_interfaces/include/gripper_interfaces/gripper_interfaces/srv/detail/arduino_control__builder.hpp
[0.368s] -- Up-to-date symlink: /home/hrlsh/scrub_nurse_ws/install/gripper_interfaces/include/gripper_interfaces/gripper_interfaces/srv/detail/arduino_control__struct.hpp
[0.368s] -- Up-to-date symlink: /home/hrlsh/scrub_nurse_ws/install/gripper_interfaces/include/gripper_interfaces/gripper_interfaces/srv/detail/arduino_control__traits.hpp
[0.368s] -- Up-to-date symlink: /home/hrlsh/scrub_nurse_ws/install/gripper_interfaces/include/gripper_interfaces/gripper_interfaces/srv/detail/arduino_control__type_support.hpp
[0.369s] -- Up-to-date symlink: /home/hrlsh/scrub_nurse_ws/install/gripper_interfaces/include/gripper_interfaces/gripper_interfaces/srv/detail/driver_enable__builder.hpp
[0.369s] -- Up-to-date symlink: /home/hrlsh/scrub_nurse_ws/install/gripper_interfaces/include/gripper_interfaces/gripper_interfaces/srv/detail/driver_enable__struct.hpp
[0.369s] -- Up-to-date symlink: /home/hrlsh/scrub_nurse_ws/install/gripper_interfaces/include/gripper_interfaces/gripper_interfaces/srv/detail/driver_enable__traits.hpp
[0.369s] -- Up-to-date symlink: /home/hrlsh/scrub_nurse_ws/install/gripper_interfaces/include/gripper_interfaces/gripper_interfaces/srv/detail/driver_enable__type_support.hpp
[0.369s] -- Up-to-date symlink: /home/hrlsh/scrub_nurse_ws/install/gripper_interfaces/include/gripper_interfaces/gripper_interfaces/srv/detail/gripper_command__builder.hpp
[0.369s] -- Up-to-date symlink: /home/hrlsh/scrub_nurse_ws/install/gripper_interfaces/include/gripper_interfaces/gripper_interfaces/srv/detail/gripper_command__struct.hpp
[0.370s] -- Up-to-date symlink: /home/hrlsh/scrub_nurse_ws/install/gripper_interfaces/include/gripper_interfaces/gripper_interfaces/srv/detail/gripper_command__traits.hpp
[0.370s] -- Up-to-date symlink: /home/hrlsh/scrub_nurse_ws/install/gripper_interfaces/include/gripper_interfaces/gripper_interfaces/srv/detail/gripper_command__type_support.hpp
[0.370s] -- Up-to-date symlink: /home/hrlsh/scrub_nurse_ws/install/gripper_interfaces/include/gripper_interfaces/gripper_interfaces/srv/detail/gripper_control__builder.hpp
[0.370s] -- Up-to-date symlink: /home/hrlsh/scrub_nurse_ws/install/gripper_interfaces/include/gripper_interfaces/gripper_interfaces/srv/detail/gripper_control__struct.hpp
[0.371s] -- Up-to-date symlink: /home/hrlsh/scrub_nurse_ws/install/gripper_interfaces/include/gripper_interfaces/gripper_interfaces/srv/detail/gripper_control__traits.hpp
[0.371s] -- Up-to-date symlink: /home/hrlsh/scrub_nurse_ws/install/gripper_interfaces/include/gripper_interfaces/gripper_interfaces/srv/detail/gripper_control__type_support.hpp
[0.371s] -- Up-to-date symlink: /home/hrlsh/scrub_nurse_ws/install/gripper_interfaces/include/gripper_interfaces/gripper_interfaces/srv/detail/modbus__builder.hpp
[0.371s] -- Up-to-date symlink: /home/hrlsh/scrub_nurse_ws/install/gripper_interfaces/include/gripper_interfaces/gripper_interfaces/srv/detail/modbus__struct.hpp
[0.371s] -- Up-to-date symlink: /home/hrlsh/scrub_nurse_ws/install/gripper_interfaces/include/gripper_interfaces/gripper_interfaces/srv/detail/modbus__traits.hpp
[0.371s] -- Up-to-date symlink: /home/hrlsh/scrub_nurse_ws/install/gripper_interfaces/include/gripper_interfaces/gripper_interfaces/srv/detail/modbus__type_support.hpp
[0.371s] -- Up-to-date symlink: /home/hrlsh/scrub_nurse_ws/install/gripper_interfaces/include/gripper_interfaces/gripper_interfaces/srv/detail/pos_vel_cur_ctrl__builder.hpp
[0.371s] -- Up-to-date symlink: /home/hrlsh/scrub_nurse_ws/install/gripper_interfaces/include/gripper_interfaces/gripper_interfaces/srv/detail/pos_vel_cur_ctrl__struct.hpp
[0.372s] -- Up-to-date symlink: /home/hrlsh/scrub_nurse_ws/install/gripper_interfaces/include/gripper_interfaces/gripper_interfaces/srv/detail/pos_vel_cur_ctrl__traits.hpp
[0.372s] -- Up-to-date symlink: /home/hrlsh/scrub_nurse_ws/install/gripper_interfaces/include/gripper_interfaces/gripper_interfaces/srv/detail/pos_vel_cur_ctrl__type_support.hpp
[0.372s] -- Up-to-date symlink: /home/hrlsh/scrub_nurse_ws/install/gripper_interfaces/include/gripper_interfaces/gripper_interfaces/srv/detail/set_parameter__builder.hpp
[0.372s] -- Up-to-date symlink: /home/hrlsh/scrub_nurse_ws/install/gripper_interfaces/include/gripper_interfaces/gripper_interfaces/srv/detail/set_parameter__struct.hpp
[0.372s] -- Up-to-date symlink: /home/hrlsh/scrub_nurse_ws/install/gripper_interfaces/include/gripper_interfaces/gripper_interfaces/srv/detail/set_parameter__traits.hpp
[0.373s] -- Up-to-date symlink: /home/hrlsh/scrub_nurse_ws/install/gripper_interfaces/include/gripper_interfaces/gripper_interfaces/srv/detail/set_parameter__type_support.hpp
[0.373s] -- Up-to-date symlink: /home/hrlsh/scrub_nurse_ws/install/gripper_interfaces/include/gripper_interfaces/gripper_interfaces/srv/detail/slave_change__builder.hpp
[0.373s] -- Up-to-date symlink: /home/hrlsh/scrub_nurse_ws/install/gripper_interfaces/include/gripper_interfaces/gripper_interfaces/srv/detail/slave_change__struct.hpp
[0.373s] -- Up-to-date symlink: /home/hrlsh/scrub_nurse_ws/install/gripper_interfaces/include/gripper_interfaces/gripper_interfaces/srv/detail/slave_change__traits.hpp
[0.373s] -- Up-to-date symlink: /home/hrlsh/scrub_nurse_ws/install/gripper_interfaces/include/gripper_interfaces/gripper_interfaces/srv/detail/slave_change__type_support.hpp
[0.373s] -- Up-to-date symlink: /home/hrlsh/scrub_nurse_ws/install/gripper_interfaces/include/gripper_interfaces/gripper_interfaces/srv/detail/stop_motor__builder.hpp
[0.374s] -- Up-to-date symlink: /home/hrlsh/scrub_nurse_ws/install/gripper_interfaces/include/gripper_interfaces/gripper_interfaces/srv/detail/stop_motor__struct.hpp
[0.374s] -- Up-to-date symlink: /home/hrlsh/scrub_nurse_ws/install/gripper_interfaces/include/gripper_interfaces/gripper_interfaces/srv/detail/stop_motor__traits.hpp
[0.374s] -- Up-to-date symlink: /home/hrlsh/scrub_nurse_ws/install/gripper_interfaces/include/gripper_interfaces/gripper_interfaces/srv/detail/stop_motor__type_support.hpp
[0.374s] -- Up-to-date symlink: /home/hrlsh/scrub_nurse_ws/install/gripper_interfaces/include/gripper_interfaces/gripper_interfaces/srv/driver_enable.hpp
[0.374s] -- Up-to-date symlink: /home/hrlsh/scrub_nurse_ws/install/gripper_interfaces/include/gripper_interfaces/gripper_interfaces/srv/gripper_command.hpp
[0.374s] -- Up-to-date symlink: /home/hrlsh/scrub_nurse_ws/install/gripper_interfaces/include/gripper_interfaces/gripper_interfaces/srv/gripper_control.hpp
[0.374s] -- Up-to-date symlink: /home/hrlsh/scrub_nurse_ws/install/gripper_interfaces/include/gripper_interfaces/gripper_interfaces/srv/modbus.hpp
[0.374s] -- Up-to-date symlink: /home/hrlsh/scrub_nurse_ws/install/gripper_interfaces/include/gripper_interfaces/gripper_interfaces/srv/pos_vel_cur_ctrl.hpp
[0.374s] -- Up-to-date symlink: /home/hrlsh/scrub_nurse_ws/install/gripper_interfaces/include/gripper_interfaces/gripper_interfaces/srv/set_parameter.hpp
[0.375s] -- Up-to-date symlink: /home/hrlsh/scrub_nurse_ws/install/gripper_interfaces/include/gripper_interfaces/gripper_interfaces/srv/slave_change.hpp
[0.375s] -- Up-to-date symlink: /home/hrlsh/scrub_nurse_ws/install/gripper_interfaces/include/gripper_interfaces/gripper_interfaces/srv/stop_motor.hpp
[0.375s] -- Up-to-date symlink: /home/hrlsh/scrub_nurse_ws/install/gripper_interfaces/include/gripper_interfaces/gripper_interfaces/action/detail/gripper__rosidl_typesupport_fastrtps_cpp.hpp
[0.375s] -- Up-to-date symlink: /home/hrlsh/scrub_nurse_ws/install/gripper_interfaces/include/gripper_interfaces/gripper_interfaces/msg/detail/gripper_msg__rosidl_typesupport_fastrtps_cpp.hpp
[0.375s] -- Up-to-date symlink: /home/hrlsh/scrub_nurse_ws/install/gripper_interfaces/include/gripper_interfaces/gripper_interfaces/msg/rosidl_typesupport_fastrtps_cpp__visibility_control.h
[0.376s] -- Up-to-date symlink: /home/hrlsh/scrub_nurse_ws/install/gripper_interfaces/include/gripper_interfaces/gripper_interfaces/srv/detail/arduino_control__rosidl_typesupport_fastrtps_cpp.hpp
[0.376s] -- Up-to-date symlink: /home/hrlsh/scrub_nurse_ws/install/gripper_interfaces/include/gripper_interfaces/gripper_interfaces/srv/detail/driver_enable__rosidl_typesupport_fastrtps_cpp.hpp
[0.376s] -- Up-to-date symlink: /home/hrlsh/scrub_nurse_ws/install/gripper_interfaces/include/gripper_interfaces/gripper_interfaces/srv/detail/gripper_command__rosidl_typesupport_fastrtps_cpp.hpp
[0.376s] -- Up-to-date symlink: /home/hrlsh/scrub_nurse_ws/install/gripper_interfaces/include/gripper_interfaces/gripper_interfaces/srv/detail/gripper_control__rosidl_typesupport_fastrtps_cpp.hpp
[0.376s] -- Up-to-date symlink: /home/hrlsh/scrub_nurse_ws/install/gripper_interfaces/include/gripper_interfaces/gripper_interfaces/srv/detail/modbus__rosidl_typesupport_fastrtps_cpp.hpp
[0.376s] -- Up-to-date symlink: /home/hrlsh/scrub_nurse_ws/install/gripper_interfaces/include/gripper_interfaces/gripper_interfaces/srv/detail/pos_vel_cur_ctrl__rosidl_typesupport_fastrtps_cpp.hpp
[0.376s] -- Up-to-date symlink: /home/hrlsh/scrub_nurse_ws/install/gripper_interfaces/include/gripper_interfaces/gripper_interfaces/srv/detail/set_parameter__rosidl_typesupport_fastrtps_cpp.hpp
[0.376s] -- Up-to-date symlink: /home/hrlsh/scrub_nurse_ws/install/gripper_interfaces/include/gripper_interfaces/gripper_interfaces/srv/detail/slave_change__rosidl_typesupport_fastrtps_cpp.hpp
[0.376s] -- Up-to-date symlink: /home/hrlsh/scrub_nurse_ws/install/gripper_interfaces/include/gripper_interfaces/gripper_interfaces/srv/detail/stop_motor__rosidl_typesupport_fastrtps_cpp.hpp
[0.376s] -- Up-to-date symlink: /home/hrlsh/scrub_nurse_ws/install/gripper_interfaces/include/gripper_interfaces/gripper_interfaces/action/detail/gripper__rosidl_typesupport_introspection_cpp.hpp
[0.376s] -- Up-to-date symlink: /home/hrlsh/scrub_nurse_ws/install/gripper_interfaces/include/gripper_interfaces/gripper_interfaces/msg/detail/gripper_msg__rosidl_typesupport_introspection_cpp.hpp
[0.376s] -- Up-to-date symlink: /home/hrlsh/scrub_nurse_ws/install/gripper_interfaces/include/gripper_interfaces/gripper_interfaces/srv/detail/arduino_control__rosidl_typesupport_introspection_cpp.hpp
[0.376s] -- Up-to-date symlink: /home/hrlsh/scrub_nurse_ws/install/gripper_interfaces/include/gripper_interfaces/gripper_interfaces/srv/detail/driver_enable__rosidl_typesupport_introspection_cpp.hpp
[0.376s] -- Up-to-date symlink: /home/hrlsh/scrub_nurse_ws/install/gripper_interfaces/include/gripper_interfaces/gripper_interfaces/srv/detail/gripper_command__rosidl_typesupport_introspection_cpp.hpp
[0.376s] -- Up-to-date symlink: /home/hrlsh/scrub_nurse_ws/install/gripper_interfaces/include/gripper_interfaces/gripper_interfaces/srv/detail/gripper_control__rosidl_typesupport_introspection_cpp.hpp
[0.376s] -- Up-to-date symlink: /home/hrlsh/scrub_nurse_ws/install/gripper_interfaces/include/gripper_interfaces/gripper_interfaces/srv/detail/modbus__rosidl_typesupport_introspection_cpp.hpp
[0.377s] -- Up-to-date symlink: /home/hrlsh/scrub_nurse_ws/install/gripper_interfaces/include/gripper_interfaces/gripper_interfaces/srv/detail/pos_vel_cur_ctrl__rosidl_typesupport_introspection_cpp.hpp
[0.377s] -- Up-to-date symlink: /home/hrlsh/scrub_nurse_ws/install/gripper_interfaces/include/gripper_interfaces/gripper_interfaces/srv/detail/set_parameter__rosidl_typesupport_introspection_cpp.hpp
[0.377s] -- Up-to-date symlink: /home/hrlsh/scrub_nurse_ws/install/gripper_interfaces/include/gripper_interfaces/gripper_interfaces/srv/detail/slave_change__rosidl_typesupport_introspection_cpp.hpp
[0.377s] -- Up-to-date symlink: /home/hrlsh/scrub_nurse_ws/install/gripper_interfaces/include/gripper_interfaces/gripper_interfaces/srv/detail/stop_motor__rosidl_typesupport_introspection_cpp.hpp
[0.377s] -- Up-to-date symlink: /home/hrlsh/scrub_nurse_ws/install/gripper_interfaces/share/gripper_interfaces/environment/pythonpath.sh
[0.377s] -- Up-to-date symlink: /home/hrlsh/scrub_nurse_ws/install/gripper_interfaces/share/gripper_interfaces/environment/pythonpath.dsv
[0.377s] -- Up-to-date symlink: /home/hrlsh/scrub_nurse_ws/install/gripper_interfaces/local/lib/python3.10/dist-packages/gripper_interfaces-0.1.0-py3.10.egg-info/PKG-INFO
[0.377s] -- Up-to-date symlink: /home/hrlsh/scrub_nurse_ws/install/gripper_interfaces/local/lib/python3.10/dist-packages/gripper_interfaces-0.1.0-py3.10.egg-info/SOURCES.txt
[0.377s] -- Up-to-date symlink: /home/hrlsh/scrub_nurse_ws/install/gripper_interfaces/local/lib/python3.10/dist-packages/gripper_interfaces-0.1.0-py3.10.egg-info/dependency_links.txt
[0.377s] -- Up-to-date symlink: /home/hrlsh/scrub_nurse_ws/install/gripper_interfaces/local/lib/python3.10/dist-packages/gripper_interfaces-0.1.0-py3.10.egg-info/top_level.txt
[0.377s] -- Up-to-date symlink: /home/hrlsh/scrub_nurse_ws/install/gripper_interfaces/local/lib/python3.10/dist-packages/gripper_interfaces/__init__.py
[0.377s] -- Up-to-date symlink: /home/hrlsh/scrub_nurse_ws/install/gripper_interfaces/local/lib/python3.10/dist-packages/gripper_interfaces/_gripper_interfaces_s.ep.rosidl_typesupport_c.c
[0.377s] -- Up-to-date symlink: /home/hrlsh/scrub_nurse_ws/install/gripper_interfaces/local/lib/python3.10/dist-packages/gripper_interfaces/_gripper_interfaces_s.ep.rosidl_typesupport_fastrtps_c.c
[0.377s] -- Up-to-date symlink: /home/hrlsh/scrub_nurse_ws/install/gripper_interfaces/local/lib/python3.10/dist-packages/gripper_interfaces/_gripper_interfaces_s.ep.rosidl_typesupport_introspection_c.c
[0.378s] -- Up-to-date symlink: /home/hrlsh/scrub_nurse_ws/install/gripper_interfaces/local/lib/python3.10/dist-packages/gripper_interfaces/action/__init__.py
[0.378s] -- Up-to-date symlink: /home/hrlsh/scrub_nurse_ws/install/gripper_interfaces/local/lib/python3.10/dist-packages/gripper_interfaces/action/_gripper.py
[0.378s] -- Up-to-date symlink: /home/hrlsh/scrub_nurse_ws/install/gripper_interfaces/local/lib/python3.10/dist-packages/gripper_interfaces/action/_gripper_s.c
[0.378s] -- Up-to-date symlink: /home/hrlsh/scrub_nurse_ws/install/gripper_interfaces/local/lib/python3.10/dist-packages/gripper_interfaces/gripper_interfaces_s__rosidl_typesupport_c.cpython-310-x86_64-linux-gnu.so
[0.378s] -- Up-to-date symlink: /home/hrlsh/scrub_nurse_ws/install/gripper_interfaces/local/lib/python3.10/dist-packages/gripper_interfaces/gripper_interfaces_s__rosidl_typesupport_fastrtps_c.cpython-310-x86_64-linux-gnu.so
[0.378s] -- Up-to-date symlink: /home/hrlsh/scrub_nurse_ws/install/gripper_interfaces/local/lib/python3.10/dist-packages/gripper_interfaces/gripper_interfaces_s__rosidl_typesupport_introspection_c.cpython-310-x86_64-linux-gnu.so
[0.379s] -- Up-to-date symlink: /home/hrlsh/scrub_nurse_ws/install/gripper_interfaces/local/lib/python3.10/dist-packages/gripper_interfaces/libgripper_interfaces__rosidl_generator_py.so
[0.379s] -- Up-to-date symlink: /home/hrlsh/scrub_nurse_ws/install/gripper_interfaces/local/lib/python3.10/dist-packages/gripper_interfaces/msg/__init__.py
[0.379s] -- Up-to-date symlink: /home/hrlsh/scrub_nurse_ws/install/gripper_interfaces/local/lib/python3.10/dist-packages/gripper_interfaces/msg/_gripper_msg.py
[0.379s] -- Up-to-date symlink: /home/hrlsh/scrub_nurse_ws/install/gripper_interfaces/local/lib/python3.10/dist-packages/gripper_interfaces/msg/_gripper_msg_s.c
[0.379s] -- Up-to-date symlink: /home/hrlsh/scrub_nurse_ws/install/gripper_interfaces/local/lib/python3.10/dist-packages/gripper_interfaces/srv/__init__.py
[0.380s] -- Up-to-date symlink: /home/hrlsh/scrub_nurse_ws/install/gripper_interfaces/local/lib/python3.10/dist-packages/gripper_interfaces/srv/_arduino_control.py
[0.380s] -- Up-to-date symlink: /home/hrlsh/scrub_nurse_ws/install/gripper_interfaces/local/lib/python3.10/dist-packages/gripper_interfaces/srv/_arduino_control_s.c
[0.380s] -- Up-to-date symlink: /home/hrlsh/scrub_nurse_ws/install/gripper_interfaces/local/lib/python3.10/dist-packages/gripper_interfaces/srv/_driver_enable.py
[0.380s] -- Up-to-date symlink: /home/hrlsh/scrub_nurse_ws/install/gripper_interfaces/local/lib/python3.10/dist-packages/gripper_interfaces/srv/_driver_enable_s.c
[0.380s] -- Up-to-date symlink: /home/hrlsh/scrub_nurse_ws/install/gripper_interfaces/local/lib/python3.10/dist-packages/gripper_interfaces/srv/_gripper_command.py
[0.381s] -- Up-to-date symlink: /home/hrlsh/scrub_nurse_ws/install/gripper_interfaces/local/lib/python3.10/dist-packages/gripper_interfaces/srv/_gripper_command_s.c
[0.381s] -- Up-to-date symlink: /home/hrlsh/scrub_nurse_ws/install/gripper_interfaces/local/lib/python3.10/dist-packages/gripper_interfaces/srv/_gripper_control.py
[0.381s] -- Up-to-date symlink: /home/hrlsh/scrub_nurse_ws/install/gripper_interfaces/local/lib/python3.10/dist-packages/gripper_interfaces/srv/_gripper_control_s.c
[0.381s] -- Up-to-date symlink: /home/hrlsh/scrub_nurse_ws/install/gripper_interfaces/local/lib/python3.10/dist-packages/gripper_interfaces/srv/_modbus.py
[0.381s] -- Up-to-date symlink: /home/hrlsh/scrub_nurse_ws/install/gripper_interfaces/local/lib/python3.10/dist-packages/gripper_interfaces/srv/_modbus_s.c
[0.381s] -- Up-to-date symlink: /home/hrlsh/scrub_nurse_ws/install/gripper_interfaces/local/lib/python3.10/dist-packages/gripper_interfaces/srv/_pos_vel_cur_ctrl.py
[0.382s] -- Up-to-date symlink: /home/hrlsh/scrub_nurse_ws/install/gripper_interfaces/local/lib/python3.10/dist-packages/gripper_interfaces/srv/_pos_vel_cur_ctrl_s.c
[0.382s] -- Up-to-date symlink: /home/hrlsh/scrub_nurse_ws/install/gripper_interfaces/local/lib/python3.10/dist-packages/gripper_interfaces/srv/_set_parameter.py
[0.382s] -- Up-to-date symlink: /home/hrlsh/scrub_nurse_ws/install/gripper_interfaces/local/lib/python3.10/dist-packages/gripper_interfaces/srv/_set_parameter_s.c
[0.382s] -- Up-to-date symlink: /home/hrlsh/scrub_nurse_ws/install/gripper_interfaces/local/lib/python3.10/dist-packages/gripper_interfaces/srv/_slave_change.py
[0.383s] -- Up-to-date symlink: /home/hrlsh/scrub_nurse_ws/install/gripper_interfaces/local/lib/python3.10/dist-packages/gripper_interfaces/srv/_slave_change_s.c
[0.383s] -- Up-to-date symlink: /home/hrlsh/scrub_nurse_ws/install/gripper_interfaces/local/lib/python3.10/dist-packages/gripper_interfaces/srv/_stop_motor.py
[0.383s] -- Up-to-date symlink: /home/hrlsh/scrub_nurse_ws/install/gripper_interfaces/local/lib/python3.10/dist-packages/gripper_interfaces/srv/_stop_motor_s.c
[0.383s] -- Up-to-date symlink: /home/hrlsh/scrub_nurse_ws/install/gripper_interfaces/local/lib/python3.10/dist-packages/gripper_interfaces/gripper_interfaces_s__rosidl_typesupport_fastrtps_c.cpython-310-x86_64-linux-gnu.so
[0.384s] -- Up-to-date symlink: /home/hrlsh/scrub_nurse_ws/install/gripper_interfaces/local/lib/python3.10/dist-packages/gripper_interfaces/gripper_interfaces_s__rosidl_typesupport_introspection_c.cpython-310-x86_64-linux-gnu.so
[0.384s] -- Up-to-date symlink: /home/hrlsh/scrub_nurse_ws/install/gripper_interfaces/local/lib/python3.10/dist-packages/gripper_interfaces/gripper_interfaces_s__rosidl_typesupport_c.cpython-310-x86_64-linux-gnu.so
[0.384s] -- Up-to-date symlink: /home/hrlsh/scrub_nurse_ws/install/gripper_interfaces/share/ament_index/resource_index/rust_packages/gripper_interfaces
[0.384s] -- Up-to-date symlink: /home/hrlsh/scrub_nurse_ws/install/gripper_interfaces/share/gripper_interfaces/rust/Cargo.toml
[0.384s] -- Up-to-date symlink: /home/hrlsh/scrub_nurse_ws/install/gripper_interfaces/share/gripper_interfaces/rust/build.rs
[0.384s] -- Up-to-date symlink: /home/hrlsh/scrub_nurse_ws/install/gripper_interfaces/share/gripper_interfaces/rust/src/action.rs
[0.385s] -- Up-to-date symlink: /home/hrlsh/scrub_nurse_ws/install/gripper_interfaces/share/gripper_interfaces/rust/src/action/rmw.rs
[0.385s] -- Up-to-date symlink: /home/hrlsh/scrub_nurse_ws/install/gripper_interfaces/share/gripper_interfaces/rust/src/lib.rs
[0.385s] -- Up-to-date symlink: /home/hrlsh/scrub_nurse_ws/install/gripper_interfaces/share/gripper_interfaces/rust/src/msg.rs
[0.385s] -- Up-to-date symlink: /home/hrlsh/scrub_nurse_ws/install/gripper_interfaces/share/gripper_interfaces/rust/src/msg/rmw.rs
[0.385s] -- Up-to-date symlink: /home/hrlsh/scrub_nurse_ws/install/gripper_interfaces/share/gripper_interfaces/rust/src/srv.rs
[0.385s] -- Up-to-date symlink: /home/hrlsh/scrub_nurse_ws/install/gripper_interfaces/share/gripper_interfaces/rust/src/srv/rmw.rs
[0.385s] -- Up-to-date symlink: /home/hrlsh/scrub_nurse_ws/install/gripper_interfaces/share/gripper_interfaces/msg/GripperMsg.idl
[0.385s] -- Up-to-date symlink: /home/hrlsh/scrub_nurse_ws/install/gripper_interfaces/share/gripper_interfaces/srv/SlaveChange.idl
[0.385s] -- Up-to-date symlink: /home/hrlsh/scrub_nurse_ws/install/gripper_interfaces/share/gripper_interfaces/srv/PosVelCurCtrl.idl
[0.385s] -- Up-to-date symlink: /home/hrlsh/scrub_nurse_ws/install/gripper_interfaces/share/gripper_interfaces/srv/DriverEnable.idl
[0.385s] -- Up-to-date symlink: /home/hrlsh/scrub_nurse_ws/install/gripper_interfaces/share/gripper_interfaces/srv/SetParameter.idl
[0.385s] -- Up-to-date symlink: /home/hrlsh/scrub_nurse_ws/install/gripper_interfaces/share/gripper_interfaces/srv/GripperControl.idl
[0.385s] -- Up-to-date symlink: /home/hrlsh/scrub_nurse_ws/install/gripper_interfaces/share/gripper_interfaces/srv/ArduinoControl.idl
[0.386s] -- Up-to-date symlink: /home/hrlsh/scrub_nurse_ws/install/gripper_interfaces/share/gripper_interfaces/srv/Modbus.idl
[0.386s] -- Up-to-date symlink: /home/hrlsh/scrub_nurse_ws/install/gripper_interfaces/share/gripper_interfaces/srv/GripperCommand.idl
[0.386s] -- Up-to-date symlink: /home/hrlsh/scrub_nurse_ws/install/gripper_interfaces/share/gripper_interfaces/srv/StopMotor.idl
[0.386s] -- Up-to-date symlink: /home/hrlsh/scrub_nurse_ws/install/gripper_interfaces/share/gripper_interfaces/action/Gripper.idl
[0.386s] -- Up-to-date symlink: /home/hrlsh/scrub_nurse_ws/install/gripper_interfaces/share/gripper_interfaces/msg/GripperMsg.msg
[0.386s] -- Up-to-date symlink: /home/hrlsh/scrub_nurse_ws/install/gripper_interfaces/share/gripper_interfaces/srv/SlaveChange.srv
[0.386s] -- Up-to-date symlink: /home/hrlsh/scrub_nurse_ws/install/gripper_interfaces/share/gripper_interfaces/srv/SlaveChange_Request.msg
[0.386s] -- Up-to-date symlink: /home/hrlsh/scrub_nurse_ws/install/gripper_interfaces/share/gripper_interfaces/srv/SlaveChange_Response.msg
[0.386s] -- Up-to-date symlink: /home/hrlsh/scrub_nurse_ws/install/gripper_interfaces/share/gripper_interfaces/srv/PosVelCurCtrl.srv
[0.386s] -- Up-to-date symlink: /home/hrlsh/scrub_nurse_ws/install/gripper_interfaces/share/gripper_interfaces/srv/PosVelCurCtrl_Request.msg
[0.386s] -- Up-to-date symlink: /home/hrlsh/scrub_nurse_ws/install/gripper_interfaces/share/gripper_interfaces/srv/PosVelCurCtrl_Response.msg
[0.386s] -- Up-to-date symlink: /home/hrlsh/scrub_nurse_ws/install/gripper_interfaces/share/gripper_interfaces/srv/DriverEnable.srv
[0.387s] -- Up-to-date symlink: /home/hrlsh/scrub_nurse_ws/install/gripper_interfaces/share/gripper_interfaces/srv/DriverEnable_Request.msg
[0.387s] -- Up-to-date symlink: /home/hrlsh/scrub_nurse_ws/install/gripper_interfaces/share/gripper_interfaces/srv/DriverEnable_Response.msg
[0.387s] -- Up-to-date symlink: /home/hrlsh/scrub_nurse_ws/install/gripper_interfaces/share/gripper_interfaces/srv/SetParameter.srv
[0.387s] -- Up-to-date symlink: /home/hrlsh/scrub_nurse_ws/install/gripper_interfaces/share/gripper_interfaces/srv/SetParameter_Request.msg
[0.387s] -- Up-to-date symlink: /home/hrlsh/scrub_nurse_ws/install/gripper_interfaces/share/gripper_interfaces/srv/SetParameter_Response.msg
[0.387s] -- Up-to-date symlink: /home/hrlsh/scrub_nurse_ws/install/gripper_interfaces/share/gripper_interfaces/srv/GripperControl.srv
[0.387s] -- Up-to-date symlink: /home/hrlsh/scrub_nurse_ws/install/gripper_interfaces/share/gripper_interfaces/srv/GripperControl_Request.msg
[0.387s] -- Up-to-date symlink: /home/hrlsh/scrub_nurse_ws/install/gripper_interfaces/share/gripper_interfaces/srv/GripperControl_Response.msg
[0.387s] -- Up-to-date symlink: /home/hrlsh/scrub_nurse_ws/install/gripper_interfaces/share/gripper_interfaces/srv/ArduinoControl.srv
[0.387s] -- Up-to-date symlink: /home/hrlsh/scrub_nurse_ws/install/gripper_interfaces/share/gripper_interfaces/srv/ArduinoControl_Request.msg
[0.387s] -- Up-to-date symlink: /home/hrlsh/scrub_nurse_ws/install/gripper_interfaces/share/gripper_interfaces/srv/ArduinoControl_Response.msg
[0.388s] -- Up-to-date symlink: /home/hrlsh/scrub_nurse_ws/install/gripper_interfaces/share/gripper_interfaces/srv/Modbus.srv
[0.388s] -- Up-to-date symlink: /home/hrlsh/scrub_nurse_ws/install/gripper_interfaces/share/gripper_interfaces/srv/Modbus_Request.msg
[0.388s] -- Up-to-date symlink: /home/hrlsh/scrub_nurse_ws/install/gripper_interfaces/share/gripper_interfaces/srv/Modbus_Response.msg
[0.388s] -- Up-to-date symlink: /home/hrlsh/scrub_nurse_ws/install/gripper_interfaces/share/gripper_interfaces/srv/GripperCommand.srv
[0.388s] -- Up-to-date symlink: /home/hrlsh/scrub_nurse_ws/install/gripper_interfaces/share/gripper_interfaces/srv/GripperCommand_Request.msg
[0.388s] -- Up-to-date symlink: /home/hrlsh/scrub_nurse_ws/install/gripper_interfaces/share/gripper_interfaces/srv/GripperCommand_Response.msg
[0.388s] -- Up-to-date symlink: /home/hrlsh/scrub_nurse_ws/install/gripper_interfaces/share/gripper_interfaces/srv/StopMotor.srv
[0.388s] -- Up-to-date symlink: /home/hrlsh/scrub_nurse_ws/install/gripper_interfaces/share/gripper_interfaces/srv/StopMotor_Request.msg
[0.388s] -- Up-to-date symlink: /home/hrlsh/scrub_nurse_ws/install/gripper_interfaces/share/gripper_interfaces/srv/StopMotor_Response.msg
[0.388s] -- Up-to-date symlink: /home/hrlsh/scrub_nurse_ws/install/gripper_interfaces/share/gripper_interfaces/action/Gripper.action
[0.388s] -- Up-to-date symlink: /home/hrlsh/scrub_nurse_ws/install/gripper_interfaces/share/ament_index/resource_index/package_run_dependencies/gripper_interfaces
[0.388s] -- Up-to-date symlink: /home/hrlsh/scrub_nurse_ws/install/gripper_interfaces/share/ament_index/resource_index/parent_prefix_path/gripper_interfaces
[0.389s] -- Up-to-date symlink: /home/hrlsh/scrub_nurse_ws/install/gripper_interfaces/share/gripper_interfaces/environment/ament_prefix_path.sh
[0.389s] -- Up-to-date symlink: /home/hrlsh/scrub_nurse_ws/install/gripper_interfaces/share/gripper_interfaces/environment/ament_prefix_path.dsv
[0.389s] -- Up-to-date symlink: /home/hrlsh/scrub_nurse_ws/install/gripper_interfaces/share/gripper_interfaces/environment/path.sh
[0.389s] -- Up-to-date symlink: /home/hrlsh/scrub_nurse_ws/install/gripper_interfaces/share/gripper_interfaces/environment/path.dsv
[0.389s] -- Up-to-date symlink: /home/hrlsh/scrub_nurse_ws/install/gripper_interfaces/share/gripper_interfaces/local_setup.bash
[0.389s] -- Up-to-date symlink: /home/hrlsh/scrub_nurse_ws/install/gripper_interfaces/share/gripper_interfaces/local_setup.sh
[0.389s] -- Up-to-date symlink: /home/hrlsh/scrub_nurse_ws/install/gripper_interfaces/share/gripper_interfaces/local_setup.zsh
[0.389s] -- Up-to-date symlink: /home/hrlsh/scrub_nurse_ws/install/gripper_interfaces/share/gripper_interfaces/local_setup.dsv
[0.389s] -- Symlinking: /home/hrlsh/scrub_nurse_ws/install/gripper_interfaces/share/gripper_interfaces/package.dsv
[0.392s] -- Up-to-date symlink: /home/hrlsh/scrub_nurse_ws/install/gripper_interfaces/share/ament_index/resource_index/packages/gripper_interfaces
[0.392s] -- Up-to-date symlink: /home/hrlsh/scrub_nurse_ws/install/gripper_interfaces/share/gripper_interfaces/cmake/rosidl_cmake-extras.cmake
[0.392s] -- Up-to-date symlink: /home/hrlsh/scrub_nurse_ws/install/gripper_interfaces/share/gripper_interfaces/cmake/ament_cmake_export_dependencies-extras.cmake
[0.393s] -- Up-to-date symlink: /home/hrlsh/scrub_nurse_ws/install/gripper_interfaces/share/gripper_interfaces/cmake/ament_cmake_export_include_directories-extras.cmake
[0.393s] -- Up-to-date symlink: /home/hrlsh/scrub_nurse_ws/install/gripper_interfaces/share/gripper_interfaces/cmake/ament_cmake_export_libraries-extras.cmake
[0.393s] -- Up-to-date symlink: /home/hrlsh/scrub_nurse_ws/install/gripper_interfaces/share/gripper_interfaces/cmake/ament_cmake_export_targets-extras.cmake
[0.393s] -- Up-to-date symlink: /home/hrlsh/scrub_nurse_ws/install/gripper_interfaces/share/gripper_interfaces/cmake/rosidl_cmake_export_typesupport_targets-extras.cmake
[0.393s] -- Up-to-date symlink: /home/hrlsh/scrub_nurse_ws/install/gripper_interfaces/share/gripper_interfaces/cmake/rosidl_cmake_export_typesupport_libraries-extras.cmake
[0.393s] -- Up-to-date symlink: /home/hrlsh/scrub_nurse_ws/install/gripper_interfaces/share/gripper_interfaces/cmake/gripper_interfacesConfig.cmake
[0.393s] -- Up-to-date symlink: /home/hrlsh/scrub_nurse_ws/install/gripper_interfaces/share/gripper_interfaces/cmake/gripper_interfacesConfig-version.cmake
[0.393s] -- Up-to-date symlink: /home/hrlsh/scrub_nurse_ws/install/gripper_interfaces/share/gripper_interfaces/package.xml
[0.394s] -- Up-to-date: /home/hrlsh/scrub_nurse_ws/install/gripper_interfaces/lib/libgripper_interfaces__rosidl_generator_c.so
[0.394s] -- Up-to-date: /home/hrlsh/scrub_nurse_ws/install/gripper_interfaces/lib/libgripper_interfaces__rosidl_typesupport_fastrtps_c.so
[0.394s] -- Up-to-date: /home/hrlsh/scrub_nurse_ws/install/gripper_interfaces/lib/libgripper_interfaces__rosidl_typesupport_introspection_c.so
[0.394s] -- Up-to-date: /home/hrlsh/scrub_nurse_ws/install/gripper_interfaces/lib/libgripper_interfaces__rosidl_typesupport_c.so
[0.394s] -- Up-to-date: /home/hrlsh/scrub_nurse_ws/install/gripper_interfaces/lib/libgripper_interfaces__rosidl_typesupport_fastrtps_cpp.so
[0.395s] -- Up-to-date: /home/hrlsh/scrub_nurse_ws/install/gripper_interfaces/lib/libgripper_interfaces__rosidl_typesupport_introspection_cpp.so
[0.395s] -- Up-to-date: /home/hrlsh/scrub_nurse_ws/install/gripper_interfaces/lib/libgripper_interfaces__rosidl_typesupport_cpp.so
[0.408s] Listing '/home/hrlsh/scrub_nurse_ws/install/gripper_interfaces/local/lib/python3.10/dist-packages/gripper_interfaces'...
[0.408s] Listing '/home/hrlsh/scrub_nurse_ws/install/gripper_interfaces/local/lib/python3.10/dist-packages/gripper_interfaces/action'...
[0.409s] Listing '/home/hrlsh/scrub_nurse_ws/install/gripper_interfaces/local/lib/python3.10/dist-packages/gripper_interfaces/msg'...
[0.409s] Listing '/home/hrlsh/scrub_nurse_ws/install/gripper_interfaces/local/lib/python3.10/dist-packages/gripper_interfaces/srv'...
[0.410s] -- Up-to-date: /home/hrlsh/scrub_nurse_ws/install/gripper_interfaces/lib/libgripper_interfaces__rosidl_generator_py.so
[0.410s] -- Up-to-date: /home/hrlsh/scrub_nurse_ws/install/gripper_interfaces/share/gripper_interfaces/cmake/export_gripper_interfaces__rosidl_generator_cExport.cmake
[0.410s] -- Up-to-date: /home/hrlsh/scrub_nurse_ws/install/gripper_interfaces/share/gripper_interfaces/cmake/export_gripper_interfaces__rosidl_generator_cExport-noconfig.cmake
[0.410s] -- Up-to-date: /home/hrlsh/scrub_nurse_ws/install/gripper_interfaces/share/gripper_interfaces/cmake/export_gripper_interfaces__rosidl_typesupport_fastrtps_cExport.cmake
[0.410s] -- Up-to-date: /home/hrlsh/scrub_nurse_ws/install/gripper_interfaces/share/gripper_interfaces/cmake/export_gripper_interfaces__rosidl_typesupport_fastrtps_cExport-noconfig.cmake
[0.411s] -- Up-to-date: /home/hrlsh/scrub_nurse_ws/install/gripper_interfaces/share/gripper_interfaces/cmake/gripper_interfaces__rosidl_typesupport_introspection_cExport.cmake
[0.411s] -- Up-to-date: /home/hrlsh/scrub_nurse_ws/install/gripper_interfaces/share/gripper_interfaces/cmake/gripper_interfaces__rosidl_typesupport_introspection_cExport-noconfig.cmake
[0.411s] -- Up-to-date: /home/hrlsh/scrub_nurse_ws/install/gripper_interfaces/share/gripper_interfaces/cmake/gripper_interfaces__rosidl_typesupport_cExport.cmake
[0.411s] -- Up-to-date: /home/hrlsh/scrub_nurse_ws/install/gripper_interfaces/share/gripper_interfaces/cmake/gripper_interfaces__rosidl_typesupport_cExport-noconfig.cmake
[0.411s] -- Up-to-date: /home/hrlsh/scrub_nurse_ws/install/gripper_interfaces/share/gripper_interfaces/cmake/export_gripper_interfaces__rosidl_generator_cppExport.cmake
[0.411s] -- Up-to-date: /home/hrlsh/scrub_nurse_ws/install/gripper_interfaces/share/gripper_interfaces/cmake/export_gripper_interfaces__rosidl_typesupport_fastrtps_cppExport.cmake
[0.411s] -- Up-to-date: /home/hrlsh/scrub_nurse_ws/install/gripper_interfaces/share/gripper_interfaces/cmake/export_gripper_interfaces__rosidl_typesupport_fastrtps_cppExport-noconfig.cmake
[0.412s] -- Up-to-date: /home/hrlsh/scrub_nurse_ws/install/gripper_interfaces/share/gripper_interfaces/cmake/gripper_interfaces__rosidl_typesupport_introspection_cppExport.cmake
[0.412s] -- Up-to-date: /home/hrlsh/scrub_nurse_ws/install/gripper_interfaces/share/gripper_interfaces/cmake/gripper_interfaces__rosidl_typesupport_introspection_cppExport-noconfig.cmake
[0.412s] -- Up-to-date: /home/hrlsh/scrub_nurse_ws/install/gripper_interfaces/share/gripper_interfaces/cmake/gripper_interfaces__rosidl_typesupport_cppExport.cmake
[0.413s] -- Up-to-date: /home/hrlsh/scrub_nurse_ws/install/gripper_interfaces/share/gripper_interfaces/cmake/gripper_interfaces__rosidl_typesupport_cppExport-noconfig.cmake
[0.413s] -- Up-to-date: /home/hrlsh/scrub_nurse_ws/install/gripper_interfaces/share/gripper_interfaces/cmake/export_gripper_interfaces__rosidl_generator_pyExport.cmake
[0.413s] -- Up-to-date: /home/hrlsh/scrub_nurse_ws/install/gripper_interfaces/share/gripper_interfaces/cmake/export_gripper_interfaces__rosidl_generator_pyExport-noconfig.cmake
[0.423s] Invoked command in '/home/hrlsh/scrub_nurse_ws/build/gripper_interfaces' returned '0': CMAKE_PREFIX_PATH=/opt/ros/humble /usr/bin/cmake --install /home/hrlsh/scrub_nurse_ws/build/gripper_interfaces
