[35m[1mConsolidate compiler generated dependencies of target gripper_interfaces__rosidl_generator_c[0m
[  1%] Built target gripper_interfaces__rs
[  1%] Built target gripper_interfaces__cpp
[  1%] Built target ament_cmake_python_symlink_gripper_interfaces
[ 13%] Built target gripper_interfaces__rosidl_generator_c
[35m[1mConsolidate compiler generated dependencies of target gripper_interfaces__rosidl_typesupport_cpp[0m
[35m[1mConsolidate compiler generated dependencies of target gripper_interfaces__rosidl_typesupport_fastrtps_cpp[0m
[35m[1mConsolidate compiler generated dependencies of target gripper_interfaces__rosidl_typesupport_introspection_cpp[0m
[35m[1mConsolidate compiler generated dependencies of target gripper_interfaces__rosidl_typesupport_introspection_c[0m
[35m[1mConsolidate compiler generated dependencies of target gripper_interfaces__rosidl_typesupport_fastrtps_c[0m
[35m[1mConsolidate compiler generated dependencies of target gripper_interfaces__rosidl_typesupport_c[0m
[ 25%] Built target gripper_interfaces__rosidl_typesupport_cpp
[ 37%] Built target gripper_interfaces__rosidl_typesupport_introspection_cpp
[ 49%] Built target gripper_interfaces__rosidl_typesupport_fastrtps_cpp
[ 60%] Built target gripper_interfaces__rosidl_typesupport_introspection_c
[ 71%] Built target gripper_interfaces__rosidl_typesupport_c
[ 82%] Built target gripper_interfaces__rosidl_typesupport_fastrtps_c
[ 82%] Built target gripper_interfaces
[ 83%] Built target gripper_interfaces__py
[35m[1mConsolidate compiler generated dependencies of target gripper_interfaces__rosidl_generator_py[0m
[ 94%] Built target gripper_interfaces__rosidl_generator_py
[35m[1mConsolidate compiler generated dependencies of target gripper_interfaces__rosidl_typesupport_fastrtps_c__pyext[0m
[35m[1mConsolidate compiler generated dependencies of target gripper_interfaces__rosidl_typesupport_c__pyext[0m
[35m[1mConsolidate compiler generated dependencies of target gripper_interfaces__rosidl_typesupport_introspection_c__pyext[0m
[100%] Built target gripper_interfaces__rosidl_typesupport_introspection_c__pyext
[100%] Built target gripper_interfaces__rosidl_typesupport_c__pyext
[100%] Built target gripper_interfaces__rosidl_typesupport_fastrtps_c__pyext
running egg_info
writing gripper_interfaces.egg-info/PKG-INFO
writing dependency_links to gripper_interfaces.egg-info/dependency_links.txt
writing top-level names to gripper_interfaces.egg-info/top_level.txt
reading manifest file 'gripper_interfaces.egg-info/SOURCES.txt'
writing manifest file 'gripper_interfaces.egg-info/SOURCES.txt'
[100%] Built target ament_cmake_python_build_gripper_interfaces_egg
-- Install configuration: ""
-- Execute custom install script
-- Up-to-date symlink: /home/hrlsh/scrub_nurse_ws/install/gripper_interfaces/share/ament_index/resource_index/rosidl_interfaces/gripper_interfaces
-- Up-to-date symlink: /home/hrlsh/scrub_nurse_ws/install/gripper_interfaces/include/gripper_interfaces/gripper_interfaces/action/detail/gripper__functions.h
-- Up-to-date symlink: /home/hrlsh/scrub_nurse_ws/install/gripper_interfaces/include/gripper_interfaces/gripper_interfaces/action/detail/gripper__struct.h
-- Up-to-date symlink: /home/hrlsh/scrub_nurse_ws/install/gripper_interfaces/include/gripper_interfaces/gripper_interfaces/action/detail/gripper__type_support.h
-- Up-to-date symlink: /home/hrlsh/scrub_nurse_ws/install/gripper_interfaces/include/gripper_interfaces/gripper_interfaces/action/gripper.h
-- Up-to-date symlink: /home/hrlsh/scrub_nurse_ws/install/gripper_interfaces/include/gripper_interfaces/gripper_interfaces/msg/detail/gripper_msg__functions.h
-- Up-to-date symlink: /home/hrlsh/scrub_nurse_ws/install/gripper_interfaces/include/gripper_interfaces/gripper_interfaces/msg/detail/gripper_msg__struct.h
-- Up-to-date symlink: /home/hrlsh/scrub_nurse_ws/install/gripper_interfaces/include/gripper_interfaces/gripper_interfaces/msg/detail/gripper_msg__type_support.h
-- Up-to-date symlink: /home/hrlsh/scrub_nurse_ws/install/gripper_interfaces/include/gripper_interfaces/gripper_interfaces/msg/gripper_msg.h
-- Up-to-date symlink: /home/hrlsh/scrub_nurse_ws/install/gripper_interfaces/include/gripper_interfaces/gripper_interfaces/msg/rosidl_generator_c__visibility_control.h
-- Up-to-date symlink: /home/hrlsh/scrub_nurse_ws/install/gripper_interfaces/include/gripper_interfaces/gripper_interfaces/srv/arduino_control.h
-- Up-to-date symlink: /home/hrlsh/scrub_nurse_ws/install/gripper_interfaces/include/gripper_interfaces/gripper_interfaces/srv/detail/arduino_control__functions.h
-- Up-to-date symlink: /home/hrlsh/scrub_nurse_ws/install/gripper_interfaces/include/gripper_interfaces/gripper_interfaces/srv/detail/arduino_control__struct.h
-- Up-to-date symlink: /home/hrlsh/scrub_nurse_ws/install/gripper_interfaces/include/gripper_interfaces/gripper_interfaces/srv/detail/arduino_control__type_support.h
-- Up-to-date symlink: /home/hrlsh/scrub_nurse_ws/install/gripper_interfaces/include/gripper_interfaces/gripper_interfaces/srv/detail/driver_enable__functions.h
-- Up-to-date symlink: /home/hrlsh/scrub_nurse_ws/install/gripper_interfaces/include/gripper_interfaces/gripper_interfaces/srv/detail/driver_enable__struct.h
-- Up-to-date symlink: /home/hrlsh/scrub_nurse_ws/install/gripper_interfaces/include/gripper_interfaces/gripper_interfaces/srv/detail/driver_enable__type_support.h
-- Up-to-date symlink: /home/hrlsh/scrub_nurse_ws/install/gripper_interfaces/include/gripper_interfaces/gripper_interfaces/srv/detail/gripper_command__functions.h
-- Up-to-date symlink: /home/hrlsh/scrub_nurse_ws/install/gripper_interfaces/include/gripper_interfaces/gripper_interfaces/srv/detail/gripper_command__struct.h
-- Up-to-date symlink: /home/hrlsh/scrub_nurse_ws/install/gripper_interfaces/include/gripper_interfaces/gripper_interfaces/srv/detail/gripper_command__type_support.h
-- Up-to-date symlink: /home/hrlsh/scrub_nurse_ws/install/gripper_interfaces/include/gripper_interfaces/gripper_interfaces/srv/detail/gripper_control__functions.h
-- Up-to-date symlink: /home/hrlsh/scrub_nurse_ws/install/gripper_interfaces/include/gripper_interfaces/gripper_interfaces/srv/detail/gripper_control__struct.h
-- Up-to-date symlink: /home/hrlsh/scrub_nurse_ws/install/gripper_interfaces/include/gripper_interfaces/gripper_interfaces/srv/detail/gripper_control__type_support.h
-- Up-to-date symlink: /home/hrlsh/scrub_nurse_ws/install/gripper_interfaces/include/gripper_interfaces/gripper_interfaces/srv/detail/modbus__functions.h
-- Up-to-date symlink: /home/hrlsh/scrub_nurse_ws/install/gripper_interfaces/include/gripper_interfaces/gripper_interfaces/srv/detail/modbus__struct.h
-- Up-to-date symlink: /home/hrlsh/scrub_nurse_ws/install/gripper_interfaces/include/gripper_interfaces/gripper_interfaces/srv/detail/modbus__type_support.h
-- Up-to-date symlink: /home/hrlsh/scrub_nurse_ws/install/gripper_interfaces/include/gripper_interfaces/gripper_interfaces/srv/detail/pos_vel_cur_ctrl__functions.h
-- Up-to-date symlink: /home/hrlsh/scrub_nurse_ws/install/gripper_interfaces/include/gripper_interfaces/gripper_interfaces/srv/detail/pos_vel_cur_ctrl__struct.h
-- Up-to-date symlink: /home/hrlsh/scrub_nurse_ws/install/gripper_interfaces/include/gripper_interfaces/gripper_interfaces/srv/detail/pos_vel_cur_ctrl__type_support.h
-- Up-to-date symlink: /home/hrlsh/scrub_nurse_ws/install/gripper_interfaces/include/gripper_interfaces/gripper_interfaces/srv/detail/set_parameter__functions.h
-- Up-to-date symlink: /home/hrlsh/scrub_nurse_ws/install/gripper_interfaces/include/gripper_interfaces/gripper_interfaces/srv/detail/set_parameter__struct.h
-- Up-to-date symlink: /home/hrlsh/scrub_nurse_ws/install/gripper_interfaces/include/gripper_interfaces/gripper_interfaces/srv/detail/set_parameter__type_support.h
-- Up-to-date symlink: /home/hrlsh/scrub_nurse_ws/install/gripper_interfaces/include/gripper_interfaces/gripper_interfaces/srv/detail/slave_change__functions.h
-- Up-to-date symlink: /home/hrlsh/scrub_nurse_ws/install/gripper_interfaces/include/gripper_interfaces/gripper_interfaces/srv/detail/slave_change__struct.h
-- Up-to-date symlink: /home/hrlsh/scrub_nurse_ws/install/gripper_interfaces/include/gripper_interfaces/gripper_interfaces/srv/detail/slave_change__type_support.h
-- Up-to-date symlink: /home/hrlsh/scrub_nurse_ws/install/gripper_interfaces/include/gripper_interfaces/gripper_interfaces/srv/detail/stop_motor__functions.h
-- Up-to-date symlink: /home/hrlsh/scrub_nurse_ws/install/gripper_interfaces/include/gripper_interfaces/gripper_interfaces/srv/detail/stop_motor__struct.h
-- Up-to-date symlink: /home/hrlsh/scrub_nurse_ws/install/gripper_interfaces/include/gripper_interfaces/gripper_interfaces/srv/detail/stop_motor__type_support.h
-- Up-to-date symlink: /home/hrlsh/scrub_nurse_ws/install/gripper_interfaces/include/gripper_interfaces/gripper_interfaces/srv/driver_enable.h
-- Up-to-date symlink: /home/hrlsh/scrub_nurse_ws/install/gripper_interfaces/include/gripper_interfaces/gripper_interfaces/srv/gripper_command.h
-- Up-to-date symlink: /home/hrlsh/scrub_nurse_ws/install/gripper_interfaces/include/gripper_interfaces/gripper_interfaces/srv/gripper_control.h
-- Up-to-date symlink: /home/hrlsh/scrub_nurse_ws/install/gripper_interfaces/include/gripper_interfaces/gripper_interfaces/srv/modbus.h
-- Up-to-date symlink: /home/hrlsh/scrub_nurse_ws/install/gripper_interfaces/include/gripper_interfaces/gripper_interfaces/srv/pos_vel_cur_ctrl.h
-- Up-to-date symlink: /home/hrlsh/scrub_nurse_ws/install/gripper_interfaces/include/gripper_interfaces/gripper_interfaces/srv/set_parameter.h
-- Up-to-date symlink: /home/hrlsh/scrub_nurse_ws/install/gripper_interfaces/include/gripper_interfaces/gripper_interfaces/srv/slave_change.h
-- Up-to-date symlink: /home/hrlsh/scrub_nurse_ws/install/gripper_interfaces/include/gripper_interfaces/gripper_interfaces/srv/stop_motor.h
-- Up-to-date symlink: /home/hrlsh/scrub_nurse_ws/install/gripper_interfaces/share/gripper_interfaces/environment/library_path.sh
-- Up-to-date symlink: /home/hrlsh/scrub_nurse_ws/install/gripper_interfaces/share/gripper_interfaces/environment/library_path.dsv
-- Up-to-date symlink: /home/hrlsh/scrub_nurse_ws/install/gripper_interfaces/include/gripper_interfaces/gripper_interfaces/action/detail/gripper__rosidl_typesupport_fastrtps_c.h
-- Up-to-date symlink: /home/hrlsh/scrub_nurse_ws/install/gripper_interfaces/include/gripper_interfaces/gripper_interfaces/msg/detail/gripper_msg__rosidl_typesupport_fastrtps_c.h
-- Up-to-date symlink: /home/hrlsh/scrub_nurse_ws/install/gripper_interfaces/include/gripper_interfaces/gripper_interfaces/msg/rosidl_typesupport_fastrtps_c__visibility_control.h
-- Up-to-date symlink: /home/hrlsh/scrub_nurse_ws/install/gripper_interfaces/include/gripper_interfaces/gripper_interfaces/srv/detail/arduino_control__rosidl_typesupport_fastrtps_c.h
-- Up-to-date symlink: /home/hrlsh/scrub_nurse_ws/install/gripper_interfaces/include/gripper_interfaces/gripper_interfaces/srv/detail/driver_enable__rosidl_typesupport_fastrtps_c.h
-- Up-to-date symlink: /home/hrlsh/scrub_nurse_ws/install/gripper_interfaces/include/gripper_interfaces/gripper_interfaces/srv/detail/gripper_command__rosidl_typesupport_fastrtps_c.h
-- Up-to-date symlink: /home/hrlsh/scrub_nurse_ws/install/gripper_interfaces/include/gripper_interfaces/gripper_interfaces/srv/detail/gripper_control__rosidl_typesupport_fastrtps_c.h
-- Up-to-date symlink: /home/hrlsh/scrub_nurse_ws/install/gripper_interfaces/include/gripper_interfaces/gripper_interfaces/srv/detail/modbus__rosidl_typesupport_fastrtps_c.h
-- Up-to-date symlink: /home/hrlsh/scrub_nurse_ws/install/gripper_interfaces/include/gripper_interfaces/gripper_interfaces/srv/detail/pos_vel_cur_ctrl__rosidl_typesupport_fastrtps_c.h
-- Up-to-date symlink: /home/hrlsh/scrub_nurse_ws/install/gripper_interfaces/include/gripper_interfaces/gripper_interfaces/srv/detail/set_parameter__rosidl_typesupport_fastrtps_c.h
-- Up-to-date symlink: /home/hrlsh/scrub_nurse_ws/install/gripper_interfaces/include/gripper_interfaces/gripper_interfaces/srv/detail/slave_change__rosidl_typesupport_fastrtps_c.h
-- Up-to-date symlink: /home/hrlsh/scrub_nurse_ws/install/gripper_interfaces/include/gripper_interfaces/gripper_interfaces/srv/detail/stop_motor__rosidl_typesupport_fastrtps_c.h
-- Up-to-date symlink: /home/hrlsh/scrub_nurse_ws/install/gripper_interfaces/include/gripper_interfaces/gripper_interfaces/action/detail/gripper__rosidl_typesupport_introspection_c.h
-- Up-to-date symlink: /home/hrlsh/scrub_nurse_ws/install/gripper_interfaces/include/gripper_interfaces/gripper_interfaces/msg/detail/gripper_msg__rosidl_typesupport_introspection_c.h
-- Up-to-date symlink: /home/hrlsh/scrub_nurse_ws/install/gripper_interfaces/include/gripper_interfaces/gripper_interfaces/msg/rosidl_typesupport_introspection_c__visibility_control.h
-- Up-to-date symlink: /home/hrlsh/scrub_nurse_ws/install/gripper_interfaces/include/gripper_interfaces/gripper_interfaces/srv/detail/arduino_control__rosidl_typesupport_introspection_c.h
-- Up-to-date symlink: /home/hrlsh/scrub_nurse_ws/install/gripper_interfaces/include/gripper_interfaces/gripper_interfaces/srv/detail/driver_enable__rosidl_typesupport_introspection_c.h
-- Up-to-date symlink: /home/hrlsh/scrub_nurse_ws/install/gripper_interfaces/include/gripper_interfaces/gripper_interfaces/srv/detail/gripper_command__rosidl_typesupport_introspection_c.h
-- Up-to-date symlink: /home/hrlsh/scrub_nurse_ws/install/gripper_interfaces/include/gripper_interfaces/gripper_interfaces/srv/detail/gripper_control__rosidl_typesupport_introspection_c.h
-- Up-to-date symlink: /home/hrlsh/scrub_nurse_ws/install/gripper_interfaces/include/gripper_interfaces/gripper_interfaces/srv/detail/modbus__rosidl_typesupport_introspection_c.h
-- Up-to-date symlink: /home/hrlsh/scrub_nurse_ws/install/gripper_interfaces/include/gripper_interfaces/gripper_interfaces/srv/detail/pos_vel_cur_ctrl__rosidl_typesupport_introspection_c.h
-- Up-to-date symlink: /home/hrlsh/scrub_nurse_ws/install/gripper_interfaces/include/gripper_interfaces/gripper_interfaces/srv/detail/set_parameter__rosidl_typesupport_introspection_c.h
-- Up-to-date symlink: /home/hrlsh/scrub_nurse_ws/install/gripper_interfaces/include/gripper_interfaces/gripper_interfaces/srv/detail/slave_change__rosidl_typesupport_introspection_c.h
-- Up-to-date symlink: /home/hrlsh/scrub_nurse_ws/install/gripper_interfaces/include/gripper_interfaces/gripper_interfaces/srv/detail/stop_motor__rosidl_typesupport_introspection_c.h
-- Up-to-date symlink: /home/hrlsh/scrub_nurse_ws/install/gripper_interfaces/include/gripper_interfaces/gripper_interfaces/action/detail/gripper__builder.hpp
-- Up-to-date symlink: /home/hrlsh/scrub_nurse_ws/install/gripper_interfaces/include/gripper_interfaces/gripper_interfaces/action/detail/gripper__struct.hpp
-- Up-to-date symlink: /home/hrlsh/scrub_nurse_ws/install/gripper_interfaces/include/gripper_interfaces/gripper_interfaces/action/detail/gripper__traits.hpp
-- Up-to-date symlink: /home/hrlsh/scrub_nurse_ws/install/gripper_interfaces/include/gripper_interfaces/gripper_interfaces/action/detail/gripper__type_support.hpp
-- Up-to-date symlink: /home/hrlsh/scrub_nurse_ws/install/gripper_interfaces/include/gripper_interfaces/gripper_interfaces/action/gripper.hpp
-- Up-to-date symlink: /home/hrlsh/scrub_nurse_ws/install/gripper_interfaces/include/gripper_interfaces/gripper_interfaces/msg/detail/gripper_msg__builder.hpp
-- Up-to-date symlink: /home/hrlsh/scrub_nurse_ws/install/gripper_interfaces/include/gripper_interfaces/gripper_interfaces/msg/detail/gripper_msg__struct.hpp
-- Up-to-date symlink: /home/hrlsh/scrub_nurse_ws/install/gripper_interfaces/include/gripper_interfaces/gripper_interfaces/msg/detail/gripper_msg__traits.hpp
-- Up-to-date symlink: /home/hrlsh/scrub_nurse_ws/install/gripper_interfaces/include/gripper_interfaces/gripper_interfaces/msg/detail/gripper_msg__type_support.hpp
-- Up-to-date symlink: /home/hrlsh/scrub_nurse_ws/install/gripper_interfaces/include/gripper_interfaces/gripper_interfaces/msg/gripper_msg.hpp
-- Up-to-date symlink: /home/hrlsh/scrub_nurse_ws/install/gripper_interfaces/include/gripper_interfaces/gripper_interfaces/msg/rosidl_generator_cpp__visibility_control.hpp
-- Up-to-date symlink: /home/hrlsh/scrub_nurse_ws/install/gripper_interfaces/include/gripper_interfaces/gripper_interfaces/srv/arduino_control.hpp
-- Up-to-date symlink: /home/hrlsh/scrub_nurse_ws/install/gripper_interfaces/include/gripper_interfaces/gripper_interfaces/srv/detail/arduino_control__builder.hpp
-- Up-to-date symlink: /home/hrlsh/scrub_nurse_ws/install/gripper_interfaces/include/gripper_interfaces/gripper_interfaces/srv/detail/arduino_control__struct.hpp
-- Up-to-date symlink: /home/hrlsh/scrub_nurse_ws/install/gripper_interfaces/include/gripper_interfaces/gripper_interfaces/srv/detail/arduino_control__traits.hpp
-- Up-to-date symlink: /home/hrlsh/scrub_nurse_ws/install/gripper_interfaces/include/gripper_interfaces/gripper_interfaces/srv/detail/arduino_control__type_support.hpp
-- Up-to-date symlink: /home/hrlsh/scrub_nurse_ws/install/gripper_interfaces/include/gripper_interfaces/gripper_interfaces/srv/detail/driver_enable__builder.hpp
-- Up-to-date symlink: /home/hrlsh/scrub_nurse_ws/install/gripper_interfaces/include/gripper_interfaces/gripper_interfaces/srv/detail/driver_enable__struct.hpp
-- Up-to-date symlink: /home/hrlsh/scrub_nurse_ws/install/gripper_interfaces/include/gripper_interfaces/gripper_interfaces/srv/detail/driver_enable__traits.hpp
-- Up-to-date symlink: /home/hrlsh/scrub_nurse_ws/install/gripper_interfaces/include/gripper_interfaces/gripper_interfaces/srv/detail/driver_enable__type_support.hpp
-- Up-to-date symlink: /home/hrlsh/scrub_nurse_ws/install/gripper_interfaces/include/gripper_interfaces/gripper_interfaces/srv/detail/gripper_command__builder.hpp
-- Up-to-date symlink: /home/hrlsh/scrub_nurse_ws/install/gripper_interfaces/include/gripper_interfaces/gripper_interfaces/srv/detail/gripper_command__struct.hpp
-- Up-to-date symlink: /home/hrlsh/scrub_nurse_ws/install/gripper_interfaces/include/gripper_interfaces/gripper_interfaces/srv/detail/gripper_command__traits.hpp
-- Up-to-date symlink: /home/hrlsh/scrub_nurse_ws/install/gripper_interfaces/include/gripper_interfaces/gripper_interfaces/srv/detail/gripper_command__type_support.hpp
-- Up-to-date symlink: /home/hrlsh/scrub_nurse_ws/install/gripper_interfaces/include/gripper_interfaces/gripper_interfaces/srv/detail/gripper_control__builder.hpp
-- Up-to-date symlink: /home/hrlsh/scrub_nurse_ws/install/gripper_interfaces/include/gripper_interfaces/gripper_interfaces/srv/detail/gripper_control__struct.hpp
-- Up-to-date symlink: /home/hrlsh/scrub_nurse_ws/install/gripper_interfaces/include/gripper_interfaces/gripper_interfaces/srv/detail/gripper_control__traits.hpp
-- Up-to-date symlink: /home/hrlsh/scrub_nurse_ws/install/gripper_interfaces/include/gripper_interfaces/gripper_interfaces/srv/detail/gripper_control__type_support.hpp
-- Up-to-date symlink: /home/hrlsh/scrub_nurse_ws/install/gripper_interfaces/include/gripper_interfaces/gripper_interfaces/srv/detail/modbus__builder.hpp
-- Up-to-date symlink: /home/hrlsh/scrub_nurse_ws/install/gripper_interfaces/include/gripper_interfaces/gripper_interfaces/srv/detail/modbus__struct.hpp
-- Up-to-date symlink: /home/hrlsh/scrub_nurse_ws/install/gripper_interfaces/include/gripper_interfaces/gripper_interfaces/srv/detail/modbus__traits.hpp
-- Up-to-date symlink: /home/hrlsh/scrub_nurse_ws/install/gripper_interfaces/include/gripper_interfaces/gripper_interfaces/srv/detail/modbus__type_support.hpp
-- Up-to-date symlink: /home/hrlsh/scrub_nurse_ws/install/gripper_interfaces/include/gripper_interfaces/gripper_interfaces/srv/detail/pos_vel_cur_ctrl__builder.hpp
-- Up-to-date symlink: /home/hrlsh/scrub_nurse_ws/install/gripper_interfaces/include/gripper_interfaces/gripper_interfaces/srv/detail/pos_vel_cur_ctrl__struct.hpp
-- Up-to-date symlink: /home/hrlsh/scrub_nurse_ws/install/gripper_interfaces/include/gripper_interfaces/gripper_interfaces/srv/detail/pos_vel_cur_ctrl__traits.hpp
-- Up-to-date symlink: /home/hrlsh/scrub_nurse_ws/install/gripper_interfaces/include/gripper_interfaces/gripper_interfaces/srv/detail/pos_vel_cur_ctrl__type_support.hpp
-- Up-to-date symlink: /home/hrlsh/scrub_nurse_ws/install/gripper_interfaces/include/gripper_interfaces/gripper_interfaces/srv/detail/set_parameter__builder.hpp
-- Up-to-date symlink: /home/hrlsh/scrub_nurse_ws/install/gripper_interfaces/include/gripper_interfaces/gripper_interfaces/srv/detail/set_parameter__struct.hpp
-- Up-to-date symlink: /home/hrlsh/scrub_nurse_ws/install/gripper_interfaces/include/gripper_interfaces/gripper_interfaces/srv/detail/set_parameter__traits.hpp
-- Up-to-date symlink: /home/hrlsh/scrub_nurse_ws/install/gripper_interfaces/include/gripper_interfaces/gripper_interfaces/srv/detail/set_parameter__type_support.hpp
-- Up-to-date symlink: /home/hrlsh/scrub_nurse_ws/install/gripper_interfaces/include/gripper_interfaces/gripper_interfaces/srv/detail/slave_change__builder.hpp
-- Up-to-date symlink: /home/hrlsh/scrub_nurse_ws/install/gripper_interfaces/include/gripper_interfaces/gripper_interfaces/srv/detail/slave_change__struct.hpp
-- Up-to-date symlink: /home/hrlsh/scrub_nurse_ws/install/gripper_interfaces/include/gripper_interfaces/gripper_interfaces/srv/detail/slave_change__traits.hpp
-- Up-to-date symlink: /home/hrlsh/scrub_nurse_ws/install/gripper_interfaces/include/gripper_interfaces/gripper_interfaces/srv/detail/slave_change__type_support.hpp
-- Up-to-date symlink: /home/hrlsh/scrub_nurse_ws/install/gripper_interfaces/include/gripper_interfaces/gripper_interfaces/srv/detail/stop_motor__builder.hpp
-- Up-to-date symlink: /home/hrlsh/scrub_nurse_ws/install/gripper_interfaces/include/gripper_interfaces/gripper_interfaces/srv/detail/stop_motor__struct.hpp
-- Up-to-date symlink: /home/hrlsh/scrub_nurse_ws/install/gripper_interfaces/include/gripper_interfaces/gripper_interfaces/srv/detail/stop_motor__traits.hpp
-- Up-to-date symlink: /home/hrlsh/scrub_nurse_ws/install/gripper_interfaces/include/gripper_interfaces/gripper_interfaces/srv/detail/stop_motor__type_support.hpp
-- Up-to-date symlink: /home/hrlsh/scrub_nurse_ws/install/gripper_interfaces/include/gripper_interfaces/gripper_interfaces/srv/driver_enable.hpp
-- Up-to-date symlink: /home/hrlsh/scrub_nurse_ws/install/gripper_interfaces/include/gripper_interfaces/gripper_interfaces/srv/gripper_command.hpp
-- Up-to-date symlink: /home/hrlsh/scrub_nurse_ws/install/gripper_interfaces/include/gripper_interfaces/gripper_interfaces/srv/gripper_control.hpp
-- Up-to-date symlink: /home/hrlsh/scrub_nurse_ws/install/gripper_interfaces/include/gripper_interfaces/gripper_interfaces/srv/modbus.hpp
-- Up-to-date symlink: /home/hrlsh/scrub_nurse_ws/install/gripper_interfaces/include/gripper_interfaces/gripper_interfaces/srv/pos_vel_cur_ctrl.hpp
-- Up-to-date symlink: /home/hrlsh/scrub_nurse_ws/install/gripper_interfaces/include/gripper_interfaces/gripper_interfaces/srv/set_parameter.hpp
-- Up-to-date symlink: /home/hrlsh/scrub_nurse_ws/install/gripper_interfaces/include/gripper_interfaces/gripper_interfaces/srv/slave_change.hpp
-- Up-to-date symlink: /home/hrlsh/scrub_nurse_ws/install/gripper_interfaces/include/gripper_interfaces/gripper_interfaces/srv/stop_motor.hpp
-- Up-to-date symlink: /home/hrlsh/scrub_nurse_ws/install/gripper_interfaces/include/gripper_interfaces/gripper_interfaces/action/detail/gripper__rosidl_typesupport_fastrtps_cpp.hpp
-- Up-to-date symlink: /home/hrlsh/scrub_nurse_ws/install/gripper_interfaces/include/gripper_interfaces/gripper_interfaces/msg/detail/gripper_msg__rosidl_typesupport_fastrtps_cpp.hpp
-- Up-to-date symlink: /home/hrlsh/scrub_nurse_ws/install/gripper_interfaces/include/gripper_interfaces/gripper_interfaces/msg/rosidl_typesupport_fastrtps_cpp__visibility_control.h
-- Up-to-date symlink: /home/hrlsh/scrub_nurse_ws/install/gripper_interfaces/include/gripper_interfaces/gripper_interfaces/srv/detail/arduino_control__rosidl_typesupport_fastrtps_cpp.hpp
-- Up-to-date symlink: /home/hrlsh/scrub_nurse_ws/install/gripper_interfaces/include/gripper_interfaces/gripper_interfaces/srv/detail/driver_enable__rosidl_typesupport_fastrtps_cpp.hpp
-- Up-to-date symlink: /home/hrlsh/scrub_nurse_ws/install/gripper_interfaces/include/gripper_interfaces/gripper_interfaces/srv/detail/gripper_command__rosidl_typesupport_fastrtps_cpp.hpp
-- Up-to-date symlink: /home/hrlsh/scrub_nurse_ws/install/gripper_interfaces/include/gripper_interfaces/gripper_interfaces/srv/detail/gripper_control__rosidl_typesupport_fastrtps_cpp.hpp
-- Up-to-date symlink: /home/hrlsh/scrub_nurse_ws/install/gripper_interfaces/include/gripper_interfaces/gripper_interfaces/srv/detail/modbus__rosidl_typesupport_fastrtps_cpp.hpp
-- Up-to-date symlink: /home/hrlsh/scrub_nurse_ws/install/gripper_interfaces/include/gripper_interfaces/gripper_interfaces/srv/detail/pos_vel_cur_ctrl__rosidl_typesupport_fastrtps_cpp.hpp
-- Up-to-date symlink: /home/hrlsh/scrub_nurse_ws/install/gripper_interfaces/include/gripper_interfaces/gripper_interfaces/srv/detail/set_parameter__rosidl_typesupport_fastrtps_cpp.hpp
-- Up-to-date symlink: /home/hrlsh/scrub_nurse_ws/install/gripper_interfaces/include/gripper_interfaces/gripper_interfaces/srv/detail/slave_change__rosidl_typesupport_fastrtps_cpp.hpp
-- Up-to-date symlink: /home/hrlsh/scrub_nurse_ws/install/gripper_interfaces/include/gripper_interfaces/gripper_interfaces/srv/detail/stop_motor__rosidl_typesupport_fastrtps_cpp.hpp
-- Up-to-date symlink: /home/hrlsh/scrub_nurse_ws/install/gripper_interfaces/include/gripper_interfaces/gripper_interfaces/action/detail/gripper__rosidl_typesupport_introspection_cpp.hpp
-- Up-to-date symlink: /home/hrlsh/scrub_nurse_ws/install/gripper_interfaces/include/gripper_interfaces/gripper_interfaces/msg/detail/gripper_msg__rosidl_typesupport_introspection_cpp.hpp
-- Up-to-date symlink: /home/hrlsh/scrub_nurse_ws/install/gripper_interfaces/include/gripper_interfaces/gripper_interfaces/srv/detail/arduino_control__rosidl_typesupport_introspection_cpp.hpp
-- Up-to-date symlink: /home/hrlsh/scrub_nurse_ws/install/gripper_interfaces/include/gripper_interfaces/gripper_interfaces/srv/detail/driver_enable__rosidl_typesupport_introspection_cpp.hpp
-- Up-to-date symlink: /home/hrlsh/scrub_nurse_ws/install/gripper_interfaces/include/gripper_interfaces/gripper_interfaces/srv/detail/gripper_command__rosidl_typesupport_introspection_cpp.hpp
-- Up-to-date symlink: /home/hrlsh/scrub_nurse_ws/install/gripper_interfaces/include/gripper_interfaces/gripper_interfaces/srv/detail/gripper_control__rosidl_typesupport_introspection_cpp.hpp
-- Up-to-date symlink: /home/hrlsh/scrub_nurse_ws/install/gripper_interfaces/include/gripper_interfaces/gripper_interfaces/srv/detail/modbus__rosidl_typesupport_introspection_cpp.hpp
-- Up-to-date symlink: /home/hrlsh/scrub_nurse_ws/install/gripper_interfaces/include/gripper_interfaces/gripper_interfaces/srv/detail/pos_vel_cur_ctrl__rosidl_typesupport_introspection_cpp.hpp
-- Up-to-date symlink: /home/hrlsh/scrub_nurse_ws/install/gripper_interfaces/include/gripper_interfaces/gripper_interfaces/srv/detail/set_parameter__rosidl_typesupport_introspection_cpp.hpp
-- Up-to-date symlink: /home/hrlsh/scrub_nurse_ws/install/gripper_interfaces/include/gripper_interfaces/gripper_interfaces/srv/detail/slave_change__rosidl_typesupport_introspection_cpp.hpp
-- Up-to-date symlink: /home/hrlsh/scrub_nurse_ws/install/gripper_interfaces/include/gripper_interfaces/gripper_interfaces/srv/detail/stop_motor__rosidl_typesupport_introspection_cpp.hpp
-- Up-to-date symlink: /home/hrlsh/scrub_nurse_ws/install/gripper_interfaces/share/gripper_interfaces/environment/pythonpath.sh
-- Up-to-date symlink: /home/hrlsh/scrub_nurse_ws/install/gripper_interfaces/share/gripper_interfaces/environment/pythonpath.dsv
-- Up-to-date symlink: /home/hrlsh/scrub_nurse_ws/install/gripper_interfaces/local/lib/python3.10/dist-packages/gripper_interfaces-0.1.0-py3.10.egg-info/PKG-INFO
-- Up-to-date symlink: /home/hrlsh/scrub_nurse_ws/install/gripper_interfaces/local/lib/python3.10/dist-packages/gripper_interfaces-0.1.0-py3.10.egg-info/SOURCES.txt
-- Up-to-date symlink: /home/hrlsh/scrub_nurse_ws/install/gripper_interfaces/local/lib/python3.10/dist-packages/gripper_interfaces-0.1.0-py3.10.egg-info/dependency_links.txt
-- Up-to-date symlink: /home/hrlsh/scrub_nurse_ws/install/gripper_interfaces/local/lib/python3.10/dist-packages/gripper_interfaces-0.1.0-py3.10.egg-info/top_level.txt
-- Up-to-date symlink: /home/hrlsh/scrub_nurse_ws/install/gripper_interfaces/local/lib/python3.10/dist-packages/gripper_interfaces/__init__.py
-- Up-to-date symlink: /home/hrlsh/scrub_nurse_ws/install/gripper_interfaces/local/lib/python3.10/dist-packages/gripper_interfaces/_gripper_interfaces_s.ep.rosidl_typesupport_c.c
-- Up-to-date symlink: /home/hrlsh/scrub_nurse_ws/install/gripper_interfaces/local/lib/python3.10/dist-packages/gripper_interfaces/_gripper_interfaces_s.ep.rosidl_typesupport_fastrtps_c.c
-- Up-to-date symlink: /home/hrlsh/scrub_nurse_ws/install/gripper_interfaces/local/lib/python3.10/dist-packages/gripper_interfaces/_gripper_interfaces_s.ep.rosidl_typesupport_introspection_c.c
-- Up-to-date symlink: /home/hrlsh/scrub_nurse_ws/install/gripper_interfaces/local/lib/python3.10/dist-packages/gripper_interfaces/action/__init__.py
-- Up-to-date symlink: /home/hrlsh/scrub_nurse_ws/install/gripper_interfaces/local/lib/python3.10/dist-packages/gripper_interfaces/action/_gripper.py
-- Up-to-date symlink: /home/hrlsh/scrub_nurse_ws/install/gripper_interfaces/local/lib/python3.10/dist-packages/gripper_interfaces/action/_gripper_s.c
-- Up-to-date symlink: /home/hrlsh/scrub_nurse_ws/install/gripper_interfaces/local/lib/python3.10/dist-packages/gripper_interfaces/gripper_interfaces_s__rosidl_typesupport_c.cpython-310-x86_64-linux-gnu.so
-- Up-to-date symlink: /home/hrlsh/scrub_nurse_ws/install/gripper_interfaces/local/lib/python3.10/dist-packages/gripper_interfaces/gripper_interfaces_s__rosidl_typesupport_fastrtps_c.cpython-310-x86_64-linux-gnu.so
-- Up-to-date symlink: /home/hrlsh/scrub_nurse_ws/install/gripper_interfaces/local/lib/python3.10/dist-packages/gripper_interfaces/gripper_interfaces_s__rosidl_typesupport_introspection_c.cpython-310-x86_64-linux-gnu.so
-- Up-to-date symlink: /home/hrlsh/scrub_nurse_ws/install/gripper_interfaces/local/lib/python3.10/dist-packages/gripper_interfaces/libgripper_interfaces__rosidl_generator_py.so
-- Up-to-date symlink: /home/hrlsh/scrub_nurse_ws/install/gripper_interfaces/local/lib/python3.10/dist-packages/gripper_interfaces/msg/__init__.py
-- Up-to-date symlink: /home/hrlsh/scrub_nurse_ws/install/gripper_interfaces/local/lib/python3.10/dist-packages/gripper_interfaces/msg/_gripper_msg.py
-- Up-to-date symlink: /home/hrlsh/scrub_nurse_ws/install/gripper_interfaces/local/lib/python3.10/dist-packages/gripper_interfaces/msg/_gripper_msg_s.c
-- Up-to-date symlink: /home/hrlsh/scrub_nurse_ws/install/gripper_interfaces/local/lib/python3.10/dist-packages/gripper_interfaces/srv/__init__.py
-- Up-to-date symlink: /home/hrlsh/scrub_nurse_ws/install/gripper_interfaces/local/lib/python3.10/dist-packages/gripper_interfaces/srv/_arduino_control.py
-- Up-to-date symlink: /home/hrlsh/scrub_nurse_ws/install/gripper_interfaces/local/lib/python3.10/dist-packages/gripper_interfaces/srv/_arduino_control_s.c
-- Up-to-date symlink: /home/hrlsh/scrub_nurse_ws/install/gripper_interfaces/local/lib/python3.10/dist-packages/gripper_interfaces/srv/_driver_enable.py
-- Up-to-date symlink: /home/hrlsh/scrub_nurse_ws/install/gripper_interfaces/local/lib/python3.10/dist-packages/gripper_interfaces/srv/_driver_enable_s.c
-- Up-to-date symlink: /home/hrlsh/scrub_nurse_ws/install/gripper_interfaces/local/lib/python3.10/dist-packages/gripper_interfaces/srv/_gripper_command.py
-- Up-to-date symlink: /home/hrlsh/scrub_nurse_ws/install/gripper_interfaces/local/lib/python3.10/dist-packages/gripper_interfaces/srv/_gripper_command_s.c
-- Up-to-date symlink: /home/hrlsh/scrub_nurse_ws/install/gripper_interfaces/local/lib/python3.10/dist-packages/gripper_interfaces/srv/_gripper_control.py
-- Up-to-date symlink: /home/hrlsh/scrub_nurse_ws/install/gripper_interfaces/local/lib/python3.10/dist-packages/gripper_interfaces/srv/_gripper_control_s.c
-- Up-to-date symlink: /home/hrlsh/scrub_nurse_ws/install/gripper_interfaces/local/lib/python3.10/dist-packages/gripper_interfaces/srv/_modbus.py
-- Up-to-date symlink: /home/hrlsh/scrub_nurse_ws/install/gripper_interfaces/local/lib/python3.10/dist-packages/gripper_interfaces/srv/_modbus_s.c
-- Up-to-date symlink: /home/hrlsh/scrub_nurse_ws/install/gripper_interfaces/local/lib/python3.10/dist-packages/gripper_interfaces/srv/_pos_vel_cur_ctrl.py
-- Up-to-date symlink: /home/hrlsh/scrub_nurse_ws/install/gripper_interfaces/local/lib/python3.10/dist-packages/gripper_interfaces/srv/_pos_vel_cur_ctrl_s.c
-- Up-to-date symlink: /home/hrlsh/scrub_nurse_ws/install/gripper_interfaces/local/lib/python3.10/dist-packages/gripper_interfaces/srv/_set_parameter.py
-- Up-to-date symlink: /home/hrlsh/scrub_nurse_ws/install/gripper_interfaces/local/lib/python3.10/dist-packages/gripper_interfaces/srv/_set_parameter_s.c
-- Up-to-date symlink: /home/hrlsh/scrub_nurse_ws/install/gripper_interfaces/local/lib/python3.10/dist-packages/gripper_interfaces/srv/_slave_change.py
-- Up-to-date symlink: /home/hrlsh/scrub_nurse_ws/install/gripper_interfaces/local/lib/python3.10/dist-packages/gripper_interfaces/srv/_slave_change_s.c
-- Up-to-date symlink: /home/hrlsh/scrub_nurse_ws/install/gripper_interfaces/local/lib/python3.10/dist-packages/gripper_interfaces/srv/_stop_motor.py
-- Up-to-date symlink: /home/hrlsh/scrub_nurse_ws/install/gripper_interfaces/local/lib/python3.10/dist-packages/gripper_interfaces/srv/_stop_motor_s.c
-- Up-to-date symlink: /home/hrlsh/scrub_nurse_ws/install/gripper_interfaces/local/lib/python3.10/dist-packages/gripper_interfaces/gripper_interfaces_s__rosidl_typesupport_fastrtps_c.cpython-310-x86_64-linux-gnu.so
-- Up-to-date symlink: /home/hrlsh/scrub_nurse_ws/install/gripper_interfaces/local/lib/python3.10/dist-packages/gripper_interfaces/gripper_interfaces_s__rosidl_typesupport_introspection_c.cpython-310-x86_64-linux-gnu.so
-- Up-to-date symlink: /home/hrlsh/scrub_nurse_ws/install/gripper_interfaces/local/lib/python3.10/dist-packages/gripper_interfaces/gripper_interfaces_s__rosidl_typesupport_c.cpython-310-x86_64-linux-gnu.so
-- Up-to-date symlink: /home/hrlsh/scrub_nurse_ws/install/gripper_interfaces/share/ament_index/resource_index/rust_packages/gripper_interfaces
-- Up-to-date symlink: /home/hrlsh/scrub_nurse_ws/install/gripper_interfaces/share/gripper_interfaces/rust/Cargo.toml
-- Up-to-date symlink: /home/hrlsh/scrub_nurse_ws/install/gripper_interfaces/share/gripper_interfaces/rust/build.rs
-- Up-to-date symlink: /home/hrlsh/scrub_nurse_ws/install/gripper_interfaces/share/gripper_interfaces/rust/src/action.rs
-- Up-to-date symlink: /home/hrlsh/scrub_nurse_ws/install/gripper_interfaces/share/gripper_interfaces/rust/src/action/rmw.rs
-- Up-to-date symlink: /home/hrlsh/scrub_nurse_ws/install/gripper_interfaces/share/gripper_interfaces/rust/src/lib.rs
-- Up-to-date symlink: /home/hrlsh/scrub_nurse_ws/install/gripper_interfaces/share/gripper_interfaces/rust/src/msg.rs
-- Up-to-date symlink: /home/hrlsh/scrub_nurse_ws/install/gripper_interfaces/share/gripper_interfaces/rust/src/msg/rmw.rs
-- Up-to-date symlink: /home/hrlsh/scrub_nurse_ws/install/gripper_interfaces/share/gripper_interfaces/rust/src/srv.rs
-- Up-to-date symlink: /home/hrlsh/scrub_nurse_ws/install/gripper_interfaces/share/gripper_interfaces/rust/src/srv/rmw.rs
-- Up-to-date symlink: /home/hrlsh/scrub_nurse_ws/install/gripper_interfaces/share/gripper_interfaces/msg/GripperMsg.idl
-- Up-to-date symlink: /home/hrlsh/scrub_nurse_ws/install/gripper_interfaces/share/gripper_interfaces/srv/SlaveChange.idl
-- Up-to-date symlink: /home/hrlsh/scrub_nurse_ws/install/gripper_interfaces/share/gripper_interfaces/srv/PosVelCurCtrl.idl
-- Up-to-date symlink: /home/hrlsh/scrub_nurse_ws/install/gripper_interfaces/share/gripper_interfaces/srv/DriverEnable.idl
-- Up-to-date symlink: /home/hrlsh/scrub_nurse_ws/install/gripper_interfaces/share/gripper_interfaces/srv/SetParameter.idl
-- Up-to-date symlink: /home/hrlsh/scrub_nurse_ws/install/gripper_interfaces/share/gripper_interfaces/srv/GripperControl.idl
-- Up-to-date symlink: /home/hrlsh/scrub_nurse_ws/install/gripper_interfaces/share/gripper_interfaces/srv/ArduinoControl.idl
-- Up-to-date symlink: /home/hrlsh/scrub_nurse_ws/install/gripper_interfaces/share/gripper_interfaces/srv/Modbus.idl
-- Up-to-date symlink: /home/hrlsh/scrub_nurse_ws/install/gripper_interfaces/share/gripper_interfaces/srv/GripperCommand.idl
-- Up-to-date symlink: /home/hrlsh/scrub_nurse_ws/install/gripper_interfaces/share/gripper_interfaces/srv/StopMotor.idl
-- Up-to-date symlink: /home/hrlsh/scrub_nurse_ws/install/gripper_interfaces/share/gripper_interfaces/action/Gripper.idl
-- Up-to-date symlink: /home/hrlsh/scrub_nurse_ws/install/gripper_interfaces/share/gripper_interfaces/msg/GripperMsg.msg
-- Up-to-date symlink: /home/hrlsh/scrub_nurse_ws/install/gripper_interfaces/share/gripper_interfaces/srv/SlaveChange.srv
-- Up-to-date symlink: /home/hrlsh/scrub_nurse_ws/install/gripper_interfaces/share/gripper_interfaces/srv/SlaveChange_Request.msg
-- Up-to-date symlink: /home/hrlsh/scrub_nurse_ws/install/gripper_interfaces/share/gripper_interfaces/srv/SlaveChange_Response.msg
-- Up-to-date symlink: /home/hrlsh/scrub_nurse_ws/install/gripper_interfaces/share/gripper_interfaces/srv/PosVelCurCtrl.srv
-- Up-to-date symlink: /home/hrlsh/scrub_nurse_ws/install/gripper_interfaces/share/gripper_interfaces/srv/PosVelCurCtrl_Request.msg
-- Up-to-date symlink: /home/hrlsh/scrub_nurse_ws/install/gripper_interfaces/share/gripper_interfaces/srv/PosVelCurCtrl_Response.msg
-- Up-to-date symlink: /home/hrlsh/scrub_nurse_ws/install/gripper_interfaces/share/gripper_interfaces/srv/DriverEnable.srv
-- Up-to-date symlink: /home/hrlsh/scrub_nurse_ws/install/gripper_interfaces/share/gripper_interfaces/srv/DriverEnable_Request.msg
-- Up-to-date symlink: /home/hrlsh/scrub_nurse_ws/install/gripper_interfaces/share/gripper_interfaces/srv/DriverEnable_Response.msg
-- Up-to-date symlink: /home/hrlsh/scrub_nurse_ws/install/gripper_interfaces/share/gripper_interfaces/srv/SetParameter.srv
-- Up-to-date symlink: /home/hrlsh/scrub_nurse_ws/install/gripper_interfaces/share/gripper_interfaces/srv/SetParameter_Request.msg
-- Up-to-date symlink: /home/hrlsh/scrub_nurse_ws/install/gripper_interfaces/share/gripper_interfaces/srv/SetParameter_Response.msg
-- Up-to-date symlink: /home/hrlsh/scrub_nurse_ws/install/gripper_interfaces/share/gripper_interfaces/srv/GripperControl.srv
-- Up-to-date symlink: /home/hrlsh/scrub_nurse_ws/install/gripper_interfaces/share/gripper_interfaces/srv/GripperControl_Request.msg
-- Up-to-date symlink: /home/hrlsh/scrub_nurse_ws/install/gripper_interfaces/share/gripper_interfaces/srv/GripperControl_Response.msg
-- Up-to-date symlink: /home/hrlsh/scrub_nurse_ws/install/gripper_interfaces/share/gripper_interfaces/srv/ArduinoControl.srv
-- Up-to-date symlink: /home/hrlsh/scrub_nurse_ws/install/gripper_interfaces/share/gripper_interfaces/srv/ArduinoControl_Request.msg
-- Up-to-date symlink: /home/hrlsh/scrub_nurse_ws/install/gripper_interfaces/share/gripper_interfaces/srv/ArduinoControl_Response.msg
-- Up-to-date symlink: /home/hrlsh/scrub_nurse_ws/install/gripper_interfaces/share/gripper_interfaces/srv/Modbus.srv
-- Up-to-date symlink: /home/hrlsh/scrub_nurse_ws/install/gripper_interfaces/share/gripper_interfaces/srv/Modbus_Request.msg
-- Up-to-date symlink: /home/hrlsh/scrub_nurse_ws/install/gripper_interfaces/share/gripper_interfaces/srv/Modbus_Response.msg
-- Up-to-date symlink: /home/hrlsh/scrub_nurse_ws/install/gripper_interfaces/share/gripper_interfaces/srv/GripperCommand.srv
-- Up-to-date symlink: /home/hrlsh/scrub_nurse_ws/install/gripper_interfaces/share/gripper_interfaces/srv/GripperCommand_Request.msg
-- Up-to-date symlink: /home/hrlsh/scrub_nurse_ws/install/gripper_interfaces/share/gripper_interfaces/srv/GripperCommand_Response.msg
-- Up-to-date symlink: /home/hrlsh/scrub_nurse_ws/install/gripper_interfaces/share/gripper_interfaces/srv/StopMotor.srv
-- Up-to-date symlink: /home/hrlsh/scrub_nurse_ws/install/gripper_interfaces/share/gripper_interfaces/srv/StopMotor_Request.msg
-- Up-to-date symlink: /home/hrlsh/scrub_nurse_ws/install/gripper_interfaces/share/gripper_interfaces/srv/StopMotor_Response.msg
-- Up-to-date symlink: /home/hrlsh/scrub_nurse_ws/install/gripper_interfaces/share/gripper_interfaces/action/Gripper.action
-- Up-to-date symlink: /home/hrlsh/scrub_nurse_ws/install/gripper_interfaces/share/ament_index/resource_index/package_run_dependencies/gripper_interfaces
-- Up-to-date symlink: /home/hrlsh/scrub_nurse_ws/install/gripper_interfaces/share/ament_index/resource_index/parent_prefix_path/gripper_interfaces
-- Up-to-date symlink: /home/hrlsh/scrub_nurse_ws/install/gripper_interfaces/share/gripper_interfaces/environment/ament_prefix_path.sh
-- Up-to-date symlink: /home/hrlsh/scrub_nurse_ws/install/gripper_interfaces/share/gripper_interfaces/environment/ament_prefix_path.dsv
-- Up-to-date symlink: /home/hrlsh/scrub_nurse_ws/install/gripper_interfaces/share/gripper_interfaces/environment/path.sh
-- Up-to-date symlink: /home/hrlsh/scrub_nurse_ws/install/gripper_interfaces/share/gripper_interfaces/environment/path.dsv
-- Up-to-date symlink: /home/hrlsh/scrub_nurse_ws/install/gripper_interfaces/share/gripper_interfaces/local_setup.bash
-- Up-to-date symlink: /home/hrlsh/scrub_nurse_ws/install/gripper_interfaces/share/gripper_interfaces/local_setup.sh
-- Up-to-date symlink: /home/hrlsh/scrub_nurse_ws/install/gripper_interfaces/share/gripper_interfaces/local_setup.zsh
-- Up-to-date symlink: /home/hrlsh/scrub_nurse_ws/install/gripper_interfaces/share/gripper_interfaces/local_setup.dsv
-- Symlinking: /home/hrlsh/scrub_nurse_ws/install/gripper_interfaces/share/gripper_interfaces/package.dsv
-- Up-to-date symlink: /home/hrlsh/scrub_nurse_ws/install/gripper_interfaces/share/ament_index/resource_index/packages/gripper_interfaces
-- Up-to-date symlink: /home/hrlsh/scrub_nurse_ws/install/gripper_interfaces/share/gripper_interfaces/cmake/rosidl_cmake-extras.cmake
-- Up-to-date symlink: /home/hrlsh/scrub_nurse_ws/install/gripper_interfaces/share/gripper_interfaces/cmake/ament_cmake_export_dependencies-extras.cmake
-- Up-to-date symlink: /home/hrlsh/scrub_nurse_ws/install/gripper_interfaces/share/gripper_interfaces/cmake/ament_cmake_export_include_directories-extras.cmake
-- Up-to-date symlink: /home/hrlsh/scrub_nurse_ws/install/gripper_interfaces/share/gripper_interfaces/cmake/ament_cmake_export_libraries-extras.cmake
-- Up-to-date symlink: /home/hrlsh/scrub_nurse_ws/install/gripper_interfaces/share/gripper_interfaces/cmake/ament_cmake_export_targets-extras.cmake
-- Up-to-date symlink: /home/hrlsh/scrub_nurse_ws/install/gripper_interfaces/share/gripper_interfaces/cmake/rosidl_cmake_export_typesupport_targets-extras.cmake
-- Up-to-date symlink: /home/hrlsh/scrub_nurse_ws/install/gripper_interfaces/share/gripper_interfaces/cmake/rosidl_cmake_export_typesupport_libraries-extras.cmake
-- Up-to-date symlink: /home/hrlsh/scrub_nurse_ws/install/gripper_interfaces/share/gripper_interfaces/cmake/gripper_interfacesConfig.cmake
-- Up-to-date symlink: /home/hrlsh/scrub_nurse_ws/install/gripper_interfaces/share/gripper_interfaces/cmake/gripper_interfacesConfig-version.cmake
-- Up-to-date symlink: /home/hrlsh/scrub_nurse_ws/install/gripper_interfaces/share/gripper_interfaces/package.xml
-- Up-to-date: /home/hrlsh/scrub_nurse_ws/install/gripper_interfaces/lib/libgripper_interfaces__rosidl_generator_c.so
-- Up-to-date: /home/hrlsh/scrub_nurse_ws/install/gripper_interfaces/lib/libgripper_interfaces__rosidl_typesupport_fastrtps_c.so
-- Up-to-date: /home/hrlsh/scrub_nurse_ws/install/gripper_interfaces/lib/libgripper_interfaces__rosidl_typesupport_introspection_c.so
-- Up-to-date: /home/hrlsh/scrub_nurse_ws/install/gripper_interfaces/lib/libgripper_interfaces__rosidl_typesupport_c.so
-- Up-to-date: /home/hrlsh/scrub_nurse_ws/install/gripper_interfaces/lib/libgripper_interfaces__rosidl_typesupport_fastrtps_cpp.so
-- Up-to-date: /home/hrlsh/scrub_nurse_ws/install/gripper_interfaces/lib/libgripper_interfaces__rosidl_typesupport_introspection_cpp.so
-- Up-to-date: /home/hrlsh/scrub_nurse_ws/install/gripper_interfaces/lib/libgripper_interfaces__rosidl_typesupport_cpp.so
Listing '/home/hrlsh/scrub_nurse_ws/install/gripper_interfaces/local/lib/python3.10/dist-packages/gripper_interfaces'...
Listing '/home/hrlsh/scrub_nurse_ws/install/gripper_interfaces/local/lib/python3.10/dist-packages/gripper_interfaces/action'...
Listing '/home/hrlsh/scrub_nurse_ws/install/gripper_interfaces/local/lib/python3.10/dist-packages/gripper_interfaces/msg'...
Listing '/home/hrlsh/scrub_nurse_ws/install/gripper_interfaces/local/lib/python3.10/dist-packages/gripper_interfaces/srv'...
-- Up-to-date: /home/hrlsh/scrub_nurse_ws/install/gripper_interfaces/lib/libgripper_interfaces__rosidl_generator_py.so
-- Up-to-date: /home/hrlsh/scrub_nurse_ws/install/gripper_interfaces/share/gripper_interfaces/cmake/export_gripper_interfaces__rosidl_generator_cExport.cmake
-- Up-to-date: /home/hrlsh/scrub_nurse_ws/install/gripper_interfaces/share/gripper_interfaces/cmake/export_gripper_interfaces__rosidl_generator_cExport-noconfig.cmake
-- Up-to-date: /home/hrlsh/scrub_nurse_ws/install/gripper_interfaces/share/gripper_interfaces/cmake/export_gripper_interfaces__rosidl_typesupport_fastrtps_cExport.cmake
-- Up-to-date: /home/hrlsh/scrub_nurse_ws/install/gripper_interfaces/share/gripper_interfaces/cmake/export_gripper_interfaces__rosidl_typesupport_fastrtps_cExport-noconfig.cmake
-- Up-to-date: /home/hrlsh/scrub_nurse_ws/install/gripper_interfaces/share/gripper_interfaces/cmake/gripper_interfaces__rosidl_typesupport_introspection_cExport.cmake
-- Up-to-date: /home/hrlsh/scrub_nurse_ws/install/gripper_interfaces/share/gripper_interfaces/cmake/gripper_interfaces__rosidl_typesupport_introspection_cExport-noconfig.cmake
-- Up-to-date: /home/hrlsh/scrub_nurse_ws/install/gripper_interfaces/share/gripper_interfaces/cmake/gripper_interfaces__rosidl_typesupport_cExport.cmake
-- Up-to-date: /home/hrlsh/scrub_nurse_ws/install/gripper_interfaces/share/gripper_interfaces/cmake/gripper_interfaces__rosidl_typesupport_cExport-noconfig.cmake
-- Up-to-date: /home/hrlsh/scrub_nurse_ws/install/gripper_interfaces/share/gripper_interfaces/cmake/export_gripper_interfaces__rosidl_generator_cppExport.cmake
-- Up-to-date: /home/hrlsh/scrub_nurse_ws/install/gripper_interfaces/share/gripper_interfaces/cmake/export_gripper_interfaces__rosidl_typesupport_fastrtps_cppExport.cmake
-- Up-to-date: /home/hrlsh/scrub_nurse_ws/install/gripper_interfaces/share/gripper_interfaces/cmake/export_gripper_interfaces__rosidl_typesupport_fastrtps_cppExport-noconfig.cmake
-- Up-to-date: /home/hrlsh/scrub_nurse_ws/install/gripper_interfaces/share/gripper_interfaces/cmake/gripper_interfaces__rosidl_typesupport_introspection_cppExport.cmake
-- Up-to-date: /home/hrlsh/scrub_nurse_ws/install/gripper_interfaces/share/gripper_interfaces/cmake/gripper_interfaces__rosidl_typesupport_introspection_cppExport-noconfig.cmake
-- Up-to-date: /home/hrlsh/scrub_nurse_ws/install/gripper_interfaces/share/gripper_interfaces/cmake/gripper_interfaces__rosidl_typesupport_cppExport.cmake
-- Up-to-date: /home/hrlsh/scrub_nurse_ws/install/gripper_interfaces/share/gripper_interfaces/cmake/gripper_interfaces__rosidl_typesupport_cppExport-noconfig.cmake
-- Up-to-date: /home/hrlsh/scrub_nurse_ws/install/gripper_interfaces/share/gripper_interfaces/cmake/export_gripper_interfaces__rosidl_generator_pyExport.cmake
-- Up-to-date: /home/hrlsh/scrub_nurse_ws/install/gripper_interfaces/share/gripper_interfaces/cmake/export_gripper_interfaces__rosidl_generator_pyExport-noconfig.cmake
