[0.011s] Invoking command in '/home/hrlsh/scrub_nurse_ws/build/ur_robot_manager_interfaces': CMAKE_PREFIX_PATH=${CMAKE_PREFIX_PATH}:/home/hrlsh/scrub_nurse_ws/install/nurse_control:/home/hrlsh/scrub_nurse_ws/install/nurse_planning:/home/hrlsh/scrub_nurse_ws/install/nurse_perception:/opt/ros/humble /usr/bin/cmake /home/hrlsh/scrub_nurse_ws/src/ur_robot_manager_interfaces -DAMENT_CMAKE_SYMLINK_INSTALL=1 -DCMAKE_INSTALL_PREFIX=/home/hrlsh/scrub_nurse_ws/install/ur_robot_manager_interfaces
[0.018s] -- Found ament_cmake: 1.3.14 (/opt/ros/humble/share/ament_cmake/cmake)
[0.068s] -- Found Python3: /home/hrlsh/ai_env/vla_venv/bin/python3 (found version "3.10.12") found components: Interpreter 
[0.118s] -- Override CMake install command with custom implementation using symlinks instead of copying resources
[0.123s] -- Found rosidl_default_generators: 1.2.1 (/opt/ros/humble/share/rosidl_default_generators/cmake)
[0.125s] -- Using all available rosidl_typesupport_c: rosidl_typesupport_fastrtps_c;rosidl_typesupport_introspection_c
[0.127s] -- Found rosidl_adapter: 3.1.8 (/opt/ros/humble/share/rosidl_adapter/cmake)
[0.151s] -- Using all available rosidl_typesupport_cpp: rosidl_typesupport_fastrtps_cpp;rosidl_typesupport_introspection_cpp
[0.173s] -- Found action_msgs: 1.2.2 (/opt/ros/humble/share/action_msgs/cmake)
[0.671s] -- Found ament_cmake_ros: 0.10.0 (/opt/ros/humble/share/ament_cmake_ros/cmake)
[1.154s] -- Using all available rosidl_typesupport_c: rosidl_typesupport_fastrtps_c;rosidl_typesupport_introspection_c
[1.999s] -- Using all available rosidl_typesupport_cpp: rosidl_typesupport_fastrtps_cpp;rosidl_typesupport_introspection_cpp
[2.038s] -- Found python_cmake_module: 0.10.0 (/opt/ros/humble/share/python_cmake_module/cmake)
[2.076s] -- Using PYTHON_EXECUTABLE: /usr/bin/python3
[2.076s] -- Using PYTHON_INCLUDE_DIRS: /usr/include/python3.10
[2.077s] -- Using PYTHON_LIBRARIES: /usr/lib/x86_64-linux-gnu/libpython3.10.so
[2.365s] -- Found ament_lint_auto: 0.12.15 (/opt/ros/humble/share/ament_lint_auto/cmake)
[2.409s] -- Added test 'copyright' to check source files copyright and LICENSE
[2.414s] -- Added test 'lint_cmake' to check CMake code style
[2.418s] -- Added test 'xmllint' to check XML markup files
[2.430s] -- Configuring done
[2.600s] -- Generating done
[2.630s] -- Build files have been written to: /home/hrlsh/scrub_nurse_ws/build/ur_robot_manager_interfaces
[2.639s] Invoked command in '/home/hrlsh/scrub_nurse_ws/build/ur_robot_manager_interfaces' returned '0': CMAKE_PREFIX_PATH=${CMAKE_PREFIX_PATH}:/home/hrlsh/scrub_nurse_ws/install/nurse_control:/home/hrlsh/scrub_nurse_ws/install/nurse_planning:/home/hrlsh/scrub_nurse_ws/install/nurse_perception:/opt/ros/humble /usr/bin/cmake /home/hrlsh/scrub_nurse_ws/src/ur_robot_manager_interfaces -DAMENT_CMAKE_SYMLINK_INSTALL=1 -DCMAKE_INSTALL_PREFIX=/home/hrlsh/scrub_nurse_ws/install/ur_robot_manager_interfaces
[2.642s] Invoking command in '/home/hrlsh/scrub_nurse_ws/build/ur_robot_manager_interfaces': CMAKE_PREFIX_PATH=${CMAKE_PREFIX_PATH}:/home/hrlsh/scrub_nurse_ws/install/nurse_control:/home/hrlsh/scrub_nurse_ws/install/nurse_planning:/home/hrlsh/scrub_nurse_ws/install/nurse_perception:/opt/ros/humble /usr/bin/cmake --build /home/hrlsh/scrub_nurse_ws/build/ur_robot_manager_interfaces -- -j20 -l20
[2.683s] [35m[1mConsolidate compiler generated dependencies of target ur_robot_manager_interfaces__rosidl_generator_c[0m
[2.694s] [  2%] Built target ur_robot_manager_interfaces__cpp
[2.695s] [  5%] Built target ur_robot_manager_interfaces__rs
[2.697s] [ 10%] [32mBuilding C object CMakeFiles/ur_robot_manager_interfaces__rosidl_generator_c.dir/rosidl_generator_c/ur_robot_manager_interfaces/action/detail/robot_task__functions.c.o[0m
[2.697s] [ 10%] [32mBuilding C object CMakeFiles/ur_robot_manager_interfaces__rosidl_generator_c.dir/rosidl_generator_c/ur_robot_manager_interfaces/msg/detail/delay_info__functions.c.o[0m
[2.703s] [ 10%] Built target ament_cmake_python_symlink_ur_robot_manager_interfaces
[2.707s] [35m[1mConsolidate compiler generated dependencies of target ur_robot_manager_interfaces__rosidl_typesupport_fastrtps_cpp[0m
[2.707s] [35m[1mConsolidate compiler generated dependencies of target ur_robot_manager_interfaces__rosidl_typesupport_introspection_cpp[0m
[2.707s] [35m[1mConsolidate compiler generated dependencies of target ur_robot_manager_interfaces__rosidl_typesupport_cpp[0m
[2.726s] [ 12%] [32mBuilding CXX object CMakeFiles/ur_robot_manager_interfaces__rosidl_typesupport_fastrtps_cpp.dir/rosidl_typesupport_fastrtps_cpp/ur_robot_manager_interfaces/action/detail/dds_fastrtps/robot_task__type_support.cpp.o[0m
[2.726s] [ 15%] [32mBuilding CXX object CMakeFiles/ur_robot_manager_interfaces__rosidl_typesupport_fastrtps_cpp.dir/rosidl_typesupport_fastrtps_cpp/ur_robot_manager_interfaces/msg/detail/dds_fastrtps/delay_info__type_support.cpp.o[0m
[2.726s] [ 17%] [32mBuilding CXX object CMakeFiles/ur_robot_manager_interfaces__rosidl_typesupport_introspection_cpp.dir/rosidl_typesupport_introspection_cpp/ur_robot_manager_interfaces/msg/detail/delay_info__type_support.cpp.o[0m
[2.732s] [ 20%] [32mBuilding CXX object CMakeFiles/ur_robot_manager_interfaces__rosidl_typesupport_introspection_cpp.dir/rosidl_typesupport_introspection_cpp/ur_robot_manager_interfaces/action/detail/robot_task__type_support.cpp.o[0m
[2.732s] [ 22%] [32mBuilding CXX object CMakeFiles/ur_robot_manager_interfaces__rosidl_typesupport_cpp.dir/rosidl_typesupport_cpp/ur_robot_manager_interfaces/msg/delay_info__type_support.cpp.o[0m
[2.732s] [ 25%] [32mBuilding CXX object CMakeFiles/ur_robot_manager_interfaces__rosidl_typesupport_cpp.dir/rosidl_typesupport_cpp/ur_robot_manager_interfaces/action/robot_task__type_support.cpp.o[0m
[2.945s] [ 27%] [32m[1mLinking C shared library libur_robot_manager_interfaces__rosidl_generator_c.so[0m
[3.011s] [ 30%] Built target ur_robot_manager_interfaces__rosidl_generator_c
[3.067s] [35m[1mConsolidate compiler generated dependencies of target ur_robot_manager_interfaces__rosidl_typesupport_fastrtps_c[0m
[3.097s] [35m[1mConsolidate compiler generated dependencies of target ur_robot_manager_interfaces__rosidl_typesupport_introspection_c[0m
[3.114s] [35m[1mConsolidate compiler generated dependencies of target ur_robot_manager_interfaces__rosidl_typesupport_c[0m
[3.115s] running egg_info
[3.122s] [ 32%] [32mBuilding CXX object CMakeFiles/ur_robot_manager_interfaces__rosidl_typesupport_fastrtps_c.dir/rosidl_typesupport_fastrtps_c/ur_robot_manager_interfaces/msg/detail/delay_info__type_support_c.cpp.o[0m
[3.125s] [ 35%] [32mBuilding C object CMakeFiles/ur_robot_manager_interfaces__rosidl_typesupport_introspection_c.dir/rosidl_typesupport_introspection_c/ur_robot_manager_interfaces/action/detail/robot_task__type_support.c.o[0m
[3.128s] [ 37%] [32mBuilding CXX object CMakeFiles/ur_robot_manager_interfaces__rosidl_typesupport_fastrtps_c.dir/rosidl_typesupport_fastrtps_c/ur_robot_manager_interfaces/action/detail/robot_task__type_support_c.cpp.o[0m
[3.146s] writing ur_robot_manager_interfaces.egg-info/PKG-INFO
[3.147s] writing dependency_links to ur_robot_manager_interfaces.egg-info/dependency_links.txt
[3.147s] writing top-level names to ur_robot_manager_interfaces.egg-info/top_level.txt
[3.166s] [ 40%] [32mBuilding C object CMakeFiles/ur_robot_manager_interfaces__rosidl_typesupport_introspection_c.dir/rosidl_typesupport_introspection_c/ur_robot_manager_interfaces/msg/detail/delay_info__type_support.c.o[0m
[3.182s] [ 42%] [32mBuilding CXX object CMakeFiles/ur_robot_manager_interfaces__rosidl_typesupport_c.dir/rosidl_typesupport_c/ur_robot_manager_interfaces/msg/delay_info__type_support.cpp.o[0m
[3.196s] [ 45%] [32mBuilding CXX object CMakeFiles/ur_robot_manager_interfaces__rosidl_typesupport_c.dir/rosidl_typesupport_c/ur_robot_manager_interfaces/action/robot_task__type_support.cpp.o[0m
[3.286s] reading manifest file 'ur_robot_manager_interfaces.egg-info/SOURCES.txt'
[3.288s] writing manifest file 'ur_robot_manager_interfaces.egg-info/SOURCES.txt'
[3.319s] [ 47%] [32m[1mLinking C shared library libur_robot_manager_interfaces__rosidl_typesupport_introspection_c.so[0m
[3.373s] [ 50%] [32m[1mLinking CXX shared library libur_robot_manager_interfaces__rosidl_typesupport_c.so[0m
[3.380s] [ 50%] Built target ament_cmake_python_build_ur_robot_manager_interfaces_egg
[3.429s] [ 52%] Built target ur_robot_manager_interfaces__rosidl_typesupport_introspection_c
[3.544s] [ 55%] Built target ur_robot_manager_interfaces__rosidl_typesupport_c
[3.597s] [ 57%] [32m[1mLinking CXX shared library libur_robot_manager_interfaces__rosidl_typesupport_cpp.so[0m
[3.755s] [ 60%] Built target ur_robot_manager_interfaces__rosidl_typesupport_cpp
[3.809s] [ 62%] [32m[1mLinking CXX shared library libur_robot_manager_interfaces__rosidl_typesupport_fastrtps_cpp.so[0m
[4.102s] [ 67%] [32m[1mLinking CXX shared library libur_robot_manager_interfaces__rosidl_typesupport_fastrtps_c.so[0m
[4.102s] [ 67%] Built target ur_robot_manager_interfaces__rosidl_typesupport_fastrtps_cpp
[4.398s] [ 70%] Built target ur_robot_manager_interfaces__rosidl_typesupport_fastrtps_c
[4.524s] [ 72%] [32m[1mLinking CXX shared library libur_robot_manager_interfaces__rosidl_typesupport_introspection_cpp.so[0m
[4.799s] [ 75%] Built target ur_robot_manager_interfaces__rosidl_typesupport_introspection_cpp
[4.917s] [ 75%] Built target ur_robot_manager_interfaces
[5.014s] [ 77%] Built target ur_robot_manager_interfaces__py
[5.060s] [35m[1mConsolidate compiler generated dependencies of target ur_robot_manager_interfaces__rosidl_generator_py[0m
[5.087s] [ 80%] [32mBuilding C object CMakeFiles/ur_robot_manager_interfaces__rosidl_generator_py.dir/rosidl_generator_py/ur_robot_manager_interfaces/msg/_delay_info_s.c.o[0m
[5.106s] [ 82%] [32mBuilding C object CMakeFiles/ur_robot_manager_interfaces__rosidl_generator_py.dir/rosidl_generator_py/ur_robot_manager_interfaces/action/_robot_task_s.c.o[0m
[5.269s] [ 85%] [32m[1mLinking C shared library rosidl_generator_py/ur_robot_manager_interfaces/libur_robot_manager_interfaces__rosidl_generator_py.so[0m
[5.296s] [ 85%] Built target ur_robot_manager_interfaces__rosidl_generator_py
[5.302s] [35m[1mConsolidate compiler generated dependencies of target ur_robot_manager_interfaces__rosidl_typesupport_fastrtps_c__pyext[0m
[5.303s] [35m[1mConsolidate compiler generated dependencies of target ur_robot_manager_interfaces__rosidl_typesupport_introspection_c__pyext[0m
[5.303s] [35m[1mConsolidate compiler generated dependencies of target ur_robot_manager_interfaces__rosidl_typesupport_c__pyext[0m
[5.311s] [ 87%] [32mBuilding C object CMakeFiles/ur_robot_manager_interfaces__rosidl_typesupport_c__pyext.dir/rosidl_generator_py/ur_robot_manager_interfaces/_ur_robot_manager_interfaces_s.ep.rosidl_typesupport_c.c.o[0m
[5.312s] [ 90%] [32mBuilding C object CMakeFiles/ur_robot_manager_interfaces__rosidl_typesupport_introspection_c__pyext.dir/rosidl_generator_py/ur_robot_manager_interfaces/_ur_robot_manager_interfaces_s.ep.rosidl_typesupport_introspection_c.c.o[0m
[5.312s] [ 92%] [32mBuilding C object CMakeFiles/ur_robot_manager_interfaces__rosidl_typesupport_fastrtps_c__pyext.dir/rosidl_generator_py/ur_robot_manager_interfaces/_ur_robot_manager_interfaces_s.ep.rosidl_typesupport_fastrtps_c.c.o[0m
[5.402s] [ 95%] [32m[1mLinking C shared library rosidl_generator_py/ur_robot_manager_interfaces/ur_robot_manager_interfaces_s__rosidl_typesupport_fastrtps_c.cpython-310-x86_64-linux-gnu.so[0m
[5.406s] [ 97%] [32m[1mLinking C shared library rosidl_generator_py/ur_robot_manager_interfaces/ur_robot_manager_interfaces_s__rosidl_typesupport_c.cpython-310-x86_64-linux-gnu.so[0m
[5.424s] [100%] [32m[1mLinking C shared library rosidl_generator_py/ur_robot_manager_interfaces/ur_robot_manager_interfaces_s__rosidl_typesupport_introspection_c.cpython-310-x86_64-linux-gnu.so[0m
[5.428s] [100%] Built target ur_robot_manager_interfaces__rosidl_typesupport_fastrtps_c__pyext
[5.438s] [100%] Built target ur_robot_manager_interfaces__rosidl_typesupport_c__pyext
[5.453s] [100%] Built target ur_robot_manager_interfaces__rosidl_typesupport_introspection_c__pyext
[5.460s] Invoked command in '/home/hrlsh/scrub_nurse_ws/build/ur_robot_manager_interfaces' returned '0': CMAKE_PREFIX_PATH=${CMAKE_PREFIX_PATH}:/home/hrlsh/scrub_nurse_ws/install/nurse_control:/home/hrlsh/scrub_nurse_ws/install/nurse_planning:/home/hrlsh/scrub_nurse_ws/install/nurse_perception:/opt/ros/humble /usr/bin/cmake --build /home/hrlsh/scrub_nurse_ws/build/ur_robot_manager_interfaces -- -j20 -l20
[5.465s] Invoking command in '/home/hrlsh/scrub_nurse_ws/build/ur_robot_manager_interfaces': CMAKE_PREFIX_PATH=${CMAKE_PREFIX_PATH}:/home/hrlsh/scrub_nurse_ws/install/nurse_control:/home/hrlsh/scrub_nurse_ws/install/nurse_planning:/home/hrlsh/scrub_nurse_ws/install/nurse_perception:/opt/ros/humble /usr/bin/cmake --install /home/hrlsh/scrub_nurse_ws/build/ur_robot_manager_interfaces
[5.469s] -- Install configuration: ""
[5.470s] -- Execute custom install script
[5.470s] -- Up-to-date symlink: /home/hrlsh/scrub_nurse_ws/install/ur_robot_manager_interfaces/share/ament_index/resource_index/rosidl_interfaces/ur_robot_manager_interfaces
[5.470s] -- Up-to-date symlink: /home/hrlsh/scrub_nurse_ws/install/ur_robot_manager_interfaces/include/ur_robot_manager_interfaces/ur_robot_manager_interfaces/action/detail/robot_task__functions.h
[5.470s] -- Up-to-date symlink: /home/hrlsh/scrub_nurse_ws/install/ur_robot_manager_interfaces/include/ur_robot_manager_interfaces/ur_robot_manager_interfaces/action/detail/robot_task__struct.h
[5.470s] -- Up-to-date symlink: /home/hrlsh/scrub_nurse_ws/install/ur_robot_manager_interfaces/include/ur_robot_manager_interfaces/ur_robot_manager_interfaces/action/detail/robot_task__type_support.h
[5.471s] -- Up-to-date symlink: /home/hrlsh/scrub_nurse_ws/install/ur_robot_manager_interfaces/include/ur_robot_manager_interfaces/ur_robot_manager_interfaces/action/robot_task.h
[5.471s] -- Up-to-date symlink: /home/hrlsh/scrub_nurse_ws/install/ur_robot_manager_interfaces/include/ur_robot_manager_interfaces/ur_robot_manager_interfaces/msg/delay_info.h
[5.471s] -- Up-to-date symlink: /home/hrlsh/scrub_nurse_ws/install/ur_robot_manager_interfaces/include/ur_robot_manager_interfaces/ur_robot_manager_interfaces/msg/detail/delay_info__functions.h
[5.471s] -- Up-to-date symlink: /home/hrlsh/scrub_nurse_ws/install/ur_robot_manager_interfaces/include/ur_robot_manager_interfaces/ur_robot_manager_interfaces/msg/detail/delay_info__struct.h
[5.471s] -- Up-to-date symlink: /home/hrlsh/scrub_nurse_ws/install/ur_robot_manager_interfaces/include/ur_robot_manager_interfaces/ur_robot_manager_interfaces/msg/detail/delay_info__type_support.h
[5.471s] -- Up-to-date symlink: /home/hrlsh/scrub_nurse_ws/install/ur_robot_manager_interfaces/include/ur_robot_manager_interfaces/ur_robot_manager_interfaces/msg/rosidl_generator_c__visibility_control.h
[5.471s] -- Up-to-date symlink: /home/hrlsh/scrub_nurse_ws/install/ur_robot_manager_interfaces/share/ur_robot_manager_interfaces/environment/library_path.sh
[5.471s] -- Up-to-date symlink: /home/hrlsh/scrub_nurse_ws/install/ur_robot_manager_interfaces/share/ur_robot_manager_interfaces/environment/library_path.dsv
[5.471s] -- Up-to-date symlink: /home/hrlsh/scrub_nurse_ws/install/ur_robot_manager_interfaces/include/ur_robot_manager_interfaces/ur_robot_manager_interfaces/action/detail/robot_task__rosidl_typesupport_fastrtps_c.h
[5.472s] -- Up-to-date symlink: /home/hrlsh/scrub_nurse_ws/install/ur_robot_manager_interfaces/include/ur_robot_manager_interfaces/ur_robot_manager_interfaces/msg/detail/delay_info__rosidl_typesupport_fastrtps_c.h
[5.472s] -- Up-to-date symlink: /home/hrlsh/scrub_nurse_ws/install/ur_robot_manager_interfaces/include/ur_robot_manager_interfaces/ur_robot_manager_interfaces/msg/rosidl_typesupport_fastrtps_c__visibility_control.h
[5.472s] -- Up-to-date symlink: /home/hrlsh/scrub_nurse_ws/install/ur_robot_manager_interfaces/include/ur_robot_manager_interfaces/ur_robot_manager_interfaces/action/detail/robot_task__rosidl_typesupport_introspection_c.h
[5.472s] -- Up-to-date symlink: /home/hrlsh/scrub_nurse_ws/install/ur_robot_manager_interfaces/include/ur_robot_manager_interfaces/ur_robot_manager_interfaces/msg/detail/delay_info__rosidl_typesupport_introspection_c.h
[5.472s] -- Up-to-date symlink: /home/hrlsh/scrub_nurse_ws/install/ur_robot_manager_interfaces/include/ur_robot_manager_interfaces/ur_robot_manager_interfaces/msg/rosidl_typesupport_introspection_c__visibility_control.h
[5.472s] -- Up-to-date symlink: /home/hrlsh/scrub_nurse_ws/install/ur_robot_manager_interfaces/include/ur_robot_manager_interfaces/ur_robot_manager_interfaces/action/detail/robot_task__builder.hpp
[5.472s] -- Up-to-date symlink: /home/hrlsh/scrub_nurse_ws/install/ur_robot_manager_interfaces/include/ur_robot_manager_interfaces/ur_robot_manager_interfaces/action/detail/robot_task__struct.hpp
[5.472s] -- Up-to-date symlink: /home/hrlsh/scrub_nurse_ws/install/ur_robot_manager_interfaces/include/ur_robot_manager_interfaces/ur_robot_manager_interfaces/action/detail/robot_task__traits.hpp
[5.472s] -- Up-to-date symlink: /home/hrlsh/scrub_nurse_ws/install/ur_robot_manager_interfaces/include/ur_robot_manager_interfaces/ur_robot_manager_interfaces/action/detail/robot_task__type_support.hpp
[5.473s] -- Up-to-date symlink: /home/hrlsh/scrub_nurse_ws/install/ur_robot_manager_interfaces/include/ur_robot_manager_interfaces/ur_robot_manager_interfaces/action/robot_task.hpp
[5.473s] -- Up-to-date symlink: /home/hrlsh/scrub_nurse_ws/install/ur_robot_manager_interfaces/include/ur_robot_manager_interfaces/ur_robot_manager_interfaces/msg/delay_info.hpp
[5.473s] -- Up-to-date symlink: /home/hrlsh/scrub_nurse_ws/install/ur_robot_manager_interfaces/include/ur_robot_manager_interfaces/ur_robot_manager_interfaces/msg/detail/delay_info__builder.hpp
[5.473s] -- Up-to-date symlink: /home/hrlsh/scrub_nurse_ws/install/ur_robot_manager_interfaces/include/ur_robot_manager_interfaces/ur_robot_manager_interfaces/msg/detail/delay_info__struct.hpp
[5.473s] -- Up-to-date symlink: /home/hrlsh/scrub_nurse_ws/install/ur_robot_manager_interfaces/include/ur_robot_manager_interfaces/ur_robot_manager_interfaces/msg/detail/delay_info__traits.hpp
[5.473s] -- Up-to-date symlink: /home/hrlsh/scrub_nurse_ws/install/ur_robot_manager_interfaces/include/ur_robot_manager_interfaces/ur_robot_manager_interfaces/msg/detail/delay_info__type_support.hpp
[5.473s] -- Up-to-date symlink: /home/hrlsh/scrub_nurse_ws/install/ur_robot_manager_interfaces/include/ur_robot_manager_interfaces/ur_robot_manager_interfaces/msg/rosidl_generator_cpp__visibility_control.hpp
[5.473s] -- Up-to-date symlink: /home/hrlsh/scrub_nurse_ws/install/ur_robot_manager_interfaces/include/ur_robot_manager_interfaces/ur_robot_manager_interfaces/action/detail/robot_task__rosidl_typesupport_fastrtps_cpp.hpp
[5.473s] -- Up-to-date symlink: /home/hrlsh/scrub_nurse_ws/install/ur_robot_manager_interfaces/include/ur_robot_manager_interfaces/ur_robot_manager_interfaces/msg/detail/delay_info__rosidl_typesupport_fastrtps_cpp.hpp
[5.473s] -- Up-to-date symlink: /home/hrlsh/scrub_nurse_ws/install/ur_robot_manager_interfaces/include/ur_robot_manager_interfaces/ur_robot_manager_interfaces/msg/rosidl_typesupport_fastrtps_cpp__visibility_control.h
[5.474s] -- Up-to-date symlink: /home/hrlsh/scrub_nurse_ws/install/ur_robot_manager_interfaces/include/ur_robot_manager_interfaces/ur_robot_manager_interfaces/action/detail/robot_task__rosidl_typesupport_introspection_cpp.hpp
[5.474s] -- Up-to-date symlink: /home/hrlsh/scrub_nurse_ws/install/ur_robot_manager_interfaces/include/ur_robot_manager_interfaces/ur_robot_manager_interfaces/msg/detail/delay_info__rosidl_typesupport_introspection_cpp.hpp
[5.474s] -- Up-to-date symlink: /home/hrlsh/scrub_nurse_ws/install/ur_robot_manager_interfaces/share/ur_robot_manager_interfaces/environment/pythonpath.sh
[5.474s] -- Up-to-date symlink: /home/hrlsh/scrub_nurse_ws/install/ur_robot_manager_interfaces/share/ur_robot_manager_interfaces/environment/pythonpath.dsv
[5.474s] -- Up-to-date symlink: /home/hrlsh/scrub_nurse_ws/install/ur_robot_manager_interfaces/local/lib/python3.10/dist-packages/ur_robot_manager_interfaces-0.1.0-py3.10.egg-info/PKG-INFO
[5.474s] -- Up-to-date symlink: /home/hrlsh/scrub_nurse_ws/install/ur_robot_manager_interfaces/local/lib/python3.10/dist-packages/ur_robot_manager_interfaces-0.1.0-py3.10.egg-info/SOURCES.txt
[5.474s] -- Up-to-date symlink: /home/hrlsh/scrub_nurse_ws/install/ur_robot_manager_interfaces/local/lib/python3.10/dist-packages/ur_robot_manager_interfaces-0.1.0-py3.10.egg-info/dependency_links.txt
[5.474s] -- Up-to-date symlink: /home/hrlsh/scrub_nurse_ws/install/ur_robot_manager_interfaces/local/lib/python3.10/dist-packages/ur_robot_manager_interfaces-0.1.0-py3.10.egg-info/top_level.txt
[5.475s] -- Up-to-date symlink: /home/hrlsh/scrub_nurse_ws/install/ur_robot_manager_interfaces/local/lib/python3.10/dist-packages/ur_robot_manager_interfaces/__init__.py
[5.475s] -- Up-to-date symlink: /home/hrlsh/scrub_nurse_ws/install/ur_robot_manager_interfaces/local/lib/python3.10/dist-packages/ur_robot_manager_interfaces/_ur_robot_manager_interfaces_s.ep.rosidl_typesupport_c.c
[5.475s] -- Up-to-date symlink: /home/hrlsh/scrub_nurse_ws/install/ur_robot_manager_interfaces/local/lib/python3.10/dist-packages/ur_robot_manager_interfaces/_ur_robot_manager_interfaces_s.ep.rosidl_typesupport_fastrtps_c.c
[5.475s] -- Up-to-date symlink: /home/hrlsh/scrub_nurse_ws/install/ur_robot_manager_interfaces/local/lib/python3.10/dist-packages/ur_robot_manager_interfaces/_ur_robot_manager_interfaces_s.ep.rosidl_typesupport_introspection_c.c
[5.475s] -- Up-to-date symlink: /home/hrlsh/scrub_nurse_ws/install/ur_robot_manager_interfaces/local/lib/python3.10/dist-packages/ur_robot_manager_interfaces/action/__init__.py
[5.475s] -- Up-to-date symlink: /home/hrlsh/scrub_nurse_ws/install/ur_robot_manager_interfaces/local/lib/python3.10/dist-packages/ur_robot_manager_interfaces/action/_robot_task.py
[5.475s] -- Up-to-date symlink: /home/hrlsh/scrub_nurse_ws/install/ur_robot_manager_interfaces/local/lib/python3.10/dist-packages/ur_robot_manager_interfaces/action/_robot_task_s.c
[5.475s] -- Up-to-date symlink: /home/hrlsh/scrub_nurse_ws/install/ur_robot_manager_interfaces/local/lib/python3.10/dist-packages/ur_robot_manager_interfaces/libur_robot_manager_interfaces__rosidl_generator_py.so
[5.475s] -- Up-to-date symlink: /home/hrlsh/scrub_nurse_ws/install/ur_robot_manager_interfaces/local/lib/python3.10/dist-packages/ur_robot_manager_interfaces/msg/__init__.py
[5.476s] -- Up-to-date symlink: /home/hrlsh/scrub_nurse_ws/install/ur_robot_manager_interfaces/local/lib/python3.10/dist-packages/ur_robot_manager_interfaces/msg/_delay_info.py
[5.476s] -- Up-to-date symlink: /home/hrlsh/scrub_nurse_ws/install/ur_robot_manager_interfaces/local/lib/python3.10/dist-packages/ur_robot_manager_interfaces/msg/_delay_info_s.c
[5.476s] -- Up-to-date symlink: /home/hrlsh/scrub_nurse_ws/install/ur_robot_manager_interfaces/local/lib/python3.10/dist-packages/ur_robot_manager_interfaces/ur_robot_manager_interfaces_s__rosidl_typesupport_c.cpython-310-x86_64-linux-gnu.so
[5.476s] -- Up-to-date symlink: /home/hrlsh/scrub_nurse_ws/install/ur_robot_manager_interfaces/local/lib/python3.10/dist-packages/ur_robot_manager_interfaces/ur_robot_manager_interfaces_s__rosidl_typesupport_fastrtps_c.cpython-310-x86_64-linux-gnu.so
[5.476s] -- Up-to-date symlink: /home/hrlsh/scrub_nurse_ws/install/ur_robot_manager_interfaces/local/lib/python3.10/dist-packages/ur_robot_manager_interfaces/ur_robot_manager_interfaces_s__rosidl_typesupport_introspection_c.cpython-310-x86_64-linux-gnu.so
[5.476s] -- Up-to-date symlink: /home/hrlsh/scrub_nurse_ws/install/ur_robot_manager_interfaces/local/lib/python3.10/dist-packages/ur_robot_manager_interfaces/ur_robot_manager_interfaces_s__rosidl_typesupport_fastrtps_c.cpython-310-x86_64-linux-gnu.so
[5.476s] -- Up-to-date symlink: /home/hrlsh/scrub_nurse_ws/install/ur_robot_manager_interfaces/local/lib/python3.10/dist-packages/ur_robot_manager_interfaces/ur_robot_manager_interfaces_s__rosidl_typesupport_introspection_c.cpython-310-x86_64-linux-gnu.so
[5.476s] -- Up-to-date symlink: /home/hrlsh/scrub_nurse_ws/install/ur_robot_manager_interfaces/local/lib/python3.10/dist-packages/ur_robot_manager_interfaces/ur_robot_manager_interfaces_s__rosidl_typesupport_c.cpython-310-x86_64-linux-gnu.so
[5.476s] -- Up-to-date symlink: /home/hrlsh/scrub_nurse_ws/install/ur_robot_manager_interfaces/share/ament_index/resource_index/rust_packages/ur_robot_manager_interfaces
[5.477s] -- Up-to-date symlink: /home/hrlsh/scrub_nurse_ws/install/ur_robot_manager_interfaces/share/ur_robot_manager_interfaces/rust/Cargo.toml
[5.477s] -- Up-to-date symlink: /home/hrlsh/scrub_nurse_ws/install/ur_robot_manager_interfaces/share/ur_robot_manager_interfaces/rust/build.rs
[5.477s] -- Up-to-date symlink: /home/hrlsh/scrub_nurse_ws/install/ur_robot_manager_interfaces/share/ur_robot_manager_interfaces/rust/src/action.rs
[5.477s] -- Up-to-date symlink: /home/hrlsh/scrub_nurse_ws/install/ur_robot_manager_interfaces/share/ur_robot_manager_interfaces/rust/src/action/rmw.rs
[5.477s] -- Up-to-date symlink: /home/hrlsh/scrub_nurse_ws/install/ur_robot_manager_interfaces/share/ur_robot_manager_interfaces/rust/src/lib.rs
[5.477s] -- Up-to-date symlink: /home/hrlsh/scrub_nurse_ws/install/ur_robot_manager_interfaces/share/ur_robot_manager_interfaces/rust/src/msg.rs
[5.477s] -- Up-to-date symlink: /home/hrlsh/scrub_nurse_ws/install/ur_robot_manager_interfaces/share/ur_robot_manager_interfaces/rust/src/msg/rmw.rs
[5.477s] -- Up-to-date symlink: /home/hrlsh/scrub_nurse_ws/install/ur_robot_manager_interfaces/share/ur_robot_manager_interfaces/msg/DelayInfo.idl
[5.477s] -- Up-to-date symlink: /home/hrlsh/scrub_nurse_ws/install/ur_robot_manager_interfaces/share/ur_robot_manager_interfaces/action/RobotTask.idl
[5.477s] -- Up-to-date symlink: /home/hrlsh/scrub_nurse_ws/install/ur_robot_manager_interfaces/share/ur_robot_manager_interfaces/msg/DelayInfo.msg
[5.478s] -- Up-to-date symlink: /home/hrlsh/scrub_nurse_ws/install/ur_robot_manager_interfaces/share/ur_robot_manager_interfaces/action/RobotTask.action
[5.478s] -- Up-to-date symlink: /home/hrlsh/scrub_nurse_ws/install/ur_robot_manager_interfaces/share/ament_index/resource_index/package_run_dependencies/ur_robot_manager_interfaces
[5.478s] -- Up-to-date symlink: /home/hrlsh/scrub_nurse_ws/install/ur_robot_manager_interfaces/share/ament_index/resource_index/parent_prefix_path/ur_robot_manager_interfaces
[5.478s] -- Up-to-date symlink: /home/hrlsh/scrub_nurse_ws/install/ur_robot_manager_interfaces/share/ur_robot_manager_interfaces/environment/ament_prefix_path.sh
[5.478s] -- Up-to-date symlink: /home/hrlsh/scrub_nurse_ws/install/ur_robot_manager_interfaces/share/ur_robot_manager_interfaces/environment/ament_prefix_path.dsv
[5.478s] -- Up-to-date symlink: /home/hrlsh/scrub_nurse_ws/install/ur_robot_manager_interfaces/share/ur_robot_manager_interfaces/environment/path.sh
[5.478s] -- Up-to-date symlink: /home/hrlsh/scrub_nurse_ws/install/ur_robot_manager_interfaces/share/ur_robot_manager_interfaces/environment/path.dsv
[5.478s] -- Up-to-date symlink: /home/hrlsh/scrub_nurse_ws/install/ur_robot_manager_interfaces/share/ur_robot_manager_interfaces/local_setup.bash
[5.478s] -- Up-to-date symlink: /home/hrlsh/scrub_nurse_ws/install/ur_robot_manager_interfaces/share/ur_robot_manager_interfaces/local_setup.sh
[5.478s] -- Up-to-date symlink: /home/hrlsh/scrub_nurse_ws/install/ur_robot_manager_interfaces/share/ur_robot_manager_interfaces/local_setup.zsh
[5.479s] -- Up-to-date symlink: /home/hrlsh/scrub_nurse_ws/install/ur_robot_manager_interfaces/share/ur_robot_manager_interfaces/local_setup.dsv
[5.479s] -- Symlinking: /home/hrlsh/scrub_nurse_ws/install/ur_robot_manager_interfaces/share/ur_robot_manager_interfaces/package.dsv
[5.484s] -- Up-to-date symlink: /home/hrlsh/scrub_nurse_ws/install/ur_robot_manager_interfaces/share/ament_index/resource_index/packages/ur_robot_manager_interfaces
[5.484s] -- Up-to-date symlink: /home/hrlsh/scrub_nurse_ws/install/ur_robot_manager_interfaces/share/ur_robot_manager_interfaces/cmake/rosidl_cmake-extras.cmake
[5.484s] -- Up-to-date symlink: /home/hrlsh/scrub_nurse_ws/install/ur_robot_manager_interfaces/share/ur_robot_manager_interfaces/cmake/ament_cmake_export_dependencies-extras.cmake
[5.484s] -- Up-to-date symlink: /home/hrlsh/scrub_nurse_ws/install/ur_robot_manager_interfaces/share/ur_robot_manager_interfaces/cmake/ament_cmake_export_include_directories-extras.cmake
[5.484s] -- Up-to-date symlink: /home/hrlsh/scrub_nurse_ws/install/ur_robot_manager_interfaces/share/ur_robot_manager_interfaces/cmake/ament_cmake_export_libraries-extras.cmake
[5.484s] -- Up-to-date symlink: /home/hrlsh/scrub_nurse_ws/install/ur_robot_manager_interfaces/share/ur_robot_manager_interfaces/cmake/ament_cmake_export_targets-extras.cmake
[5.484s] -- Up-to-date symlink: /home/hrlsh/scrub_nurse_ws/install/ur_robot_manager_interfaces/share/ur_robot_manager_interfaces/cmake/rosidl_cmake_export_typesupport_targets-extras.cmake
[5.484s] -- Up-to-date symlink: /home/hrlsh/scrub_nurse_ws/install/ur_robot_manager_interfaces/share/ur_robot_manager_interfaces/cmake/rosidl_cmake_export_typesupport_libraries-extras.cmake
[5.484s] -- Up-to-date symlink: /home/hrlsh/scrub_nurse_ws/install/ur_robot_manager_interfaces/share/ur_robot_manager_interfaces/cmake/ur_robot_manager_interfacesConfig.cmake
[5.484s] -- Up-to-date symlink: /home/hrlsh/scrub_nurse_ws/install/ur_robot_manager_interfaces/share/ur_robot_manager_interfaces/cmake/ur_robot_manager_interfacesConfig-version.cmake
[5.485s] -- Up-to-date symlink: /home/hrlsh/scrub_nurse_ws/install/ur_robot_manager_interfaces/share/ur_robot_manager_interfaces/package.xml
[5.485s] -- Installing: /home/hrlsh/scrub_nurse_ws/install/ur_robot_manager_interfaces/lib/libur_robot_manager_interfaces__rosidl_generator_c.so
[5.485s] -- Set runtime path of "/home/hrlsh/scrub_nurse_ws/install/ur_robot_manager_interfaces/lib/libur_robot_manager_interfaces__rosidl_generator_c.so" to ""
[5.485s] -- Installing: /home/hrlsh/scrub_nurse_ws/install/ur_robot_manager_interfaces/lib/libur_robot_manager_interfaces__rosidl_typesupport_fastrtps_c.so
[5.485s] -- Set runtime path of "/home/hrlsh/scrub_nurse_ws/install/ur_robot_manager_interfaces/lib/libur_robot_manager_interfaces__rosidl_typesupport_fastrtps_c.so" to ""
[5.486s] -- Installing: /home/hrlsh/scrub_nurse_ws/install/ur_robot_manager_interfaces/lib/libur_robot_manager_interfaces__rosidl_typesupport_introspection_c.so
[5.486s] -- Set runtime path of "/home/hrlsh/scrub_nurse_ws/install/ur_robot_manager_interfaces/lib/libur_robot_manager_interfaces__rosidl_typesupport_introspection_c.so" to ""
[5.486s] -- Installing: /home/hrlsh/scrub_nurse_ws/install/ur_robot_manager_interfaces/lib/libur_robot_manager_interfaces__rosidl_typesupport_c.so
[5.486s] -- Set runtime path of "/home/hrlsh/scrub_nurse_ws/install/ur_robot_manager_interfaces/lib/libur_robot_manager_interfaces__rosidl_typesupport_c.so" to ""
[5.486s] -- Installing: /home/hrlsh/scrub_nurse_ws/install/ur_robot_manager_interfaces/lib/libur_robot_manager_interfaces__rosidl_typesupport_fastrtps_cpp.so
[5.487s] -- Set runtime path of "/home/hrlsh/scrub_nurse_ws/install/ur_robot_manager_interfaces/lib/libur_robot_manager_interfaces__rosidl_typesupport_fastrtps_cpp.so" to ""
[5.487s] -- Installing: /home/hrlsh/scrub_nurse_ws/install/ur_robot_manager_interfaces/lib/libur_robot_manager_interfaces__rosidl_typesupport_introspection_cpp.so
[5.487s] -- Set runtime path of "/home/hrlsh/scrub_nurse_ws/install/ur_robot_manager_interfaces/lib/libur_robot_manager_interfaces__rosidl_typesupport_introspection_cpp.so" to ""
[5.487s] -- Installing: /home/hrlsh/scrub_nurse_ws/install/ur_robot_manager_interfaces/lib/libur_robot_manager_interfaces__rosidl_typesupport_cpp.so
[5.487s] -- Set runtime path of "/home/hrlsh/scrub_nurse_ws/install/ur_robot_manager_interfaces/lib/libur_robot_manager_interfaces__rosidl_typesupport_cpp.so" to ""
[5.532s] Listing '/home/hrlsh/scrub_nurse_ws/install/ur_robot_manager_interfaces/local/lib/python3.10/dist-packages/ur_robot_manager_interfaces'...
[5.532s] Compiling '/home/hrlsh/scrub_nurse_ws/install/ur_robot_manager_interfaces/local/lib/python3.10/dist-packages/ur_robot_manager_interfaces/__init__.py'...
[5.532s] Listing '/home/hrlsh/scrub_nurse_ws/install/ur_robot_manager_interfaces/local/lib/python3.10/dist-packages/ur_robot_manager_interfaces/action'...
[5.532s] Listing '/home/hrlsh/scrub_nurse_ws/install/ur_robot_manager_interfaces/local/lib/python3.10/dist-packages/ur_robot_manager_interfaces/msg'...
[5.539s] -- Installing: /home/hrlsh/scrub_nurse_ws/install/ur_robot_manager_interfaces/lib/libur_robot_manager_interfaces__rosidl_generator_py.so
[5.539s] -- Set runtime path of "/home/hrlsh/scrub_nurse_ws/install/ur_robot_manager_interfaces/lib/libur_robot_manager_interfaces__rosidl_generator_py.so" to ""
[5.539s] -- Old export file "/home/hrlsh/scrub_nurse_ws/install/ur_robot_manager_interfaces/share/ur_robot_manager_interfaces/cmake/export_ur_robot_manager_interfaces__rosidl_generator_cExport.cmake" will be replaced.  Removing files [/home/hrlsh/scrub_nurse_ws/install/ur_robot_manager_interfaces/share/ur_robot_manager_interfaces/cmake/export_ur_robot_manager_interfaces__rosidl_generator_cExport-noconfig.cmake].
[5.539s] -- Installing: /home/hrlsh/scrub_nurse_ws/install/ur_robot_manager_interfaces/share/ur_robot_manager_interfaces/cmake/export_ur_robot_manager_interfaces__rosidl_generator_cExport.cmake
[5.540s] -- Installing: /home/hrlsh/scrub_nurse_ws/install/ur_robot_manager_interfaces/share/ur_robot_manager_interfaces/cmake/export_ur_robot_manager_interfaces__rosidl_generator_cExport-noconfig.cmake
[5.540s] -- Old export file "/home/hrlsh/scrub_nurse_ws/install/ur_robot_manager_interfaces/share/ur_robot_manager_interfaces/cmake/export_ur_robot_manager_interfaces__rosidl_typesupport_fastrtps_cExport.cmake" will be replaced.  Removing files [/home/hrlsh/scrub_nurse_ws/install/ur_robot_manager_interfaces/share/ur_robot_manager_interfaces/cmake/export_ur_robot_manager_interfaces__rosidl_typesupport_fastrtps_cExport-noconfig.cmake].
[5.540s] -- Installing: /home/hrlsh/scrub_nurse_ws/install/ur_robot_manager_interfaces/share/ur_robot_manager_interfaces/cmake/export_ur_robot_manager_interfaces__rosidl_typesupport_fastrtps_cExport.cmake
[5.540s] -- Installing: /home/hrlsh/scrub_nurse_ws/install/ur_robot_manager_interfaces/share/ur_robot_manager_interfaces/cmake/export_ur_robot_manager_interfaces__rosidl_typesupport_fastrtps_cExport-noconfig.cmake
[5.540s] -- Old export file "/home/hrlsh/scrub_nurse_ws/install/ur_robot_manager_interfaces/share/ur_robot_manager_interfaces/cmake/ur_robot_manager_interfaces__rosidl_typesupport_introspection_cExport.cmake" will be replaced.  Removing files [/home/hrlsh/scrub_nurse_ws/install/ur_robot_manager_interfaces/share/ur_robot_manager_interfaces/cmake/ur_robot_manager_interfaces__rosidl_typesupport_introspection_cExport-noconfig.cmake].
[5.540s] -- Installing: /home/hrlsh/scrub_nurse_ws/install/ur_robot_manager_interfaces/share/ur_robot_manager_interfaces/cmake/ur_robot_manager_interfaces__rosidl_typesupport_introspection_cExport.cmake
[5.540s] -- Installing: /home/hrlsh/scrub_nurse_ws/install/ur_robot_manager_interfaces/share/ur_robot_manager_interfaces/cmake/ur_robot_manager_interfaces__rosidl_typesupport_introspection_cExport-noconfig.cmake
[5.541s] -- Old export file "/home/hrlsh/scrub_nurse_ws/install/ur_robot_manager_interfaces/share/ur_robot_manager_interfaces/cmake/ur_robot_manager_interfaces__rosidl_typesupport_cExport.cmake" will be replaced.  Removing files [/home/hrlsh/scrub_nurse_ws/install/ur_robot_manager_interfaces/share/ur_robot_manager_interfaces/cmake/ur_robot_manager_interfaces__rosidl_typesupport_cExport-noconfig.cmake].
[5.541s] -- Installing: /home/hrlsh/scrub_nurse_ws/install/ur_robot_manager_interfaces/share/ur_robot_manager_interfaces/cmake/ur_robot_manager_interfaces__rosidl_typesupport_cExport.cmake
[5.541s] -- Installing: /home/hrlsh/scrub_nurse_ws/install/ur_robot_manager_interfaces/share/ur_robot_manager_interfaces/cmake/ur_robot_manager_interfaces__rosidl_typesupport_cExport-noconfig.cmake
[5.541s] -- Installing: /home/hrlsh/scrub_nurse_ws/install/ur_robot_manager_interfaces/share/ur_robot_manager_interfaces/cmake/export_ur_robot_manager_interfaces__rosidl_generator_cppExport.cmake
[5.541s] -- Old export file "/home/hrlsh/scrub_nurse_ws/install/ur_robot_manager_interfaces/share/ur_robot_manager_interfaces/cmake/export_ur_robot_manager_interfaces__rosidl_typesupport_fastrtps_cppExport.cmake" will be replaced.  Removing files [/home/hrlsh/scrub_nurse_ws/install/ur_robot_manager_interfaces/share/ur_robot_manager_interfaces/cmake/export_ur_robot_manager_interfaces__rosidl_typesupport_fastrtps_cppExport-noconfig.cmake].
[5.542s] -- Installing: /home/hrlsh/scrub_nurse_ws/install/ur_robot_manager_interfaces/share/ur_robot_manager_interfaces/cmake/export_ur_robot_manager_interfaces__rosidl_typesupport_fastrtps_cppExport.cmake
[5.542s] -- Installing: /home/hrlsh/scrub_nurse_ws/install/ur_robot_manager_interfaces/share/ur_robot_manager_interfaces/cmake/export_ur_robot_manager_interfaces__rosidl_typesupport_fastrtps_cppExport-noconfig.cmake
[5.542s] -- Old export file "/home/hrlsh/scrub_nurse_ws/install/ur_robot_manager_interfaces/share/ur_robot_manager_interfaces/cmake/ur_robot_manager_interfaces__rosidl_typesupport_introspection_cppExport.cmake" will be replaced.  Removing files [/home/hrlsh/scrub_nurse_ws/install/ur_robot_manager_interfaces/share/ur_robot_manager_interfaces/cmake/ur_robot_manager_interfaces__rosidl_typesupport_introspection_cppExport-noconfig.cmake].
[5.542s] -- Installing: /home/hrlsh/scrub_nurse_ws/install/ur_robot_manager_interfaces/share/ur_robot_manager_interfaces/cmake/ur_robot_manager_interfaces__rosidl_typesupport_introspection_cppExport.cmake
[5.542s] -- Installing: /home/hrlsh/scrub_nurse_ws/install/ur_robot_manager_interfaces/share/ur_robot_manager_interfaces/cmake/ur_robot_manager_interfaces__rosidl_typesupport_introspection_cppExport-noconfig.cmake
[5.542s] -- Old export file "/home/hrlsh/scrub_nurse_ws/install/ur_robot_manager_interfaces/share/ur_robot_manager_interfaces/cmake/ur_robot_manager_interfaces__rosidl_typesupport_cppExport.cmake" will be replaced.  Removing files [/home/hrlsh/scrub_nurse_ws/install/ur_robot_manager_interfaces/share/ur_robot_manager_interfaces/cmake/ur_robot_manager_interfaces__rosidl_typesupport_cppExport-noconfig.cmake].
[5.542s] -- Installing: /home/hrlsh/scrub_nurse_ws/install/ur_robot_manager_interfaces/share/ur_robot_manager_interfaces/cmake/ur_robot_manager_interfaces__rosidl_typesupport_cppExport.cmake
[5.543s] -- Installing: /home/hrlsh/scrub_nurse_ws/install/ur_robot_manager_interfaces/share/ur_robot_manager_interfaces/cmake/ur_robot_manager_interfaces__rosidl_typesupport_cppExport-noconfig.cmake
[5.543s] -- Old export file "/home/hrlsh/scrub_nurse_ws/install/ur_robot_manager_interfaces/share/ur_robot_manager_interfaces/cmake/export_ur_robot_manager_interfaces__rosidl_generator_pyExport.cmake" will be replaced.  Removing files [/home/hrlsh/scrub_nurse_ws/install/ur_robot_manager_interfaces/share/ur_robot_manager_interfaces/cmake/export_ur_robot_manager_interfaces__rosidl_generator_pyExport-noconfig.cmake].
[5.543s] -- Installing: /home/hrlsh/scrub_nurse_ws/install/ur_robot_manager_interfaces/share/ur_robot_manager_interfaces/cmake/export_ur_robot_manager_interfaces__rosidl_generator_pyExport.cmake
[5.543s] -- Installing: /home/hrlsh/scrub_nurse_ws/install/ur_robot_manager_interfaces/share/ur_robot_manager_interfaces/cmake/export_ur_robot_manager_interfaces__rosidl_generator_pyExport-noconfig.cmake
[5.545s] Invoked command in '/home/hrlsh/scrub_nurse_ws/build/ur_robot_manager_interfaces' returned '0': CMAKE_PREFIX_PATH=${CMAKE_PREFIX_PATH}:/home/hrlsh/scrub_nurse_ws/install/nurse_control:/home/hrlsh/scrub_nurse_ws/install/nurse_planning:/home/hrlsh/scrub_nurse_ws/install/nurse_perception:/opt/ros/humble /usr/bin/cmake --install /home/hrlsh/scrub_nurse_ws/build/ur_robot_manager_interfaces
