[0.009s] Invoking command in '/home/hrlsh/scrub_nurse_ws/build/nurse_interfaces': CMAKE_PREFIX_PATH=/opt/ros/humble PS1=(vla_venv) VIRTUAL_ENV_PROMPT=(vla_venv) /home/hrlsh/ai_env/vla_venv/bin/cmake /home/hrlsh/scrub_nurse_ws/src/nurse_interfaces -DPython3_EXECUTABLE=/home/hrlsh/ai_env/vla_venv/bin/python3 -DAMENT_CMAKE_SYMLINK_INSTALL=1 -DCMAKE_INSTALL_PREFIX=/home/hrlsh/scrub_nurse_ws/install/nurse_interfaces
[0.112s] CMake Deprecation Warning at CMakeLists.txt:1 (cmake_minimum_required):
[0.112s]   Compatibility with CMake < 3.10 will be removed from a future version of
[0.112s]   CMake.
[0.112s] 
[0.112s]   Update the VERSION argument <min> value.  Or, use the <min>...<max> syntax
[0.112s]   to tell CMake that the project requires at least <min> but has been updated
[0.113s]   to work with policies introduced by <max> or earlier.
[0.113s] 
[0.113s] 
[0.260s] -- The C compiler identification is GNU 11.4.0
[0.491s] -- The CXX compiler identification is GNU 11.4.0
[0.524s] -- Detecting C compiler ABI info
[0.710s] -- Detecting C compiler ABI info - done
[0.799s] -- Check for working C compiler: /usr/bin/cc - skipped
[0.800s] -- Detecting C compile features
[0.802s] -- Detecting C compile features - done
[0.853s] -- Detecting CXX compiler ABI info
[1.089s] -- Detecting CXX compiler ABI info - done
[1.162s] -- Check for working CXX compiler: /usr/bin/c++ - skipped
[1.163s] -- Detecting CXX compile features
[1.166s] -- Detecting CXX compile features - done
[1.185s] -- Found ament_cmake: 1.3.14 (/opt/ros/humble/share/ament_cmake/cmake)
[1.759s] -- Found Python3: /home/hrlsh/ai_env/vla_venv/bin/python3 (found version "3.10.12") found components: Interpreter
[1.894s] -- Override CMake install command with custom implementation using symlinks instead of copying resources
[1.912s] -- Found rosidl_default_generators: 1.2.1 (/opt/ros/humble/share/rosidl_default_generators/cmake)
[1.916s] -- Using all available rosidl_typesupport_c: rosidl_typesupport_fastrtps_c;rosidl_typesupport_introspection_c
[1.924s] -- Found rosidl_adapter: 3.1.8 (/opt/ros/humble/share/rosidl_adapter/cmake)
[2.010s] -- Using all available rosidl_typesupport_cpp: rosidl_typesupport_fastrtps_cpp;rosidl_typesupport_introspection_cpp
[2.050s] -- Found std_msgs: 4.9.1 (/opt/ros/humble/share/std_msgs/cmake)
[2.076s] -- Found geometry_msgs: 4.9.1 (/opt/ros/humble/share/geometry_msgs/cmake)
[2.090s] -- Found sensor_msgs: 4.9.1 (/opt/ros/humble/share/sensor_msgs/cmake)
[3.104s] -- Found ament_cmake_ros: 0.10.0 (/opt/ros/humble/share/ament_cmake_ros/cmake)
[5.061s] -- Using all available rosidl_typesupport_c: rosidl_typesupport_fastrtps_c;rosidl_typesupport_introspection_c
[7.574s] -- Using all available rosidl_typesupport_cpp: rosidl_typesupport_fastrtps_cpp;rosidl_typesupport_introspection_cpp
[7.577s] CMake Warning (dev) at /opt/ros/humble/share/rosidl_generator_py/cmake/rosidl_generator_py_generate_interfaces.cmake:20 (find_package):
[7.577s]   Policy CMP0148 is not set: The FindPythonInterp and FindPythonLibs modules
[7.577s]   are removed.  Run "cmake --help-policy CMP0148" for policy details.  Use
[7.577s]   the cmake_policy command to set the policy and suppress this warning.
[7.577s] 
[7.577s] Call Stack (most recent call first):
[7.578s]   /opt/ros/humble/share/ament_cmake_core/cmake/core/ament_execute_extensions.cmake:48 (include)
[7.578s]   /opt/ros/humble/share/rosidl_cmake/cmake/rosidl_generate_interfaces.cmake:286 (ament_execute_extensions)
[7.578s]   CMakeLists.txt:10 (rosidl_generate_interfaces)
[7.578s] This warning is for project developers.  Use -Wno-dev to suppress it.
[7.578s] 
[7.605s] -- Found python_cmake_module: 0.10.0 (/opt/ros/humble/share/python_cmake_module/cmake)
[7.605s] CMake Warning (dev) at /opt/ros/humble/share/python_cmake_module/cmake/Modules/FindPythonExtra.cmake:52 (find_package):
[7.605s]   Policy CMP0148 is not set: The FindPythonInterp and FindPythonLibs modules
[7.605s]   are removed.  Run "cmake --help-policy CMP0148" for policy details.  Use
[7.605s]   the cmake_policy command to set the policy and suppress this warning.
[7.606s] 
[7.606s] Call Stack (most recent call first):
[7.606s]   /opt/ros/humble/share/rosidl_generator_py/cmake/rosidl_generator_py_generate_interfaces.cmake:23 (find_package)
[7.606s]   /opt/ros/humble/share/ament_cmake_core/cmake/core/ament_execute_extensions.cmake:48 (include)
[7.606s]   /opt/ros/humble/share/rosidl_cmake/cmake/rosidl_generate_interfaces.cmake:286 (ament_execute_extensions)
[7.606s]   CMakeLists.txt:10 (rosidl_generate_interfaces)
[7.606s] This warning is for project developers.  Use -Wno-dev to suppress it.
[7.606s] 
[7.627s] CMake Warning (dev) at /opt/ros/humble/share/python_cmake_module/cmake/Modules/FindPythonExtra.cmake:140 (find_package):
[7.627s]   Policy CMP0148 is not set: The FindPythonInterp and FindPythonLibs modules
[7.627s]   are removed.  Run "cmake --help-policy CMP0148" for policy details.  Use
[7.627s]   the cmake_policy command to set the policy and suppress this warning.
[7.627s] 
[7.627s] Call Stack (most recent call first):
[7.628s]   /opt/ros/humble/share/rosidl_generator_py/cmake/rosidl_generator_py_generate_interfaces.cmake:23 (find_package)
[7.628s]   /opt/ros/humble/share/ament_cmake_core/cmake/core/ament_execute_extensions.cmake:48 (include)
[7.628s]   /opt/ros/humble/share/rosidl_cmake/cmake/rosidl_generate_interfaces.cmake:286 (ament_execute_extensions)
[7.628s]   CMakeLists.txt:10 (rosidl_generate_interfaces)
[7.628s] This warning is for project developers.  Use -Wno-dev to suppress it.
[7.628s] 
[7.629s] -- Using PYTHON_EXECUTABLE: /usr/bin/python3
[7.630s] -- Using PYTHON_INCLUDE_DIRS: /usr/include/python3.10
[7.630s] -- Using PYTHON_LIBRARIES: /usr/lib/x86_64-linux-gnu/libpython3.10.so
[7.951s] -- Configuring done (7.9s)
[8.026s] -- Generating done (0.1s)
[8.041s] -- Build files have been written to: /home/hrlsh/scrub_nurse_ws/build/nurse_interfaces
[8.057s] Invoked command in '/home/hrlsh/scrub_nurse_ws/build/nurse_interfaces' returned '0': CMAKE_PREFIX_PATH=/opt/ros/humble PS1=(vla_venv) VIRTUAL_ENV_PROMPT=(vla_venv) /home/hrlsh/ai_env/vla_venv/bin/cmake /home/hrlsh/scrub_nurse_ws/src/nurse_interfaces -DPython3_EXECUTABLE=/home/hrlsh/ai_env/vla_venv/bin/python3 -DAMENT_CMAKE_SYMLINK_INSTALL=1 -DCMAKE_INSTALL_PREFIX=/home/hrlsh/scrub_nurse_ws/install/nurse_interfaces
[8.058s] Invoking command in '/home/hrlsh/scrub_nurse_ws/build/nurse_interfaces': CMAKE_PREFIX_PATH=/opt/ros/humble PS1=(vla_venv) VIRTUAL_ENV_PROMPT=(vla_venv) /home/hrlsh/ai_env/vla_venv/bin/cmake --build /home/hrlsh/scrub_nurse_ws/build/nurse_interfaces -- -j20 -l20
[8.129s] [  1%] Generating C code for ROS interfaces
[8.131s] [  3%] Generating Rust code for ROS interfaces
[8.132s] [  4%] Generating C++ code for ROS interfaces
[8.133s] [  4%] Built target ament_cmake_python_symlink_nurse_interfaces
[8.464s] running egg_info
[8.495s] writing nurse_interfaces.egg-info/PKG-INFO
[8.496s] writing dependency_links to nurse_interfaces.egg-info/dependency_links.txt
[8.496s] writing top-level names to nurse_interfaces.egg-info/top_level.txt
[8.589s] reading manifest file 'nurse_interfaces.egg-info/SOURCES.txt'
[8.591s] writing manifest file 'nurse_interfaces.egg-info/SOURCES.txt'
[8.664s] [  4%] Built target ament_cmake_python_build_nurse_interfaces_egg
[8.893s] [  4%] Built target nurse_interfaces__rs
[9.037s] [  4%] Built target nurse_interfaces__cpp
[9.042s] [  7%] Generating C++ type support dispatch for ROS interfaces
[9.042s] [  7%] Generating C++ introspection for ROS interfaces
[9.042s] [  9%] Generating C++ type support for eProsima Fast-RTPS
[9.189s] [ 10%] Building C object CMakeFiles/nurse_interfaces__rosidl_generator_c.dir/rosidl_generator_c/nurse_interfaces/msg/detail/object_token__functions.c.o
[9.189s] [ 12%] Building C object CMakeFiles/nurse_interfaces__rosidl_generator_c.dir/rosidl_generator_c/nurse_interfaces/msg/detail/object_token_array__functions.c.o
[9.189s] [ 14%] Building C object CMakeFiles/nurse_interfaces__rosidl_generator_c.dir/rosidl_generator_c/nurse_interfaces/msg/detail/tool_prompt__functions.c.o
[9.189s] [ 15%] Building C object CMakeFiles/nurse_interfaces__rosidl_generator_c.dir/rosidl_generator_c/nurse_interfaces/msg/detail/emergency_signal__functions.c.o
[9.189s] [ 17%] Building C object CMakeFiles/nurse_interfaces__rosidl_generator_c.dir/rosidl_generator_c/nurse_interfaces/msg/detail/safety_signal__functions.c.o
[9.234s] [ 18%] Linking C shared library libnurse_interfaces__rosidl_generator_c.so
[9.255s] [ 18%] Built target nurse_interfaces__rosidl_generator_c
[9.259s] [ 20%] Generating C type support for eProsima Fast-RTPS
[9.259s] [ 23%] Generating C introspection for ROS interfaces
[9.259s] [ 23%] Generating C type support dispatch for ROS interfaces
[9.695s] [ 26%] Building CXX object CMakeFiles/nurse_interfaces__rosidl_typesupport_cpp.dir/rosidl_typesupport_cpp/nurse_interfaces/msg/object_token__type_support.cpp.o
[9.695s] [ 26%] Building CXX object CMakeFiles/nurse_interfaces__rosidl_typesupport_cpp.dir/rosidl_typesupport_cpp/nurse_interfaces/msg/object_token_array__type_support.cpp.o
[9.695s] [ 28%] Building CXX object CMakeFiles/nurse_interfaces__rosidl_typesupport_cpp.dir/rosidl_typesupport_cpp/nurse_interfaces/msg/emergency_signal__type_support.cpp.o
[9.695s] [ 31%] Building CXX object CMakeFiles/nurse_interfaces__rosidl_typesupport_cpp.dir/rosidl_typesupport_cpp/nurse_interfaces/msg/tool_prompt__type_support.cpp.o
[9.695s] [ 31%] Building CXX object CMakeFiles/nurse_interfaces__rosidl_typesupport_cpp.dir/rosidl_typesupport_cpp/nurse_interfaces/msg/safety_signal__type_support.cpp.o
[9.697s] [ 32%] Building CXX object CMakeFiles/nurse_interfaces__rosidl_typesupport_introspection_cpp.dir/rosidl_typesupport_introspection_cpp/nurse_interfaces/msg/detail/object_token__type_support.cpp.o
[9.704s] [ 34%] Building CXX object CMakeFiles/nurse_interfaces__rosidl_typesupport_introspection_cpp.dir/rosidl_typesupport_introspection_cpp/nurse_interfaces/msg/detail/safety_signal__type_support.cpp.o
[9.721s] [ 35%] Building CXX object CMakeFiles/nurse_interfaces__rosidl_typesupport_introspection_cpp.dir/rosidl_typesupport_introspection_cpp/nurse_interfaces/msg/detail/emergency_signal__type_support.cpp.o
[9.721s] [ 37%] Building CXX object CMakeFiles/nurse_interfaces__rosidl_typesupport_introspection_cpp.dir/rosidl_typesupport_introspection_cpp/nurse_interfaces/msg/detail/tool_prompt__type_support.cpp.o
[9.725s] [ 39%] Building CXX object CMakeFiles/nurse_interfaces__rosidl_typesupport_introspection_cpp.dir/rosidl_typesupport_introspection_cpp/nurse_interfaces/msg/detail/object_token_array__type_support.cpp.o
[9.833s] [ 40%] Building CXX object CMakeFiles/nurse_interfaces__rosidl_typesupport_c.dir/rosidl_typesupport_c/nurse_interfaces/msg/object_token__type_support.cpp.o
[9.841s] [ 42%] Building CXX object CMakeFiles/nurse_interfaces__rosidl_typesupport_c.dir/rosidl_typesupport_c/nurse_interfaces/msg/object_token_array__type_support.cpp.o
[9.853s] [ 43%] Building CXX object CMakeFiles/nurse_interfaces__rosidl_typesupport_c.dir/rosidl_typesupport_c/nurse_interfaces/msg/emergency_signal__type_support.cpp.o
[9.934s] [ 45%] Building CXX object CMakeFiles/nurse_interfaces__rosidl_typesupport_c.dir/rosidl_typesupport_c/nurse_interfaces/msg/tool_prompt__type_support.cpp.o
[9.952s] [ 46%] Building CXX object CMakeFiles/nurse_interfaces__rosidl_typesupport_c.dir/rosidl_typesupport_c/nurse_interfaces/msg/safety_signal__type_support.cpp.o
[10.021s] [ 48%] Building CXX object CMakeFiles/nurse_interfaces__rosidl_typesupport_fastrtps_cpp.dir/rosidl_typesupport_fastrtps_cpp/nurse_interfaces/msg/detail/dds_fastrtps/object_token__type_support.cpp.o
[10.021s] [ 50%] Building CXX object CMakeFiles/nurse_interfaces__rosidl_typesupport_fastrtps_cpp.dir/rosidl_typesupport_fastrtps_cpp/nurse_interfaces/msg/detail/dds_fastrtps/emergency_signal__type_support.cpp.o
[10.022s] [ 51%] Linking CXX shared library libnurse_interfaces__rosidl_typesupport_c.so
[10.022s] [ 53%] Building CXX object CMakeFiles/nurse_interfaces__rosidl_typesupport_fastrtps_cpp.dir/rosidl_typesupport_fastrtps_cpp/nurse_interfaces/msg/detail/dds_fastrtps/tool_prompt__type_support.cpp.o
[10.024s] [ 54%] Building CXX object CMakeFiles/nurse_interfaces__rosidl_typesupport_fastrtps_cpp.dir/rosidl_typesupport_fastrtps_cpp/nurse_interfaces/msg/detail/dds_fastrtps/object_token_array__type_support.cpp.o
[10.027s] [ 56%] Building CXX object CMakeFiles/nurse_interfaces__rosidl_typesupport_fastrtps_cpp.dir/rosidl_typesupport_fastrtps_cpp/nurse_interfaces/msg/detail/dds_fastrtps/safety_signal__type_support.cpp.o
[10.086s] [ 56%] Built target nurse_interfaces__rosidl_typesupport_c
[10.100s] [ 57%] Linking CXX shared library libnurse_interfaces__rosidl_typesupport_cpp.so
[10.131s] [ 59%] Building C object CMakeFiles/nurse_interfaces__rosidl_typesupport_introspection_c.dir/rosidl_typesupport_introspection_c/nurse_interfaces/msg/detail/object_token_array__type_support.c.o
[10.135s] [ 60%] Building CXX object CMakeFiles/nurse_interfaces__rosidl_typesupport_fastrtps_c.dir/rosidl_typesupport_fastrtps_c/nurse_interfaces/msg/detail/tool_prompt__type_support_c.cpp.o
[10.138s] [ 62%] Building CXX object CMakeFiles/nurse_interfaces__rosidl_typesupport_fastrtps_c.dir/rosidl_typesupport_fastrtps_c/nurse_interfaces/msg/detail/safety_signal__type_support_c.cpp.o
[10.145s] [ 64%] Building CXX object CMakeFiles/nurse_interfaces__rosidl_typesupport_fastrtps_c.dir/rosidl_typesupport_fastrtps_c/nurse_interfaces/msg/detail/object_token__type_support_c.cpp.o
[10.149s] [ 67%] Building CXX object CMakeFiles/nurse_interfaces__rosidl_typesupport_fastrtps_c.dir/rosidl_typesupport_fastrtps_c/nurse_interfaces/msg/detail/emergency_signal__type_support_c.cpp.o
[10.150s] [ 67%] Building CXX object CMakeFiles/nurse_interfaces__rosidl_typesupport_fastrtps_c.dir/rosidl_typesupport_fastrtps_c/nurse_interfaces/msg/detail/object_token_array__type_support_c.cpp.o
[10.150s] [ 68%] Building C object CMakeFiles/nurse_interfaces__rosidl_typesupport_introspection_c.dir/rosidl_typesupport_introspection_c/nurse_interfaces/msg/detail/emergency_signal__type_support.c.o
[10.153s] [ 70%] Building C object CMakeFiles/nurse_interfaces__rosidl_typesupport_introspection_c.dir/rosidl_typesupport_introspection_c/nurse_interfaces/msg/detail/object_token__type_support.c.o
[10.165s] [ 70%] Built target nurse_interfaces__rosidl_typesupport_cpp
[10.166s] [ 71%] Building C object CMakeFiles/nurse_interfaces__rosidl_typesupport_introspection_c.dir/rosidl_typesupport_introspection_c/nurse_interfaces/msg/detail/tool_prompt__type_support.c.o
[10.232s] [ 73%] Building C object CMakeFiles/nurse_interfaces__rosidl_typesupport_introspection_c.dir/rosidl_typesupport_introspection_c/nurse_interfaces/msg/detail/safety_signal__type_support.c.o
[10.270s] [ 75%] Linking C shared library libnurse_interfaces__rosidl_typesupport_introspection_c.so
[10.321s] [ 76%] Linking CXX shared library libnurse_interfaces__rosidl_typesupport_introspection_cpp.so
[10.368s] [ 76%] Built target nurse_interfaces__rosidl_typesupport_introspection_c
[10.578s] [ 76%] Built target nurse_interfaces__rosidl_typesupport_introspection_cpp
[10.742s] [ 79%] Linking CXX shared library libnurse_interfaces__rosidl_typesupport_fastrtps_c.so
[10.751s] [ 79%] Linking CXX shared library libnurse_interfaces__rosidl_typesupport_fastrtps_cpp.so
[10.836s] [ 79%] Built target nurse_interfaces__rosidl_typesupport_fastrtps_c
[10.858s] [ 79%] Built target nurse_interfaces__rosidl_typesupport_fastrtps_cpp
[10.866s] [ 79%] Built target nurse_interfaces
[10.893s] [ 81%] Built target nurse_interfaces__py
[10.910s] [ 84%] Building C object CMakeFiles/nurse_interfaces__rosidl_generator_py.dir/rosidl_generator_py/nurse_interfaces/msg/_object_token_s.c.o
[10.910s] [ 84%] Building C object CMakeFiles/nurse_interfaces__rosidl_generator_py.dir/rosidl_generator_py/nurse_interfaces/msg/_object_token_array_s.c.o
[10.910s] [ 85%] Building C object CMakeFiles/nurse_interfaces__rosidl_generator_py.dir/rosidl_generator_py/nurse_interfaces/msg/_emergency_signal_s.c.o
[10.912s] [ 87%] Building C object CMakeFiles/nurse_interfaces__rosidl_generator_py.dir/rosidl_generator_py/nurse_interfaces/msg/_safety_signal_s.c.o
[10.913s] [ 89%] Building C object CMakeFiles/nurse_interfaces__rosidl_generator_py.dir/rosidl_generator_py/nurse_interfaces/msg/_tool_prompt_s.c.o
[11.085s] [ 90%] Linking C shared library rosidl_generator_py/nurse_interfaces/libnurse_interfaces__rosidl_generator_py.so
[11.123s] [ 90%] Built target nurse_interfaces__rosidl_generator_py
[11.156s] [ 92%] Building C object CMakeFiles/nurse_interfaces__rosidl_typesupport_fastrtps_c__pyext.dir/rosidl_generator_py/nurse_interfaces/_nurse_interfaces_s.ep.rosidl_typesupport_fastrtps_c.c.o
[11.169s] [ 93%] Building C object CMakeFiles/nurse_interfaces__rosidl_typesupport_introspection_c__pyext.dir/rosidl_generator_py/nurse_interfaces/_nurse_interfaces_s.ep.rosidl_typesupport_introspection_c.c.o
[11.185s] [ 95%] Building C object CMakeFiles/nurse_interfaces__rosidl_typesupport_c__pyext.dir/rosidl_generator_py/nurse_interfaces/_nurse_interfaces_s.ep.rosidl_typesupport_c.c.o
[11.341s] [ 96%] Linking C shared library rosidl_generator_py/nurse_interfaces/nurse_interfaces_s__rosidl_typesupport_c.cpython-310-x86_64-linux-gnu.so
[11.345s] [ 98%] Linking C shared library rosidl_generator_py/nurse_interfaces/nurse_interfaces_s__rosidl_typesupport_fastrtps_c.cpython-310-x86_64-linux-gnu.so
[11.434s] [100%] Linking C shared library rosidl_generator_py/nurse_interfaces/nurse_interfaces_s__rosidl_typesupport_introspection_c.cpython-310-x86_64-linux-gnu.so
[11.434s] [100%] Built target nurse_interfaces__rosidl_typesupport_fastrtps_c__pyext
[11.436s] [100%] Built target nurse_interfaces__rosidl_typesupport_c__pyext
[11.472s] [100%] Built target nurse_interfaces__rosidl_typesupport_introspection_c__pyext
[11.482s] Invoked command in '/home/hrlsh/scrub_nurse_ws/build/nurse_interfaces' returned '0': CMAKE_PREFIX_PATH=/opt/ros/humble PS1=(vla_venv) VIRTUAL_ENV_PROMPT=(vla_venv) /home/hrlsh/ai_env/vla_venv/bin/cmake --build /home/hrlsh/scrub_nurse_ws/build/nurse_interfaces -- -j20 -l20
[11.482s] Invoking command in '/home/hrlsh/scrub_nurse_ws/build/nurse_interfaces': CMAKE_PREFIX_PATH=/opt/ros/humble PS1=(vla_venv) VIRTUAL_ENV_PROMPT=(vla_venv) /home/hrlsh/ai_env/vla_venv/bin/cmake --install /home/hrlsh/scrub_nurse_ws/build/nurse_interfaces
[11.584s] -- Install configuration: ""
[11.584s] -- Execute custom install script
[11.585s] -- Up-to-date symlink: /home/hrlsh/scrub_nurse_ws/install/nurse_interfaces/share/ament_index/resource_index/rosidl_interfaces/nurse_interfaces
[11.585s] -- Up-to-date symlink: /home/hrlsh/scrub_nurse_ws/install/nurse_interfaces/include/nurse_interfaces/nurse_interfaces/msg/detail/emergency_signal__functions.h
[11.585s] -- Up-to-date symlink: /home/hrlsh/scrub_nurse_ws/install/nurse_interfaces/include/nurse_interfaces/nurse_interfaces/msg/detail/emergency_signal__struct.h
[11.586s] -- Up-to-date symlink: /home/hrlsh/scrub_nurse_ws/install/nurse_interfaces/include/nurse_interfaces/nurse_interfaces/msg/detail/emergency_signal__type_support.h
[11.586s] -- Up-to-date symlink: /home/hrlsh/scrub_nurse_ws/install/nurse_interfaces/include/nurse_interfaces/nurse_interfaces/msg/detail/object_token__functions.h
[11.586s] -- Up-to-date symlink: /home/hrlsh/scrub_nurse_ws/install/nurse_interfaces/include/nurse_interfaces/nurse_interfaces/msg/detail/object_token__struct.h
[11.586s] -- Up-to-date symlink: /home/hrlsh/scrub_nurse_ws/install/nurse_interfaces/include/nurse_interfaces/nurse_interfaces/msg/detail/object_token__type_support.h
[11.586s] -- Up-to-date symlink: /home/hrlsh/scrub_nurse_ws/install/nurse_interfaces/include/nurse_interfaces/nurse_interfaces/msg/detail/object_token_array__functions.h
[11.587s] -- Up-to-date symlink: /home/hrlsh/scrub_nurse_ws/install/nurse_interfaces/include/nurse_interfaces/nurse_interfaces/msg/detail/object_token_array__struct.h
[11.587s] -- Up-to-date symlink: /home/hrlsh/scrub_nurse_ws/install/nurse_interfaces/include/nurse_interfaces/nurse_interfaces/msg/detail/object_token_array__type_support.h
[11.587s] -- Up-to-date symlink: /home/hrlsh/scrub_nurse_ws/install/nurse_interfaces/include/nurse_interfaces/nurse_interfaces/msg/detail/safety_signal__functions.h
[11.587s] -- Up-to-date symlink: /home/hrlsh/scrub_nurse_ws/install/nurse_interfaces/include/nurse_interfaces/nurse_interfaces/msg/detail/safety_signal__struct.h
[11.587s] -- Up-to-date symlink: /home/hrlsh/scrub_nurse_ws/install/nurse_interfaces/include/nurse_interfaces/nurse_interfaces/msg/detail/safety_signal__type_support.h
[11.588s] -- Up-to-date symlink: /home/hrlsh/scrub_nurse_ws/install/nurse_interfaces/include/nurse_interfaces/nurse_interfaces/msg/detail/tool_prompt__functions.h
[11.588s] -- Up-to-date symlink: /home/hrlsh/scrub_nurse_ws/install/nurse_interfaces/include/nurse_interfaces/nurse_interfaces/msg/detail/tool_prompt__struct.h
[11.588s] -- Up-to-date symlink: /home/hrlsh/scrub_nurse_ws/install/nurse_interfaces/include/nurse_interfaces/nurse_interfaces/msg/detail/tool_prompt__type_support.h
[11.588s] -- Up-to-date symlink: /home/hrlsh/scrub_nurse_ws/install/nurse_interfaces/include/nurse_interfaces/nurse_interfaces/msg/emergency_signal.h
[11.588s] -- Up-to-date symlink: /home/hrlsh/scrub_nurse_ws/install/nurse_interfaces/include/nurse_interfaces/nurse_interfaces/msg/object_token.h
[11.588s] -- Up-to-date symlink: /home/hrlsh/scrub_nurse_ws/install/nurse_interfaces/include/nurse_interfaces/nurse_interfaces/msg/object_token_array.h
[11.588s] -- Up-to-date symlink: /home/hrlsh/scrub_nurse_ws/install/nurse_interfaces/include/nurse_interfaces/nurse_interfaces/msg/rosidl_generator_c__visibility_control.h
[11.588s] -- Up-to-date symlink: /home/hrlsh/scrub_nurse_ws/install/nurse_interfaces/include/nurse_interfaces/nurse_interfaces/msg/safety_signal.h
[11.588s] -- Up-to-date symlink: /home/hrlsh/scrub_nurse_ws/install/nurse_interfaces/include/nurse_interfaces/nurse_interfaces/msg/tool_prompt.h
[11.588s] -- Up-to-date symlink: /home/hrlsh/scrub_nurse_ws/install/nurse_interfaces/share/nurse_interfaces/environment/library_path.sh
[11.588s] -- Up-to-date symlink: /home/hrlsh/scrub_nurse_ws/install/nurse_interfaces/share/nurse_interfaces/environment/library_path.dsv
[11.589s] -- Up-to-date symlink: /home/hrlsh/scrub_nurse_ws/install/nurse_interfaces/include/nurse_interfaces/nurse_interfaces/msg/detail/emergency_signal__rosidl_typesupport_fastrtps_c.h
[11.589s] -- Up-to-date symlink: /home/hrlsh/scrub_nurse_ws/install/nurse_interfaces/include/nurse_interfaces/nurse_interfaces/msg/detail/object_token__rosidl_typesupport_fastrtps_c.h
[11.589s] -- Up-to-date symlink: /home/hrlsh/scrub_nurse_ws/install/nurse_interfaces/include/nurse_interfaces/nurse_interfaces/msg/detail/object_token_array__rosidl_typesupport_fastrtps_c.h
[11.589s] -- Up-to-date symlink: /home/hrlsh/scrub_nurse_ws/install/nurse_interfaces/include/nurse_interfaces/nurse_interfaces/msg/detail/safety_signal__rosidl_typesupport_fastrtps_c.h
[11.589s] -- Up-to-date symlink: /home/hrlsh/scrub_nurse_ws/install/nurse_interfaces/include/nurse_interfaces/nurse_interfaces/msg/detail/tool_prompt__rosidl_typesupport_fastrtps_c.h
[11.589s] -- Up-to-date symlink: /home/hrlsh/scrub_nurse_ws/install/nurse_interfaces/include/nurse_interfaces/nurse_interfaces/msg/rosidl_typesupport_fastrtps_c__visibility_control.h
[11.590s] -- Up-to-date symlink: /home/hrlsh/scrub_nurse_ws/install/nurse_interfaces/include/nurse_interfaces/nurse_interfaces/msg/detail/emergency_signal__rosidl_typesupport_introspection_c.h
[11.590s] -- Up-to-date symlink: /home/hrlsh/scrub_nurse_ws/install/nurse_interfaces/include/nurse_interfaces/nurse_interfaces/msg/detail/object_token__rosidl_typesupport_introspection_c.h
[11.590s] -- Up-to-date symlink: /home/hrlsh/scrub_nurse_ws/install/nurse_interfaces/include/nurse_interfaces/nurse_interfaces/msg/detail/object_token_array__rosidl_typesupport_introspection_c.h
[11.590s] -- Up-to-date symlink: /home/hrlsh/scrub_nurse_ws/install/nurse_interfaces/include/nurse_interfaces/nurse_interfaces/msg/detail/safety_signal__rosidl_typesupport_introspection_c.h
[11.591s] -- Up-to-date symlink: /home/hrlsh/scrub_nurse_ws/install/nurse_interfaces/include/nurse_interfaces/nurse_interfaces/msg/detail/tool_prompt__rosidl_typesupport_introspection_c.h
[11.591s] -- Up-to-date symlink: /home/hrlsh/scrub_nurse_ws/install/nurse_interfaces/include/nurse_interfaces/nurse_interfaces/msg/rosidl_typesupport_introspection_c__visibility_control.h
[11.591s] -- Up-to-date symlink: /home/hrlsh/scrub_nurse_ws/install/nurse_interfaces/include/nurse_interfaces/nurse_interfaces/msg/detail/emergency_signal__builder.hpp
[11.591s] -- Up-to-date symlink: /home/hrlsh/scrub_nurse_ws/install/nurse_interfaces/include/nurse_interfaces/nurse_interfaces/msg/detail/emergency_signal__struct.hpp
[11.592s] -- Up-to-date symlink: /home/hrlsh/scrub_nurse_ws/install/nurse_interfaces/include/nurse_interfaces/nurse_interfaces/msg/detail/emergency_signal__traits.hpp
[11.592s] -- Up-to-date symlink: /home/hrlsh/scrub_nurse_ws/install/nurse_interfaces/include/nurse_interfaces/nurse_interfaces/msg/detail/emergency_signal__type_support.hpp
[11.592s] -- Up-to-date symlink: /home/hrlsh/scrub_nurse_ws/install/nurse_interfaces/include/nurse_interfaces/nurse_interfaces/msg/detail/object_token__builder.hpp
[11.592s] -- Up-to-date symlink: /home/hrlsh/scrub_nurse_ws/install/nurse_interfaces/include/nurse_interfaces/nurse_interfaces/msg/detail/object_token__struct.hpp
[11.592s] -- Up-to-date symlink: /home/hrlsh/scrub_nurse_ws/install/nurse_interfaces/include/nurse_interfaces/nurse_interfaces/msg/detail/object_token__traits.hpp
[11.592s] -- Up-to-date symlink: /home/hrlsh/scrub_nurse_ws/install/nurse_interfaces/include/nurse_interfaces/nurse_interfaces/msg/detail/object_token__type_support.hpp
[11.593s] -- Up-to-date symlink: /home/hrlsh/scrub_nurse_ws/install/nurse_interfaces/include/nurse_interfaces/nurse_interfaces/msg/detail/object_token_array__builder.hpp
[11.593s] -- Up-to-date symlink: /home/hrlsh/scrub_nurse_ws/install/nurse_interfaces/include/nurse_interfaces/nurse_interfaces/msg/detail/object_token_array__struct.hpp
[11.593s] -- Up-to-date symlink: /home/hrlsh/scrub_nurse_ws/install/nurse_interfaces/include/nurse_interfaces/nurse_interfaces/msg/detail/object_token_array__traits.hpp
[11.593s] -- Up-to-date symlink: /home/hrlsh/scrub_nurse_ws/install/nurse_interfaces/include/nurse_interfaces/nurse_interfaces/msg/detail/object_token_array__type_support.hpp
[11.593s] -- Up-to-date symlink: /home/hrlsh/scrub_nurse_ws/install/nurse_interfaces/include/nurse_interfaces/nurse_interfaces/msg/detail/safety_signal__builder.hpp
[11.593s] -- Up-to-date symlink: /home/hrlsh/scrub_nurse_ws/install/nurse_interfaces/include/nurse_interfaces/nurse_interfaces/msg/detail/safety_signal__struct.hpp
[11.593s] -- Up-to-date symlink: /home/hrlsh/scrub_nurse_ws/install/nurse_interfaces/include/nurse_interfaces/nurse_interfaces/msg/detail/safety_signal__traits.hpp
[11.594s] -- Up-to-date symlink: /home/hrlsh/scrub_nurse_ws/install/nurse_interfaces/include/nurse_interfaces/nurse_interfaces/msg/detail/safety_signal__type_support.hpp
[11.594s] -- Up-to-date symlink: /home/hrlsh/scrub_nurse_ws/install/nurse_interfaces/include/nurse_interfaces/nurse_interfaces/msg/detail/tool_prompt__builder.hpp
[11.594s] -- Up-to-date symlink: /home/hrlsh/scrub_nurse_ws/install/nurse_interfaces/include/nurse_interfaces/nurse_interfaces/msg/detail/tool_prompt__struct.hpp
[11.594s] -- Up-to-date symlink: /home/hrlsh/scrub_nurse_ws/install/nurse_interfaces/include/nurse_interfaces/nurse_interfaces/msg/detail/tool_prompt__traits.hpp
[11.594s] -- Up-to-date symlink: /home/hrlsh/scrub_nurse_ws/install/nurse_interfaces/include/nurse_interfaces/nurse_interfaces/msg/detail/tool_prompt__type_support.hpp
[11.594s] -- Up-to-date symlink: /home/hrlsh/scrub_nurse_ws/install/nurse_interfaces/include/nurse_interfaces/nurse_interfaces/msg/emergency_signal.hpp
[11.594s] -- Up-to-date symlink: /home/hrlsh/scrub_nurse_ws/install/nurse_interfaces/include/nurse_interfaces/nurse_interfaces/msg/object_token.hpp
[11.594s] -- Up-to-date symlink: /home/hrlsh/scrub_nurse_ws/install/nurse_interfaces/include/nurse_interfaces/nurse_interfaces/msg/object_token_array.hpp
[11.595s] -- Up-to-date symlink: /home/hrlsh/scrub_nurse_ws/install/nurse_interfaces/include/nurse_interfaces/nurse_interfaces/msg/rosidl_generator_cpp__visibility_control.hpp
[11.595s] -- Up-to-date symlink: /home/hrlsh/scrub_nurse_ws/install/nurse_interfaces/include/nurse_interfaces/nurse_interfaces/msg/safety_signal.hpp
[11.595s] -- Up-to-date symlink: /home/hrlsh/scrub_nurse_ws/install/nurse_interfaces/include/nurse_interfaces/nurse_interfaces/msg/tool_prompt.hpp
[11.595s] -- Up-to-date symlink: /home/hrlsh/scrub_nurse_ws/install/nurse_interfaces/include/nurse_interfaces/nurse_interfaces/msg/detail/emergency_signal__rosidl_typesupport_fastrtps_cpp.hpp
[11.595s] -- Up-to-date symlink: /home/hrlsh/scrub_nurse_ws/install/nurse_interfaces/include/nurse_interfaces/nurse_interfaces/msg/detail/object_token__rosidl_typesupport_fastrtps_cpp.hpp
[11.595s] -- Up-to-date symlink: /home/hrlsh/scrub_nurse_ws/install/nurse_interfaces/include/nurse_interfaces/nurse_interfaces/msg/detail/object_token_array__rosidl_typesupport_fastrtps_cpp.hpp
[11.595s] -- Up-to-date symlink: /home/hrlsh/scrub_nurse_ws/install/nurse_interfaces/include/nurse_interfaces/nurse_interfaces/msg/detail/safety_signal__rosidl_typesupport_fastrtps_cpp.hpp
[11.595s] -- Up-to-date symlink: /home/hrlsh/scrub_nurse_ws/install/nurse_interfaces/include/nurse_interfaces/nurse_interfaces/msg/detail/tool_prompt__rosidl_typesupport_fastrtps_cpp.hpp
[11.596s] -- Up-to-date symlink: /home/hrlsh/scrub_nurse_ws/install/nurse_interfaces/include/nurse_interfaces/nurse_interfaces/msg/rosidl_typesupport_fastrtps_cpp__visibility_control.h
[11.596s] -- Up-to-date symlink: /home/hrlsh/scrub_nurse_ws/install/nurse_interfaces/include/nurse_interfaces/nurse_interfaces/msg/detail/emergency_signal__rosidl_typesupport_introspection_cpp.hpp
[11.596s] -- Up-to-date symlink: /home/hrlsh/scrub_nurse_ws/install/nurse_interfaces/include/nurse_interfaces/nurse_interfaces/msg/detail/object_token__rosidl_typesupport_introspection_cpp.hpp
[11.596s] -- Up-to-date symlink: /home/hrlsh/scrub_nurse_ws/install/nurse_interfaces/include/nurse_interfaces/nurse_interfaces/msg/detail/object_token_array__rosidl_typesupport_introspection_cpp.hpp
[11.596s] -- Up-to-date symlink: /home/hrlsh/scrub_nurse_ws/install/nurse_interfaces/include/nurse_interfaces/nurse_interfaces/msg/detail/safety_signal__rosidl_typesupport_introspection_cpp.hpp
[11.596s] -- Up-to-date symlink: /home/hrlsh/scrub_nurse_ws/install/nurse_interfaces/include/nurse_interfaces/nurse_interfaces/msg/detail/tool_prompt__rosidl_typesupport_introspection_cpp.hpp
[11.596s] -- Up-to-date symlink: /home/hrlsh/scrub_nurse_ws/install/nurse_interfaces/share/nurse_interfaces/environment/pythonpath.sh
[11.597s] -- Up-to-date symlink: /home/hrlsh/scrub_nurse_ws/install/nurse_interfaces/share/nurse_interfaces/environment/pythonpath.dsv
[11.597s] -- Up-to-date symlink: /home/hrlsh/scrub_nurse_ws/install/nurse_interfaces/local/lib/python3.10/dist-packages/nurse_interfaces-0.1.0-py3.10.egg-info/PKG-INFO
[11.597s] -- Up-to-date symlink: /home/hrlsh/scrub_nurse_ws/install/nurse_interfaces/local/lib/python3.10/dist-packages/nurse_interfaces-0.1.0-py3.10.egg-info/SOURCES.txt
[11.597s] -- Up-to-date symlink: /home/hrlsh/scrub_nurse_ws/install/nurse_interfaces/local/lib/python3.10/dist-packages/nurse_interfaces-0.1.0-py3.10.egg-info/dependency_links.txt
[11.597s] -- Up-to-date symlink: /home/hrlsh/scrub_nurse_ws/install/nurse_interfaces/local/lib/python3.10/dist-packages/nurse_interfaces-0.1.0-py3.10.egg-info/top_level.txt
[11.598s] -- Up-to-date symlink: /home/hrlsh/scrub_nurse_ws/install/nurse_interfaces/local/lib/python3.10/dist-packages/nurse_interfaces/__init__.py
[11.598s] -- Up-to-date symlink: /home/hrlsh/scrub_nurse_ws/install/nurse_interfaces/local/lib/python3.10/dist-packages/nurse_interfaces/_nurse_interfaces_s.ep.rosidl_typesupport_c.c
[11.598s] -- Up-to-date symlink: /home/hrlsh/scrub_nurse_ws/install/nurse_interfaces/local/lib/python3.10/dist-packages/nurse_interfaces/_nurse_interfaces_s.ep.rosidl_typesupport_fastrtps_c.c
[11.598s] -- Up-to-date symlink: /home/hrlsh/scrub_nurse_ws/install/nurse_interfaces/local/lib/python3.10/dist-packages/nurse_interfaces/_nurse_interfaces_s.ep.rosidl_typesupport_introspection_c.c
[11.598s] -- Up-to-date symlink: /home/hrlsh/scrub_nurse_ws/install/nurse_interfaces/local/lib/python3.10/dist-packages/nurse_interfaces/libnurse_interfaces__rosidl_generator_py.so
[11.598s] -- Up-to-date symlink: /home/hrlsh/scrub_nurse_ws/install/nurse_interfaces/local/lib/python3.10/dist-packages/nurse_interfaces/msg/__init__.py
[11.599s] -- Up-to-date symlink: /home/hrlsh/scrub_nurse_ws/install/nurse_interfaces/local/lib/python3.10/dist-packages/nurse_interfaces/msg/_emergency_signal.py
[11.599s] -- Up-to-date symlink: /home/hrlsh/scrub_nurse_ws/install/nurse_interfaces/local/lib/python3.10/dist-packages/nurse_interfaces/msg/_emergency_signal_s.c
[11.599s] -- Up-to-date symlink: /home/hrlsh/scrub_nurse_ws/install/nurse_interfaces/local/lib/python3.10/dist-packages/nurse_interfaces/msg/_object_token.py
[11.599s] -- Up-to-date symlink: /home/hrlsh/scrub_nurse_ws/install/nurse_interfaces/local/lib/python3.10/dist-packages/nurse_interfaces/msg/_object_token_array.py
[11.599s] -- Up-to-date symlink: /home/hrlsh/scrub_nurse_ws/install/nurse_interfaces/local/lib/python3.10/dist-packages/nurse_interfaces/msg/_object_token_array_s.c
[11.599s] -- Up-to-date symlink: /home/hrlsh/scrub_nurse_ws/install/nurse_interfaces/local/lib/python3.10/dist-packages/nurse_interfaces/msg/_object_token_s.c
[11.599s] -- Up-to-date symlink: /home/hrlsh/scrub_nurse_ws/install/nurse_interfaces/local/lib/python3.10/dist-packages/nurse_interfaces/msg/_safety_signal.py
[11.599s] -- Up-to-date symlink: /home/hrlsh/scrub_nurse_ws/install/nurse_interfaces/local/lib/python3.10/dist-packages/nurse_interfaces/msg/_safety_signal_s.c
[11.599s] -- Up-to-date symlink: /home/hrlsh/scrub_nurse_ws/install/nurse_interfaces/local/lib/python3.10/dist-packages/nurse_interfaces/msg/_tool_prompt.py
[11.599s] -- Up-to-date symlink: /home/hrlsh/scrub_nurse_ws/install/nurse_interfaces/local/lib/python3.10/dist-packages/nurse_interfaces/msg/_tool_prompt_s.c
[11.600s] -- Up-to-date symlink: /home/hrlsh/scrub_nurse_ws/install/nurse_interfaces/local/lib/python3.10/dist-packages/nurse_interfaces/nurse_interfaces_s__rosidl_typesupport_c.cpython-310-x86_64-linux-gnu.so
[11.600s] -- Up-to-date symlink: /home/hrlsh/scrub_nurse_ws/install/nurse_interfaces/local/lib/python3.10/dist-packages/nurse_interfaces/nurse_interfaces_s__rosidl_typesupport_fastrtps_c.cpython-310-x86_64-linux-gnu.so
[11.600s] -- Up-to-date symlink: /home/hrlsh/scrub_nurse_ws/install/nurse_interfaces/local/lib/python3.10/dist-packages/nurse_interfaces/nurse_interfaces_s__rosidl_typesupport_introspection_c.cpython-310-x86_64-linux-gnu.so
[11.600s] -- Up-to-date symlink: /home/hrlsh/scrub_nurse_ws/install/nurse_interfaces/local/lib/python3.10/dist-packages/nurse_interfaces/nurse_interfaces_s__rosidl_typesupport_fastrtps_c.cpython-310-x86_64-linux-gnu.so
[11.600s] -- Up-to-date symlink: /home/hrlsh/scrub_nurse_ws/install/nurse_interfaces/local/lib/python3.10/dist-packages/nurse_interfaces/nurse_interfaces_s__rosidl_typesupport_introspection_c.cpython-310-x86_64-linux-gnu.so
[11.601s] -- Up-to-date symlink: /home/hrlsh/scrub_nurse_ws/install/nurse_interfaces/local/lib/python3.10/dist-packages/nurse_interfaces/nurse_interfaces_s__rosidl_typesupport_c.cpython-310-x86_64-linux-gnu.so
[11.601s] -- Up-to-date symlink: /home/hrlsh/scrub_nurse_ws/install/nurse_interfaces/share/ament_index/resource_index/rust_packages/nurse_interfaces
[11.601s] -- Up-to-date symlink: /home/hrlsh/scrub_nurse_ws/install/nurse_interfaces/share/nurse_interfaces/rust/Cargo.toml
[11.601s] -- Up-to-date symlink: /home/hrlsh/scrub_nurse_ws/install/nurse_interfaces/share/nurse_interfaces/rust/build.rs
[11.602s] -- Up-to-date symlink: /home/hrlsh/scrub_nurse_ws/install/nurse_interfaces/share/nurse_interfaces/rust/src/lib.rs
[11.602s] -- Up-to-date symlink: /home/hrlsh/scrub_nurse_ws/install/nurse_interfaces/share/nurse_interfaces/rust/src/msg.rs
[11.602s] -- Up-to-date symlink: /home/hrlsh/scrub_nurse_ws/install/nurse_interfaces/share/nurse_interfaces/rust/src/msg/rmw.rs
[11.602s] -- Up-to-date symlink: /home/hrlsh/scrub_nurse_ws/install/nurse_interfaces/share/nurse_interfaces/msg/ObjectToken.idl
[11.602s] -- Up-to-date symlink: /home/hrlsh/scrub_nurse_ws/install/nurse_interfaces/share/nurse_interfaces/msg/ObjectTokenArray.idl
[11.602s] -- Up-to-date symlink: /home/hrlsh/scrub_nurse_ws/install/nurse_interfaces/share/nurse_interfaces/msg/EmergencySignal.idl
[11.602s] -- Up-to-date symlink: /home/hrlsh/scrub_nurse_ws/install/nurse_interfaces/share/nurse_interfaces/msg/ToolPrompt.idl
[11.602s] -- Up-to-date symlink: /home/hrlsh/scrub_nurse_ws/install/nurse_interfaces/share/nurse_interfaces/msg/SafetySignal.idl
[11.603s] -- Up-to-date symlink: /home/hrlsh/scrub_nurse_ws/install/nurse_interfaces/share/nurse_interfaces/msg/ObjectToken.msg
[11.603s] -- Up-to-date symlink: /home/hrlsh/scrub_nurse_ws/install/nurse_interfaces/share/nurse_interfaces/msg/ObjectTokenArray.msg
[11.603s] -- Up-to-date symlink: /home/hrlsh/scrub_nurse_ws/install/nurse_interfaces/share/nurse_interfaces/msg/EmergencySignal.msg
[11.603s] -- Up-to-date symlink: /home/hrlsh/scrub_nurse_ws/install/nurse_interfaces/share/nurse_interfaces/msg/ToolPrompt.msg
[11.603s] -- Up-to-date symlink: /home/hrlsh/scrub_nurse_ws/install/nurse_interfaces/share/nurse_interfaces/msg/SafetySignal.msg
[11.603s] -- Up-to-date symlink: /home/hrlsh/scrub_nurse_ws/install/nurse_interfaces/share/ament_index/resource_index/package_run_dependencies/nurse_interfaces
[11.604s] -- Up-to-date symlink: /home/hrlsh/scrub_nurse_ws/install/nurse_interfaces/share/ament_index/resource_index/parent_prefix_path/nurse_interfaces
[11.604s] -- Up-to-date symlink: /home/hrlsh/scrub_nurse_ws/install/nurse_interfaces/share/nurse_interfaces/environment/ament_prefix_path.sh
[11.604s] -- Up-to-date symlink: /home/hrlsh/scrub_nurse_ws/install/nurse_interfaces/share/nurse_interfaces/environment/ament_prefix_path.dsv
[11.604s] -- Up-to-date symlink: /home/hrlsh/scrub_nurse_ws/install/nurse_interfaces/share/nurse_interfaces/environment/path.sh
[11.604s] -- Up-to-date symlink: /home/hrlsh/scrub_nurse_ws/install/nurse_interfaces/share/nurse_interfaces/environment/path.dsv
[11.604s] -- Up-to-date symlink: /home/hrlsh/scrub_nurse_ws/install/nurse_interfaces/share/nurse_interfaces/local_setup.bash
[11.605s] -- Up-to-date symlink: /home/hrlsh/scrub_nurse_ws/install/nurse_interfaces/share/nurse_interfaces/local_setup.sh
[11.605s] -- Up-to-date symlink: /home/hrlsh/scrub_nurse_ws/install/nurse_interfaces/share/nurse_interfaces/local_setup.zsh
[11.605s] -- Up-to-date symlink: /home/hrlsh/scrub_nurse_ws/install/nurse_interfaces/share/nurse_interfaces/local_setup.dsv
[11.605s] -- Symlinking: /home/hrlsh/scrub_nurse_ws/install/nurse_interfaces/share/nurse_interfaces/package.dsv
[11.608s] -- Up-to-date symlink: /home/hrlsh/scrub_nurse_ws/install/nurse_interfaces/share/ament_index/resource_index/packages/nurse_interfaces
[11.608s] -- Up-to-date symlink: /home/hrlsh/scrub_nurse_ws/install/nurse_interfaces/share/nurse_interfaces/cmake/rosidl_cmake-extras.cmake
[11.608s] -- Up-to-date symlink: /home/hrlsh/scrub_nurse_ws/install/nurse_interfaces/share/nurse_interfaces/cmake/ament_cmake_export_dependencies-extras.cmake
[11.608s] -- Up-to-date symlink: /home/hrlsh/scrub_nurse_ws/install/nurse_interfaces/share/nurse_interfaces/cmake/ament_cmake_export_include_directories-extras.cmake
[11.608s] -- Up-to-date symlink: /home/hrlsh/scrub_nurse_ws/install/nurse_interfaces/share/nurse_interfaces/cmake/ament_cmake_export_libraries-extras.cmake
[11.608s] -- Up-to-date symlink: /home/hrlsh/scrub_nurse_ws/install/nurse_interfaces/share/nurse_interfaces/cmake/ament_cmake_export_targets-extras.cmake
[11.608s] -- Up-to-date symlink: /home/hrlsh/scrub_nurse_ws/install/nurse_interfaces/share/nurse_interfaces/cmake/rosidl_cmake_export_typesupport_targets-extras.cmake
[11.609s] -- Up-to-date symlink: /home/hrlsh/scrub_nurse_ws/install/nurse_interfaces/share/nurse_interfaces/cmake/rosidl_cmake_export_typesupport_libraries-extras.cmake
[11.609s] -- Up-to-date symlink: /home/hrlsh/scrub_nurse_ws/install/nurse_interfaces/share/nurse_interfaces/cmake/nurse_interfacesConfig.cmake
[11.609s] -- Up-to-date symlink: /home/hrlsh/scrub_nurse_ws/install/nurse_interfaces/share/nurse_interfaces/cmake/nurse_interfacesConfig-version.cmake
[11.609s] -- Up-to-date symlink: /home/hrlsh/scrub_nurse_ws/install/nurse_interfaces/share/nurse_interfaces/package.xml
[11.609s] -- Installing: /home/hrlsh/scrub_nurse_ws/install/nurse_interfaces/lib/libnurse_interfaces__rosidl_generator_c.so
[11.610s] -- Set non-toolchain portion of runtime path of "/home/hrlsh/scrub_nurse_ws/install/nurse_interfaces/lib/libnurse_interfaces__rosidl_generator_c.so" to ""
[11.610s] -- Installing: /home/hrlsh/scrub_nurse_ws/install/nurse_interfaces/lib/libnurse_interfaces__rosidl_typesupport_fastrtps_c.so
[11.610s] -- Set non-toolchain portion of runtime path of "/home/hrlsh/scrub_nurse_ws/install/nurse_interfaces/lib/libnurse_interfaces__rosidl_typesupport_fastrtps_c.so" to ""
[11.610s] -- Installing: /home/hrlsh/scrub_nurse_ws/install/nurse_interfaces/lib/libnurse_interfaces__rosidl_typesupport_introspection_c.so
[11.611s] -- Set non-toolchain portion of runtime path of "/home/hrlsh/scrub_nurse_ws/install/nurse_interfaces/lib/libnurse_interfaces__rosidl_typesupport_introspection_c.so" to ""
[11.611s] -- Installing: /home/hrlsh/scrub_nurse_ws/install/nurse_interfaces/lib/libnurse_interfaces__rosidl_typesupport_c.so
[11.611s] -- Set non-toolchain portion of runtime path of "/home/hrlsh/scrub_nurse_ws/install/nurse_interfaces/lib/libnurse_interfaces__rosidl_typesupport_c.so" to ""
[11.612s] -- Installing: /home/hrlsh/scrub_nurse_ws/install/nurse_interfaces/lib/libnurse_interfaces__rosidl_typesupport_fastrtps_cpp.so
[11.612s] -- Set non-toolchain portion of runtime path of "/home/hrlsh/scrub_nurse_ws/install/nurse_interfaces/lib/libnurse_interfaces__rosidl_typesupport_fastrtps_cpp.so" to ""
[11.612s] -- Installing: /home/hrlsh/scrub_nurse_ws/install/nurse_interfaces/lib/libnurse_interfaces__rosidl_typesupport_introspection_cpp.so
[11.613s] -- Set non-toolchain portion of runtime path of "/home/hrlsh/scrub_nurse_ws/install/nurse_interfaces/lib/libnurse_interfaces__rosidl_typesupport_introspection_cpp.so" to ""
[11.613s] -- Installing: /home/hrlsh/scrub_nurse_ws/install/nurse_interfaces/lib/libnurse_interfaces__rosidl_typesupport_cpp.so
[11.613s] -- Set non-toolchain portion of runtime path of "/home/hrlsh/scrub_nurse_ws/install/nurse_interfaces/lib/libnurse_interfaces__rosidl_typesupport_cpp.so" to ""
[11.639s] Listing '/home/hrlsh/scrub_nurse_ws/install/nurse_interfaces/local/lib/python3.10/dist-packages/nurse_interfaces'...
[11.639s] Compiling '/home/hrlsh/scrub_nurse_ws/install/nurse_interfaces/local/lib/python3.10/dist-packages/nurse_interfaces/__init__.py'...
[11.639s] Listing '/home/hrlsh/scrub_nurse_ws/install/nurse_interfaces/local/lib/python3.10/dist-packages/nurse_interfaces/msg'...
[11.643s] -- Installing: /home/hrlsh/scrub_nurse_ws/install/nurse_interfaces/lib/libnurse_interfaces__rosidl_generator_py.so
[11.643s] -- Set non-toolchain portion of runtime path of "/home/hrlsh/scrub_nurse_ws/install/nurse_interfaces/lib/libnurse_interfaces__rosidl_generator_py.so" to ""
[11.644s] -- Old export file "/home/hrlsh/scrub_nurse_ws/install/nurse_interfaces/share/nurse_interfaces/cmake/export_nurse_interfaces__rosidl_generator_cExport.cmake" will be replaced.  Removing files [/home/hrlsh/scrub_nurse_ws/install/nurse_interfaces/share/nurse_interfaces/cmake/export_nurse_interfaces__rosidl_generator_cExport-noconfig.cmake].
[11.644s] -- Installing: /home/hrlsh/scrub_nurse_ws/install/nurse_interfaces/share/nurse_interfaces/cmake/export_nurse_interfaces__rosidl_generator_cExport.cmake
[11.644s] -- Installing: /home/hrlsh/scrub_nurse_ws/install/nurse_interfaces/share/nurse_interfaces/cmake/export_nurse_interfaces__rosidl_generator_cExport-noconfig.cmake
[11.644s] -- Old export file "/home/hrlsh/scrub_nurse_ws/install/nurse_interfaces/share/nurse_interfaces/cmake/export_nurse_interfaces__rosidl_typesupport_fastrtps_cExport.cmake" will be replaced.  Removing files [/home/hrlsh/scrub_nurse_ws/install/nurse_interfaces/share/nurse_interfaces/cmake/export_nurse_interfaces__rosidl_typesupport_fastrtps_cExport-noconfig.cmake].
[11.644s] -- Installing: /home/hrlsh/scrub_nurse_ws/install/nurse_interfaces/share/nurse_interfaces/cmake/export_nurse_interfaces__rosidl_typesupport_fastrtps_cExport.cmake
[11.644s] -- Installing: /home/hrlsh/scrub_nurse_ws/install/nurse_interfaces/share/nurse_interfaces/cmake/export_nurse_interfaces__rosidl_typesupport_fastrtps_cExport-noconfig.cmake
[11.644s] -- Old export file "/home/hrlsh/scrub_nurse_ws/install/nurse_interfaces/share/nurse_interfaces/cmake/nurse_interfaces__rosidl_typesupport_introspection_cExport.cmake" will be replaced.  Removing files [/home/hrlsh/scrub_nurse_ws/install/nurse_interfaces/share/nurse_interfaces/cmake/nurse_interfaces__rosidl_typesupport_introspection_cExport-noconfig.cmake].
[11.645s] -- Installing: /home/hrlsh/scrub_nurse_ws/install/nurse_interfaces/share/nurse_interfaces/cmake/nurse_interfaces__rosidl_typesupport_introspection_cExport.cmake
[11.645s] -- Installing: /home/hrlsh/scrub_nurse_ws/install/nurse_interfaces/share/nurse_interfaces/cmake/nurse_interfaces__rosidl_typesupport_introspection_cExport-noconfig.cmake
[11.645s] -- Old export file "/home/hrlsh/scrub_nurse_ws/install/nurse_interfaces/share/nurse_interfaces/cmake/nurse_interfaces__rosidl_typesupport_cExport.cmake" will be replaced.  Removing files [/home/hrlsh/scrub_nurse_ws/install/nurse_interfaces/share/nurse_interfaces/cmake/nurse_interfaces__rosidl_typesupport_cExport-noconfig.cmake].
[11.645s] -- Installing: /home/hrlsh/scrub_nurse_ws/install/nurse_interfaces/share/nurse_interfaces/cmake/nurse_interfaces__rosidl_typesupport_cExport.cmake
[11.645s] -- Installing: /home/hrlsh/scrub_nurse_ws/install/nurse_interfaces/share/nurse_interfaces/cmake/nurse_interfaces__rosidl_typesupport_cExport-noconfig.cmake
[11.645s] -- Installing: /home/hrlsh/scrub_nurse_ws/install/nurse_interfaces/share/nurse_interfaces/cmake/export_nurse_interfaces__rosidl_generator_cppExport.cmake
[11.645s] -- Old export file "/home/hrlsh/scrub_nurse_ws/install/nurse_interfaces/share/nurse_interfaces/cmake/export_nurse_interfaces__rosidl_typesupport_fastrtps_cppExport.cmake" will be replaced.  Removing files [/home/hrlsh/scrub_nurse_ws/install/nurse_interfaces/share/nurse_interfaces/cmake/export_nurse_interfaces__rosidl_typesupport_fastrtps_cppExport-noconfig.cmake].
[11.646s] -- Installing: /home/hrlsh/scrub_nurse_ws/install/nurse_interfaces/share/nurse_interfaces/cmake/export_nurse_interfaces__rosidl_typesupport_fastrtps_cppExport.cmake
[11.646s] -- Installing: /home/hrlsh/scrub_nurse_ws/install/nurse_interfaces/share/nurse_interfaces/cmake/export_nurse_interfaces__rosidl_typesupport_fastrtps_cppExport-noconfig.cmake
[11.646s] -- Old export file "/home/hrlsh/scrub_nurse_ws/install/nurse_interfaces/share/nurse_interfaces/cmake/nurse_interfaces__rosidl_typesupport_introspection_cppExport.cmake" will be replaced.  Removing files [/home/hrlsh/scrub_nurse_ws/install/nurse_interfaces/share/nurse_interfaces/cmake/nurse_interfaces__rosidl_typesupport_introspection_cppExport-noconfig.cmake].
[11.646s] -- Installing: /home/hrlsh/scrub_nurse_ws/install/nurse_interfaces/share/nurse_interfaces/cmake/nurse_interfaces__rosidl_typesupport_introspection_cppExport.cmake
[11.646s] -- Installing: /home/hrlsh/scrub_nurse_ws/install/nurse_interfaces/share/nurse_interfaces/cmake/nurse_interfaces__rosidl_typesupport_introspection_cppExport-noconfig.cmake
[11.646s] -- Old export file "/home/hrlsh/scrub_nurse_ws/install/nurse_interfaces/share/nurse_interfaces/cmake/nurse_interfaces__rosidl_typesupport_cppExport.cmake" will be replaced.  Removing files [/home/hrlsh/scrub_nurse_ws/install/nurse_interfaces/share/nurse_interfaces/cmake/nurse_interfaces__rosidl_typesupport_cppExport-noconfig.cmake].
[11.646s] -- Installing: /home/hrlsh/scrub_nurse_ws/install/nurse_interfaces/share/nurse_interfaces/cmake/nurse_interfaces__rosidl_typesupport_cppExport.cmake
[11.647s] -- Installing: /home/hrlsh/scrub_nurse_ws/install/nurse_interfaces/share/nurse_interfaces/cmake/nurse_interfaces__rosidl_typesupport_cppExport-noconfig.cmake
[11.647s] -- Old export file "/home/hrlsh/scrub_nurse_ws/install/nurse_interfaces/share/nurse_interfaces/cmake/export_nurse_interfaces__rosidl_generator_pyExport.cmake" will be replaced.  Removing files [/home/hrlsh/scrub_nurse_ws/install/nurse_interfaces/share/nurse_interfaces/cmake/export_nurse_interfaces__rosidl_generator_pyExport-noconfig.cmake].
[11.647s] -- Installing: /home/hrlsh/scrub_nurse_ws/install/nurse_interfaces/share/nurse_interfaces/cmake/export_nurse_interfaces__rosidl_generator_pyExport.cmake
[11.647s] -- Installing: /home/hrlsh/scrub_nurse_ws/install/nurse_interfaces/share/nurse_interfaces/cmake/export_nurse_interfaces__rosidl_generator_pyExport-noconfig.cmake
[11.649s] Invoked command in '/home/hrlsh/scrub_nurse_ws/build/nurse_interfaces' returned '0': CMAKE_PREFIX_PATH=/opt/ros/humble PS1=(vla_venv) VIRTUAL_ENV_PROMPT=(vla_venv) /home/hrlsh/ai_env/vla_venv/bin/cmake --install /home/hrlsh/scrub_nurse_ws/build/nurse_interfaces
