[0.010s] Invoking command in '/home/hrlsh/scrub_nurse_ws/build/ur_robot_manager_interfaces': CMAKE_PREFIX_PATH=/opt/ros/humble /usr/bin/cmake --build /home/hrlsh/scrub_nurse_ws/build/ur_robot_manager_interfaces -- -j20 -l20
[0.037s] [  2%] Built target ur_robot_manager_interfaces__rs
[0.037s] [ 15%] Built target ur_robot_manager_interfaces__cpp
[0.037s] [ 15%] Built target ur_robot_manager_interfaces__rosidl_generator_c
[0.044s] [ 15%] Built target ament_cmake_python_symlink_ur_robot_manager_interfaces
[0.053s] [ 27%] Built target ur_robot_manager_interfaces__rosidl_typesupport_introspection_c
[0.053s] [ 35%] Built target ur_robot_manager_interfaces__rosidl_typesupport_c
[0.055s] [ 45%] Built target ur_robot_manager_interfaces__rosidl_typesupport_fastrtps_c
[0.060s] [ 65%] Built target ur_robot_manager_interfaces__rosidl_typesupport_fastrtps_cpp
[0.060s] [ 65%] Built target ur_robot_manager_interfaces__rosidl_typesupport_introspection_cpp
[0.062s] [ 75%] Built target ur_robot_manager_interfaces__rosidl_typesupport_cpp
[0.074s] [ 75%] Built target ur_robot_manager_interfaces
[0.085s] [ 77%] Built target ur_robot_manager_interfaces__py
[0.097s] [ 85%] Built target ur_robot_manager_interfaces__rosidl_generator_py
[0.110s] [ 90%] Built target ur_robot_manager_interfaces__rosidl_typesupport_fastrtps_c__pyext
[0.110s] [ 95%] Built target ur_robot_manager_interfaces__rosidl_typesupport_introspection_c__pyext
[0.110s] [100%] Built target ur_robot_manager_interfaces__rosidl_typesupport_c__pyext
[0.289s] running egg_info
[0.289s] writing ur_robot_manager_interfaces.egg-info/PKG-INFO
[0.289s] writing dependency_links to ur_robot_manager_interfaces.egg-info/dependency_links.txt
[0.289s] writing top-level names to ur_robot_manager_interfaces.egg-info/top_level.txt
[0.291s] reading manifest file 'ur_robot_manager_interfaces.egg-info/SOURCES.txt'
[0.292s] writing manifest file 'ur_robot_manager_interfaces.egg-info/SOURCES.txt'
[0.320s] [100%] Built target ament_cmake_python_build_ur_robot_manager_interfaces_egg
[0.335s] Invoked command in '/home/hrlsh/scrub_nurse_ws/build/ur_robot_manager_interfaces' returned '0': CMAKE_PREFIX_PATH=/opt/ros/humble /usr/bin/cmake --build /home/hrlsh/scrub_nurse_ws/build/ur_robot_manager_interfaces -- -j20 -l20
[0.336s] Invoking command in '/home/hrlsh/scrub_nurse_ws/build/ur_robot_manager_interfaces': CMAKE_PREFIX_PATH=/opt/ros/humble /usr/bin/cmake --install /home/hrlsh/scrub_nurse_ws/build/ur_robot_manager_interfaces
[0.343s] -- Install configuration: ""
[0.344s] -- Execute custom install script
[0.345s] -- Up-to-date symlink: /home/hrlsh/scrub_nurse_ws/install/ur_robot_manager_interfaces/share/ament_index/resource_index/rosidl_interfaces/ur_robot_manager_interfaces
[0.345s] -- Up-to-date symlink: /home/hrlsh/scrub_nurse_ws/install/ur_robot_manager_interfaces/include/ur_robot_manager_interfaces/ur_robot_manager_interfaces/action/detail/robot_task__functions.h
[0.346s] -- Up-to-date symlink: /home/hrlsh/scrub_nurse_ws/install/ur_robot_manager_interfaces/include/ur_robot_manager_interfaces/ur_robot_manager_interfaces/action/detail/robot_task__struct.h
[0.346s] -- Up-to-date symlink: /home/hrlsh/scrub_nurse_ws/install/ur_robot_manager_interfaces/include/ur_robot_manager_interfaces/ur_robot_manager_interfaces/action/detail/robot_task__type_support.h
[0.346s] -- Up-to-date symlink: /home/hrlsh/scrub_nurse_ws/install/ur_robot_manager_interfaces/include/ur_robot_manager_interfaces/ur_robot_manager_interfaces/action/robot_task.h
[0.347s] -- Up-to-date symlink: /home/hrlsh/scrub_nurse_ws/install/ur_robot_manager_interfaces/include/ur_robot_manager_interfaces/ur_robot_manager_interfaces/msg/delay_info.h
[0.347s] -- Up-to-date symlink: /home/hrlsh/scrub_nurse_ws/install/ur_robot_manager_interfaces/include/ur_robot_manager_interfaces/ur_robot_manager_interfaces/msg/detail/delay_info__functions.h
[0.348s] -- Up-to-date symlink: /home/hrlsh/scrub_nurse_ws/install/ur_robot_manager_interfaces/include/ur_robot_manager_interfaces/ur_robot_manager_interfaces/msg/detail/delay_info__struct.h
[0.348s] -- Up-to-date symlink: /home/hrlsh/scrub_nurse_ws/install/ur_robot_manager_interfaces/include/ur_robot_manager_interfaces/ur_robot_manager_interfaces/msg/detail/delay_info__type_support.h
[0.349s] -- Up-to-date symlink: /home/hrlsh/scrub_nurse_ws/install/ur_robot_manager_interfaces/include/ur_robot_manager_interfaces/ur_robot_manager_interfaces/msg/rosidl_generator_c__visibility_control.h
[0.349s] -- Up-to-date symlink: /home/hrlsh/scrub_nurse_ws/install/ur_robot_manager_interfaces/share/ur_robot_manager_interfaces/environment/library_path.sh
[0.350s] -- Up-to-date symlink: /home/hrlsh/scrub_nurse_ws/install/ur_robot_manager_interfaces/share/ur_robot_manager_interfaces/environment/library_path.dsv
[0.350s] -- Up-to-date symlink: /home/hrlsh/scrub_nurse_ws/install/ur_robot_manager_interfaces/include/ur_robot_manager_interfaces/ur_robot_manager_interfaces/action/detail/robot_task__rosidl_typesupport_fastrtps_c.h
[0.351s] -- Up-to-date symlink: /home/hrlsh/scrub_nurse_ws/install/ur_robot_manager_interfaces/include/ur_robot_manager_interfaces/ur_robot_manager_interfaces/msg/detail/delay_info__rosidl_typesupport_fastrtps_c.h
[0.351s] -- Up-to-date symlink: /home/hrlsh/scrub_nurse_ws/install/ur_robot_manager_interfaces/include/ur_robot_manager_interfaces/ur_robot_manager_interfaces/msg/rosidl_typesupport_fastrtps_c__visibility_control.h
[0.352s] -- Up-to-date symlink: /home/hrlsh/scrub_nurse_ws/install/ur_robot_manager_interfaces/include/ur_robot_manager_interfaces/ur_robot_manager_interfaces/action/detail/robot_task__rosidl_typesupport_introspection_c.h
[0.352s] -- Up-to-date symlink: /home/hrlsh/scrub_nurse_ws/install/ur_robot_manager_interfaces/include/ur_robot_manager_interfaces/ur_robot_manager_interfaces/msg/detail/delay_info__rosidl_typesupport_introspection_c.h
[0.353s] -- Up-to-date symlink: /home/hrlsh/scrub_nurse_ws/install/ur_robot_manager_interfaces/include/ur_robot_manager_interfaces/ur_robot_manager_interfaces/msg/rosidl_typesupport_introspection_c__visibility_control.h
[0.353s] -- Up-to-date symlink: /home/hrlsh/scrub_nurse_ws/install/ur_robot_manager_interfaces/include/ur_robot_manager_interfaces/ur_robot_manager_interfaces/action/detail/robot_task__builder.hpp
[0.353s] -- Up-to-date symlink: /home/hrlsh/scrub_nurse_ws/install/ur_robot_manager_interfaces/include/ur_robot_manager_interfaces/ur_robot_manager_interfaces/action/detail/robot_task__struct.hpp
[0.353s] -- Up-to-date symlink: /home/hrlsh/scrub_nurse_ws/install/ur_robot_manager_interfaces/include/ur_robot_manager_interfaces/ur_robot_manager_interfaces/action/detail/robot_task__traits.hpp
[0.354s] -- Up-to-date symlink: /home/hrlsh/scrub_nurse_ws/install/ur_robot_manager_interfaces/include/ur_robot_manager_interfaces/ur_robot_manager_interfaces/action/detail/robot_task__type_support.hpp
[0.354s] -- Up-to-date symlink: /home/hrlsh/scrub_nurse_ws/install/ur_robot_manager_interfaces/include/ur_robot_manager_interfaces/ur_robot_manager_interfaces/action/robot_task.hpp
[0.354s] -- Up-to-date symlink: /home/hrlsh/scrub_nurse_ws/install/ur_robot_manager_interfaces/include/ur_robot_manager_interfaces/ur_robot_manager_interfaces/msg/delay_info.hpp
[0.354s] -- Up-to-date symlink: /home/hrlsh/scrub_nurse_ws/install/ur_robot_manager_interfaces/include/ur_robot_manager_interfaces/ur_robot_manager_interfaces/msg/detail/delay_info__builder.hpp
[0.354s] -- Up-to-date symlink: /home/hrlsh/scrub_nurse_ws/install/ur_robot_manager_interfaces/include/ur_robot_manager_interfaces/ur_robot_manager_interfaces/msg/detail/delay_info__struct.hpp
[0.354s] -- Up-to-date symlink: /home/hrlsh/scrub_nurse_ws/install/ur_robot_manager_interfaces/include/ur_robot_manager_interfaces/ur_robot_manager_interfaces/msg/detail/delay_info__traits.hpp
[0.355s] -- Up-to-date symlink: /home/hrlsh/scrub_nurse_ws/install/ur_robot_manager_interfaces/include/ur_robot_manager_interfaces/ur_robot_manager_interfaces/msg/detail/delay_info__type_support.hpp
[0.355s] -- Up-to-date symlink: /home/hrlsh/scrub_nurse_ws/install/ur_robot_manager_interfaces/include/ur_robot_manager_interfaces/ur_robot_manager_interfaces/msg/rosidl_generator_cpp__visibility_control.hpp
[0.356s] -- Up-to-date symlink: /home/hrlsh/scrub_nurse_ws/install/ur_robot_manager_interfaces/include/ur_robot_manager_interfaces/ur_robot_manager_interfaces/action/detail/robot_task__rosidl_typesupport_fastrtps_cpp.hpp
[0.356s] -- Up-to-date symlink: /home/hrlsh/scrub_nurse_ws/install/ur_robot_manager_interfaces/include/ur_robot_manager_interfaces/ur_robot_manager_interfaces/msg/detail/delay_info__rosidl_typesupport_fastrtps_cpp.hpp
[0.356s] -- Up-to-date symlink: /home/hrlsh/scrub_nurse_ws/install/ur_robot_manager_interfaces/include/ur_robot_manager_interfaces/ur_robot_manager_interfaces/msg/rosidl_typesupport_fastrtps_cpp__visibility_control.h
[0.356s] -- Up-to-date symlink: /home/hrlsh/scrub_nurse_ws/install/ur_robot_manager_interfaces/include/ur_robot_manager_interfaces/ur_robot_manager_interfaces/action/detail/robot_task__rosidl_typesupport_introspection_cpp.hpp
[0.356s] -- Up-to-date symlink: /home/hrlsh/scrub_nurse_ws/install/ur_robot_manager_interfaces/include/ur_robot_manager_interfaces/ur_robot_manager_interfaces/msg/detail/delay_info__rosidl_typesupport_introspection_cpp.hpp
[0.357s] -- Up-to-date symlink: /home/hrlsh/scrub_nurse_ws/install/ur_robot_manager_interfaces/share/ur_robot_manager_interfaces/environment/pythonpath.sh
[0.357s] -- Up-to-date symlink: /home/hrlsh/scrub_nurse_ws/install/ur_robot_manager_interfaces/share/ur_robot_manager_interfaces/environment/pythonpath.dsv
[0.357s] -- Up-to-date symlink: /home/hrlsh/scrub_nurse_ws/install/ur_robot_manager_interfaces/local/lib/python3.10/dist-packages/ur_robot_manager_interfaces-0.1.0-py3.10.egg-info/PKG-INFO
[0.357s] -- Up-to-date symlink: /home/hrlsh/scrub_nurse_ws/install/ur_robot_manager_interfaces/local/lib/python3.10/dist-packages/ur_robot_manager_interfaces-0.1.0-py3.10.egg-info/SOURCES.txt
[0.359s] -- Up-to-date symlink: /home/hrlsh/scrub_nurse_ws/install/ur_robot_manager_interfaces/local/lib/python3.10/dist-packages/ur_robot_manager_interfaces-0.1.0-py3.10.egg-info/dependency_links.txt
[0.359s] -- Up-to-date symlink: /home/hrlsh/scrub_nurse_ws/install/ur_robot_manager_interfaces/local/lib/python3.10/dist-packages/ur_robot_manager_interfaces-0.1.0-py3.10.egg-info/top_level.txt
[0.362s] -- Up-to-date symlink: /home/hrlsh/scrub_nurse_ws/install/ur_robot_manager_interfaces/local/lib/python3.10/dist-packages/ur_robot_manager_interfaces/__init__.py
[0.362s] -- Up-to-date symlink: /home/hrlsh/scrub_nurse_ws/install/ur_robot_manager_interfaces/local/lib/python3.10/dist-packages/ur_robot_manager_interfaces/_ur_robot_manager_interfaces_s.ep.rosidl_typesupport_c.c
[0.363s] -- Up-to-date symlink: /home/hrlsh/scrub_nurse_ws/install/ur_robot_manager_interfaces/local/lib/python3.10/dist-packages/ur_robot_manager_interfaces/_ur_robot_manager_interfaces_s.ep.rosidl_typesupport_fastrtps_c.c
[0.363s] -- Up-to-date symlink: /home/hrlsh/scrub_nurse_ws/install/ur_robot_manager_interfaces/local/lib/python3.10/dist-packages/ur_robot_manager_interfaces/_ur_robot_manager_interfaces_s.ep.rosidl_typesupport_introspection_c.c
[0.363s] -- Up-to-date symlink: /home/hrlsh/scrub_nurse_ws/install/ur_robot_manager_interfaces/local/lib/python3.10/dist-packages/ur_robot_manager_interfaces/action/__init__.py
[0.363s] -- Up-to-date symlink: /home/hrlsh/scrub_nurse_ws/install/ur_robot_manager_interfaces/local/lib/python3.10/dist-packages/ur_robot_manager_interfaces/action/_robot_task.py
[0.364s] -- Up-to-date symlink: /home/hrlsh/scrub_nurse_ws/install/ur_robot_manager_interfaces/local/lib/python3.10/dist-packages/ur_robot_manager_interfaces/action/_robot_task_s.c
[0.364s] -- Up-to-date symlink: /home/hrlsh/scrub_nurse_ws/install/ur_robot_manager_interfaces/local/lib/python3.10/dist-packages/ur_robot_manager_interfaces/libur_robot_manager_interfaces__rosidl_generator_py.so
[0.364s] -- Up-to-date symlink: /home/hrlsh/scrub_nurse_ws/install/ur_robot_manager_interfaces/local/lib/python3.10/dist-packages/ur_robot_manager_interfaces/msg/__init__.py
[0.364s] -- Up-to-date symlink: /home/hrlsh/scrub_nurse_ws/install/ur_robot_manager_interfaces/local/lib/python3.10/dist-packages/ur_robot_manager_interfaces/msg/_delay_info.py
[0.365s] -- Up-to-date symlink: /home/hrlsh/scrub_nurse_ws/install/ur_robot_manager_interfaces/local/lib/python3.10/dist-packages/ur_robot_manager_interfaces/msg/_delay_info_s.c
[0.365s] -- Up-to-date symlink: /home/hrlsh/scrub_nurse_ws/install/ur_robot_manager_interfaces/local/lib/python3.10/dist-packages/ur_robot_manager_interfaces/ur_robot_manager_interfaces_s__rosidl_typesupport_c.cpython-310-x86_64-linux-gnu.so
[0.365s] -- Up-to-date symlink: /home/hrlsh/scrub_nurse_ws/install/ur_robot_manager_interfaces/local/lib/python3.10/dist-packages/ur_robot_manager_interfaces/ur_robot_manager_interfaces_s__rosidl_typesupport_fastrtps_c.cpython-310-x86_64-linux-gnu.so
[0.365s] -- Up-to-date symlink: /home/hrlsh/scrub_nurse_ws/install/ur_robot_manager_interfaces/local/lib/python3.10/dist-packages/ur_robot_manager_interfaces/ur_robot_manager_interfaces_s__rosidl_typesupport_introspection_c.cpython-310-x86_64-linux-gnu.so
[0.366s] -- Up-to-date symlink: /home/hrlsh/scrub_nurse_ws/install/ur_robot_manager_interfaces/local/lib/python3.10/dist-packages/ur_robot_manager_interfaces/ur_robot_manager_interfaces_s__rosidl_typesupport_fastrtps_c.cpython-310-x86_64-linux-gnu.so
[0.366s] -- Up-to-date symlink: /home/hrlsh/scrub_nurse_ws/install/ur_robot_manager_interfaces/local/lib/python3.10/dist-packages/ur_robot_manager_interfaces/ur_robot_manager_interfaces_s__rosidl_typesupport_introspection_c.cpython-310-x86_64-linux-gnu.so
[0.366s] -- Up-to-date symlink: /home/hrlsh/scrub_nurse_ws/install/ur_robot_manager_interfaces/local/lib/python3.10/dist-packages/ur_robot_manager_interfaces/ur_robot_manager_interfaces_s__rosidl_typesupport_c.cpython-310-x86_64-linux-gnu.so
[0.366s] -- Up-to-date symlink: /home/hrlsh/scrub_nurse_ws/install/ur_robot_manager_interfaces/share/ament_index/resource_index/rust_packages/ur_robot_manager_interfaces
[0.367s] -- Up-to-date symlink: /home/hrlsh/scrub_nurse_ws/install/ur_robot_manager_interfaces/share/ur_robot_manager_interfaces/rust/Cargo.toml
[0.367s] -- Up-to-date symlink: /home/hrlsh/scrub_nurse_ws/install/ur_robot_manager_interfaces/share/ur_robot_manager_interfaces/rust/build.rs
[0.368s] -- Up-to-date symlink: /home/hrlsh/scrub_nurse_ws/install/ur_robot_manager_interfaces/share/ur_robot_manager_interfaces/rust/src/action.rs
[0.368s] -- Up-to-date symlink: /home/hrlsh/scrub_nurse_ws/install/ur_robot_manager_interfaces/share/ur_robot_manager_interfaces/rust/src/action/rmw.rs
[0.368s] -- Up-to-date symlink: /home/hrlsh/scrub_nurse_ws/install/ur_robot_manager_interfaces/share/ur_robot_manager_interfaces/rust/src/lib.rs
[0.368s] -- Up-to-date symlink: /home/hrlsh/scrub_nurse_ws/install/ur_robot_manager_interfaces/share/ur_robot_manager_interfaces/rust/src/msg.rs
[0.368s] -- Up-to-date symlink: /home/hrlsh/scrub_nurse_ws/install/ur_robot_manager_interfaces/share/ur_robot_manager_interfaces/rust/src/msg/rmw.rs
[0.368s] -- Up-to-date symlink: /home/hrlsh/scrub_nurse_ws/install/ur_robot_manager_interfaces/share/ur_robot_manager_interfaces/msg/DelayInfo.idl
[0.368s] -- Up-to-date symlink: /home/hrlsh/scrub_nurse_ws/install/ur_robot_manager_interfaces/share/ur_robot_manager_interfaces/action/RobotTask.idl
[0.368s] -- Up-to-date symlink: /home/hrlsh/scrub_nurse_ws/install/ur_robot_manager_interfaces/share/ur_robot_manager_interfaces/msg/DelayInfo.msg
[0.369s] -- Up-to-date symlink: /home/hrlsh/scrub_nurse_ws/install/ur_robot_manager_interfaces/share/ur_robot_manager_interfaces/action/RobotTask.action
[0.369s] -- Up-to-date symlink: /home/hrlsh/scrub_nurse_ws/install/ur_robot_manager_interfaces/share/ament_index/resource_index/package_run_dependencies/ur_robot_manager_interfaces
[0.369s] -- Up-to-date symlink: /home/hrlsh/scrub_nurse_ws/install/ur_robot_manager_interfaces/share/ament_index/resource_index/parent_prefix_path/ur_robot_manager_interfaces
[0.369s] -- Up-to-date symlink: /home/hrlsh/scrub_nurse_ws/install/ur_robot_manager_interfaces/share/ur_robot_manager_interfaces/environment/ament_prefix_path.sh
[0.369s] -- Up-to-date symlink: /home/hrlsh/scrub_nurse_ws/install/ur_robot_manager_interfaces/share/ur_robot_manager_interfaces/environment/ament_prefix_path.dsv
[0.369s] -- Up-to-date symlink: /home/hrlsh/scrub_nurse_ws/install/ur_robot_manager_interfaces/share/ur_robot_manager_interfaces/environment/path.sh
[0.370s] -- Up-to-date symlink: /home/hrlsh/scrub_nurse_ws/install/ur_robot_manager_interfaces/share/ur_robot_manager_interfaces/environment/path.dsv
[0.370s] -- Up-to-date symlink: /home/hrlsh/scrub_nurse_ws/install/ur_robot_manager_interfaces/share/ur_robot_manager_interfaces/local_setup.bash
[0.370s] -- Up-to-date symlink: /home/hrlsh/scrub_nurse_ws/install/ur_robot_manager_interfaces/share/ur_robot_manager_interfaces/local_setup.sh
[0.370s] -- Up-to-date symlink: /home/hrlsh/scrub_nurse_ws/install/ur_robot_manager_interfaces/share/ur_robot_manager_interfaces/local_setup.zsh
[0.370s] -- Up-to-date symlink: /home/hrlsh/scrub_nurse_ws/install/ur_robot_manager_interfaces/share/ur_robot_manager_interfaces/local_setup.dsv
[0.370s] -- Symlinking: /home/hrlsh/scrub_nurse_ws/install/ur_robot_manager_interfaces/share/ur_robot_manager_interfaces/package.dsv
[0.373s] -- Up-to-date symlink: /home/hrlsh/scrub_nurse_ws/install/ur_robot_manager_interfaces/share/ament_index/resource_index/packages/ur_robot_manager_interfaces
[0.374s] -- Up-to-date symlink: /home/hrlsh/scrub_nurse_ws/install/ur_robot_manager_interfaces/share/ur_robot_manager_interfaces/cmake/rosidl_cmake-extras.cmake
[0.374s] -- Up-to-date symlink: /home/hrlsh/scrub_nurse_ws/install/ur_robot_manager_interfaces/share/ur_robot_manager_interfaces/cmake/ament_cmake_export_dependencies-extras.cmake
[0.374s] -- Up-to-date symlink: /home/hrlsh/scrub_nurse_ws/install/ur_robot_manager_interfaces/share/ur_robot_manager_interfaces/cmake/ament_cmake_export_include_directories-extras.cmake
[0.375s] -- Up-to-date symlink: /home/hrlsh/scrub_nurse_ws/install/ur_robot_manager_interfaces/share/ur_robot_manager_interfaces/cmake/ament_cmake_export_libraries-extras.cmake
[0.375s] -- Up-to-date symlink: /home/hrlsh/scrub_nurse_ws/install/ur_robot_manager_interfaces/share/ur_robot_manager_interfaces/cmake/ament_cmake_export_targets-extras.cmake
[0.375s] -- Up-to-date symlink: /home/hrlsh/scrub_nurse_ws/install/ur_robot_manager_interfaces/share/ur_robot_manager_interfaces/cmake/rosidl_cmake_export_typesupport_targets-extras.cmake
[0.376s] -- Up-to-date symlink: /home/hrlsh/scrub_nurse_ws/install/ur_robot_manager_interfaces/share/ur_robot_manager_interfaces/cmake/rosidl_cmake_export_typesupport_libraries-extras.cmake
[0.376s] -- Up-to-date symlink: /home/hrlsh/scrub_nurse_ws/install/ur_robot_manager_interfaces/share/ur_robot_manager_interfaces/cmake/ur_robot_manager_interfacesConfig.cmake
[0.376s] -- Up-to-date symlink: /home/hrlsh/scrub_nurse_ws/install/ur_robot_manager_interfaces/share/ur_robot_manager_interfaces/cmake/ur_robot_manager_interfacesConfig-version.cmake
[0.377s] -- Up-to-date symlink: /home/hrlsh/scrub_nurse_ws/install/ur_robot_manager_interfaces/share/ur_robot_manager_interfaces/package.xml
[0.378s] -- Up-to-date: /home/hrlsh/scrub_nurse_ws/install/ur_robot_manager_interfaces/lib/libur_robot_manager_interfaces__rosidl_generator_c.so
[0.378s] -- Up-to-date: /home/hrlsh/scrub_nurse_ws/install/ur_robot_manager_interfaces/lib/libur_robot_manager_interfaces__rosidl_typesupport_fastrtps_c.so
[0.378s] -- Up-to-date: /home/hrlsh/scrub_nurse_ws/install/ur_robot_manager_interfaces/lib/libur_robot_manager_interfaces__rosidl_typesupport_introspection_c.so
[0.378s] -- Up-to-date: /home/hrlsh/scrub_nurse_ws/install/ur_robot_manager_interfaces/lib/libur_robot_manager_interfaces__rosidl_typesupport_c.so
[0.379s] -- Up-to-date: /home/hrlsh/scrub_nurse_ws/install/ur_robot_manager_interfaces/lib/libur_robot_manager_interfaces__rosidl_typesupport_fastrtps_cpp.so
[0.379s] -- Up-to-date: /home/hrlsh/scrub_nurse_ws/install/ur_robot_manager_interfaces/lib/libur_robot_manager_interfaces__rosidl_typesupport_introspection_cpp.so
[0.379s] -- Up-to-date: /home/hrlsh/scrub_nurse_ws/install/ur_robot_manager_interfaces/lib/libur_robot_manager_interfaces__rosidl_typesupport_cpp.so
[0.397s] Listing '/home/hrlsh/scrub_nurse_ws/install/ur_robot_manager_interfaces/local/lib/python3.10/dist-packages/ur_robot_manager_interfaces'...
[0.397s] Listing '/home/hrlsh/scrub_nurse_ws/install/ur_robot_manager_interfaces/local/lib/python3.10/dist-packages/ur_robot_manager_interfaces/action'...
[0.397s] Listing '/home/hrlsh/scrub_nurse_ws/install/ur_robot_manager_interfaces/local/lib/python3.10/dist-packages/ur_robot_manager_interfaces/msg'...
[0.401s] -- Up-to-date: /home/hrlsh/scrub_nurse_ws/install/ur_robot_manager_interfaces/lib/libur_robot_manager_interfaces__rosidl_generator_py.so
[0.401s] -- Up-to-date: /home/hrlsh/scrub_nurse_ws/install/ur_robot_manager_interfaces/share/ur_robot_manager_interfaces/cmake/export_ur_robot_manager_interfaces__rosidl_generator_cExport.cmake
[0.401s] -- Up-to-date: /home/hrlsh/scrub_nurse_ws/install/ur_robot_manager_interfaces/share/ur_robot_manager_interfaces/cmake/export_ur_robot_manager_interfaces__rosidl_generator_cExport-noconfig.cmake
[0.401s] -- Up-to-date: /home/hrlsh/scrub_nurse_ws/install/ur_robot_manager_interfaces/share/ur_robot_manager_interfaces/cmake/export_ur_robot_manager_interfaces__rosidl_typesupport_fastrtps_cExport.cmake
[0.401s] -- Up-to-date: /home/hrlsh/scrub_nurse_ws/install/ur_robot_manager_interfaces/share/ur_robot_manager_interfaces/cmake/export_ur_robot_manager_interfaces__rosidl_typesupport_fastrtps_cExport-noconfig.cmake
[0.401s] -- Up-to-date: /home/hrlsh/scrub_nurse_ws/install/ur_robot_manager_interfaces/share/ur_robot_manager_interfaces/cmake/ur_robot_manager_interfaces__rosidl_typesupport_introspection_cExport.cmake
[0.402s] -- Up-to-date: /home/hrlsh/scrub_nurse_ws/install/ur_robot_manager_interfaces/share/ur_robot_manager_interfaces/cmake/ur_robot_manager_interfaces__rosidl_typesupport_introspection_cExport-noconfig.cmake
[0.402s] -- Up-to-date: /home/hrlsh/scrub_nurse_ws/install/ur_robot_manager_interfaces/share/ur_robot_manager_interfaces/cmake/ur_robot_manager_interfaces__rosidl_typesupport_cExport.cmake
[0.402s] -- Up-to-date: /home/hrlsh/scrub_nurse_ws/install/ur_robot_manager_interfaces/share/ur_robot_manager_interfaces/cmake/ur_robot_manager_interfaces__rosidl_typesupport_cExport-noconfig.cmake
[0.402s] -- Up-to-date: /home/hrlsh/scrub_nurse_ws/install/ur_robot_manager_interfaces/share/ur_robot_manager_interfaces/cmake/export_ur_robot_manager_interfaces__rosidl_generator_cppExport.cmake
[0.402s] -- Up-to-date: /home/hrlsh/scrub_nurse_ws/install/ur_robot_manager_interfaces/share/ur_robot_manager_interfaces/cmake/export_ur_robot_manager_interfaces__rosidl_typesupport_fastrtps_cppExport.cmake
[0.402s] -- Up-to-date: /home/hrlsh/scrub_nurse_ws/install/ur_robot_manager_interfaces/share/ur_robot_manager_interfaces/cmake/export_ur_robot_manager_interfaces__rosidl_typesupport_fastrtps_cppExport-noconfig.cmake
[0.402s] -- Up-to-date: /home/hrlsh/scrub_nurse_ws/install/ur_robot_manager_interfaces/share/ur_robot_manager_interfaces/cmake/ur_robot_manager_interfaces__rosidl_typesupport_introspection_cppExport.cmake
[0.402s] -- Up-to-date: /home/hrlsh/scrub_nurse_ws/install/ur_robot_manager_interfaces/share/ur_robot_manager_interfaces/cmake/ur_robot_manager_interfaces__rosidl_typesupport_introspection_cppExport-noconfig.cmake
[0.402s] -- Up-to-date: /home/hrlsh/scrub_nurse_ws/install/ur_robot_manager_interfaces/share/ur_robot_manager_interfaces/cmake/ur_robot_manager_interfaces__rosidl_typesupport_cppExport.cmake
[0.402s] -- Up-to-date: /home/hrlsh/scrub_nurse_ws/install/ur_robot_manager_interfaces/share/ur_robot_manager_interfaces/cmake/ur_robot_manager_interfaces__rosidl_typesupport_cppExport-noconfig.cmake
[0.402s] -- Up-to-date: /home/hrlsh/scrub_nurse_ws/install/ur_robot_manager_interfaces/share/ur_robot_manager_interfaces/cmake/export_ur_robot_manager_interfaces__rosidl_generator_pyExport.cmake
[0.403s] -- Up-to-date: /home/hrlsh/scrub_nurse_ws/install/ur_robot_manager_interfaces/share/ur_robot_manager_interfaces/cmake/export_ur_robot_manager_interfaces__rosidl_generator_pyExport-noconfig.cmake
[0.434s] Invoked command in '/home/hrlsh/scrub_nurse_ws/build/ur_robot_manager_interfaces' returned '0': CMAKE_PREFIX_PATH=/opt/ros/humble /usr/bin/cmake --install /home/hrlsh/scrub_nurse_ws/build/ur_robot_manager_interfaces
