[0.008s] Invoking command in '/home/hrlsh/scrub_nurse_ws/build/aruco_interfaces': CMAKE_PREFIX_PATH=/opt/ros/humble PS1=(vla_venv) VIRTUAL_ENV_PROMPT=(vla_venv) /home/hrlsh/ai_env/vla_venv/bin/cmake /home/hrlsh/scrub_nurse_ws/src/aruco_interfaces -DPython3_EXECUTABLE=/home/hrlsh/ai_env/vla_venv/bin/python3 -DAMENT_CMAKE_SYMLINK_INSTALL=1 -DCMAKE_INSTALL_PREFIX=/home/hrlsh/scrub_nurse_ws/install/aruco_interfaces
[0.103s] CMake Deprecation Warning at CMakeLists.txt:1 (cmake_minimum_required):
[0.103s]   Compatibility with CMake < 3.10 will be removed from a future version of
[0.104s]   CMake.
[0.104s] 
[0.104s]   Update the VERSION argument <min> value.  Or, use the <min>...<max> syntax
[0.104s]   to tell CMake that the project requires at least <min> but has been updated
[0.104s]   to work with policies introduced by <max> or earlier.
[0.104s] 
[0.104s] 
[0.251s] -- The C compiler identification is GNU 11.4.0
[0.482s] -- The CXX compiler identification is GNU 11.4.0
[0.513s] -- Detecting C compiler ABI info
[0.701s] -- Detecting C compiler ABI info - done
[0.786s] -- Check for working C compiler: /usr/bin/cc - skipped
[0.788s] -- Detecting C compile features
[0.789s] -- Detecting C compile features - done
[0.830s] -- Detecting CXX compiler ABI info
[1.071s] -- Detecting CXX compiler ABI info - done
[1.146s] -- Check for working CXX compiler: /usr/bin/c++ - skipped
[1.147s] -- Detecting CXX compile features
[1.150s] -- Detecting CXX compile features - done
[1.172s] -- Found ament_cmake: 1.3.14 (/opt/ros/humble/share/ament_cmake/cmake)
[1.739s] -- Found Python3: /home/hrlsh/ai_env/vla_venv/bin/python3 (found version "3.10.12") found components: Interpreter
[1.871s] -- Override CMake install command with custom implementation using symlinks instead of copying resources
[1.895s] -- Found rosidl_default_generators: 1.2.1 (/opt/ros/humble/share/rosidl_default_generators/cmake)
[1.900s] -- Using all available rosidl_typesupport_c: rosidl_typesupport_fastrtps_c;rosidl_typesupport_introspection_c
[1.910s] -- Found rosidl_adapter: 3.1.8 (/opt/ros/humble/share/rosidl_adapter/cmake)
[2.004s] -- Using all available rosidl_typesupport_cpp: rosidl_typesupport_fastrtps_cpp;rosidl_typesupport_introspection_cpp
[2.045s] -- Found std_msgs: 4.9.1 (/opt/ros/humble/share/std_msgs/cmake)
[2.072s] -- Found geometry_msgs: 4.9.1 (/opt/ros/humble/share/geometry_msgs/cmake)
[2.888s] -- Found ament_cmake_ros: 0.10.0 (/opt/ros/humble/share/ament_cmake_ros/cmake)
[4.651s] -- Using all available rosidl_typesupport_c: rosidl_typesupport_fastrtps_c;rosidl_typesupport_introspection_c
[7.214s] -- Using all available rosidl_typesupport_cpp: rosidl_typesupport_fastrtps_cpp;rosidl_typesupport_introspection_cpp
[7.223s] CMake Warning (dev) at /opt/ros/humble/share/rosidl_generator_py/cmake/rosidl_generator_py_generate_interfaces.cmake:20 (find_package):
[7.224s]   Policy CMP0148 is not set: The FindPythonInterp and FindPythonLibs modules
[7.224s]   are removed.  Run "cmake --help-policy CMP0148" for policy details.  Use
[7.224s]   the cmake_policy command to set the policy and suppress this warning.
[7.224s] 
[7.225s] Call Stack (most recent call first):
[7.225s]   /opt/ros/humble/share/ament_cmake_core/cmake/core/ament_execute_extensions.cmake:48 (include)
[7.225s]   /opt/ros/humble/share/rosidl_cmake/cmake/rosidl_generate_interfaces.cmake:286 (ament_execute_extensions)
[7.225s]   CMakeLists.txt:13 (rosidl_generate_interfaces)
[7.226s] This warning is for project developers.  Use -Wno-dev to suppress it.
[7.226s] 
[7.295s] -- Found python_cmake_module: 0.10.0 (/opt/ros/humble/share/python_cmake_module/cmake)
[7.296s] CMake Warning (dev) at /opt/ros/humble/share/python_cmake_module/cmake/Modules/FindPythonExtra.cmake:52 (find_package):
[7.296s]   Policy CMP0148 is not set: The FindPythonInterp and FindPythonLibs modules
[7.297s]   are removed.  Run "cmake --help-policy CMP0148" for policy details.  Use
[7.297s]   the cmake_policy command to set the policy and suppress this warning.
[7.297s] 
[7.298s] Call Stack (most recent call first):
[7.298s]   /opt/ros/humble/share/rosidl_generator_py/cmake/rosidl_generator_py_generate_interfaces.cmake:23 (find_package)
[7.298s]   /opt/ros/humble/share/ament_cmake_core/cmake/core/ament_execute_extensions.cmake:48 (include)
[7.298s]   /opt/ros/humble/share/rosidl_cmake/cmake/rosidl_generate_interfaces.cmake:286 (ament_execute_extensions)
[7.299s]   CMakeLists.txt:13 (rosidl_generate_interfaces)
[7.299s] This warning is for project developers.  Use -Wno-dev to suppress it.
[7.299s] 
[7.348s] CMake Warning (dev) at /opt/ros/humble/share/python_cmake_module/cmake/Modules/FindPythonExtra.cmake:140 (find_package):
[7.348s]   Policy CMP0148 is not set: The FindPythonInterp and FindPythonLibs modules
[7.348s]   are removed.  Run "cmake --help-policy CMP0148" for policy details.  Use
[7.348s]   the cmake_policy command to set the policy and suppress this warning.
[7.349s] 
[7.349s] Call Stack (most recent call first):
[7.349s]   /opt/ros/humble/share/rosidl_generator_py/cmake/rosidl_generator_py_generate_interfaces.cmake:23 (find_package)
[7.349s]   /opt/ros/humble/share/ament_cmake_core/cmake/core/ament_execute_extensions.cmake:48 (include)
[7.349s]   /opt/ros/humble/share/rosidl_cmake/cmake/rosidl_generate_interfaces.cmake:286 (ament_execute_extensions)
[7.349s]   CMakeLists.txt:13 (rosidl_generate_interfaces)
[7.349s] This warning is for project developers.  Use -Wno-dev to suppress it.
[7.349s] 
[7.351s] -- Using PYTHON_EXECUTABLE: /usr/bin/python3
[7.351s] -- Using PYTHON_INCLUDE_DIRS: /usr/include/python3.10
[7.352s] -- Using PYTHON_LIBRARIES: /usr/lib/x86_64-linux-gnu/libpython3.10.so
[7.689s] -- Found ament_lint_auto: 0.12.15 (/opt/ros/humble/share/ament_lint_auto/cmake)
[7.704s] -- Added test 'copyright' to check source files copyright and LICENSE
[7.706s] -- Added test 'lint_cmake' to check CMake code style
[7.706s] -- Added test 'xmllint' to check XML markup files
[7.710s] -- Configuring done (7.6s)
[7.769s] -- Generating done (0.1s)
[7.782s] -- Build files have been written to: /home/hrlsh/scrub_nurse_ws/build/aruco_interfaces
[7.792s] Invoked command in '/home/hrlsh/scrub_nurse_ws/build/aruco_interfaces' returned '0': CMAKE_PREFIX_PATH=/opt/ros/humble PS1=(vla_venv) VIRTUAL_ENV_PROMPT=(vla_venv) /home/hrlsh/ai_env/vla_venv/bin/cmake /home/hrlsh/scrub_nurse_ws/src/aruco_interfaces -DPython3_EXECUTABLE=/home/hrlsh/ai_env/vla_venv/bin/python3 -DAMENT_CMAKE_SYMLINK_INSTALL=1 -DCMAKE_INSTALL_PREFIX=/home/hrlsh/scrub_nurse_ws/install/aruco_interfaces
[7.793s] Invoking command in '/home/hrlsh/scrub_nurse_ws/build/aruco_interfaces': CMAKE_PREFIX_PATH=/opt/ros/humble PS1=(vla_venv) VIRTUAL_ENV_PROMPT=(vla_venv) /home/hrlsh/ai_env/vla_venv/bin/cmake --build /home/hrlsh/scrub_nurse_ws/build/aruco_interfaces -- -j20 -l20
[7.862s] [  2%] Generating C code for ROS interfaces
[7.867s] [  7%] Generating C++ code for ROS interfaces
[7.867s] [  7%] Generating Rust code for ROS interfaces
[7.869s] [  7%] Built target ament_cmake_python_symlink_aruco_interfaces
[8.071s] running egg_info
[8.091s] writing aruco_interfaces.egg-info/PKG-INFO
[8.092s] writing dependency_links to aruco_interfaces.egg-info/dependency_links.txt
[8.092s] writing top-level names to aruco_interfaces.egg-info/top_level.txt
[8.115s] [  7%] Built target aruco_interfaces__cpp
[8.119s] [ 12%] Generating C++ type support for eProsima Fast-RTPS
[8.119s] [ 12%] Generating C++ introspection for ROS interfaces
[8.119s] [ 15%] Generating C++ type support dispatch for ROS interfaces
[8.157s] reading manifest file 'aruco_interfaces.egg-info/SOURCES.txt'
[8.158s] writing manifest file 'aruco_interfaces.egg-info/SOURCES.txt'
[8.193s] [ 15%] Built target ament_cmake_python_build_aruco_interfaces_egg
[8.196s] [ 20%] Building C object CMakeFiles/aruco_interfaces__rosidl_generator_c.dir/rosidl_generator_c/aruco_interfaces/msg/detail/marker__functions.c.o
[8.196s] [ 20%] Building C object CMakeFiles/aruco_interfaces__rosidl_generator_c.dir/rosidl_generator_c/aruco_interfaces/msg/detail/marker_array__functions.c.o
[8.201s] [ 20%] Built target aruco_interfaces__rs
[8.243s] [ 22%] Linking C shared library libaruco_interfaces__rosidl_generator_c.so
[8.270s] [ 22%] Built target aruco_interfaces__rosidl_generator_c
[8.275s] [ 25%] Generating C type support for eProsima Fast-RTPS
[8.276s] [ 27%] Generating C type support dispatch for ROS interfaces
[8.276s] [ 30%] Generating C introspection for ROS interfaces
[8.483s] [ 32%] Building CXX object CMakeFiles/aruco_interfaces__rosidl_typesupport_cpp.dir/rosidl_typesupport_cpp/aruco_interfaces/msg/marker_array__type_support.cpp.o
[8.485s] [ 35%] Building CXX object CMakeFiles/aruco_interfaces__rosidl_typesupport_introspection_cpp.dir/rosidl_typesupport_introspection_cpp/aruco_interfaces/msg/detail/marker_array__type_support.cpp.o
[8.497s] [ 37%] Building CXX object CMakeFiles/aruco_interfaces__rosidl_typesupport_cpp.dir/rosidl_typesupport_cpp/aruco_interfaces/msg/marker__type_support.cpp.o
[8.499s] [ 40%] Building CXX object CMakeFiles/aruco_interfaces__rosidl_typesupport_introspection_cpp.dir/rosidl_typesupport_introspection_cpp/aruco_interfaces/msg/detail/marker__type_support.cpp.o
[8.570s] [ 42%] Building CXX object CMakeFiles/aruco_interfaces__rosidl_typesupport_fastrtps_cpp.dir/rosidl_typesupport_fastrtps_cpp/aruco_interfaces/msg/detail/dds_fastrtps/marker__type_support.cpp.o
[8.586s] [ 45%] Building CXX object CMakeFiles/aruco_interfaces__rosidl_typesupport_fastrtps_cpp.dir/rosidl_typesupport_fastrtps_cpp/aruco_interfaces/msg/detail/dds_fastrtps/marker_array__type_support.cpp.o
[8.665s] [ 47%] Building CXX object CMakeFiles/aruco_interfaces__rosidl_typesupport_c.dir/rosidl_typesupport_c/aruco_interfaces/msg/marker_array__type_support.cpp.o
[8.673s] [ 50%] Building CXX object CMakeFiles/aruco_interfaces__rosidl_typesupport_c.dir/rosidl_typesupport_c/aruco_interfaces/msg/marker__type_support.cpp.o
[8.722s] [ 52%] Building CXX object CMakeFiles/aruco_interfaces__rosidl_typesupport_fastrtps_c.dir/rosidl_typesupport_fastrtps_c/aruco_interfaces/msg/detail/marker__type_support_c.cpp.o
[8.742s] [ 55%] Building CXX object CMakeFiles/aruco_interfaces__rosidl_typesupport_fastrtps_c.dir/rosidl_typesupport_fastrtps_c/aruco_interfaces/msg/detail/marker_array__type_support_c.cpp.o
[8.779s] [ 57%] Linking CXX shared library libaruco_interfaces__rosidl_typesupport_c.so
[8.786s] [ 60%] Building C object CMakeFiles/aruco_interfaces__rosidl_typesupport_introspection_c.dir/rosidl_typesupport_introspection_c/aruco_interfaces/msg/detail/marker__type_support.c.o
[8.802s] [ 62%] Building C object CMakeFiles/aruco_interfaces__rosidl_typesupport_introspection_c.dir/rosidl_typesupport_introspection_c/aruco_interfaces/msg/detail/marker_array__type_support.c.o
[8.874s] [ 65%] Linking CXX shared library libaruco_interfaces__rosidl_typesupport_cpp.so
[8.895s] [ 67%] Linking C shared library libaruco_interfaces__rosidl_typesupport_introspection_c.so
[8.909s] [ 67%] Built target aruco_interfaces__rosidl_typesupport_c
[8.926s] [ 67%] Built target aruco_interfaces__rosidl_typesupport_cpp
[8.938s] [ 67%] Built target aruco_interfaces__rosidl_typesupport_introspection_c
[9.077s] [ 70%] Linking CXX shared library libaruco_interfaces__rosidl_typesupport_introspection_cpp.so
[9.143s] [ 72%] Linking CXX shared library libaruco_interfaces__rosidl_typesupport_fastrtps_cpp.so
[9.163s] [ 72%] Built target aruco_interfaces__rosidl_typesupport_introspection_cpp
[9.201s] [ 75%] Linking CXX shared library libaruco_interfaces__rosidl_typesupport_fastrtps_c.so
[9.239s] [ 75%] Built target aruco_interfaces__rosidl_typesupport_fastrtps_cpp
[9.275s] [ 75%] Built target aruco_interfaces__rosidl_typesupport_fastrtps_c
[9.282s] [ 75%] Built target aruco_interfaces
[9.291s] [ 77%] Built target aruco_interfaces__py
[9.305s] [ 82%] Building C object CMakeFiles/aruco_interfaces__rosidl_generator_py.dir/rosidl_generator_py/aruco_interfaces/msg/_marker_s.c.o
[9.305s] [ 82%] Building C object CMakeFiles/aruco_interfaces__rosidl_generator_py.dir/rosidl_generator_py/aruco_interfaces/msg/_marker_array_s.c.o
[9.424s] [ 85%] Linking C shared library rosidl_generator_py/aruco_interfaces/libaruco_interfaces__rosidl_generator_py.so
[9.453s] [ 85%] Built target aruco_interfaces__rosidl_generator_py
[9.462s] [ 87%] Building C object CMakeFiles/aruco_interfaces__rosidl_typesupport_introspection_c__pyext.dir/rosidl_generator_py/aruco_interfaces/_aruco_interfaces_s.ep.rosidl_typesupport_introspection_c.c.o
[9.466s] [ 90%] Building C object CMakeFiles/aruco_interfaces__rosidl_typesupport_c__pyext.dir/rosidl_generator_py/aruco_interfaces/_aruco_interfaces_s.ep.rosidl_typesupport_c.c.o
[9.466s] [ 92%] Building C object CMakeFiles/aruco_interfaces__rosidl_typesupport_fastrtps_c__pyext.dir/rosidl_generator_py/aruco_interfaces/_aruco_interfaces_s.ep.rosidl_typesupport_fastrtps_c.c.o
[9.574s] [ 95%] Linking C shared library rosidl_generator_py/aruco_interfaces/aruco_interfaces_s__rosidl_typesupport_introspection_c.cpython-310-x86_64-linux-gnu.so
[9.575s] [ 97%] Linking C shared library rosidl_generator_py/aruco_interfaces/aruco_interfaces_s__rosidl_typesupport_fastrtps_c.cpython-310-x86_64-linux-gnu.so
[9.575s] [100%] Linking C shared library rosidl_generator_py/aruco_interfaces/aruco_interfaces_s__rosidl_typesupport_c.cpython-310-x86_64-linux-gnu.so
[9.602s] [100%] Built target aruco_interfaces__rosidl_typesupport_introspection_c__pyext
[9.602s] [100%] Built target aruco_interfaces__rosidl_typesupport_c__pyext
[9.603s] [100%] Built target aruco_interfaces__rosidl_typesupport_fastrtps_c__pyext
[9.607s] Invoked command in '/home/hrlsh/scrub_nurse_ws/build/aruco_interfaces' returned '0': CMAKE_PREFIX_PATH=/opt/ros/humble PS1=(vla_venv) VIRTUAL_ENV_PROMPT=(vla_venv) /home/hrlsh/ai_env/vla_venv/bin/cmake --build /home/hrlsh/scrub_nurse_ws/build/aruco_interfaces -- -j20 -l20
[9.690s] Invoking command in '/home/hrlsh/scrub_nurse_ws/build/aruco_interfaces': CMAKE_PREFIX_PATH=/opt/ros/humble PS1=(vla_venv) VIRTUAL_ENV_PROMPT=(vla_venv) /home/hrlsh/ai_env/vla_venv/bin/cmake --install /home/hrlsh/scrub_nurse_ws/build/aruco_interfaces
[9.801s] -- Install configuration: ""
[9.802s] -- Execute custom install script
[9.802s] -- Up-to-date symlink: /home/hrlsh/scrub_nurse_ws/install/aruco_interfaces/share/ament_index/resource_index/rosidl_interfaces/aruco_interfaces
[9.803s] -- Up-to-date symlink: /home/hrlsh/scrub_nurse_ws/install/aruco_interfaces/include/aruco_interfaces/aruco_interfaces/msg/detail/marker__functions.h
[9.804s] -- Up-to-date symlink: /home/hrlsh/scrub_nurse_ws/install/aruco_interfaces/include/aruco_interfaces/aruco_interfaces/msg/detail/marker__struct.h
[9.804s] -- Up-to-date symlink: /home/hrlsh/scrub_nurse_ws/install/aruco_interfaces/include/aruco_interfaces/aruco_interfaces/msg/detail/marker__type_support.h
[9.804s] -- Up-to-date symlink: /home/hrlsh/scrub_nurse_ws/install/aruco_interfaces/include/aruco_interfaces/aruco_interfaces/msg/detail/marker_array__functions.h
[9.804s] -- Up-to-date symlink: /home/hrlsh/scrub_nurse_ws/install/aruco_interfaces/include/aruco_interfaces/aruco_interfaces/msg/detail/marker_array__struct.h
[9.805s] -- Up-to-date symlink: /home/hrlsh/scrub_nurse_ws/install/aruco_interfaces/include/aruco_interfaces/aruco_interfaces/msg/detail/marker_array__type_support.h
[9.805s] -- Up-to-date symlink: /home/hrlsh/scrub_nurse_ws/install/aruco_interfaces/include/aruco_interfaces/aruco_interfaces/msg/marker.h
[9.805s] -- Up-to-date symlink: /home/hrlsh/scrub_nurse_ws/install/aruco_interfaces/include/aruco_interfaces/aruco_interfaces/msg/marker_array.h
[9.805s] -- Up-to-date symlink: /home/hrlsh/scrub_nurse_ws/install/aruco_interfaces/include/aruco_interfaces/aruco_interfaces/msg/rosidl_generator_c__visibility_control.h
[9.806s] -- Up-to-date symlink: /home/hrlsh/scrub_nurse_ws/install/aruco_interfaces/share/aruco_interfaces/environment/library_path.sh
[9.806s] -- Up-to-date symlink: /home/hrlsh/scrub_nurse_ws/install/aruco_interfaces/share/aruco_interfaces/environment/library_path.dsv
[9.807s] -- Up-to-date symlink: /home/hrlsh/scrub_nurse_ws/install/aruco_interfaces/include/aruco_interfaces/aruco_interfaces/msg/detail/marker__rosidl_typesupport_fastrtps_c.h
[9.807s] -- Up-to-date symlink: /home/hrlsh/scrub_nurse_ws/install/aruco_interfaces/include/aruco_interfaces/aruco_interfaces/msg/detail/marker_array__rosidl_typesupport_fastrtps_c.h
[9.807s] -- Up-to-date symlink: /home/hrlsh/scrub_nurse_ws/install/aruco_interfaces/include/aruco_interfaces/aruco_interfaces/msg/rosidl_typesupport_fastrtps_c__visibility_control.h
[9.808s] -- Up-to-date symlink: /home/hrlsh/scrub_nurse_ws/install/aruco_interfaces/include/aruco_interfaces/aruco_interfaces/msg/detail/marker__rosidl_typesupport_introspection_c.h
[9.808s] -- Up-to-date symlink: /home/hrlsh/scrub_nurse_ws/install/aruco_interfaces/include/aruco_interfaces/aruco_interfaces/msg/detail/marker_array__rosidl_typesupport_introspection_c.h
[9.808s] -- Up-to-date symlink: /home/hrlsh/scrub_nurse_ws/install/aruco_interfaces/include/aruco_interfaces/aruco_interfaces/msg/rosidl_typesupport_introspection_c__visibility_control.h
[9.809s] -- Up-to-date symlink: /home/hrlsh/scrub_nurse_ws/install/aruco_interfaces/include/aruco_interfaces/aruco_interfaces/msg/detail/marker__builder.hpp
[9.809s] -- Up-to-date symlink: /home/hrlsh/scrub_nurse_ws/install/aruco_interfaces/include/aruco_interfaces/aruco_interfaces/msg/detail/marker__struct.hpp
[9.810s] -- Up-to-date symlink: /home/hrlsh/scrub_nurse_ws/install/aruco_interfaces/include/aruco_interfaces/aruco_interfaces/msg/detail/marker__traits.hpp
[9.810s] -- Up-to-date symlink: /home/hrlsh/scrub_nurse_ws/install/aruco_interfaces/include/aruco_interfaces/aruco_interfaces/msg/detail/marker__type_support.hpp
[9.810s] -- Up-to-date symlink: /home/hrlsh/scrub_nurse_ws/install/aruco_interfaces/include/aruco_interfaces/aruco_interfaces/msg/detail/marker_array__builder.hpp
[9.810s] -- Up-to-date symlink: /home/hrlsh/scrub_nurse_ws/install/aruco_interfaces/include/aruco_interfaces/aruco_interfaces/msg/detail/marker_array__struct.hpp
[9.811s] -- Up-to-date symlink: /home/hrlsh/scrub_nurse_ws/install/aruco_interfaces/include/aruco_interfaces/aruco_interfaces/msg/detail/marker_array__traits.hpp
[9.811s] -- Up-to-date symlink: /home/hrlsh/scrub_nurse_ws/install/aruco_interfaces/include/aruco_interfaces/aruco_interfaces/msg/detail/marker_array__type_support.hpp
[9.811s] -- Up-to-date symlink: /home/hrlsh/scrub_nurse_ws/install/aruco_interfaces/include/aruco_interfaces/aruco_interfaces/msg/marker.hpp
[9.812s] -- Up-to-date symlink: /home/hrlsh/scrub_nurse_ws/install/aruco_interfaces/include/aruco_interfaces/aruco_interfaces/msg/marker_array.hpp
[9.812s] -- Up-to-date symlink: /home/hrlsh/scrub_nurse_ws/install/aruco_interfaces/include/aruco_interfaces/aruco_interfaces/msg/rosidl_generator_cpp__visibility_control.hpp
[9.813s] -- Up-to-date symlink: /home/hrlsh/scrub_nurse_ws/install/aruco_interfaces/include/aruco_interfaces/aruco_interfaces/msg/detail/marker__rosidl_typesupport_fastrtps_cpp.hpp
[9.813s] -- Up-to-date symlink: /home/hrlsh/scrub_nurse_ws/install/aruco_interfaces/include/aruco_interfaces/aruco_interfaces/msg/detail/marker_array__rosidl_typesupport_fastrtps_cpp.hpp
[9.813s] -- Up-to-date symlink: /home/hrlsh/scrub_nurse_ws/install/aruco_interfaces/include/aruco_interfaces/aruco_interfaces/msg/rosidl_typesupport_fastrtps_cpp__visibility_control.h
[9.814s] -- Up-to-date symlink: /home/hrlsh/scrub_nurse_ws/install/aruco_interfaces/include/aruco_interfaces/aruco_interfaces/msg/detail/marker__rosidl_typesupport_introspection_cpp.hpp
[9.814s] -- Up-to-date symlink: /home/hrlsh/scrub_nurse_ws/install/aruco_interfaces/include/aruco_interfaces/aruco_interfaces/msg/detail/marker_array__rosidl_typesupport_introspection_cpp.hpp
[9.814s] -- Up-to-date symlink: /home/hrlsh/scrub_nurse_ws/install/aruco_interfaces/share/aruco_interfaces/environment/pythonpath.sh
[9.815s] -- Up-to-date symlink: /home/hrlsh/scrub_nurse_ws/install/aruco_interfaces/share/aruco_interfaces/environment/pythonpath.dsv
[9.815s] -- Up-to-date symlink: /home/hrlsh/scrub_nurse_ws/install/aruco_interfaces/local/lib/python3.10/dist-packages/aruco_interfaces-0.1.0-py3.10.egg-info/PKG-INFO
[9.815s] -- Up-to-date symlink: /home/hrlsh/scrub_nurse_ws/install/aruco_interfaces/local/lib/python3.10/dist-packages/aruco_interfaces-0.1.0-py3.10.egg-info/SOURCES.txt
[9.816s] -- Up-to-date symlink: /home/hrlsh/scrub_nurse_ws/install/aruco_interfaces/local/lib/python3.10/dist-packages/aruco_interfaces-0.1.0-py3.10.egg-info/dependency_links.txt
[9.816s] -- Up-to-date symlink: /home/hrlsh/scrub_nurse_ws/install/aruco_interfaces/local/lib/python3.10/dist-packages/aruco_interfaces-0.1.0-py3.10.egg-info/top_level.txt
[9.817s] -- Up-to-date symlink: /home/hrlsh/scrub_nurse_ws/install/aruco_interfaces/local/lib/python3.10/dist-packages/aruco_interfaces/__init__.py
[9.817s] -- Up-to-date symlink: /home/hrlsh/scrub_nurse_ws/install/aruco_interfaces/local/lib/python3.10/dist-packages/aruco_interfaces/_aruco_interfaces_s.ep.rosidl_typesupport_c.c
[9.818s] -- Up-to-date symlink: /home/hrlsh/scrub_nurse_ws/install/aruco_interfaces/local/lib/python3.10/dist-packages/aruco_interfaces/_aruco_interfaces_s.ep.rosidl_typesupport_fastrtps_c.c
[9.818s] -- Up-to-date symlink: /home/hrlsh/scrub_nurse_ws/install/aruco_interfaces/local/lib/python3.10/dist-packages/aruco_interfaces/_aruco_interfaces_s.ep.rosidl_typesupport_introspection_c.c
[9.820s] -- Up-to-date symlink: /home/hrlsh/scrub_nurse_ws/install/aruco_interfaces/local/lib/python3.10/dist-packages/aruco_interfaces/aruco_interfaces_s__rosidl_typesupport_c.cpython-310-x86_64-linux-gnu.so
[9.820s] -- Up-to-date symlink: /home/hrlsh/scrub_nurse_ws/install/aruco_interfaces/local/lib/python3.10/dist-packages/aruco_interfaces/aruco_interfaces_s__rosidl_typesupport_fastrtps_c.cpython-310-x86_64-linux-gnu.so
[9.820s] -- Up-to-date symlink: /home/hrlsh/scrub_nurse_ws/install/aruco_interfaces/local/lib/python3.10/dist-packages/aruco_interfaces/aruco_interfaces_s__rosidl_typesupport_introspection_c.cpython-310-x86_64-linux-gnu.so
[9.820s] -- Up-to-date symlink: /home/hrlsh/scrub_nurse_ws/install/aruco_interfaces/local/lib/python3.10/dist-packages/aruco_interfaces/libaruco_interfaces__rosidl_generator_py.so
[9.821s] -- Up-to-date symlink: /home/hrlsh/scrub_nurse_ws/install/aruco_interfaces/local/lib/python3.10/dist-packages/aruco_interfaces/msg/__init__.py
[9.821s] -- Up-to-date symlink: /home/hrlsh/scrub_nurse_ws/install/aruco_interfaces/local/lib/python3.10/dist-packages/aruco_interfaces/msg/_marker.py
[9.821s] -- Up-to-date symlink: /home/hrlsh/scrub_nurse_ws/install/aruco_interfaces/local/lib/python3.10/dist-packages/aruco_interfaces/msg/_marker_array.py
[9.838s] -- Up-to-date symlink: /home/hrlsh/scrub_nurse_ws/install/aruco_interfaces/local/lib/python3.10/dist-packages/aruco_interfaces/msg/_marker_array_s.c
[9.838s] -- Up-to-date symlink: /home/hrlsh/scrub_nurse_ws/install/aruco_interfaces/local/lib/python3.10/dist-packages/aruco_interfaces/msg/_marker_s.c
[9.839s] -- Up-to-date symlink: /home/hrlsh/scrub_nurse_ws/install/aruco_interfaces/local/lib/python3.10/dist-packages/aruco_interfaces/aruco_interfaces_s__rosidl_typesupport_fastrtps_c.cpython-310-x86_64-linux-gnu.so
[9.839s] -- Up-to-date symlink: /home/hrlsh/scrub_nurse_ws/install/aruco_interfaces/local/lib/python3.10/dist-packages/aruco_interfaces/aruco_interfaces_s__rosidl_typesupport_introspection_c.cpython-310-x86_64-linux-gnu.so
[9.839s] -- Up-to-date symlink: /home/hrlsh/scrub_nurse_ws/install/aruco_interfaces/local/lib/python3.10/dist-packages/aruco_interfaces/aruco_interfaces_s__rosidl_typesupport_c.cpython-310-x86_64-linux-gnu.so
[9.840s] -- Up-to-date symlink: /home/hrlsh/scrub_nurse_ws/install/aruco_interfaces/share/ament_index/resource_index/rust_packages/aruco_interfaces
[9.840s] -- Up-to-date symlink: /home/hrlsh/scrub_nurse_ws/install/aruco_interfaces/share/aruco_interfaces/rust/Cargo.toml
[9.840s] -- Up-to-date symlink: /home/hrlsh/scrub_nurse_ws/install/aruco_interfaces/share/aruco_interfaces/rust/build.rs
[9.840s] -- Up-to-date symlink: /home/hrlsh/scrub_nurse_ws/install/aruco_interfaces/share/aruco_interfaces/rust/src/lib.rs
[9.841s] -- Up-to-date symlink: /home/hrlsh/scrub_nurse_ws/install/aruco_interfaces/share/aruco_interfaces/rust/src/msg.rs
[9.841s] -- Up-to-date symlink: /home/hrlsh/scrub_nurse_ws/install/aruco_interfaces/share/aruco_interfaces/rust/src/msg/rmw.rs
[9.842s] -- Up-to-date symlink: /home/hrlsh/scrub_nurse_ws/install/aruco_interfaces/share/aruco_interfaces/msg/Marker.idl
[9.842s] -- Up-to-date symlink: /home/hrlsh/scrub_nurse_ws/install/aruco_interfaces/share/aruco_interfaces/msg/MarkerArray.idl
[9.842s] -- Up-to-date symlink: /home/hrlsh/scrub_nurse_ws/install/aruco_interfaces/share/aruco_interfaces/msg/Marker.msg
[9.843s] -- Up-to-date symlink: /home/hrlsh/scrub_nurse_ws/install/aruco_interfaces/share/aruco_interfaces/msg/MarkerArray.msg
[9.843s] -- Up-to-date symlink: /home/hrlsh/scrub_nurse_ws/install/aruco_interfaces/share/ament_index/resource_index/package_run_dependencies/aruco_interfaces
[9.843s] -- Up-to-date symlink: /home/hrlsh/scrub_nurse_ws/install/aruco_interfaces/share/ament_index/resource_index/parent_prefix_path/aruco_interfaces
[9.844s] -- Up-to-date symlink: /home/hrlsh/scrub_nurse_ws/install/aruco_interfaces/share/aruco_interfaces/environment/ament_prefix_path.sh
[9.844s] -- Up-to-date symlink: /home/hrlsh/scrub_nurse_ws/install/aruco_interfaces/share/aruco_interfaces/environment/ament_prefix_path.dsv
[9.845s] -- Up-to-date symlink: /home/hrlsh/scrub_nurse_ws/install/aruco_interfaces/share/aruco_interfaces/environment/path.sh
[9.845s] -- Up-to-date symlink: /home/hrlsh/scrub_nurse_ws/install/aruco_interfaces/share/aruco_interfaces/environment/path.dsv
[9.845s] -- Up-to-date symlink: /home/hrlsh/scrub_nurse_ws/install/aruco_interfaces/share/aruco_interfaces/local_setup.bash
[9.850s] -- Up-to-date symlink: /home/hrlsh/scrub_nurse_ws/install/aruco_interfaces/share/aruco_interfaces/local_setup.sh
[9.850s] -- Up-to-date symlink: /home/hrlsh/scrub_nurse_ws/install/aruco_interfaces/share/aruco_interfaces/local_setup.zsh
[9.852s] -- Up-to-date symlink: /home/hrlsh/scrub_nurse_ws/install/aruco_interfaces/share/aruco_interfaces/local_setup.dsv
[9.853s] -- Symlinking: /home/hrlsh/scrub_nurse_ws/install/aruco_interfaces/share/aruco_interfaces/package.dsv
[9.874s] -- Up-to-date symlink: /home/hrlsh/scrub_nurse_ws/install/aruco_interfaces/share/ament_index/resource_index/packages/aruco_interfaces
[9.874s] -- Up-to-date symlink: /home/hrlsh/scrub_nurse_ws/install/aruco_interfaces/share/aruco_interfaces/cmake/rosidl_cmake-extras.cmake
[9.874s] -- Up-to-date symlink: /home/hrlsh/scrub_nurse_ws/install/aruco_interfaces/share/aruco_interfaces/cmake/ament_cmake_export_dependencies-extras.cmake
[9.874s] -- Up-to-date symlink: /home/hrlsh/scrub_nurse_ws/install/aruco_interfaces/share/aruco_interfaces/cmake/ament_cmake_export_include_directories-extras.cmake
[9.874s] -- Up-to-date symlink: /home/hrlsh/scrub_nurse_ws/install/aruco_interfaces/share/aruco_interfaces/cmake/ament_cmake_export_libraries-extras.cmake
[9.879s] -- Up-to-date symlink: /home/hrlsh/scrub_nurse_ws/install/aruco_interfaces/share/aruco_interfaces/cmake/ament_cmake_export_targets-extras.cmake
[9.880s] -- Up-to-date symlink: /home/hrlsh/scrub_nurse_ws/install/aruco_interfaces/share/aruco_interfaces/cmake/rosidl_cmake_export_typesupport_targets-extras.cmake
[9.880s] -- Up-to-date symlink: /home/hrlsh/scrub_nurse_ws/install/aruco_interfaces/share/aruco_interfaces/cmake/rosidl_cmake_export_typesupport_libraries-extras.cmake
[9.880s] -- Up-to-date symlink: /home/hrlsh/scrub_nurse_ws/install/aruco_interfaces/share/aruco_interfaces/cmake/aruco_interfacesConfig.cmake
[9.880s] -- Up-to-date symlink: /home/hrlsh/scrub_nurse_ws/install/aruco_interfaces/share/aruco_interfaces/cmake/aruco_interfacesConfig-version.cmake
[9.880s] -- Up-to-date symlink: /home/hrlsh/scrub_nurse_ws/install/aruco_interfaces/share/aruco_interfaces/package.xml
[9.880s] -- Installing: /home/hrlsh/scrub_nurse_ws/install/aruco_interfaces/lib/libaruco_interfaces__rosidl_generator_c.so
[9.880s] -- Set non-toolchain portion of runtime path of "/home/hrlsh/scrub_nurse_ws/install/aruco_interfaces/lib/libaruco_interfaces__rosidl_generator_c.so" to ""
[9.880s] -- Installing: /home/hrlsh/scrub_nurse_ws/install/aruco_interfaces/lib/libaruco_interfaces__rosidl_typesupport_fastrtps_c.so
[9.880s] -- Set non-toolchain portion of runtime path of "/home/hrlsh/scrub_nurse_ws/install/aruco_interfaces/lib/libaruco_interfaces__rosidl_typesupport_fastrtps_c.so" to ""
[9.880s] -- Installing: /home/hrlsh/scrub_nurse_ws/install/aruco_interfaces/lib/libaruco_interfaces__rosidl_typesupport_introspection_c.so
[9.881s] -- Set non-toolchain portion of runtime path of "/home/hrlsh/scrub_nurse_ws/install/aruco_interfaces/lib/libaruco_interfaces__rosidl_typesupport_introspection_c.so" to ""
[9.881s] -- Installing: /home/hrlsh/scrub_nurse_ws/install/aruco_interfaces/lib/libaruco_interfaces__rosidl_typesupport_c.so
[9.881s] -- Set non-toolchain portion of runtime path of "/home/hrlsh/scrub_nurse_ws/install/aruco_interfaces/lib/libaruco_interfaces__rosidl_typesupport_c.so" to ""
[9.881s] -- Installing: /home/hrlsh/scrub_nurse_ws/install/aruco_interfaces/lib/libaruco_interfaces__rosidl_typesupport_fastrtps_cpp.so
[9.881s] -- Set non-toolchain portion of runtime path of "/home/hrlsh/scrub_nurse_ws/install/aruco_interfaces/lib/libaruco_interfaces__rosidl_typesupport_fastrtps_cpp.so" to ""
[9.881s] -- Installing: /home/hrlsh/scrub_nurse_ws/install/aruco_interfaces/lib/libaruco_interfaces__rosidl_typesupport_introspection_cpp.so
[9.881s] -- Set non-toolchain portion of runtime path of "/home/hrlsh/scrub_nurse_ws/install/aruco_interfaces/lib/libaruco_interfaces__rosidl_typesupport_introspection_cpp.so" to ""
[9.881s] -- Installing: /home/hrlsh/scrub_nurse_ws/install/aruco_interfaces/lib/libaruco_interfaces__rosidl_typesupport_cpp.so
[9.881s] -- Set non-toolchain portion of runtime path of "/home/hrlsh/scrub_nurse_ws/install/aruco_interfaces/lib/libaruco_interfaces__rosidl_typesupport_cpp.so" to ""
[9.962s] Listing '/home/hrlsh/scrub_nurse_ws/install/aruco_interfaces/local/lib/python3.10/dist-packages/aruco_interfaces'...
[9.963s] Compiling '/home/hrlsh/scrub_nurse_ws/install/aruco_interfaces/local/lib/python3.10/dist-packages/aruco_interfaces/__init__.py'...
[9.963s] Listing '/home/hrlsh/scrub_nurse_ws/install/aruco_interfaces/local/lib/python3.10/dist-packages/aruco_interfaces/msg'...
[9.988s] -- Installing: /home/hrlsh/scrub_nurse_ws/install/aruco_interfaces/lib/libaruco_interfaces__rosidl_generator_py.so
[9.988s] -- Set non-toolchain portion of runtime path of "/home/hrlsh/scrub_nurse_ws/install/aruco_interfaces/lib/libaruco_interfaces__rosidl_generator_py.so" to ""
[9.988s] -- Old export file "/home/hrlsh/scrub_nurse_ws/install/aruco_interfaces/share/aruco_interfaces/cmake/export_aruco_interfaces__rosidl_generator_cExport.cmake" will be replaced.  Removing files [/home/hrlsh/scrub_nurse_ws/install/aruco_interfaces/share/aruco_interfaces/cmake/export_aruco_interfaces__rosidl_generator_cExport-noconfig.cmake].
[9.988s] -- Installing: /home/hrlsh/scrub_nurse_ws/install/aruco_interfaces/share/aruco_interfaces/cmake/export_aruco_interfaces__rosidl_generator_cExport.cmake
[9.989s] -- Installing: /home/hrlsh/scrub_nurse_ws/install/aruco_interfaces/share/aruco_interfaces/cmake/export_aruco_interfaces__rosidl_generator_cExport-noconfig.cmake
[9.989s] -- Old export file "/home/hrlsh/scrub_nurse_ws/install/aruco_interfaces/share/aruco_interfaces/cmake/export_aruco_interfaces__rosidl_typesupport_fastrtps_cExport.cmake" will be replaced.  Removing files [/home/hrlsh/scrub_nurse_ws/install/aruco_interfaces/share/aruco_interfaces/cmake/export_aruco_interfaces__rosidl_typesupport_fastrtps_cExport-noconfig.cmake].
[9.989s] -- Installing: /home/hrlsh/scrub_nurse_ws/install/aruco_interfaces/share/aruco_interfaces/cmake/export_aruco_interfaces__rosidl_typesupport_fastrtps_cExport.cmake
[9.989s] -- Installing: /home/hrlsh/scrub_nurse_ws/install/aruco_interfaces/share/aruco_interfaces/cmake/export_aruco_interfaces__rosidl_typesupport_fastrtps_cExport-noconfig.cmake
[9.989s] -- Old export file "/home/hrlsh/scrub_nurse_ws/install/aruco_interfaces/share/aruco_interfaces/cmake/aruco_interfaces__rosidl_typesupport_introspection_cExport.cmake" will be replaced.  Removing files [/home/hrlsh/scrub_nurse_ws/install/aruco_interfaces/share/aruco_interfaces/cmake/aruco_interfaces__rosidl_typesupport_introspection_cExport-noconfig.cmake].
[9.989s] -- Installing: /home/hrlsh/scrub_nurse_ws/install/aruco_interfaces/share/aruco_interfaces/cmake/aruco_interfaces__rosidl_typesupport_introspection_cExport.cmake
[9.989s] -- Installing: /home/hrlsh/scrub_nurse_ws/install/aruco_interfaces/share/aruco_interfaces/cmake/aruco_interfaces__rosidl_typesupport_introspection_cExport-noconfig.cmake
[9.989s] -- Old export file "/home/hrlsh/scrub_nurse_ws/install/aruco_interfaces/share/aruco_interfaces/cmake/aruco_interfaces__rosidl_typesupport_cExport.cmake" will be replaced.  Removing files [/home/hrlsh/scrub_nurse_ws/install/aruco_interfaces/share/aruco_interfaces/cmake/aruco_interfaces__rosidl_typesupport_cExport-noconfig.cmake].
[9.989s] -- Installing: /home/hrlsh/scrub_nurse_ws/install/aruco_interfaces/share/aruco_interfaces/cmake/aruco_interfaces__rosidl_typesupport_cExport.cmake
[9.989s] -- Installing: /home/hrlsh/scrub_nurse_ws/install/aruco_interfaces/share/aruco_interfaces/cmake/aruco_interfaces__rosidl_typesupport_cExport-noconfig.cmake
[9.989s] -- Installing: /home/hrlsh/scrub_nurse_ws/install/aruco_interfaces/share/aruco_interfaces/cmake/export_aruco_interfaces__rosidl_generator_cppExport.cmake
[9.989s] -- Old export file "/home/hrlsh/scrub_nurse_ws/install/aruco_interfaces/share/aruco_interfaces/cmake/export_aruco_interfaces__rosidl_typesupport_fastrtps_cppExport.cmake" will be replaced.  Removing files [/home/hrlsh/scrub_nurse_ws/install/aruco_interfaces/share/aruco_interfaces/cmake/export_aruco_interfaces__rosidl_typesupport_fastrtps_cppExport-noconfig.cmake].
[9.990s] -- Installing: /home/hrlsh/scrub_nurse_ws/install/aruco_interfaces/share/aruco_interfaces/cmake/export_aruco_interfaces__rosidl_typesupport_fastrtps_cppExport.cmake
[9.990s] -- Installing: /home/hrlsh/scrub_nurse_ws/install/aruco_interfaces/share/aruco_interfaces/cmake/export_aruco_interfaces__rosidl_typesupport_fastrtps_cppExport-noconfig.cmake
[9.990s] -- Old export file "/home/hrlsh/scrub_nurse_ws/install/aruco_interfaces/share/aruco_interfaces/cmake/aruco_interfaces__rosidl_typesupport_introspection_cppExport.cmake" will be replaced.  Removing files [/home/hrlsh/scrub_nurse_ws/install/aruco_interfaces/share/aruco_interfaces/cmake/aruco_interfaces__rosidl_typesupport_introspection_cppExport-noconfig.cmake].
[9.990s] -- Installing: /home/hrlsh/scrub_nurse_ws/install/aruco_interfaces/share/aruco_interfaces/cmake/aruco_interfaces__rosidl_typesupport_introspection_cppExport.cmake
[9.991s] -- Installing: /home/hrlsh/scrub_nurse_ws/install/aruco_interfaces/share/aruco_interfaces/cmake/aruco_interfaces__rosidl_typesupport_introspection_cppExport-noconfig.cmake
[9.991s] -- Old export file "/home/hrlsh/scrub_nurse_ws/install/aruco_interfaces/share/aruco_interfaces/cmake/aruco_interfaces__rosidl_typesupport_cppExport.cmake" will be replaced.  Removing files [/home/hrlsh/scrub_nurse_ws/install/aruco_interfaces/share/aruco_interfaces/cmake/aruco_interfaces__rosidl_typesupport_cppExport-noconfig.cmake].
[9.991s] -- Installing: /home/hrlsh/scrub_nurse_ws/install/aruco_interfaces/share/aruco_interfaces/cmake/aruco_interfaces__rosidl_typesupport_cppExport.cmake
[9.991s] -- Installing: /home/hrlsh/scrub_nurse_ws/install/aruco_interfaces/share/aruco_interfaces/cmake/aruco_interfaces__rosidl_typesupport_cppExport-noconfig.cmake
[9.991s] -- Old export file "/home/hrlsh/scrub_nurse_ws/install/aruco_interfaces/share/aruco_interfaces/cmake/export_aruco_interfaces__rosidl_generator_pyExport.cmake" will be replaced.  Removing files [/home/hrlsh/scrub_nurse_ws/install/aruco_interfaces/share/aruco_interfaces/cmake/export_aruco_interfaces__rosidl_generator_pyExport-noconfig.cmake].
[9.991s] -- Installing: /home/hrlsh/scrub_nurse_ws/install/aruco_interfaces/share/aruco_interfaces/cmake/export_aruco_interfaces__rosidl_generator_pyExport.cmake
[9.991s] -- Installing: /home/hrlsh/scrub_nurse_ws/install/aruco_interfaces/share/aruco_interfaces/cmake/export_aruco_interfaces__rosidl_generator_pyExport-noconfig.cmake
[9.991s] Invoked command in '/home/hrlsh/scrub_nurse_ws/build/aruco_interfaces' returned '0': CMAKE_PREFIX_PATH=/opt/ros/humble PS1=(vla_venv) VIRTUAL_ENV_PROMPT=(vla_venv) /home/hrlsh/ai_env/vla_venv/bin/cmake --install /home/hrlsh/scrub_nurse_ws/build/aruco_interfaces
